Time,CPU Percent,MEM Usage,IO Reads,_NProc
0.02,0.0,2691645440,2678550,1
0.11,5460.7,2703814656,5957674,1
0.2,102.1,2717736960,9808548,1
0.29,90.4,2725466112,12025722,1
0.38,112.1,2731184128,13322452,1
0.47,88.9,2732232704,13827827,1
0.56,0.0,2846085120,19907915,2
0.65,382.4,2896048128,29635116,4
0.73,416.8,2900242432,39358765,4
0.82,395.6,2904436736,47476789,4
0.91,404.5,2908631040,56938269,4
1.0,395.2,2914922496,67472877,4
1.09,405.7,2919116800,76934357,4
1.18,395.1,2923311104,85855181,4
1.27,397.5,2927505408,95857317,4
1.36,404.8,2935894016,105613677,4
1.45,402.4,2940088320,116402245,4
1.54,405.8,2942185472,126404381,4
1.62,388.9,2948476928,136676845,4
1.71,414.8,2952671232,146416837,4
1.8,381.0,2956865536,156410789,4
1.89,404.3,2963156992,166150781,4
1.98,415.4,2967351296,175063421,4
2.07,394.3,2971545600,183443589,4
2.16,403.4,2975739904,191553429,4
2.25,394.0,2979934208,201834077,4
2.34,392.8,2984128512,212376853,4
2.43,403.3,2990419968,223460260,4
2.52,403.7,2996711424,234805795,4
2.61,406.0,3000905728,246159541,4
2.69,384.6,3005100032,256972605,4
2.78,414.4,3009294336,268604851,4
2.87,393.8,3015585792,279417947,4
2.96,404.4,3021877248,290501348,4
3.05,394.2,3023974400,301576572,4
3.14,413.9,3028168704,312659969,4
3.23,393.9,3034460160,323473057,4
3.32,393.4,3038654464,334286145,4
3.41,404.5,3042848768,345369542,4
3.49,416.3,3049140224,356182622,4
3.58,387.7,3053334528,367274210,4
3.67,408.1,3059625984,378619767,4
3.76,381.0,3061723136,389432851,4
3.85,392.4,3068014592,399459487,4
3.94,415.4,3072208896,410518349,4
4.03,405.0,3076403200,421331429,4
4.12,394.5,3080597504,432152694,4
4.21,404.4,3086888960,442425128,4
4.3,403.1,3091083264,453500338,4
4.39,404.0,3095277568,462969976,4
4.48,411.0,3099471872,472431403,4
4.57,388.6,3105763328,483506647,4
4.66,396.1,3109957632,493516925,4
4.75,394.8,3112054784,503248695,4
4.83,393.7,3116249088,513791448,4
4.92,415.2,3122540544,524342390,4
5.01,405.2,3126734848,535409429,4
5.15,388.7,3133026304,550826239,4
5.29,400.1,3139317760,566497036,4
5.43,409.4,3149803520,583003339,4
5.57,403.2,3156094976,599476926,4
5.71,396.1,3162386432,615966877,4
5.85,396.5,3170775040,632456820,4
5.99,86.1,3156799488,633174447,2
6.13,388.4,3197325312,633190321,4
6.27,251.1,3166236672,633301209,2
6.41,144.0,3189850112,633491217,4
6.54,402.5,3198373888,633491217,4
6.68,165.2,3206594560,633618044,4
6.82,149.7,3198205952,633792114,4
6.96,401.9,3208826880,633792114,4
7.1,186.8,3231547392,633918941,4
7.24,143.2,3208478720,634093011,4
7.38,395.4,3219099648,634093011,4
7.52,236.6,3165990912,634203900,2
7.66,209.0,3170631680,634219856,3
7.8,172.8,3212673024,634393909,4
7.94,388.6,3225391104,634393909,4
8.08,215.1,3176476672,634488993,2
8.22,243.9,3294597120,634520736,4
8.36,113.3,3201642496,634678933,2
8.5,393.8,3242168320,634694807,4
8.64,358.9,3182768128,634694825,2
8.78,215.3,3304304640,634805696,2
8.92,323.2,3344830464,634821634,4
9.05,143.4,3252420608,634995705,4
9.19,408.9,3263041536,634995705,4
9.33,366.8,3199447040,635011641,2
9.47,222.1,3344150528,635106594,2
9.61,299.9,3380482048,635122532,4
9.75,136.1,3199447040,635264927,2
9.89,330.0,3269332992,635296603,4
10.03,402.3,3269332992,635296603,4
10.27,384.7,3275624448,635296603,4
10.51,213.2,3409707008,635423430,4
10.75,262.8,3420327936,635423430,4
10.99,246.4,3273527296,635597501,4
11.23,350.7,3248447488,635645064,4
11.47,324.7,3466686464,635724328,4
11.71,177.29999999999998,3245805568,635882526,2
11.95,391.0,3288428544,635898400,4
12.19,267.3,3491717120,636025228,4
12.43,296.8,3500240896,636025228,4
12.67,200.6,3290525696,636199305,4
12.91,357.7,3231125504,636231054,2
13.15,267.7,3309400064,636341906,4
13.39,208.9,3286196224,636563534,4
13.63,386.3,3233222656,636563552,2
13.87,245.79999999999998,3309400064,636706135,4
14.11,191.9,3290390528,636927763,4
14.35,403.3,3307302912,636927763,4
14.59,233.89999999999998,3305070592,637070364,4
14.83,200.6,3260485632,637276117,2
15.07,392.6,3305205760,637291992,4
15.31,240.7,3311497216,637434593,4
15.55,209.0,3292487680,637656221,4
15.79,393.1,3309400064,637656221,4
16.03,237.5,3317788672,637798822,4
16.27,191.6,3266777088,638004575,2
16.51,393.3,3311497216,638020450,4
16.75,229.7,3319885824,638163051,4
16.99,191.8,3268874240,638368804,2
17.23,393.6,3309400064,638384679,4
17.47,217.0,3319885824,638527280,4
17.71,208.6,3273068544,638733033,2
17.94,367.7,3313594368,638748908,4
18.18,229.8,3321982976,638891509,4
18.42,211.0,3275165696,639097262,2
18.67,387.6,3319885824,639113137,4
18.91,237.3,3326177280,639255738,4
19.15,200.39999999999998,3279806464,639466531,3
19.38,371.2,3264679936,639509115,2
19.62,282.3,3326177280,639619967,4
19.87,196.3,3315556352,639841595,4
20.11,312.8,3268874240,639936679,2
20.55,261.5,3311362048,640205824,4
20.98,290.9,3319750656,640348425,4
21.42,297.7,3326177280,640570053,4
21.86,257.4,3270971392,640855102,2
22.31,286.3,3330236416,641076883,4
22.75,293.3,3332468736,641298511,4
23.19,290.8,3287748608,641456927,2
23.63,247.4,3304525824,641789423,2
24.07,282.40000000000003,3330236416,642026969,4
24.51,314.6,3345051648,642169570,4
24.95,272.7,3287748608,642422947,2
25.39,241.7,3330236416,642755427,4
25.83,300.7,3315011584,642882110,2
26.27,304.8,3345051648,643119656,4
26.71,306.6,3306622976,643278072,2
27.15,254.60000000000002,3344916480,643626486,4
27.59,295.6,3349245952,643848114,4
28.03,288.8,3300331520,644038283,2
28.47,265.90000000000003,3347013632,644354944,4
28.91,247.5,3315011584,644560697,2
29.35,323.1,3359731712,644719173,4
29.79,262.8,3302428672,645020080,2
30.23,252.3,3347013632,645305030,4
30.67,300.0,3351207936,645447631,4
31.11,247.9,3300331520,645637582,2
31.55,306.9,3361828864,645811860,4
31.99,286.5,3306622976,646065236,2
32.43,261.9,3349110784,646397716,4
32.88,333.7,3366023168,646540317,4
33.32,245.60000000000002,3359596544,646904546,4
33.76,315.5,3357634560,647126174,4
34.2,272.1,3312914432,647395440,2
34.64,304.5,3363926016,647633002,4
35.08,260.9,3315011584,647981312,2
35.52,294.6,3357634560,648218858,4
35.96,304.1,3312914432,648440764,2
36.4,293.3,3366023168,648725687,4
36.84,272.6,3319205888,649026593,2
37.28,286.0,3353305088,649311543,4
37.72,286.1,3317108736,649596591,2
38.16,309.1,3370217472,649818372,4
38.6,254.0,3329691648,650166682,2
39.05,310.6,3366023168,650404228,4
39.49,305.7,3370217472,650546829,4
39.93,256.1,3367985152,650911057,4
40.37,323.90000000000003,3370217472,651132684,4
41.21,299.2,3376508928,651639513,4
42.05,282.5,3372314624,652225367,4
42.9,298.4,3378606080,652732194,4
43.74,281.09999999999997,3376508928,653318051,4
44.58,295.5,3378606080,653824880,4
45.42,288.5,3335983104,654236676,2
46.27,278.8,3335983104,654885852,2
47.11,308.9,3340177408,655329358,2
47.95,283.9,3367985152,655867645,4
48.79,304.1,3382800384,656374473,4
49.63,299.5,3382800384,656960327,4
50.48,308.8,3382800384,657467154,4
51.32,278.59999999999997,3338080256,658132286,2
52.16,296.4,3335983104,658702282,2
53.0,294.8,3372179456,659288289,4
53.85,296.9,3370082304,659874144,4
54.69,309.4,3382800384,660380971,4
55.53,297.8,3378606080,660966826,4
56.37,313.8,3376508928,661331054,4
57.22,291.9,3380703232,661837882,4
58.06,291.09999999999997,3376508928,662423737,4
58.9,308.2,3389091840,662930564,4
59.74,286.0,3344371712,663564013,2
60.59,288.7,3340177408,664213196,2
61.43,308.9,3386994688,664751701,4
62.27,296.8,3380703232,665337555,4
63.11,304.2,3354857472,665860197,2
63.95,279.8,3378470912,666572836,4
64.8,293.09999999999997,3380703232,667158692,4
65.64,312.09999999999997,3384897536,667665519,4
66.48,268.3,3382800384,668251374,4
67.33,285.0,3342274560,668916561,2
68.17,301.5,3384897536,669486673,4
69.01,299.5,3348566016,669898479,2
69.85,278.29999999999995,3378470912,670579382,4
70.7,297.5,3386994688,671165253,4
71.54,297.9,3352760320,671719656,2
72.38,268.8,3376373760,672257959,4
73.23,301.59999999999997,3350663168,672717277,2
74.07,302.5,3389091840,673129030,4
74.91,275.2,3350663168,673841582,2
75.76,296.3,3378470912,674443370,4
76.6,281.8,3350663168,674934288,2
77.44,291.4,3389091840,675314441,4
78.28,276.0,3376373760,675900311,4
79.12,297.5,3389091840,676407146,4
79.97,272.9,3350663168,677119698,2
80.81,288.7,3350663168,677483933,2
81.85,284.3,3376373760,678085721,4
82.89,295.2,3346468864,678687631,2
83.94,282.1,3376373760,679542662,4
84.98,295.7,3348566016,680271151,2
86.02,282.9,3382665216,681142204,4
87.07,311.0,3384897536,681728074,4
88.11,280.5,3346468864,682393268,2
89.15,308.6,3391188992,682963380,4
90.19,282.79999999999995,3386994688,683549251,4
91.23,279.2,3354857472,684040169,2
92.28,306.0,3389091840,684641959,4
93.32,294.6,3391188992,685148794,4
94.36,281.9,3389091840,685734666,4
95.4,274.2,3380568064,686463137,4
96.45,289.7,3378470912,687191608,4
97.49,286.59999999999997,3350663168,687904205,2
98.53,305.2,3354857472,688490293,2
99.58,285.8,3382665216,689155387,4
100.62,304.3,3391188992,689741257,4
101.66,285.1,3354857472,690374762,2
102.7,280.59999999999997,3348566016,691150722,2
103.75,292.1,3348566016,691863395,2
104.79,304.3,3395383296,692433507,4
105.83,280.5,3356954624,693146063,2
106.87,296.5,3352760320,693747869,2
107.91,286.0,3380568064,694476324,4
108.95,287.6,3354857472,695062455,2
110.0,291.2,3391188992,695711633,4
111.04,271.5,3384762368,696440104,4
112.08,290.5,3356954624,697121057,2
113.13,282.9,3356954624,697881126,2
114.17,303.2,3391188992,698482915,4
115.21,277.0,3354857472,699290664,2
116.26,277.09999999999997,3382665216,699939858,4
117.3,282.2,3354857472,700652452,2
118.34,286.8,3354857472,701523483,2
119.38,288.3,3384762368,702267871,4
120.43,284.6,3352760320,702885492,2
121.47,290.5,3395383296,703724814,4
122.52,272.79999999999995,3384762368,704453284,4
123.57,296.4,3356954624,705181807,2
124.61,276.5,3382665216,706131861,4
125.66,279.79999999999995,3356954624,706987014,2
126.7,295.1,3382665216,707731404,4
127.75,279.4,3352760320,708586547,2
128.79,286.4,3391188992,709409983,4
129.84,285.3,3393286144,710281057,4
130.88,273.9,3356954624,711215288,2
131.92,284.3,3384762368,712102235,4
132.97,291.3,3354857472,712941587,2
134.01,284.4,3354857472,713780831,2
135.06,287.3,3393286144,714651886,4
136.1,276.5,3384762368,715601995,4
137.15,283.4,3384762368,716473065,4
138.19,276.0,3356954624,717407295,2
139.23,284.4,3356954624,718199221,2
140.28,287.09999999999997,3393286144,719022712,4
141.32,273.7,3395383296,719972818,4
142.37,289.09999999999997,3393286144,720843892,4
143.41,271.9,3384762368,721793999,4
144.46,285.2,3395383296,722665070,4
145.5,276.59999999999997,3384762368,723615176,4
146.55,288.2,3393286144,724486247,4
147.59,272.8,3384762368,725436356,4
148.64,286.2,3393286144,726307428,4
149.68,275.4,3393286144,727257535,4
150.73,284.4,3393286144,728128609,4
151.77,272.5,3354857472,729094691,2
152.82,286.3,3356954624,729981576,2
153.86,282.2,3393286144,730899890,4
154.91,275.8,3393286144,731770962,4
155.95,270.09999999999997,3384762368,732721069,4
157.0,283.3,3393286144,733592143,4
158.04,271.7,3384762368,734542249,4
159.09,276.6,3384762368,735413321,4
160.13,274.5,3354857472,736347552,2
161.18,286.4,3384762368,737234499,4
162.22,270.0,3354857472,738168731,2
163.26,285.0,3384762368,739055679,4
164.31,276.5,3384762368,740005786,4
165.36,284.2,3393286144,740876861,4
166.4,277.5,3393286144,741826969,4
167.45,286.59999999999997,3357401088,742687163,3
168.49,264.1,3354857472,743727428,2
169.54,291.79999999999995,3356954624,744566791,2
170.58,268.09999999999997,3356954624,745596012,2
171.63,275.6,3352760320,746546162,2
172.67,288.29999999999995,3384762368,747433111,4
173.72,275.7,3382665216,748383218,4
174.76,284.2,3393286144,749254292,4
175.81,273.7,3384762368,750204400,4
176.85,282.5,3393286144,751075473,4
177.9,276.79999999999995,3384762368,752025581,4
178.94,286.2,3393286144,752896654,4
179.98,275.5,3356954624,753878514,2
181.03,285.4,3356954624,754749645,2
182.07,268.9,3354857472,755778852,2
183.12,284.3,3352760320,756681474,2
184.16,276.7,3356954624,757615813,2
185.21,271.1,3354857472,758565962,2
186.25,275.0,3354857472,759294434,2
187.3,290.3,3384762368,760181383,4
188.34,279.5,3384762368,761131492,4
189.38,283.4,3393286144,762002566,4
190.43,277.79999999999995,3393286144,762952676,4
191.48,287.9,3393286144,763823748,4
192.52,267.1,3354857472,764853137,2
193.57,282.7,3354857472,765740007,2
194.61,274.8,3356954624,766721724,2
195.66,279.6,3354857472,767671875,2
196.7,290.09999999999997,3384762368,768558823,4
197.75,275.8,3384762368,769508933,4
198.79,286.0,3393286144,770380003,4
199.84,275.09999999999997,3384762368,771330112,4
200.89,289.79999999999995,3393286144,772201186,4
201.94,270.0,3384762368,773151294,4
202.98,288.29999999999995,3393286144,774022365,4
204.03,275.79999999999995,3384762368,774972471,4
205.07,286.4,3393286144,775843544,4
206.11,277.7,3355303936,776782834,3
207.16,285.4,3395383296,777664723,4
208.2,267.59999999999997,3354857472,778694109,2
209.25,286.9,3359051776,779517695,2
210.29,268.0,3354857472,780531097,2
211.34,288.3,3354857472,781417969,2
212.38,274.7,3356954624,782383878,2
213.43,282.6,3352760320,783270722,2
214.47,278.5,3356954624,784205059,2
215.52,279.8,3352760320,785123626,2
216.56,284.4,3384762368,786042158,4
217.61,280.09999999999997,3354857472,786976388,2
218.65,289.1,3393286144,787863338,4
219.7,278.4,3384762368,788813445,4
220.74,282.5,3384762368,789684518,4
221.79,278.7,3354857472,790618750,2
222.83,286.3,3384762368,791505698,4
223.87,277.6,3384762368,792455804,4
224.92,289.09999999999997,3393286144,793326877,4
225.96,273.7,3354857472,794292924,2
227.01,284.29999999999995,3359051776,795179855,2
228.05,273.09999999999997,3354857472,796129920,2
229.1,283.7,3393286144,796969243,4
230.14,269.7,3356954624,797935287,2
231.19,286.1,3354857472,798806239,2
232.23,266.9,3354857472,799851424,2
233.28,287.2,3356954624,800674986,2
234.32,268.09999999999997,3356954624,801688401,2
235.37,286.3,3354857472,802527881,2
236.41,273.9,3356954624,803509582,2
237.45,283.6,3354857472,804364855,2
238.5,274.7,3356954624,805330763,2
239.54,284.29999999999995,3354857472,806201825,2
240.59,272.8,3354857472,807136151,2
241.63,289.1,3356954624,807975631,2
242.68,271.09999999999997,3356954624,808973128,2
243.72,280.59999999999997,3352760320,809859971,2
244.77,272.0,3356954624,810794308,2
245.81,277.6,3352760320,811728658,2
246.86,282.7,3384762368,812631410,4
247.9,277.59999999999997,3354857472,813565641,2
248.95,285.5,3384762368,814452589,4
249.99,280.3,3384762368,815402698,4
251.04,282.29999999999995,3393286144,816273773,4
252.08,269.9,3354857472,817255628,2
253.13,281.5,3359051776,818142519,2
254.17,270.79999999999995,3359051776,819171738,2
255.21,276.9,3354857472,820106086,2
256.26,284.5,3386859520,821008838,4
257.3,273.7,3356954624,821943069,2
258.35,287.5,3386859520,822830016,4
259.39,276.59999999999997,3384762368,823780123,4
260.44,284.2,3395383296,824651195,4
261.48,275.59999999999997,3386859520,825601304,4
262.53,286.2,3356954624,826488192,2
263.57,265.0,3356954624,827533393,2
264.62,280.1,3354857472,828436013,2
265.66,280.0,3386859520,829386268,4
266.7,276.0,3356954624,830320500,2
267.74,288.7,3386859520,831207448,4
268.79,274.5,3386859520,832157556,4
269.83,286.6,3395383296,833028627,4
270.87,276.29999999999995,3386859520,833978734,4
271.92,281.4,3395383296,834849805,4
272.96,274.3,3386859520,835799912,4
274.0,288.5,3395383296,836670985,4
275.04,273.79999999999995,3356954624,837637029,2
276.09,288.09999999999997,3359051776,838507980,2
277.13,268.4,3356954624,839521553,2
278.18,287.8,3359051776,840376864,2
279.22,267.4,3359051776,841390138,2
280.26,285.6,3354857472,842308689,2
281.3,280.4,3386859520,843227239,4
282.35,275.2,3356954624,844161473,2
283.39,284.4,3386859520,845048421,4
284.43,277.4,3356954624,845982657,2
285.47,287.0,3386859520,846869608,4
286.52,272.7,3356954624,847803842,2
287.56,288.09999999999997,3386859520,848690793,4
288.6,277.0,3386859520,849640899,4
289.64,286.3,3395383296,850511971,4
290.69,267.7,3395383296,851462080,4
291.73,286.09999999999997,3395383296,852333154,4
292.77,273.1,3357401088,853272443,3
293.82,285.3,3397480448,854154334,4
294.86,264.5,3356954624,855199567,2
295.9,284.59999999999997,3356954624,856086404,2
296.94,270.5,3359051776,857052312,2
297.99,278.6,3356954624,858002463,2
299.03,284.59999999999997,3386859520,858889415,4
300.07,275.8,3356954624,859823647,2
301.12,286.0,3388956672,860710596,4
302.16,275.8,3384762368,861660704,4
303.2,288.2,3395383296,862531774,4
304.24,278.2,3386859520,863481881,4
305.29,285.9,3395383296,864352957,4
306.33,272.2,3395383296,865303064,4
307.37,288.3,3395383296,866174137,4
308.41,271.7,3359051776,867156012,2
309.45,289.2,3359051776,867995338,2
310.49,269.5,3356954624,868993023,2
311.54,284.9,3359051776,869864069,2
312.58,268.59999999999997,3356954624,870893293,2
313.62,288.6,3359051776,871716976,2
314.66,265.7,3359051776,872714470,2
315.71,281.4,3354857472,873601315,2
316.75,278.0,3359051776,874535652,2
317.79,274.4,3354857472,875454222,2
318.83,281.8,3386859520,876372755,4
319.88,272.9,3356954624,877306988,2
320.92,285.59999999999997,3386859520,878193938,4
321.96,276.4,3386859520,879144047,4
323.01,288.0,3395383296,880015119,4
324.06,276.5,3395383296,880965228,4
325.1,284.3,3395383296,881836300,4
326.15,266.7,3359051776,882818176,2
327.19,286.29999999999995,3359051776,883705053,2
328.24,264.3,3359051776,884734278,2
329.28,285.2,3354857472,885621122,2
330.33,271.8,3359051776,886555459,2
331.37,276.7,3354857472,887505611,2
332.42,284.2,3386859520,888392559,4
333.46,271.9,3356954624,889326790,2
334.51,281.0,3386859520,890213739,4
335.55,271.7,3384762368,891163848,4
336.6,281.5,3386859520,892034922,4
337.64,269.7,3386859520,892985034,4
338.69,290.09999999999997,3395383296,893856106,4
339.73,260.29999999999995,3356954624,894917102,2
