=== FlowLog Scalability Log for borrow on borrow (4 workers) ===
[2m2025-08-07T20:42:10.399666Z[0m [32m INFO[0m [2mexecuting::dataflow[0m[2m:[0m 6.161027ms:	Dataflow assembled
[2m2025-08-07T20:42:10.454006Z[0m [32m INFO[0m [2mexecuting::dataflow[0m[2m:[0m 60.504637ms:	Data loaded for subset_base
[2m2025-08-07T20:42:10.454030Z[0m [32m INFO[0m [2mexecuting::dataflow[0m[2m:[0m 60.530055ms:	Data loaded for cfg_edge
[2m2025-08-07T20:42:10.454034Z[0m [32m INFO[0m [2mexecuting::dataflow[0m[2m:[0m 60.534413ms:	Data loaded for loan_issued_at
[2m2025-08-07T20:42:10.454041Z[0m [32m INFO[0m [2mexecuting::dataflow[0m[2m:[0m 60.540765ms:	Data loaded for universal_region
[2m2025-08-07T20:42:10.454044Z[0m [32m INFO[0m [2mexecuting::dataflow[0m[2m:[0m 60.544172ms:	Data loaded for var_used_at
[2m2025-08-07T20:42:10.454048Z[0m [32m INFO[0m [2mexecuting::dataflow[0m[2m:[0m 60.547799ms:	Data loaded for loan_killed_at
[2m2025-08-07T20:42:10.454051Z[0m [32m INFO[0m [2mexecuting::dataflow[0m[2m:[0m 60.551355ms:	Data loaded for known_placeholder_subset
[2m2025-08-07T20:42:10.454055Z[0m [32m INFO[0m [2mexecuting::dataflow[0m[2m:[0m 60.554772ms:	Data loaded for var_dropped_at
[2m2025-08-07T20:42:10.454058Z[0m [32m INFO[0m [2mexecuting::dataflow[0m[2m:[0m 60.558318ms:	Data loaded for drop_of_var_derefs_origin
[2m2025-08-07T20:42:10.454063Z[0m [32m INFO[0m [2mexecuting::dataflow[0m[2m:[0m 60.563328ms:	Data loaded for var_defined_at
[2m2025-08-07T20:42:10.454067Z[0m [32m INFO[0m [2mexecuting::dataflow[0m[2m:[0m 60.567155ms:	Data loaded for child_path
[2m2025-08-07T20:42:10.454070Z[0m [32m INFO[0m [2mexecuting::dataflow[0m[2m:[0m 60.570521ms:	Data loaded for path_moved_at_base
[2m2025-08-07T20:42:10.454074Z[0m [32m INFO[0m [2mexecuting::dataflow[0m[2m:[0m 60.573838ms:	Data loaded for path_assigned_at_base
[2m2025-08-07T20:42:10.454077Z[0m [32m INFO[0m [2mexecuting::dataflow[0m[2m:[0m 60.577094ms:	Data loaded for path_accessed_at_base
[2m2025-08-07T20:42:10.454080Z[0m [32m INFO[0m [2mexecuting::dataflow[0m[2m:[0m 60.58049ms:	Data loaded for path_is_var
[2m2025-08-07T20:42:10.454084Z[0m [32m INFO[0m [2mexecuting::dataflow[0m[2m:[0m 60.583977ms:	Data loaded for loan_invalidated_at
[2m2025-08-07T20:42:10.454094Z[0m [32m INFO[0m [2mexecuting::dataflow[0m[2m:[0m 60.594196ms:	Data loaded for use_of_var_derefs_origin
[2m2025-08-07T20:42:10.621085Z[0m [32m INFO[0m [2mreading::inspect[0m[2m:[0m Delta of (recursive) [ancestor_path]: ((), (), 30)
[2m2025-08-07T20:42:10.629686Z[0m [32m INFO[0m [2mreading::inspect[0m[2m:[0m Delta of (recursive) [path_assigned_at]: ((), (), 6793)
[2m2025-08-07T20:42:10.629710Z[0m [32m INFO[0m [2mreading::inspect[0m[2m:[0m Delta of (recursive) [path_begins_with_var]: ((), (), 6372)
[2m2025-08-07T20:42:10.632367Z[0m [32m INFO[0m [2mreading::inspect[0m[2m:[0m Delta of (recursive) [path_moved_at]: ((), (), 16295)
[2m2025-08-07T20:42:10.633651Z[0m [32m INFO[0m [2mreading::inspect[0m[2m:[0m Delta of (recursive) [path_accessed_at]: ((), (), 7838)
[2m2025-08-07T20:43:48.118247Z[0m [32m INFO[0m [2mreading::inspect[0m[2m:[0m Delta of (recursive) [var_live_on_entry]: ((), (), 329734)
[2m2025-08-07T20:45:50.688860Z[0m [32m INFO[0m [2mreading::inspect[0m[2m:[0m Delta of (recursive) [path_maybe_uninitialized_on_exit]: ((), (), 291552229)
[2m2025-08-07T20:45:54.808921Z[0m [32m INFO[0m [2mreading::inspect[0m[2m:[0m Delta of (recursive) [path_maybe_initialized_on_exit]: ((), (), 1048567)
[2m2025-08-07T20:45:54.984241Z[0m [32m INFO[0m [2mreading::inspect[0m[2m:[0m Delta of (recursive) [var_drop_live_on_entry]: ((), (), 3588)
[2m2025-08-07T20:45:59.762781Z[0m [32m INFO[0m [2mreading::inspect[0m[2m:[0m Delta of (recursive) [subset]: ((), (), 5068815)
[2m2025-08-07T20:45:59.781228Z[0m [32m INFO[0m [2mreading::inspect[0m[2m:[0m Delta of (recursive) [origin_contains_loan_on_entry]: ((), (), 1316)
[2m2025-08-07T20:45:59.781814Z[0m [32m INFO[0m [2mexecuting::dataflow[0m[2m:[0m 229.388295849s:	Dataflow executed
[2m2025-08-07T20:45:59.782475Z[0m [32m INFO[0m [2mexecuting[0m[2m:[0m success query
