=== FlowLog Scalability Log for borrow on borrow (1 workers) ===
[2m2025-08-07T19:26:36.991372Z[0m [32m INFO[0m [2mexecuting::dataflow[0m[2m:[0m 62.270091ms:	Dataflow assembled
[2m2025-08-07T19:26:37.085244Z[0m [32m INFO[0m [2mexecuting::dataflow[0m[2m:[0m 156.145903ms:	Data loaded for subset_base
[2m2025-08-07T19:26:37.085294Z[0m [32m INFO[0m [2mexecuting::dataflow[0m[2m:[0m 156.199855ms:	Data loaded for cfg_edge
[2m2025-08-07T19:26:37.085299Z[0m [32m INFO[0m [2mexecuting::dataflow[0m[2m:[0m 156.205054ms:	Data loaded for loan_issued_at
[2m2025-08-07T19:26:37.085312Z[0m [32m INFO[0m [2mexecuting::dataflow[0m[2m:[0m 156.217638ms:	Data loaded for universal_region
[2m2025-08-07T19:26:37.085315Z[0m [32m INFO[0m [2mexecuting::dataflow[0m[2m:[0m 156.221355ms:	Data loaded for var_used_at
[2m2025-08-07T19:26:37.085320Z[0m [32m INFO[0m [2mexecuting::dataflow[0m[2m:[0m 156.225703ms:	Data loaded for loan_killed_at
[2m2025-08-07T19:26:37.085324Z[0m [32m INFO[0m [2mexecuting::dataflow[0m[2m:[0m 156.230352ms:	Data loaded for known_placeholder_subset
[2m2025-08-07T19:26:37.085328Z[0m [32m INFO[0m [2mexecuting::dataflow[0m[2m:[0m 156.23439ms:	Data loaded for var_dropped_at
[2m2025-08-07T19:26:37.085334Z[0m [32m INFO[0m [2mexecuting::dataflow[0m[2m:[0m 156.23993ms:	Data loaded for drop_of_var_derefs_origin
[2m2025-08-07T19:26:37.085340Z[0m [32m INFO[0m [2mexecuting::dataflow[0m[2m:[0m 156.245701ms:	Data loaded for var_defined_at
[2m2025-08-07T19:26:37.085344Z[0m [32m INFO[0m [2mexecuting::dataflow[0m[2m:[0m 156.25039ms:	Data loaded for child_path
[2m2025-08-07T19:26:37.085348Z[0m [32m INFO[0m [2mexecuting::dataflow[0m[2m:[0m 156.254327ms:	Data loaded for path_moved_at_base
[2m2025-08-07T19:26:37.085352Z[0m [32m INFO[0m [2mexecuting::dataflow[0m[2m:[0m 156.257904ms:	Data loaded for path_assigned_at_base
[2m2025-08-07T19:26:37.085356Z[0m [32m INFO[0m [2mexecuting::dataflow[0m[2m:[0m 156.261671ms:	Data loaded for path_accessed_at_base
[2m2025-08-07T19:26:37.085359Z[0m [32m INFO[0m [2mexecuting::dataflow[0m[2m:[0m 156.265178ms:	Data loaded for path_is_var
[2m2025-08-07T19:26:37.085363Z[0m [32m INFO[0m [2mexecuting::dataflow[0m[2m:[0m 156.268915ms:	Data loaded for loan_invalidated_at
[2m2025-08-07T19:26:37.085367Z[0m [32m INFO[0m [2mexecuting::dataflow[0m[2m:[0m 156.272522ms:	Data loaded for use_of_var_derefs_origin
[2m2025-08-07T19:26:37.538807Z[0m [32m INFO[0m [2mreading::inspect[0m[2m:[0m Delta of (recursive) [ancestor_path]: ((), (), 30)
[2m2025-08-07T19:26:37.560549Z[0m [32m INFO[0m [2mreading::inspect[0m[2m:[0m Delta of (recursive) [path_begins_with_var]: ((), (), 6372)
[2m2025-08-07T19:26:37.560570Z[0m [32m INFO[0m [2mreading::inspect[0m[2m:[0m Delta of (recursive) [path_assigned_at]: ((), (), 6793)
[2m2025-08-07T19:26:37.567944Z[0m [32m INFO[0m [2mreading::inspect[0m[2m:[0m Delta of (recursive) [path_accessed_at]: ((), (), 7838)
[2m2025-08-07T19:26:37.567968Z[0m [32m INFO[0m [2mreading::inspect[0m[2m:[0m Delta of (recursive) [path_moved_at]: ((), (), 16295)
[2m2025-08-07T19:30:06.541691Z[0m [32m INFO[0m [2mreading::inspect[0m[2m:[0m Delta of (recursive) [var_live_on_entry]: ((), (), 329734)
[2m2025-08-07T19:38:25.457963Z[0m [32m INFO[0m [2mreading::inspect[0m[2m:[0m Delta of (recursive) [path_maybe_uninitialized_on_exit]: ((), (), 291552229)
[2m2025-08-07T19:38:25.854808Z[0m [32m INFO[0m [2mreading::inspect[0m[2m:[0m Delta of (recursive) [path_maybe_initialized_on_exit]: ((), (), 1048567)
[2m2025-08-07T19:38:41.802127Z[0m [32m INFO[0m [2mreading::inspect[0m[2m:[0m Delta of (recursive) [var_drop_live_on_entry]: ((), (), 3588)
[2m2025-08-07T19:38:53.735715Z[0m [32m INFO[0m [2mreading::inspect[0m[2m:[0m Delta of (recursive) [subset]: ((), (), 5068815)
[2m2025-08-07T19:38:53.812550Z[0m [32m INFO[0m [2mreading::inspect[0m[2m:[0m Delta of (recursive) [origin_contains_loan_on_entry]: ((), (), 1316)
[2m2025-08-07T19:38:53.813514Z[0m [32m INFO[0m [2mexecuting::dataflow[0m[2m:[0m 736.884417335s:	Dataflow executed
[2m2025-08-07T19:38:53.813794Z[0m [32m INFO[0m [2mexecuting[0m[2m:[0m success query
