=== FlowLog Scalability Log for borrow on borrow (64 workers) ===
[2m2025-08-07T21:14:00.795564Z[0m [32m INFO[0m [2mexecuting::dataflow[0m[2m:[0m 65.706188ms:	Dataflow assembled
[2m2025-08-07T21:14:00.891169Z[0m [32m INFO[0m [2mexecuting::dataflow[0m[2m:[0m 161.316825ms:	Data loaded for subset_base
[2m2025-08-07T21:14:00.891236Z[0m [32m INFO[0m [2mexecuting::dataflow[0m[2m:[0m 161.391425ms:	Data loaded for cfg_edge
[2m2025-08-07T21:14:00.891243Z[0m [32m INFO[0m [2mexecuting::dataflow[0m[2m:[0m 161.399059ms:	Data loaded for loan_issued_at
[2m2025-08-07T21:14:00.891250Z[0m [32m INFO[0m [2mexecuting::dataflow[0m[2m:[0m 161.405782ms:	Data loaded for universal_region
[2m2025-08-07T21:14:00.891256Z[0m [32m INFO[0m [2mexecuting::dataflow[0m[2m:[0m 161.411503ms:	Data loaded for var_used_at
[2m2025-08-07T21:14:00.891263Z[0m [32m INFO[0m [2mexecuting::dataflow[0m[2m:[0m 161.418877ms:	Data loaded for loan_killed_at
[2m2025-08-07T21:14:00.891269Z[0m [32m INFO[0m [2mexecuting::dataflow[0m[2m:[0m 161.424708ms:	Data loaded for known_placeholder_subset
[2m2025-08-07T21:14:00.891275Z[0m [32m INFO[0m [2mexecuting::dataflow[0m[2m:[0m 161.430749ms:	Data loaded for var_dropped_at
[2m2025-08-07T21:14:00.891281Z[0m [32m INFO[0m [2mexecuting::dataflow[0m[2m:[0m 161.43671ms:	Data loaded for drop_of_var_derefs_origin
[2m2025-08-07T21:14:00.891291Z[0m [32m INFO[0m [2mexecuting::dataflow[0m[2m:[0m 161.446719ms:	Data loaded for var_defined_at
[2m2025-08-07T21:14:00.891297Z[0m [32m INFO[0m [2mexecuting::dataflow[0m[2m:[0m 161.453041ms:	Data loaded for child_path
[2m2025-08-07T21:14:00.891304Z[0m [32m INFO[0m [2mexecuting::dataflow[0m[2m:[0m 161.459543ms:	Data loaded for path_moved_at_base
[2m2025-08-07T21:14:00.891310Z[0m [32m INFO[0m [2mexecuting::dataflow[0m[2m:[0m 161.465805ms:	Data loaded for path_assigned_at_base
[2m2025-08-07T21:14:00.891316Z[0m [32m INFO[0m [2mexecuting::dataflow[0m[2m:[0m 161.472217ms:	Data loaded for path_accessed_at_base
[2m2025-08-07T21:14:00.891322Z[0m [32m INFO[0m [2mexecuting::dataflow[0m[2m:[0m 161.477948ms:	Data loaded for path_is_var
[2m2025-08-07T21:14:00.891328Z[0m [32m INFO[0m [2mexecuting::dataflow[0m[2m:[0m 161.483899ms:	Data loaded for loan_invalidated_at
[2m2025-08-07T21:14:00.891334Z[0m [32m INFO[0m [2mexecuting::dataflow[0m[2m:[0m 161.489399ms:	Data loaded for use_of_var_derefs_origin
[2m2025-08-07T21:14:01.021760Z[0m [32m INFO[0m [2mreading::inspect[0m[2m:[0m Delta of (recursive) [ancestor_path]: ((), (), 30)
[2m2025-08-07T21:14:01.030958Z[0m [32m INFO[0m [2mreading::inspect[0m[2m:[0m Delta of (recursive) [path_assigned_at]: ((), (), 6793)
[2m2025-08-07T21:14:01.032493Z[0m [32m INFO[0m [2mreading::inspect[0m[2m:[0m Delta of (recursive) [path_begins_with_var]: ((), (), 6372)
[2m2025-08-07T21:14:01.034670Z[0m [32m INFO[0m [2mreading::inspect[0m[2m:[0m Delta of (recursive) [path_moved_at]: ((), (), 16295)
[2m2025-08-07T21:14:01.038505Z[0m [32m INFO[0m [2mreading::inspect[0m[2m:[0m Delta of (recursive) [path_accessed_at]: ((), (), 7838)
[2m2025-08-07T21:14:11.644008Z[0m [32m INFO[0m [2mreading::inspect[0m[2m:[0m Delta of (recursive) [var_live_on_entry]: ((), (), 329734)
[2m2025-08-07T21:14:34.625199Z[0m [32m INFO[0m [2mreading::inspect[0m[2m:[0m Delta of (recursive) [path_maybe_initialized_on_exit]: ((), (), 1048567)
[2m2025-08-07T21:14:35.629958Z[0m [32m INFO[0m [2mreading::inspect[0m[2m:[0m Delta of (recursive) [path_maybe_uninitialized_on_exit]: ((), (), 291552229)
[2m2025-08-07T21:14:36.004799Z[0m [32m INFO[0m [2mreading::inspect[0m[2m:[0m Delta of (recursive) [var_drop_live_on_entry]: ((), (), 3588)
[2m2025-08-07T21:14:40.836542Z[0m [32m INFO[0m [2mreading::inspect[0m[2m:[0m Delta of (recursive) [subset]: ((), (), 5068815)
[2m2025-08-07T21:14:40.846780Z[0m [32m INFO[0m [2mreading::inspect[0m[2m:[0m Delta of (recursive) [origin_contains_loan_on_entry]: ((), (), 1316)
[2m2025-08-07T21:14:40.847556Z[0m [32m INFO[0m [2mexecuting::dataflow[0m[2m:[0m 40.117703419s:	Dataflow executed
[2m2025-08-07T21:14:40.903827Z[0m [32m INFO[0m [2mexecuting[0m[2m:[0m success query
