=== FlowLog Scalability Log for borrow on borrow (2 workers) ===
[2m2025-08-07T20:15:33.806850Z[0m [32m INFO[0m [2mexecuting::dataflow[0m[2m:[0m 7.528632ms:	Dataflow assembled
[2m2025-08-07T20:15:33.872410Z[0m [32m INFO[0m [2mexecuting::dataflow[0m[2m:[0m 73.093393ms:	Data loaded for subset_base
[2m2025-08-07T20:15:33.872438Z[0m [32m INFO[0m [2mexecuting::dataflow[0m[2m:[0m 73.122277ms:	Data loaded for cfg_edge
[2m2025-08-07T20:15:33.872443Z[0m [32m INFO[0m [2mexecuting::dataflow[0m[2m:[0m 73.127046ms:	Data loaded for loan_issued_at
[2m2025-08-07T20:15:33.872450Z[0m [32m INFO[0m [2mexecuting::dataflow[0m[2m:[0m 73.134641ms:	Data loaded for universal_region
[2m2025-08-07T20:15:33.872454Z[0m [32m INFO[0m [2mexecuting::dataflow[0m[2m:[0m 73.138378ms:	Data loaded for var_used_at
[2m2025-08-07T20:15:33.872458Z[0m [32m INFO[0m [2mexecuting::dataflow[0m[2m:[0m 73.142145ms:	Data loaded for loan_killed_at
[2m2025-08-07T20:15:33.872462Z[0m [32m INFO[0m [2mexecuting::dataflow[0m[2m:[0m 73.146272ms:	Data loaded for known_placeholder_subset
[2m2025-08-07T20:15:33.872465Z[0m [32m INFO[0m [2mexecuting::dataflow[0m[2m:[0m 73.149749ms:	Data loaded for var_dropped_at
[2m2025-08-07T20:15:33.872469Z[0m [32m INFO[0m [2mexecuting::dataflow[0m[2m:[0m 73.153596ms:	Data loaded for drop_of_var_derefs_origin
[2m2025-08-07T20:15:33.872479Z[0m [32m INFO[0m [2mexecuting::dataflow[0m[2m:[0m 73.163505ms:	Data loaded for var_defined_at
[2m2025-08-07T20:15:33.872484Z[0m [32m INFO[0m [2mexecuting::dataflow[0m[2m:[0m 73.168294ms:	Data loaded for child_path
[2m2025-08-07T20:15:33.872487Z[0m [32m INFO[0m [2mexecuting::dataflow[0m[2m:[0m 73.171881ms:	Data loaded for path_moved_at_base
[2m2025-08-07T20:15:33.872491Z[0m [32m INFO[0m [2mexecuting::dataflow[0m[2m:[0m 73.175127ms:	Data loaded for path_assigned_at_base
[2m2025-08-07T20:15:33.872494Z[0m [32m INFO[0m [2mexecuting::dataflow[0m[2m:[0m 73.178623ms:	Data loaded for path_accessed_at_base
[2m2025-08-07T20:15:33.872498Z[0m [32m INFO[0m [2mexecuting::dataflow[0m[2m:[0m 73.18199ms:	Data loaded for path_is_var
[2m2025-08-07T20:15:33.872502Z[0m [32m INFO[0m [2mexecuting::dataflow[0m[2m:[0m 73.186027ms:	Data loaded for loan_invalidated_at
[2m2025-08-07T20:15:33.872505Z[0m [32m INFO[0m [2mexecuting::dataflow[0m[2m:[0m 73.189484ms:	Data loaded for use_of_var_derefs_origin
[2m2025-08-07T20:15:34.139780Z[0m [32m INFO[0m [2mreading::inspect[0m[2m:[0m Delta of (recursive) [ancestor_path]: ((), (), 30)
[2m2025-08-07T20:15:34.151426Z[0m [32m INFO[0m [2mreading::inspect[0m[2m:[0m Delta of (recursive) [path_assigned_at]: ((), (), 6793)
[2m2025-08-07T20:15:34.151603Z[0m [32m INFO[0m [2mreading::inspect[0m[2m:[0m Delta of (recursive) [path_begins_with_var]: ((), (), 6372)
[2m2025-08-07T20:15:34.156070Z[0m [32m INFO[0m [2mreading::inspect[0m[2m:[0m Delta of (recursive) [path_moved_at]: ((), (), 16295)
[2m2025-08-07T20:15:34.163089Z[0m [32m INFO[0m [2mreading::inspect[0m[2m:[0m Delta of (recursive) [path_accessed_at]: ((), (), 7838)
[2m2025-08-07T20:18:22.517946Z[0m [32m INFO[0m [2mreading::inspect[0m[2m:[0m Delta of (recursive) [var_live_on_entry]: ((), (), 329734)
[2m2025-08-07T20:21:59.379175Z[0m [32m INFO[0m [2mreading::inspect[0m[2m:[0m Delta of (recursive) [path_maybe_uninitialized_on_exit]: ((), (), 291552229)
[2m2025-08-07T20:22:07.085519Z[0m [32m INFO[0m [2mreading::inspect[0m[2m:[0m Delta of (recursive) [path_maybe_initialized_on_exit]: ((), (), 1048567)
[2m2025-08-07T20:22:07.399674Z[0m [32m INFO[0m [2mreading::inspect[0m[2m:[0m Delta of (recursive) [var_drop_live_on_entry]: ((), (), 3588)
[2m2025-08-07T20:22:14.804759Z[0m [32m INFO[0m [2mreading::inspect[0m[2m:[0m Delta of (recursive) [subset]: ((), (), 5068815)
[2m2025-08-07T20:22:14.837603Z[0m [32m INFO[0m [2mreading::inspect[0m[2m:[0m Delta of (recursive) [origin_contains_loan_on_entry]: ((), (), 1316)
[2m2025-08-07T20:22:14.838242Z[0m [32m INFO[0m [2mexecuting::dataflow[0m[2m:[0m 401.038920544s:	Dataflow executed
[2m2025-08-07T20:22:14.838521Z[0m [32m INFO[0m [2mexecuting[0m[2m:[0m success query
