=== FlowLog Scalability Log for borrow on borrow (8 workers) ===
[2m2025-08-07T20:56:44.291842Z[0m [32m INFO[0m [2mexecuting::dataflow[0m[2m:[0m 6.689512ms:	Dataflow assembled
[2m2025-08-07T20:56:44.342277Z[0m [32m INFO[0m [2mexecuting::dataflow[0m[2m:[0m 57.126377ms:	Data loaded for subset_base
[2m2025-08-07T20:56:44.342300Z[0m [32m INFO[0m [2mexecuting::dataflow[0m[2m:[0m 57.152446ms:	Data loaded for cfg_edge
[2m2025-08-07T20:56:44.342304Z[0m [32m INFO[0m [2mexecuting::dataflow[0m[2m:[0m 57.156944ms:	Data loaded for loan_issued_at
[2m2025-08-07T20:56:44.342310Z[0m [32m INFO[0m [2mexecuting::dataflow[0m[2m:[0m 57.162164ms:	Data loaded for universal_region
[2m2025-08-07T20:56:44.342313Z[0m [32m INFO[0m [2mexecuting::dataflow[0m[2m:[0m 57.165911ms:	Data loaded for var_used_at
[2m2025-08-07T20:56:44.342318Z[0m [32m INFO[0m [2mexecuting::dataflow[0m[2m:[0m 57.17058ms:	Data loaded for loan_killed_at
[2m2025-08-07T20:56:44.342322Z[0m [32m INFO[0m [2mexecuting::dataflow[0m[2m:[0m 57.174938ms:	Data loaded for known_placeholder_subset
[2m2025-08-07T20:56:44.342326Z[0m [32m INFO[0m [2mexecuting::dataflow[0m[2m:[0m 57.178685ms:	Data loaded for var_dropped_at
[2m2025-08-07T20:56:44.342330Z[0m [32m INFO[0m [2mexecuting::dataflow[0m[2m:[0m 57.182783ms:	Data loaded for drop_of_var_derefs_origin
[2m2025-08-07T20:56:44.342335Z[0m [32m INFO[0m [2mexecuting::dataflow[0m[2m:[0m 57.187482ms:	Data loaded for var_defined_at
[2m2025-08-07T20:56:44.342339Z[0m [32m INFO[0m [2mexecuting::dataflow[0m[2m:[0m 57.19189ms:	Data loaded for child_path
[2m2025-08-07T20:56:44.342343Z[0m [32m INFO[0m [2mexecuting::dataflow[0m[2m:[0m 57.195647ms:	Data loaded for path_moved_at_base
[2m2025-08-07T20:56:44.342347Z[0m [32m INFO[0m [2mexecuting::dataflow[0m[2m:[0m 57.199184ms:	Data loaded for path_assigned_at_base
[2m2025-08-07T20:56:44.342350Z[0m [32m INFO[0m [2mexecuting::dataflow[0m[2m:[0m 57.202731ms:	Data loaded for path_accessed_at_base
[2m2025-08-07T20:56:44.342354Z[0m [32m INFO[0m [2mexecuting::dataflow[0m[2m:[0m 57.206317ms:	Data loaded for path_is_var
[2m2025-08-07T20:56:44.342357Z[0m [32m INFO[0m [2mexecuting::dataflow[0m[2m:[0m 57.210044ms:	Data loaded for loan_invalidated_at
[2m2025-08-07T20:56:44.342361Z[0m [32m INFO[0m [2mexecuting::dataflow[0m[2m:[0m 57.213341ms:	Data loaded for use_of_var_derefs_origin
[2m2025-08-07T20:56:44.451158Z[0m [32m INFO[0m [2mreading::inspect[0m[2m:[0m Delta of (recursive) [ancestor_path]: ((), (), 30)
[2m2025-08-07T20:56:44.455850Z[0m [32m INFO[0m [2mreading::inspect[0m[2m:[0m Delta of (recursive) [path_assigned_at]: ((), (), 6793)
[2m2025-08-07T20:56:44.456375Z[0m [32m INFO[0m [2mreading::inspect[0m[2m:[0m Delta of (recursive) [path_begins_with_var]: ((), (), 6372)
[2m2025-08-07T20:56:44.457690Z[0m [32m INFO[0m [2mreading::inspect[0m[2m:[0m Delta of (recursive) [path_accessed_at]: ((), (), 7838)
[2m2025-08-07T20:56:44.458459Z[0m [32m INFO[0m [2mreading::inspect[0m[2m:[0m Delta of (recursive) [path_moved_at]: ((), (), 16295)
[2m2025-08-07T20:57:38.401907Z[0m [32m INFO[0m [2mreading::inspect[0m[2m:[0m Delta of (recursive) [var_live_on_entry]: ((), (), 329734)
[2m2025-08-07T20:58:44.870962Z[0m [32m INFO[0m [2mreading::inspect[0m[2m:[0m Delta of (recursive) [path_maybe_uninitialized_on_exit]: ((), (), 291552229)
[2m2025-08-07T20:58:46.897604Z[0m [32m INFO[0m [2mreading::inspect[0m[2m:[0m Delta of (recursive) [path_maybe_initialized_on_exit]: ((), (), 1048567)
[2m2025-08-07T20:58:46.999744Z[0m [32m INFO[0m [2mreading::inspect[0m[2m:[0m Delta of (recursive) [var_drop_live_on_entry]: ((), (), 3588)
[2m2025-08-07T20:58:50.126056Z[0m [32m INFO[0m [2mreading::inspect[0m[2m:[0m Delta of (recursive) [subset]: ((), (), 5068815)
[2m2025-08-07T20:58:50.141650Z[0m [32m INFO[0m [2mreading::inspect[0m[2m:[0m Delta of (recursive) [origin_contains_loan_on_entry]: ((), (), 1316)
[2m2025-08-07T20:58:50.142120Z[0m [32m INFO[0m [2mexecuting::dataflow[0m[2m:[0m 125.856964017s:	Dataflow executed
[2m2025-08-07T20:58:50.164720Z[0m [32m INFO[0m [2mexecuting[0m[2m:[0m success query
