=== FlowLog Scalability Log for borrow on borrow (16 workers) ===
[2m2025-08-07T21:05:16.891965Z[0m [32m INFO[0m [2mexecuting::dataflow[0m[2m:[0m 8.253896ms:	Dataflow assembled
[2m2025-08-07T21:05:16.939234Z[0m [32m INFO[0m [2mexecuting::dataflow[0m[2m:[0m 55.526133ms:	Data loaded for subset_base
[2m2025-08-07T21:05:16.939256Z[0m [32m INFO[0m [2mexecuting::dataflow[0m[2m:[0m 55.550639ms:	Data loaded for cfg_edge
[2m2025-08-07T21:05:16.939260Z[0m [32m INFO[0m [2mexecuting::dataflow[0m[2m:[0m 55.554947ms:	Data loaded for loan_issued_at
[2m2025-08-07T21:05:16.939264Z[0m [32m INFO[0m [2mexecuting::dataflow[0m[2m:[0m 55.559375ms:	Data loaded for universal_region
[2m2025-08-07T21:05:16.939268Z[0m [32m INFO[0m [2mexecuting::dataflow[0m[2m:[0m 55.563142ms:	Data loaded for var_used_at
[2m2025-08-07T21:05:16.939272Z[0m [32m INFO[0m [2mexecuting::dataflow[0m[2m:[0m 55.56728ms:	Data loaded for loan_killed_at
[2m2025-08-07T21:05:16.939276Z[0m [32m INFO[0m [2mexecuting::dataflow[0m[2m:[0m 55.570937ms:	Data loaded for known_placeholder_subset
[2m2025-08-07T21:05:16.939279Z[0m [32m INFO[0m [2mexecuting::dataflow[0m[2m:[0m 55.574464ms:	Data loaded for var_dropped_at
[2m2025-08-07T21:05:16.939283Z[0m [32m INFO[0m [2mexecuting::dataflow[0m[2m:[0m 55.57782ms:	Data loaded for drop_of_var_derefs_origin
[2m2025-08-07T21:05:16.939287Z[0m [32m INFO[0m [2mexecuting::dataflow[0m[2m:[0m 55.582419ms:	Data loaded for var_defined_at
[2m2025-08-07T21:05:16.939292Z[0m [32m INFO[0m [2mexecuting::dataflow[0m[2m:[0m 55.586957ms:	Data loaded for child_path
[2m2025-08-07T21:05:16.939296Z[0m [32m INFO[0m [2mexecuting::dataflow[0m[2m:[0m 55.590704ms:	Data loaded for path_moved_at_base
[2m2025-08-07T21:05:16.939299Z[0m [32m INFO[0m [2mexecuting::dataflow[0m[2m:[0m 55.594151ms:	Data loaded for path_assigned_at_base
[2m2025-08-07T21:05:16.939302Z[0m [32m INFO[0m [2mexecuting::dataflow[0m[2m:[0m 55.597527ms:	Data loaded for path_accessed_at_base
[2m2025-08-07T21:05:16.939306Z[0m [32m INFO[0m [2mexecuting::dataflow[0m[2m:[0m 55.600853ms:	Data loaded for path_is_var
[2m2025-08-07T21:05:16.939309Z[0m [32m INFO[0m [2mexecuting::dataflow[0m[2m:[0m 55.60424ms:	Data loaded for loan_invalidated_at
[2m2025-08-07T21:05:16.939313Z[0m [32m INFO[0m [2mexecuting::dataflow[0m[2m:[0m 55.608007ms:	Data loaded for use_of_var_derefs_origin
[2m2025-08-07T21:05:17.023496Z[0m [32m INFO[0m [2mreading::inspect[0m[2m:[0m Delta of (recursive) [ancestor_path]: ((), (), 30)
[2m2025-08-07T21:05:17.027175Z[0m [32m INFO[0m [2mreading::inspect[0m[2m:[0m Delta of (recursive) [path_assigned_at]: ((), (), 6793)
[2m2025-08-07T21:05:17.027467Z[0m [32m INFO[0m [2mreading::inspect[0m[2m:[0m Delta of (recursive) [path_begins_with_var]: ((), (), 6372)
[2m2025-08-07T21:05:17.028413Z[0m [32m INFO[0m [2mreading::inspect[0m[2m:[0m Delta of (recursive) [path_accessed_at]: ((), (), 7838)
[2m2025-08-07T21:05:17.028757Z[0m [32m INFO[0m [2mreading::inspect[0m[2m:[0m Delta of (recursive) [path_moved_at]: ((), (), 16295)
[2m2025-08-07T21:05:40.546800Z[0m [32m INFO[0m [2mreading::inspect[0m[2m:[0m Delta of (recursive) [var_live_on_entry]: ((), (), 329734)
[2m2025-08-07T21:06:31.631653Z[0m [32m INFO[0m [2mreading::inspect[0m[2m:[0m Delta of (recursive) [path_maybe_uninitialized_on_exit]: ((), (), 291552229)
[2m2025-08-07T21:06:32.885428Z[0m [32m INFO[0m [2mreading::inspect[0m[2m:[0m Delta of (recursive) [path_maybe_initialized_on_exit]: ((), (), 1048567)
[2m2025-08-07T21:06:32.974483Z[0m [32m INFO[0m [2mreading::inspect[0m[2m:[0m Delta of (recursive) [var_drop_live_on_entry]: ((), (), 3588)
[2m2025-08-07T21:06:35.881801Z[0m [32m INFO[0m [2mreading::inspect[0m[2m:[0m Delta of (recursive) [subset]: ((), (), 5068815)
[2m2025-08-07T21:06:35.891725Z[0m [32m INFO[0m [2mreading::inspect[0m[2m:[0m Delta of (recursive) [origin_contains_loan_on_entry]: ((), (), 1316)
[2m2025-08-07T21:06:35.892105Z[0m [32m INFO[0m [2mexecuting::dataflow[0m[2m:[0m 79.008388506s:	Dataflow executed
[2m2025-08-07T21:06:35.894881Z[0m [32m INFO[0m [2mexecuting[0m[2m:[0m success query
