[2m2025-07-29T00:57:40.079672Z[0m [32m INFO[0m [2mexecuting::dataflow[0m[2m:[0m 217.90993ms:	Dataflow assembled
[2m2025-07-29T00:57:40.657110Z[0m [32m INFO[0m [2mexecuting::dataflow[0m[2m:[0m 795.365081ms:	Data loaded for DirectSuperclass
[2m2025-07-29T00:57:40.657162Z[0m [32m INFO[0m [2mexecuting::dataflow[0m[2m:[0m 795.423812ms:	Data loaded for DirectSuperinterface
[2m2025-07-29T00:57:40.657171Z[0m [32m INFO[0m [2mexecuting::dataflow[0m[2m:[0m 795.432278ms:	Data loaded for MainClass
[2m2025-07-29T00:57:40.657182Z[0m [32m INFO[0m [2mexecuting::dataflow[0m[2m:[0m 795.443639ms:	Data loaded for FormalParam
[2m2025-07-29T00:57:40.657193Z[0m [32m INFO[0m [2mexecuting::dataflow[0m[2m:[0m 795.45451ms:	Data loaded for ComponentType
[2m2025-07-29T00:57:40.657200Z[0m [32m INFO[0m [2mexecuting::dataflow[0m[2m:[0m 795.462064ms:	Data loaded for AssignReturnValue
[2m2025-07-29T00:57:40.657208Z[0m [32m INFO[0m [2mexecuting::dataflow[0m[2m:[0m 795.469808ms:	Data loaded for ActualParam
[2m2025-07-29T00:57:40.657215Z[0m [32m INFO[0m [2mexecuting::dataflow[0m[2m:[0m 795.476902ms:	Data loaded for Method_Modifier
[2m2025-07-29T00:57:40.657224Z[0m [32m INFO[0m [2mexecuting::dataflow[0m[2m:[0m 795.485668ms:	Data loaded for Var_Type
[2m2025-07-29T00:57:40.657233Z[0m [32m INFO[0m [2mexecuting::dataflow[0m[2m:[0m 795.494565ms:	Data loaded for HeapAllocation_Type
[2m2025-07-29T00:57:40.657243Z[0m [32m INFO[0m [2mexecuting::dataflow[0m[2m:[0m 795.504444ms:	Data loaded for _ClassType
[2m2025-07-29T00:57:40.657254Z[0m [32m INFO[0m [2mexecuting::dataflow[0m[2m:[0m 795.515374ms:	Data loaded for _ArrayType
[2m2025-07-29T00:57:40.657265Z[0m [32m INFO[0m [2mexecuting::dataflow[0m[2m:[0m 795.526425ms:	Data loaded for _InterfaceType
[2m2025-07-29T00:57:40.657272Z[0m [32m INFO[0m [2mexecuting::dataflow[0m[2m:[0m 795.533739ms:	Data loaded for _Var_DeclaringMethod
[2m2025-07-29T00:57:40.657279Z[0m [32m INFO[0m [2mexecuting::dataflow[0m[2m:[0m 795.540992ms:	Data loaded for _ApplicationClass
[2m2025-07-29T00:57:40.657287Z[0m [32m INFO[0m [2mexecuting::dataflow[0m[2m:[0m 795.548577ms:	Data loaded for _ThisVar
[2m2025-07-29T00:57:40.657294Z[0m [32m INFO[0m [2mexecuting::dataflow[0m[2m:[0m 795.555349ms:	Data loaded for _NormalHeap
[2m2025-07-29T00:57:40.657302Z[0m [32m INFO[0m [2mexecuting::dataflow[0m[2m:[0m 795.563865ms:	Data loaded for _StringConstant
[2m2025-07-29T00:57:40.657327Z[0m [32m INFO[0m [2mexecuting::dataflow[0m[2m:[0m 795.588312ms:	Data loaded for _AssignHeapAllocation
[2m2025-07-29T00:57:40.657340Z[0m [32m INFO[0m [2mexecuting::dataflow[0m[2m:[0m 795.601286ms:	Data loaded for _AssignLocal
[2m2025-07-29T00:57:40.657370Z[0m [32m INFO[0m [2mexecuting::dataflow[0m[2m:[0m 795.631853ms:	Data loaded for _AssignCast
[2m2025-07-29T00:57:40.657378Z[0m [32m INFO[0m [2mexecuting::dataflow[0m[2m:[0m 795.639598ms:	Data loaded for _Field
[2m2025-07-29T00:57:40.657392Z[0m [32m INFO[0m [2mexecuting::dataflow[0m[2m:[0m 795.653695ms:	Data loaded for _StaticMethodInvocation
[2m2025-07-29T00:57:40.657402Z[0m [32m INFO[0m [2mexecuting::dataflow[0m[2m:[0m 795.663513ms:	Data loaded for _SpecialMethodInvocation
[2m2025-07-29T00:57:40.657432Z[0m [32m INFO[0m [2mexecuting::dataflow[0m[2m:[0m 795.694151ms:	Data loaded for _VirtualMethodInvocation
[2m2025-07-29T00:57:40.657446Z[0m [32m INFO[0m [2mexecuting::dataflow[0m[2m:[0m 795.707295ms:	Data loaded for _Method
[2m2025-07-29T00:57:40.657456Z[0m [32m INFO[0m [2mexecuting::dataflow[0m[2m:[0m 795.717765ms:	Data loaded for Method_Descriptor
[2m2025-07-29T00:57:40.657488Z[0m [32m INFO[0m [2mexecuting::dataflow[0m[2m:[0m 795.749425ms:	Data loaded for _StoreInstanceField
[2m2025-07-29T00:57:40.657526Z[0m [32m INFO[0m [2mexecuting::dataflow[0m[2m:[0m 795.787867ms:	Data loaded for _LoadInstanceField
[2m2025-07-29T00:57:40.657538Z[0m [32m INFO[0m [2mexecuting::dataflow[0m[2m:[0m 795.799309ms:	Data loaded for _StoreStaticField
[2m2025-07-29T00:57:40.657591Z[0m [32m INFO[0m [2mexecuting::dataflow[0m[2m:[0m 795.852589ms:	Data loaded for _LoadStaticField
[2m2025-07-29T00:57:40.657617Z[0m [32m INFO[0m [2mexecuting::dataflow[0m[2m:[0m 795.878838ms:	Data loaded for _StoreArrayIndex
[2m2025-07-29T00:57:40.657652Z[0m [32m INFO[0m [2mexecuting::dataflow[0m[2m:[0m 795.913514ms:	Data loaded for _LoadArrayIndex
[2m2025-07-29T00:57:40.657663Z[0m [32m INFO[0m [2mexecuting::dataflow[0m[2m:[0m 795.925115ms:	Data loaded for _Return
[2m2025-07-29T00:57:40.998346Z[0m [32m INFO[0m [2mreading::inspect[0m[2m:[0m Delta of (recursive) [Superinterface]: ((), (), 16501)
[2m2025-07-29T00:57:40.998884Z[0m [32m INFO[0m [2mreading::inspect[0m[2m:[0m Delta of (recursive) [Subclass]: ((), (), 17499)
[2m2025-07-29T00:58:09.584257Z[0m [32m INFO[0m [2mreading::inspect[0m[2m:[0m Delta of (recursive) [SubtypeOf]: ((), (), 48824)
[2m2025-07-29T00:59:26.014249Z[0m [32m INFO[0m [2mreading::inspect[0m[2m:[0m Delta of (recursive) [MethodLookup]: ((), (), 407629)
[2m2025-07-29T00:59:38.890795Z[0m [32m INFO[0m [2mreading::inspect[0m[2m:[0m Delta of (recursive) [ArrayIndexPointsTo]: ((), (), 314695)
[2m2025-07-29T00:59:38.890951Z[0m [32m INFO[0m [2mreading::inspect[0m[2m:[0m Delta of (recursive) [Assign]: ((), (), 155849)
[2m2025-07-29T00:59:38.891010Z[0m [32m INFO[0m [2mreading::inspect[0m[2m:[0m Delta of (recursive) [CallGraphEdge]: ((), (), 85000)
[2m2025-07-29T00:59:38.891060Z[0m [32m INFO[0m [2mreading::inspect[0m[2m:[0m Delta of (recursive) [InitializedClass]: ((), (), 3488)
[2m2025-07-29T00:59:38.893871Z[0m [32m INFO[0m [2mreading::inspect[0m[2m:[0m Delta of (recursive) [InstanceFieldPointsTo]: ((), (), 14110900)
[2m2025-07-29T00:59:38.893923Z[0m [32m INFO[0m [2mreading::inspect[0m[2m:[0m Delta of (recursive) [Reachable]: ((), (), 16806)
[2m2025-07-29T00:59:38.893967Z[0m [32m INFO[0m [2mreading::inspect[0m[2m:[0m Delta of (recursive) [StaticFieldPointsTo]: ((), (), 61324)
[2m2025-07-29T00:59:38.894552Z[0m [32m INFO[0m [2mreading::inspect[0m[2m:[0m Delta of (recursive) [VarPointsTo]: ((), (), 39498905)
[2m2025-07-29T00:59:38.927997Z[0m [32m INFO[0m [2mexecuting::dataflow[0m[2m:[0m 119.065439843s:	Dataflow executed
[2m2025-07-29T00:59:39.258920Z[0m [32m INFO[0m [2mexecuting[0m[2m:[0m success query
