[2m2025-08-11T18:17:51.585944Z[0m [32m INFO[0m [2mexecuting::dataflow[0m[2m:[0m 93.820529ms:	Dataflow assembled
[2m2025-08-11T18:17:52.072957Z[0m [32m INFO[0m [2mexecuting::dataflow[0m[2m:[0m 580.841261ms:	Data loaded for DirectSuperclass
[2m2025-08-11T18:17:52.073049Z[0m [32m INFO[0m [2mexecuting::dataflow[0m[2m:[0m 580.941901ms:	Data loaded for DirectSuperinterface
[2m2025-08-11T18:17:52.073069Z[0m [32m INFO[0m [2mexecuting::dataflow[0m[2m:[0m 580.961828ms:	Data loaded for MainClass
[2m2025-08-11T18:17:52.073089Z[0m [32m INFO[0m [2mexecuting::dataflow[0m[2m:[0m 580.981495ms:	Data loaded for FormalParam
[2m2025-08-11T18:17:52.073105Z[0m [32m INFO[0m [2mexecuting::dataflow[0m[2m:[0m 580.998007ms:	Data loaded for ComponentType
[2m2025-08-11T18:17:52.073118Z[0m [32m INFO[0m [2mexecuting::dataflow[0m[2m:[0m 581.01056ms:	Data loaded for AssignReturnValue
[2m2025-08-11T18:17:52.073128Z[0m [32m INFO[0m [2mexecuting::dataflow[0m[2m:[0m 581.02124ms:	Data loaded for ActualParam
[2m2025-08-11T18:17:52.073138Z[0m [32m INFO[0m [2mexecuting::dataflow[0m[2m:[0m 581.030428ms:	Data loaded for Method_Modifier
[2m2025-08-11T18:17:52.073149Z[0m [32m INFO[0m [2mexecuting::dataflow[0m[2m:[0m 581.041399ms:	Data loaded for Var_Type
[2m2025-08-11T18:17:52.073161Z[0m [32m INFO[0m [2mexecuting::dataflow[0m[2m:[0m 581.054123ms:	Data loaded for HeapAllocation_Type
[2m2025-08-11T18:17:52.073180Z[0m [32m INFO[0m [2mexecuting::dataflow[0m[2m:[0m 581.072818ms:	Data loaded for _ClassType
[2m2025-08-11T18:17:52.073199Z[0m [32m INFO[0m [2mexecuting::dataflow[0m[2m:[0m 581.092235ms:	Data loaded for _ArrayType
[2m2025-08-11T18:17:52.073212Z[0m [32m INFO[0m [2mexecuting::dataflow[0m[2m:[0m 581.105169ms:	Data loaded for _InterfaceType
[2m2025-08-11T18:17:52.073222Z[0m [32m INFO[0m [2mexecuting::dataflow[0m[2m:[0m 581.114627ms:	Data loaded for _Var_DeclaringMethod
[2m2025-08-11T18:17:52.073231Z[0m [32m INFO[0m [2mexecuting::dataflow[0m[2m:[0m 581.123363ms:	Data loaded for _ApplicationClass
[2m2025-08-11T18:17:52.073242Z[0m [32m INFO[0m [2mexecuting::dataflow[0m[2m:[0m 581.135055ms:	Data loaded for _ThisVar
[2m2025-08-11T18:17:52.073251Z[0m [32m INFO[0m [2mexecuting::dataflow[0m[2m:[0m 581.143501ms:	Data loaded for _NormalHeap
[2m2025-08-11T18:17:52.073261Z[0m [32m INFO[0m [2mexecuting::dataflow[0m[2m:[0m 581.1534ms:	Data loaded for _StringConstant
[2m2025-08-11T18:17:52.073292Z[0m [32m INFO[0m [2mexecuting::dataflow[0m[2m:[0m 581.184739ms:	Data loaded for _AssignHeapAllocation
[2m2025-08-11T18:17:52.073311Z[0m [32m INFO[0m [2mexecuting::dataflow[0m[2m:[0m 581.204066ms:	Data loaded for _AssignLocal
[2m2025-08-11T18:17:52.073346Z[0m [32m INFO[0m [2mexecuting::dataflow[0m[2m:[0m 581.23842ms:	Data loaded for _AssignCast
[2m2025-08-11T18:17:52.073359Z[0m [32m INFO[0m [2mexecuting::dataflow[0m[2m:[0m 581.251605ms:	Data loaded for _Field
[2m2025-08-11T18:17:52.073380Z[0m [32m INFO[0m [2mexecuting::dataflow[0m[2m:[0m 581.272375ms:	Data loaded for _StaticMethodInvocation
[2m2025-08-11T18:17:52.073393Z[0m [32m INFO[0m [2mexecuting::dataflow[0m[2m:[0m 581.286201ms:	Data loaded for _SpecialMethodInvocation
[2m2025-08-11T18:17:52.073426Z[0m [32m INFO[0m [2mexecuting::dataflow[0m[2m:[0m 581.318912ms:	Data loaded for _VirtualMethodInvocation
[2m2025-08-11T18:17:52.073446Z[0m [32m INFO[0m [2mexecuting::dataflow[0m[2m:[0m 581.33874ms:	Data loaded for _Method
[2m2025-08-11T18:17:52.073458Z[0m [32m INFO[0m [2mexecuting::dataflow[0m[2m:[0m 581.350783ms:	Data loaded for Method_Descriptor
[2m2025-08-11T18:17:52.073490Z[0m [32m INFO[0m [2mexecuting::dataflow[0m[2m:[0m 581.382603ms:	Data loaded for _StoreInstanceField
[2m2025-08-11T18:17:52.073573Z[0m [32m INFO[0m [2mexecuting::dataflow[0m[2m:[0m 581.46585ms:	Data loaded for _LoadInstanceField
[2m2025-08-11T18:17:52.073591Z[0m [32m INFO[0m [2mexecuting::dataflow[0m[2m:[0m 581.483393ms:	Data loaded for _StoreStaticField
[2m2025-08-11T18:17:52.073691Z[0m [32m INFO[0m [2mexecuting::dataflow[0m[2m:[0m 581.583642ms:	Data loaded for _LoadStaticField
[2m2025-08-11T18:17:52.073720Z[0m [32m INFO[0m [2mexecuting::dataflow[0m[2m:[0m 581.612507ms:	Data loaded for _StoreArrayIndex
[2m2025-08-11T18:17:52.073752Z[0m [32m INFO[0m [2mexecuting::dataflow[0m[2m:[0m 581.645289ms:	Data loaded for _LoadArrayIndex
[2m2025-08-11T18:17:52.073768Z[0m [32m INFO[0m [2mexecuting::dataflow[0m[2m:[0m 581.660427ms:	Data loaded for _Return
[2m2025-08-11T18:17:52.331476Z[0m [32m INFO[0m [2mreading::inspect[0m[2m:[0m Delta of (recursive) [Subclass]: ((), (), 17499)
[2m2025-08-11T18:17:52.333975Z[0m [32m INFO[0m [2mreading::inspect[0m[2m:[0m Delta of (recursive) [Superinterface]: ((), (), 16501)
[2m2025-08-11T18:17:52.354702Z[0m [32m INFO[0m [2mreading::inspect[0m[2m:[0m Delta of (recursive) [SubtypeOf]: ((), (), 48824)
[2m2025-08-11T18:17:52.360761Z[0m [32m INFO[0m [2mreading::inspect[0m[2m:[0m Delta of (recursive) [MethodLookup]: ((), (), 407629)
[2m2025-08-11T18:18:22.095495Z[0m [32m INFO[0m [2mreading::inspect[0m[2m:[0m Delta of (recursive) [VarPointsTo]: ((), (), 39498905)
[2m2025-08-11T18:18:22.095628Z[0m [32m INFO[0m [2mreading::inspect[0m[2m:[0m Delta of (recursive) [ArrayIndexPointsTo]: ((), (), 314695)
[2m2025-08-11T18:18:22.095647Z[0m [32m INFO[0m [2mreading::inspect[0m[2m:[0m Delta of (recursive) [Assign]: ((), (), 155849)
[2m2025-08-11T18:18:22.095658Z[0m [32m INFO[0m [2mreading::inspect[0m[2m:[0m Delta of (recursive) [CallGraphEdge]: ((), (), 85000)
[2m2025-08-11T18:18:22.095671Z[0m [32m INFO[0m [2mreading::inspect[0m[2m:[0m Delta of (recursive) [InitializedClass]: ((), (), 3488)
[2m2025-08-11T18:18:22.095682Z[0m [32m INFO[0m [2mreading::inspect[0m[2m:[0m Delta of (recursive) [InstanceFieldPointsTo]: ((), (), 14110900)
[2m2025-08-11T18:18:22.095693Z[0m [32m INFO[0m [2mreading::inspect[0m[2m:[0m Delta of (recursive) [Reachable]: ((), (), 16806)
[2m2025-08-11T18:18:22.095705Z[0m [32m INFO[0m [2mreading::inspect[0m[2m:[0m Delta of (recursive) [StaticFieldPointsTo]: ((), (), 61324)
[2m2025-08-11T18:18:22.099933Z[0m [32m INFO[0m [2mexecuting::dataflow[0m[2m:[0m 30.607815986s:	Dataflow executed
[2m2025-08-11T18:18:22.182781Z[0m [32m INFO[0m [2mexecuting[0m[2m:[0m success query
