[2m2025-07-29T00:41:48.984430Z[0m [32m INFO[0m [2mexecuting::dataflow[0m[2m:[0m 646.890964ms:	Dataflow assembled
[2m2025-07-29T00:41:49.580898Z[0m [32m INFO[0m [2mexecuting::dataflow[0m[2m:[0m 1.243376335s:	Data loaded for DirectSuperclass
[2m2025-07-29T00:41:49.580953Z[0m [32m INFO[0m [2mexecuting::dataflow[0m[2m:[0m 1.24343745s:	Data loaded for DirectSuperinterface
[2m2025-07-29T00:41:49.580963Z[0m [32m INFO[0m [2mexecuting::dataflow[0m[2m:[0m 1.243447329s:	Data loaded for MainClass
[2m2025-07-29T00:41:49.580975Z[0m [32m INFO[0m [2mexecuting::dataflow[0m[2m:[0m 1.243459381s:	Data loaded for FormalParam
[2m2025-07-29T00:41:49.580987Z[0m [32m INFO[0m [2mexecuting::dataflow[0m[2m:[0m 1.243471224s:	Data loaded for ComponentType
[2m2025-07-29T00:41:49.580995Z[0m [32m INFO[0m [2mexecuting::dataflow[0m[2m:[0m 1.243479589s:	Data loaded for AssignReturnValue
[2m2025-07-29T00:41:49.581004Z[0m [32m INFO[0m [2mexecuting::dataflow[0m[2m:[0m 1.243487935s:	Data loaded for ActualParam
[2m2025-07-29T00:41:49.581011Z[0m [32m INFO[0m [2mexecuting::dataflow[0m[2m:[0m 1.24349581s:	Data loaded for Method_Modifier
[2m2025-07-29T00:41:49.581026Z[0m [32m INFO[0m [2mexecuting::dataflow[0m[2m:[0m 1.243510357s:	Data loaded for Var_Type
[2m2025-07-29T00:41:49.581034Z[0m [32m INFO[0m [2mexecuting::dataflow[0m[2m:[0m 1.243518713s:	Data loaded for HeapAllocation_Type
[2m2025-07-29T00:41:49.581046Z[0m [32m INFO[0m [2mexecuting::dataflow[0m[2m:[0m 1.243530715s:	Data loaded for _ClassType
[2m2025-07-29T00:41:49.581064Z[0m [32m INFO[0m [2mexecuting::dataflow[0m[2m:[0m 1.243548449s:	Data loaded for _ArrayType
[2m2025-07-29T00:41:49.581075Z[0m [32m INFO[0m [2mexecuting::dataflow[0m[2m:[0m 1.243559409s:	Data loaded for _InterfaceType
[2m2025-07-29T00:41:49.581083Z[0m [32m INFO[0m [2mexecuting::dataflow[0m[2m:[0m 1.243567505s:	Data loaded for _Var_DeclaringMethod
[2m2025-07-29T00:41:49.581091Z[0m [32m INFO[0m [2mexecuting::dataflow[0m[2m:[0m 1.2435756s:	Data loaded for _ApplicationClass
[2m2025-07-29T00:41:49.581100Z[0m [32m INFO[0m [2mexecuting::dataflow[0m[2m:[0m 1.243583906s:	Data loaded for _ThisVar
[2m2025-07-29T00:41:49.581107Z[0m [32m INFO[0m [2mexecuting::dataflow[0m[2m:[0m 1.243591289s:	Data loaded for _NormalHeap
[2m2025-07-29T00:41:49.581115Z[0m [32m INFO[0m [2mexecuting::dataflow[0m[2m:[0m 1.243599445s:	Data loaded for _StringConstant
[2m2025-07-29T00:41:49.581168Z[0m [32m INFO[0m [2mexecuting::dataflow[0m[2m:[0m 1.243652505s:	Data loaded for _AssignHeapAllocation
[2m2025-07-29T00:41:49.581183Z[0m [32m INFO[0m [2mexecuting::dataflow[0m[2m:[0m 1.243667262s:	Data loaded for _AssignLocal
[2m2025-07-29T00:41:49.581280Z[0m [32m INFO[0m [2mexecuting::dataflow[0m[2m:[0m 1.243764285s:	Data loaded for _AssignCast
[2m2025-07-29T00:41:49.581290Z[0m [32m INFO[0m [2mexecuting::dataflow[0m[2m:[0m 1.243773953s:	Data loaded for _Field
[2m2025-07-29T00:41:49.581316Z[0m [32m INFO[0m [2mexecuting::dataflow[0m[2m:[0m 1.243800724s:	Data loaded for _StaticMethodInvocation
[2m2025-07-29T00:41:49.581328Z[0m [32m INFO[0m [2mexecuting::dataflow[0m[2m:[0m 1.243812305s:	Data loaded for _SpecialMethodInvocation
[2m2025-07-29T00:41:49.581408Z[0m [32m INFO[0m [2mexecuting::dataflow[0m[2m:[0m 1.243892075s:	Data loaded for _VirtualMethodInvocation
[2m2025-07-29T00:41:49.581430Z[0m [32m INFO[0m [2mexecuting::dataflow[0m[2m:[0m 1.243913786s:	Data loaded for _Method
[2m2025-07-29T00:41:49.581439Z[0m [32m INFO[0m [2mexecuting::dataflow[0m[2m:[0m 1.243923455s:	Data loaded for Method_Descriptor
[2m2025-07-29T00:41:49.581534Z[0m [32m INFO[0m [2mexecuting::dataflow[0m[2m:[0m 1.244018604s:	Data loaded for _StoreInstanceField
[2m2025-07-29T00:41:49.581627Z[0m [32m INFO[0m [2mexecuting::dataflow[0m[2m:[0m 1.244111298s:	Data loaded for _LoadInstanceField
[2m2025-07-29T00:41:49.581660Z[0m [32m INFO[0m [2mexecuting::dataflow[0m[2m:[0m 1.244144661s:	Data loaded for _StoreStaticField
[2m2025-07-29T00:41:49.581733Z[0m [32m INFO[0m [2mexecuting::dataflow[0m[2m:[0m 1.244216877s:	Data loaded for _LoadStaticField
[2m2025-07-29T00:41:49.581788Z[0m [32m INFO[0m [2mexecuting::dataflow[0m[2m:[0m 1.244272221s:	Data loaded for _StoreArrayIndex
[2m2025-07-29T00:41:49.581820Z[0m [32m INFO[0m [2mexecuting::dataflow[0m[2m:[0m 1.244304662s:	Data loaded for _LoadArrayIndex
[2m2025-07-29T00:41:49.581846Z[0m [32m INFO[0m [2mexecuting::dataflow[0m[2m:[0m 1.244330791s:	Data loaded for _Return
[2m2025-07-29T00:41:49.948175Z[0m [32m INFO[0m [2mreading::inspect[0m[2m:[0m Delta of (recursive) [Superinterface]: ((), (), 16501)
[2m2025-07-29T00:41:49.948285Z[0m [32m INFO[0m [2mreading::inspect[0m[2m:[0m Delta of (recursive) [Subclass]: ((), (), 17499)
[2m2025-07-29T00:41:49.992583Z[0m [32m INFO[0m [2mreading::inspect[0m[2m:[0m Delta of (recursive) [SubtypeOf]: ((), (), 48824)
[2m2025-07-29T00:41:50.003191Z[0m [32m INFO[0m [2mreading::inspect[0m[2m:[0m Delta of (recursive) [MethodLookup]: ((), (), 407629)
[2m2025-07-29T00:42:25.582491Z[0m [32m INFO[0m [2mreading::inspect[0m[2m:[0m Delta of (recursive) [ArrayIndexPointsTo]: ((), (), 314695)
[2m2025-07-29T00:42:25.583834Z[0m [32m INFO[0m [2mreading::inspect[0m[2m:[0m Delta of (recursive) [Assign]: ((), (), 155849)
[2m2025-07-29T00:42:25.583866Z[0m [32m INFO[0m [2mreading::inspect[0m[2m:[0m Delta of (recursive) [CallGraphEdge]: ((), (), 85000)
[2m2025-07-29T00:42:25.583922Z[0m [32m INFO[0m [2mreading::inspect[0m[2m:[0m Delta of (recursive) [InitializedClass]: ((), (), 3488)
[2m2025-07-29T00:42:25.584193Z[0m [32m INFO[0m [2mreading::inspect[0m[2m:[0m Delta of (recursive) [InstanceFieldPointsTo]: ((), (), 14110900)
[2m2025-07-29T00:42:25.584223Z[0m [32m INFO[0m [2mreading::inspect[0m[2m:[0m Delta of (recursive) [Reachable]: ((), (), 16806)
[2m2025-07-29T00:42:25.584260Z[0m [32m INFO[0m [2mreading::inspect[0m[2m:[0m Delta of (recursive) [StaticFieldPointsTo]: ((), (), 61324)
[2m2025-07-29T00:42:25.587613Z[0m [32m INFO[0m [2mreading::inspect[0m[2m:[0m Delta of (recursive) [VarPointsTo]: ((), (), 39498905)
[2m2025-07-29T00:42:25.648926Z[0m [32m INFO[0m [2mexecuting::dataflow[0m[2m:[0m 37.310591063s:	Dataflow executed
[2m2025-07-29T00:42:25.751124Z[0m [32m INFO[0m [2mexecuting[0m[2m:[0m success query
