[2m2025-08-11T18:10:50.245097Z[0m [32m INFO[0m [2mexecuting::dataflow[0m[2m:[0m 329.777349ms:	Dataflow assembled
[2m2025-08-11T18:10:50.763294Z[0m [32m INFO[0m [2mexecuting::dataflow[0m[2m:[0m 847.98648ms:	Data loaded for DirectSuperclass
[2m2025-08-11T18:10:50.763487Z[0m [32m INFO[0m [2mexecuting::dataflow[0m[2m:[0m 848.188862ms:	Data loaded for DirectSuperinterface
[2m2025-08-11T18:10:50.763547Z[0m [32m INFO[0m [2mexecuting::dataflow[0m[2m:[0m 848.248946ms:	Data loaded for MainClass
[2m2025-08-11T18:10:50.763606Z[0m [32m INFO[0m [2mexecuting::dataflow[0m[2m:[0m 848.308418ms:	Data loaded for FormalParam
[2m2025-08-11T18:10:50.763663Z[0m [32m INFO[0m [2mexecuting::dataflow[0m[2m:[0m 848.365416ms:	Data loaded for ComponentType
[2m2025-08-11T18:10:50.763717Z[0m [32m INFO[0m [2mexecuting::dataflow[0m[2m:[0m 848.418806ms:	Data loaded for AssignReturnValue
[2m2025-08-11T18:10:50.763769Z[0m [32m INFO[0m [2mexecuting::dataflow[0m[2m:[0m 848.471506ms:	Data loaded for ActualParam
[2m2025-08-11T18:10:50.763821Z[0m [32m INFO[0m [2mexecuting::dataflow[0m[2m:[0m 848.523674ms:	Data loaded for Method_Modifier
[2m2025-08-11T18:10:50.763880Z[0m [32m INFO[0m [2mexecuting::dataflow[0m[2m:[0m 848.582686ms:	Data loaded for Var_Type
[2m2025-08-11T18:10:50.763935Z[0m [32m INFO[0m [2mexecuting::dataflow[0m[2m:[0m 848.637489ms:	Data loaded for HeapAllocation_Type
[2m2025-08-11T18:10:50.763991Z[0m [32m INFO[0m [2mexecuting::dataflow[0m[2m:[0m 848.692894ms:	Data loaded for _ClassType
[2m2025-08-11T18:10:50.764067Z[0m [32m INFO[0m [2mexecuting::dataflow[0m[2m:[0m 848.769428ms:	Data loaded for _ArrayType
[2m2025-08-11T18:10:50.764128Z[0m [32m INFO[0m [2mexecuting::dataflow[0m[2m:[0m 848.830153ms:	Data loaded for _InterfaceType
[2m2025-08-11T18:10:50.764182Z[0m [32m INFO[0m [2mexecuting::dataflow[0m[2m:[0m 848.884576ms:	Data loaded for _Var_DeclaringMethod
[2m2025-08-11T18:10:50.764235Z[0m [32m INFO[0m [2mexecuting::dataflow[0m[2m:[0m 848.937075ms:	Data loaded for _ApplicationClass
[2m2025-08-11T18:10:50.764288Z[0m [32m INFO[0m [2mexecuting::dataflow[0m[2m:[0m 848.990666ms:	Data loaded for _ThisVar
[2m2025-08-11T18:10:50.764340Z[0m [32m INFO[0m [2mexecuting::dataflow[0m[2m:[0m 849.042223ms:	Data loaded for _NormalHeap
[2m2025-08-11T18:10:50.764393Z[0m [32m INFO[0m [2mexecuting::dataflow[0m[2m:[0m 849.094973ms:	Data loaded for _StringConstant
[2m2025-08-11T18:10:50.764485Z[0m [32m INFO[0m [2mexecuting::dataflow[0m[2m:[0m 849.187508ms:	Data loaded for _AssignHeapAllocation
[2m2025-08-11T18:10:50.764551Z[0m [32m INFO[0m [2mexecuting::dataflow[0m[2m:[0m 849.253322ms:	Data loaded for _AssignLocal
[2m2025-08-11T18:10:50.764674Z[0m [32m INFO[0m [2mexecuting::dataflow[0m[2m:[0m 849.376384ms:	Data loaded for _AssignCast
[2m2025-08-11T18:10:50.764731Z[0m [32m INFO[0m [2mexecuting::dataflow[0m[2m:[0m 849.433592ms:	Data loaded for _Field
[2m2025-08-11T18:10:50.764802Z[0m [32m INFO[0m [2mexecuting::dataflow[0m[2m:[0m 849.504085ms:	Data loaded for _StaticMethodInvocation
[2m2025-08-11T18:10:50.764859Z[0m [32m INFO[0m [2mexecuting::dataflow[0m[2m:[0m 849.560882ms:	Data loaded for _SpecialMethodInvocation
[2m2025-08-11T18:10:50.764977Z[0m [32m INFO[0m [2mexecuting::dataflow[0m[2m:[0m 849.678815ms:	Data loaded for _VirtualMethodInvocation
[2m2025-08-11T18:10:50.765043Z[0m [32m INFO[0m [2mexecuting::dataflow[0m[2m:[0m 849.74497ms:	Data loaded for _Method
[2m2025-08-11T18:10:50.765104Z[0m [32m INFO[0m [2mexecuting::dataflow[0m[2m:[0m 849.806256ms:	Data loaded for Method_Descriptor
[2m2025-08-11T18:10:50.765227Z[0m [32m INFO[0m [2mexecuting::dataflow[0m[2m:[0m 849.929368ms:	Data loaded for _StoreInstanceField
[2m2025-08-11T18:10:50.765362Z[0m [32m INFO[0m [2mexecuting::dataflow[0m[2m:[0m 850.063992ms:	Data loaded for _LoadInstanceField
[2m2025-08-11T18:10:50.765437Z[0m [32m INFO[0m [2mexecuting::dataflow[0m[2m:[0m 850.139184ms:	Data loaded for _StoreStaticField
[2m2025-08-11T18:10:50.765543Z[0m [32m INFO[0m [2mexecuting::dataflow[0m[2m:[0m 850.245004ms:	Data loaded for _LoadStaticField
[2m2025-08-11T18:10:50.765637Z[0m [32m INFO[0m [2mexecuting::dataflow[0m[2m:[0m 850.338761ms:	Data loaded for _StoreArrayIndex
[2m2025-08-11T18:10:50.765713Z[0m [32m INFO[0m [2mexecuting::dataflow[0m[2m:[0m 850.414664ms:	Data loaded for _LoadArrayIndex
[2m2025-08-11T18:10:50.765782Z[0m [32m INFO[0m [2mexecuting::dataflow[0m[2m:[0m 850.484296ms:	Data loaded for _Return
[2m2025-08-11T18:10:51.055132Z[0m [32m INFO[0m [2mreading::inspect[0m[2m:[0m Delta of (recursive) [Subclass]: ((), (), 17499)
[2m2025-08-11T18:10:51.058982Z[0m [32m INFO[0m [2mreading::inspect[0m[2m:[0m Delta of (recursive) [Superinterface]: ((), (), 16501)
[2m2025-08-11T18:10:51.095678Z[0m [32m INFO[0m [2mreading::inspect[0m[2m:[0m Delta of (recursive) [SubtypeOf]: ((), (), 48824)
[2m2025-08-11T18:10:51.123019Z[0m [32m INFO[0m [2mreading::inspect[0m[2m:[0m Delta of (recursive) [MethodLookup]: ((), (), 407629)
[2m2025-08-11T18:11:13.349323Z[0m [32m INFO[0m [2mreading::inspect[0m[2m:[0m Delta of (recursive) [ArrayIndexPointsTo]: ((), (), 314695)
[2m2025-08-11T18:11:13.353447Z[0m [32m INFO[0m [2mreading::inspect[0m[2m:[0m Delta of (recursive) [Assign]: ((), (), 155849)
[2m2025-08-11T18:11:13.353501Z[0m [32m INFO[0m [2mreading::inspect[0m[2m:[0m Delta of (recursive) [CallGraphEdge]: ((), (), 85000)
[2m2025-08-11T18:11:13.353618Z[0m [32m INFO[0m [2mreading::inspect[0m[2m:[0m Delta of (recursive) [InitializedClass]: ((), (), 3488)
[2m2025-08-11T18:11:13.353873Z[0m [32m INFO[0m [2mreading::inspect[0m[2m:[0m Delta of (recursive) [InstanceFieldPointsTo]: ((), (), 14110900)
[2m2025-08-11T18:11:13.353917Z[0m [32m INFO[0m [2mreading::inspect[0m[2m:[0m Delta of (recursive) [Reachable]: ((), (), 16806)
[2m2025-08-11T18:11:13.353969Z[0m [32m INFO[0m [2mreading::inspect[0m[2m:[0m Delta of (recursive) [StaticFieldPointsTo]: ((), (), 61324)
[2m2025-08-11T18:11:13.359622Z[0m [32m INFO[0m [2mreading::inspect[0m[2m:[0m Delta of (recursive) [VarPointsTo]: ((), (), 39498905)
[2m2025-08-11T18:11:13.383074Z[0m [32m INFO[0m [2mexecuting::dataflow[0m[2m:[0m 23.46776596s:	Dataflow executed
[2m2025-08-11T18:11:13.707252Z[0m [32m INFO[0m [2mexecuting[0m[2m:[0m success query
