[2m2025-08-11T18:22:19.529869Z[0m [32m INFO[0m [2mexecuting::dataflow[0m[2m:[0m 106.077958ms:	Dataflow assembled
[2m2025-08-11T18:22:20.039170Z[0m [32m INFO[0m [2mexecuting::dataflow[0m[2m:[0m 615.39119ms:	Data loaded for DirectSuperclass
[2m2025-08-11T18:22:20.039381Z[0m [32m INFO[0m [2mexecuting::dataflow[0m[2m:[0m 615.607939ms:	Data loaded for DirectSuperinterface
[2m2025-08-11T18:22:20.039450Z[0m [32m INFO[0m [2mexecuting::dataflow[0m[2m:[0m 615.677891ms:	Data loaded for MainClass
[2m2025-08-11T18:22:20.039514Z[0m [32m INFO[0m [2mexecuting::dataflow[0m[2m:[0m 615.742373ms:	Data loaded for FormalParam
[2m2025-08-11T18:22:20.039576Z[0m [32m INFO[0m [2mexecuting::dataflow[0m[2m:[0m 615.803778ms:	Data loaded for ComponentType
[2m2025-08-11T18:22:20.039632Z[0m [32m INFO[0m [2mexecuting::dataflow[0m[2m:[0m 615.860546ms:	Data loaded for AssignReturnValue
[2m2025-08-11T18:22:20.039688Z[0m [32m INFO[0m [2mexecuting::dataflow[0m[2m:[0m 615.916491ms:	Data loaded for ActualParam
[2m2025-08-11T18:22:20.039743Z[0m [32m INFO[0m [2mexecuting::dataflow[0m[2m:[0m 615.971215ms:	Data loaded for Method_Modifier
[2m2025-08-11T18:22:20.039799Z[0m [32m INFO[0m [2mexecuting::dataflow[0m[2m:[0m 616.02707ms:	Data loaded for Var_Type
[2m2025-08-11T18:22:20.039852Z[0m [32m INFO[0m [2mexecuting::dataflow[0m[2m:[0m 616.080551ms:	Data loaded for HeapAllocation_Type
[2m2025-08-11T18:22:20.039910Z[0m [32m INFO[0m [2mexecuting::dataflow[0m[2m:[0m 616.13839ms:	Data loaded for _ClassType
[2m2025-08-11T18:22:20.039970Z[0m [32m INFO[0m [2mexecuting::dataflow[0m[2m:[0m 616.197742ms:	Data loaded for _ArrayType
[2m2025-08-11T18:22:20.040034Z[0m [32m INFO[0m [2mexecuting::dataflow[0m[2m:[0m 616.262184ms:	Data loaded for _InterfaceType
[2m2025-08-11T18:22:20.040095Z[0m [32m INFO[0m [2mexecuting::dataflow[0m[2m:[0m 616.322828ms:	Data loaded for _Var_DeclaringMethod
[2m2025-08-11T18:22:20.040156Z[0m [32m INFO[0m [2mexecuting::dataflow[0m[2m:[0m 616.383924ms:	Data loaded for _ApplicationClass
[2m2025-08-11T18:22:20.040213Z[0m [32m INFO[0m [2mexecuting::dataflow[0m[2m:[0m 616.441362ms:	Data loaded for _ThisVar
[2m2025-08-11T18:22:20.040268Z[0m [32m INFO[0m [2mexecuting::dataflow[0m[2m:[0m 616.496196ms:	Data loaded for _NormalHeap
[2m2025-08-11T18:22:20.040326Z[0m [32m INFO[0m [2mexecuting::dataflow[0m[2m:[0m 616.553634ms:	Data loaded for _StringConstant
[2m2025-08-11T18:22:20.040399Z[0m [32m INFO[0m [2mexecuting::dataflow[0m[2m:[0m 616.626952ms:	Data loaded for _AssignHeapAllocation
[2m2025-08-11T18:22:20.040464Z[0m [32m INFO[0m [2mexecuting::dataflow[0m[2m:[0m 616.692426ms:	Data loaded for _AssignLocal
[2m2025-08-11T18:22:20.040545Z[0m [32m INFO[0m [2mexecuting::dataflow[0m[2m:[0m 616.772768ms:	Data loaded for _AssignCast
[2m2025-08-11T18:22:20.040605Z[0m [32m INFO[0m [2mexecuting::dataflow[0m[2m:[0m 616.832821ms:	Data loaded for _Field
[2m2025-08-11T18:22:20.040667Z[0m [32m INFO[0m [2mexecuting::dataflow[0m[2m:[0m 616.895469ms:	Data loaded for _StaticMethodInvocation
[2m2025-08-11T18:22:20.040726Z[0m [32m INFO[0m [2mexecuting::dataflow[0m[2m:[0m 616.95424ms:	Data loaded for _SpecialMethodInvocation
[2m2025-08-11T18:22:20.040803Z[0m [32m INFO[0m [2mexecuting::dataflow[0m[2m:[0m 617.030795ms:	Data loaded for _VirtualMethodInvocation
[2m2025-08-11T18:22:20.040868Z[0m [32m INFO[0m [2mexecuting::dataflow[0m[2m:[0m 617.096108ms:	Data loaded for _Method
[2m2025-08-11T18:22:20.040930Z[0m [32m INFO[0m [2mexecuting::dataflow[0m[2m:[0m 617.158035ms:	Data loaded for Method_Descriptor
[2m2025-08-11T18:22:20.041006Z[0m [32m INFO[0m [2mexecuting::dataflow[0m[2m:[0m 617.234309ms:	Data loaded for _StoreInstanceField
[2m2025-08-11T18:22:20.041089Z[0m [32m INFO[0m [2mexecuting::dataflow[0m[2m:[0m 617.317165ms:	Data loaded for _LoadInstanceField
[2m2025-08-11T18:22:20.041154Z[0m [32m INFO[0m [2mexecuting::dataflow[0m[2m:[0m 617.382108ms:	Data loaded for _StoreStaticField
[2m2025-08-11T18:22:20.041261Z[0m [32m INFO[0m [2mexecuting::dataflow[0m[2m:[0m 617.488549ms:	Data loaded for _LoadStaticField
[2m2025-08-11T18:22:20.041338Z[0m [32m INFO[0m [2mexecuting::dataflow[0m[2m:[0m 617.566105ms:	Data loaded for _StoreArrayIndex
[2m2025-08-11T18:22:20.041417Z[0m [32m INFO[0m [2mexecuting::dataflow[0m[2m:[0m 617.644984ms:	Data loaded for _LoadArrayIndex
[2m2025-08-11T18:22:20.041480Z[0m [32m INFO[0m [2mexecuting::dataflow[0m[2m:[0m 617.708134ms:	Data loaded for _Return
[2m2025-08-11T18:22:20.297919Z[0m [32m INFO[0m [2mreading::inspect[0m[2m:[0m Delta of (recursive) [Superinterface]: ((), (), 16501)
[2m2025-08-11T18:22:20.298161Z[0m [32m INFO[0m [2mreading::inspect[0m[2m:[0m Delta of (recursive) [Subclass]: ((), (), 17499)
[2m2025-08-11T18:22:42.147380Z[0m [32m INFO[0m [2mreading::inspect[0m[2m:[0m Delta of (recursive) [SubtypeOf]: ((), (), 48824)
[2m2025-08-11T18:24:00.368386Z[0m [32m INFO[0m [2mreading::inspect[0m[2m:[0m Delta of (recursive) [MethodLookup]: ((), (), 407629)
ERROR: Test failed with exit code 137
