[2m2025-08-11T18:18:27.815414Z[0m [32m INFO[0m [2mexecuting::dataflow[0m[2m:[0m 338.873698ms:	Dataflow assembled
[2m2025-08-11T18:18:28.327941Z[0m [32m INFO[0m [2mexecuting::dataflow[0m[2m:[0m 851.415326ms:	Data loaded for DirectSuperclass
[2m2025-08-11T18:18:28.328151Z[0m [32m INFO[0m [2mexecuting::dataflow[0m[2m:[0m 851.630032ms:	Data loaded for DirectSuperinterface
[2m2025-08-11T18:18:28.328218Z[0m [32m INFO[0m [2mexecuting::dataflow[0m[2m:[0m 851.69793ms:	Data loaded for MainClass
[2m2025-08-11T18:18:28.328283Z[0m [32m INFO[0m [2mexecuting::dataflow[0m[2m:[0m 851.762822ms:	Data loaded for FormalParam
[2m2025-08-11T18:18:28.328349Z[0m [32m INFO[0m [2mexecuting::dataflow[0m[2m:[0m 851.828246ms:	Data loaded for ComponentType
[2m2025-08-11T18:18:28.328404Z[0m [32m INFO[0m [2mexecuting::dataflow[0m[2m:[0m 851.883701ms:	Data loaded for AssignReturnValue
[2m2025-08-11T18:18:28.328463Z[0m [32m INFO[0m [2mexecuting::dataflow[0m[2m:[0m 851.942592ms:	Data loaded for ActualParam
[2m2025-08-11T18:18:28.328523Z[0m [32m INFO[0m [2mexecuting::dataflow[0m[2m:[0m 852.002916ms:	Data loaded for Method_Modifier
[2m2025-08-11T18:18:28.328590Z[0m [32m INFO[0m [2mexecuting::dataflow[0m[2m:[0m 852.069321ms:	Data loaded for Var_Type
[2m2025-08-11T18:18:28.328647Z[0m [32m INFO[0m [2mexecuting::dataflow[0m[2m:[0m 852.126629ms:	Data loaded for HeapAllocation_Type
[2m2025-08-11T18:18:28.328705Z[0m [32m INFO[0m [2mexecuting::dataflow[0m[2m:[0m 852.184619ms:	Data loaded for _ClassType
[2m2025-08-11T18:18:28.328767Z[0m [32m INFO[0m [2mexecuting::dataflow[0m[2m:[0m 852.246906ms:	Data loaded for _ArrayType
[2m2025-08-11T18:18:28.328831Z[0m [32m INFO[0m [2mexecuting::dataflow[0m[2m:[0m 852.310246ms:	Data loaded for _InterfaceType
[2m2025-08-11T18:18:28.328892Z[0m [32m INFO[0m [2mexecuting::dataflow[0m[2m:[0m 852.371882ms:	Data loaded for _Var_DeclaringMethod
[2m2025-08-11T18:18:28.328953Z[0m [32m INFO[0m [2mexecuting::dataflow[0m[2m:[0m 852.433068ms:	Data loaded for _ApplicationClass
[2m2025-08-11T18:18:28.329010Z[0m [32m INFO[0m [2mexecuting::dataflow[0m[2m:[0m 852.489354ms:	Data loaded for _ThisVar
[2m2025-08-11T18:18:28.329069Z[0m [32m INFO[0m [2mexecuting::dataflow[0m[2m:[0m 852.548425ms:	Data loaded for _NormalHeap
[2m2025-08-11T18:18:28.329129Z[0m [32m INFO[0m [2mexecuting::dataflow[0m[2m:[0m 852.608849ms:	Data loaded for _StringConstant
[2m2025-08-11T18:18:28.329202Z[0m [32m INFO[0m [2mexecuting::dataflow[0m[2m:[0m 852.681607ms:	Data loaded for _AssignHeapAllocation
[2m2025-08-11T18:18:28.329269Z[0m [32m INFO[0m [2mexecuting::dataflow[0m[2m:[0m 852.748413ms:	Data loaded for _AssignLocal
[2m2025-08-11T18:18:28.329350Z[0m [32m INFO[0m [2mexecuting::dataflow[0m[2m:[0m 852.830097ms:	Data loaded for _AssignCast
[2m2025-08-11T18:18:28.329409Z[0m [32m INFO[0m [2mexecuting::dataflow[0m[2m:[0m 852.889379ms:	Data loaded for _Field
[2m2025-08-11T18:18:28.329474Z[0m [32m INFO[0m [2mexecuting::dataflow[0m[2m:[0m 852.953791ms:	Data loaded for _StaticMethodInvocation
[2m2025-08-11T18:18:28.329531Z[0m [32m INFO[0m [2mexecuting::dataflow[0m[2m:[0m 853.010878ms:	Data loaded for _SpecialMethodInvocation
[2m2025-08-11T18:18:28.329609Z[0m [32m INFO[0m [2mexecuting::dataflow[0m[2m:[0m 853.088274ms:	Data loaded for _VirtualMethodInvocation
[2m2025-08-11T18:18:28.329671Z[0m [32m INFO[0m [2mexecuting::dataflow[0m[2m:[0m 853.150732ms:	Data loaded for _Method
[2m2025-08-11T18:18:28.329730Z[0m [32m INFO[0m [2mexecuting::dataflow[0m[2m:[0m 853.209994ms:	Data loaded for Method_Descriptor
[2m2025-08-11T18:18:28.329813Z[0m [32m INFO[0m [2mexecuting::dataflow[0m[2m:[0m 853.29252ms:	Data loaded for _StoreInstanceField
[2m2025-08-11T18:18:28.329897Z[0m [32m INFO[0m [2mexecuting::dataflow[0m[2m:[0m 853.376609ms:	Data loaded for _LoadInstanceField
[2m2025-08-11T18:18:28.329966Z[0m [32m INFO[0m [2mexecuting::dataflow[0m[2m:[0m 853.445589ms:	Data loaded for _StoreStaticField
[2m2025-08-11T18:18:28.330074Z[0m [32m INFO[0m [2mexecuting::dataflow[0m[2m:[0m 853.552771ms:	Data loaded for _LoadStaticField
[2m2025-08-11T18:18:28.330147Z[0m [32m INFO[0m [2mexecuting::dataflow[0m[2m:[0m 853.6263ms:	Data loaded for _StoreArrayIndex
[2m2025-08-11T18:18:28.330229Z[0m [32m INFO[0m [2mexecuting::dataflow[0m[2m:[0m 853.708615ms:	Data loaded for _LoadArrayIndex
[2m2025-08-11T18:18:28.330294Z[0m [32m INFO[0m [2mexecuting::dataflow[0m[2m:[0m 853.774129ms:	Data loaded for _Return
[2m2025-08-11T18:18:28.576007Z[0m [32m INFO[0m [2mreading::inspect[0m[2m:[0m Delta of (recursive) [Superinterface]: ((), (), 16501)
[2m2025-08-11T18:18:28.579577Z[0m [32m INFO[0m [2mreading::inspect[0m[2m:[0m Delta of (recursive) [Subclass]: ((), (), 17499)
[2m2025-08-11T18:18:28.611366Z[0m [32m INFO[0m [2mreading::inspect[0m[2m:[0m Delta of (recursive) [SubtypeOf]: ((), (), 48824)
[2m2025-08-11T18:18:28.623064Z[0m [32m INFO[0m [2mreading::inspect[0m[2m:[0m Delta of (recursive) [MethodLookup]: ((), (), 407629)
[2m2025-08-11T18:18:49.796286Z[0m [32m INFO[0m [2mreading::inspect[0m[2m:[0m Delta of (recursive) [ArrayIndexPointsTo]: ((), (), 314695)
[2m2025-08-11T18:18:49.796398Z[0m [32m INFO[0m [2mreading::inspect[0m[2m:[0m Delta of (recursive) [Assign]: ((), (), 155849)
[2m2025-08-11T18:18:49.796444Z[0m [32m INFO[0m [2mreading::inspect[0m[2m:[0m Delta of (recursive) [CallGraphEdge]: ((), (), 85000)
[2m2025-08-11T18:18:49.796511Z[0m [32m INFO[0m [2mreading::inspect[0m[2m:[0m Delta of (recursive) [InitializedClass]: ((), (), 3488)
[2m2025-08-11T18:18:49.796784Z[0m [32m INFO[0m [2mreading::inspect[0m[2m:[0m Delta of (recursive) [InstanceFieldPointsTo]: ((), (), 14110900)
[2m2025-08-11T18:18:49.796830Z[0m [32m INFO[0m [2mreading::inspect[0m[2m:[0m Delta of (recursive) [Reachable]: ((), (), 16806)
[2m2025-08-11T18:18:49.796880Z[0m [32m INFO[0m [2mreading::inspect[0m[2m:[0m Delta of (recursive) [StaticFieldPointsTo]: ((), (), 61324)
[2m2025-08-11T18:18:49.798802Z[0m [32m INFO[0m [2mreading::inspect[0m[2m:[0m Delta of (recursive) [VarPointsTo]: ((), (), 39498905)
[2m2025-08-11T18:18:49.840953Z[0m [32m INFO[0m [2mexecuting::dataflow[0m[2m:[0m 22.364420085s:	Dataflow executed
[2m2025-08-11T18:18:49.916056Z[0m [32m INFO[0m [2mexecuting[0m[2m:[0m success query
