[2m2025-08-11T18:09:17.232705Z[0m [32m INFO[0m [2mexecuting::dataflow[0m[2m:[0m 104.022009ms:	Dataflow assembled
[2m2025-08-11T18:09:17.733593Z[0m [32m INFO[0m [2mexecuting::dataflow[0m[2m:[0m 604.92402ms:	Data loaded for DirectSuperclass
[2m2025-08-11T18:09:17.733658Z[0m [32m INFO[0m [2mexecuting::dataflow[0m[2m:[0m 604.994523ms:	Data loaded for DirectSuperinterface
[2m2025-08-11T18:09:17.733673Z[0m [32m INFO[0m [2mexecuting::dataflow[0m[2m:[0m 605.009812ms:	Data loaded for MainClass
[2m2025-08-11T18:09:17.733688Z[0m [32m INFO[0m [2mexecuting::dataflow[0m[2m:[0m 605.02442ms:	Data loaded for FormalParam
[2m2025-08-11T18:09:17.733700Z[0m [32m INFO[0m [2mexecuting::dataflow[0m[2m:[0m 605.036653ms:	Data loaded for ComponentType
[2m2025-08-11T18:09:17.733710Z[0m [32m INFO[0m [2mexecuting::dataflow[0m[2m:[0m 605.046421ms:	Data loaded for AssignReturnValue
[2m2025-08-11T18:09:17.733719Z[0m [32m INFO[0m [2mexecuting::dataflow[0m[2m:[0m 605.055709ms:	Data loaded for ActualParam
[2m2025-08-11T18:09:17.733728Z[0m [32m INFO[0m [2mexecuting::dataflow[0m[2m:[0m 605.064355ms:	Data loaded for Method_Modifier
[2m2025-08-11T18:09:17.733738Z[0m [32m INFO[0m [2mexecuting::dataflow[0m[2m:[0m 605.074504ms:	Data loaded for Var_Type
[2m2025-08-11T18:09:17.733748Z[0m [32m INFO[0m [2mexecuting::dataflow[0m[2m:[0m 605.085114ms:	Data loaded for HeapAllocation_Type
[2m2025-08-11T18:09:17.733762Z[0m [32m INFO[0m [2mexecuting::dataflow[0m[2m:[0m 605.098349ms:	Data loaded for _ClassType
[2m2025-08-11T18:09:17.733775Z[0m [32m INFO[0m [2mexecuting::dataflow[0m[2m:[0m 605.112035ms:	Data loaded for _ArrayType
[2m2025-08-11T18:09:17.733788Z[0m [32m INFO[0m [2mexecuting::dataflow[0m[2m:[0m 605.124388ms:	Data loaded for _InterfaceType
[2m2025-08-11T18:09:17.733798Z[0m [32m INFO[0m [2mexecuting::dataflow[0m[2m:[0m 605.134307ms:	Data loaded for _Var_DeclaringMethod
[2m2025-08-11T18:09:17.733807Z[0m [32m INFO[0m [2mexecuting::dataflow[0m[2m:[0m 605.144146ms:	Data loaded for _ApplicationClass
[2m2025-08-11T18:09:17.733819Z[0m [32m INFO[0m [2mexecuting::dataflow[0m[2m:[0m 605.155497ms:	Data loaded for _ThisVar
[2m2025-08-11T18:09:17.733828Z[0m [32m INFO[0m [2mexecuting::dataflow[0m[2m:[0m 605.164785ms:	Data loaded for _NormalHeap
[2m2025-08-11T18:09:17.733841Z[0m [32m INFO[0m [2mexecuting::dataflow[0m[2m:[0m 605.177138ms:	Data loaded for _StringConstant
[2m2025-08-11T18:09:17.733877Z[0m [32m INFO[0m [2mexecuting::dataflow[0m[2m:[0m 605.212926ms:	Data loaded for _AssignHeapAllocation
[2m2025-08-11T18:09:17.733899Z[0m [32m INFO[0m [2mexecuting::dataflow[0m[2m:[0m 605.235388ms:	Data loaded for _AssignLocal
[2m2025-08-11T18:09:17.733941Z[0m [32m INFO[0m [2mexecuting::dataflow[0m[2m:[0m 605.276906ms:	Data loaded for _AssignCast
[2m2025-08-11T18:09:17.733954Z[0m [32m INFO[0m [2mexecuting::dataflow[0m[2m:[0m 605.290482ms:	Data loaded for _Field
[2m2025-08-11T18:09:17.733978Z[0m [32m INFO[0m [2mexecuting::dataflow[0m[2m:[0m 605.314648ms:	Data loaded for _StaticMethodInvocation
[2m2025-08-11T18:09:17.733994Z[0m [32m INFO[0m [2mexecuting::dataflow[0m[2m:[0m 605.330758ms:	Data loaded for _SpecialMethodInvocation
[2m2025-08-11T18:09:17.734036Z[0m [32m INFO[0m [2mexecuting::dataflow[0m[2m:[0m 605.373088ms:	Data loaded for _VirtualMethodInvocation
[2m2025-08-11T18:09:17.734054Z[0m [32m INFO[0m [2mexecuting::dataflow[0m[2m:[0m 605.39026ms:	Data loaded for _Method
[2m2025-08-11T18:09:17.734067Z[0m [32m INFO[0m [2mexecuting::dataflow[0m[2m:[0m 605.403385ms:	Data loaded for Method_Descriptor
[2m2025-08-11T18:09:17.734098Z[0m [32m INFO[0m [2mexecuting::dataflow[0m[2m:[0m 605.434273ms:	Data loaded for _StoreInstanceField
[2m2025-08-11T18:09:17.734134Z[0m [32m INFO[0m [2mexecuting::dataflow[0m[2m:[0m 605.470572ms:	Data loaded for _LoadInstanceField
[2m2025-08-11T18:09:17.734148Z[0m [32m INFO[0m [2mexecuting::dataflow[0m[2m:[0m 605.484268ms:	Data loaded for _StoreStaticField
[2m2025-08-11T18:09:17.734223Z[0m [32m INFO[0m [2mexecuting::dataflow[0m[2m:[0m 605.55944ms:	Data loaded for _LoadStaticField
[2m2025-08-11T18:09:17.734250Z[0m [32m INFO[0m [2mexecuting::dataflow[0m[2m:[0m 605.586461ms:	Data loaded for _StoreArrayIndex
[2m2025-08-11T18:09:17.734284Z[0m [32m INFO[0m [2mexecuting::dataflow[0m[2m:[0m 605.620124ms:	Data loaded for _LoadArrayIndex
[2m2025-08-11T18:09:17.734299Z[0m [32m INFO[0m [2mexecuting::dataflow[0m[2m:[0m 605.635644ms:	Data loaded for _Return
[2m2025-08-11T18:09:17.993908Z[0m [32m INFO[0m [2mreading::inspect[0m[2m:[0m Delta of (recursive) [Superinterface]: ((), (), 16501)
[2m2025-08-11T18:09:17.994992Z[0m [32m INFO[0m [2mreading::inspect[0m[2m:[0m Delta of (recursive) [Subclass]: ((), (), 17499)
[2m2025-08-11T18:09:19.413591Z[0m [32m INFO[0m [2mreading::inspect[0m[2m:[0m Delta of (recursive) [SubtypeOf]: ((), (), 48824)
[2m2025-08-11T18:10:34.055692Z[0m [32m INFO[0m [2mreading::inspect[0m[2m:[0m Delta of (recursive) [MethodLookup]: ((), (), 407629)
[2m2025-08-11T18:10:44.384762Z[0m [32m INFO[0m [2mreading::inspect[0m[2m:[0m Delta of (recursive) [InstanceFieldPointsTo]: ((), (), 14110900)
[2m2025-08-11T18:10:44.385343Z[0m [32m INFO[0m [2mreading::inspect[0m[2m:[0m Delta of (recursive) [Reachable]: ((), (), 16806)
[2m2025-08-11T18:10:44.385377Z[0m [32m INFO[0m [2mreading::inspect[0m[2m:[0m Delta of (recursive) [StaticFieldPointsTo]: ((), (), 61324)
[2m2025-08-11T18:10:44.385913Z[0m [32m INFO[0m [2mreading::inspect[0m[2m:[0m Delta of (recursive) [VarPointsTo]: ((), (), 39498905)
[2m2025-08-11T18:10:44.385987Z[0m [32m INFO[0m [2mreading::inspect[0m[2m:[0m Delta of (recursive) [ArrayIndexPointsTo]: ((), (), 314695)
[2m2025-08-11T18:10:44.386001Z[0m [32m INFO[0m [2mreading::inspect[0m[2m:[0m Delta of (recursive) [Assign]: ((), (), 155849)
[2m2025-08-11T18:10:44.386010Z[0m [32m INFO[0m [2mreading::inspect[0m[2m:[0m Delta of (recursive) [CallGraphEdge]: ((), (), 85000)
[2m2025-08-11T18:10:44.386022Z[0m [32m INFO[0m [2mreading::inspect[0m[2m:[0m Delta of (recursive) [InitializedClass]: ((), (), 3488)
[2m2025-08-11T18:10:44.387662Z[0m [32m INFO[0m [2mexecuting::dataflow[0m[2m:[0m 87.258989283s:	Dataflow executed
[2m2025-08-11T18:10:44.457589Z[0m [32m INFO[0m [2mexecuting[0m[2m:[0m success query
