[2m2025-07-29T01:18:48.765036Z[0m [32m INFO[0m [2mexecuting::dataflow[0m[2m:[0m 696.620418ms:	Dataflow assembled
[2m2025-07-29T01:18:49.349955Z[0m [32m INFO[0m [2mexecuting::dataflow[0m[2m:[0m 1.281553202s:	Data loaded for DirectSuperclass
[2m2025-07-29T01:18:49.350007Z[0m [32m INFO[0m [2mexecuting::dataflow[0m[2m:[0m 1.281612754s:	Data loaded for DirectSuperinterface
[2m2025-07-29T01:18:49.350020Z[0m [32m INFO[0m [2mexecuting::dataflow[0m[2m:[0m 1.281625789s:	Data loaded for MainClass
[2m2025-07-29T01:18:49.350035Z[0m [32m INFO[0m [2mexecuting::dataflow[0m[2m:[0m 1.281640326s:	Data loaded for FormalParam
[2m2025-07-29T01:18:49.350046Z[0m [32m INFO[0m [2mexecuting::dataflow[0m[2m:[0m 1.281651708s:	Data loaded for ComponentType
[2m2025-07-29T01:18:49.350054Z[0m [32m INFO[0m [2mexecuting::dataflow[0m[2m:[0m 1.281659733s:	Data loaded for AssignReturnValue
[2m2025-07-29T01:18:49.350062Z[0m [32m INFO[0m [2mexecuting::dataflow[0m[2m:[0m 1.281667928s:	Data loaded for ActualParam
[2m2025-07-29T01:18:49.350070Z[0m [32m INFO[0m [2mexecuting::dataflow[0m[2m:[0m 1.281675322s:	Data loaded for Method_Modifier
[2m2025-07-29T01:18:49.350087Z[0m [32m INFO[0m [2mexecuting::dataflow[0m[2m:[0m 1.281692054s:	Data loaded for Var_Type
[2m2025-07-29T01:18:49.350095Z[0m [32m INFO[0m [2mexecuting::dataflow[0m[2m:[0m 1.28170056s:	Data loaded for HeapAllocation_Type
[2m2025-07-29T01:18:49.350106Z[0m [32m INFO[0m [2mexecuting::dataflow[0m[2m:[0m 1.281711761s:	Data loaded for _ClassType
[2m2025-07-29T01:18:49.350121Z[0m [32m INFO[0m [2mexecuting::dataflow[0m[2m:[0m 1.281726228s:	Data loaded for _ArrayType
[2m2025-07-29T01:18:49.350132Z[0m [32m INFO[0m [2mexecuting::dataflow[0m[2m:[0m 1.281737068s:	Data loaded for _InterfaceType
[2m2025-07-29T01:18:49.350140Z[0m [32m INFO[0m [2mexecuting::dataflow[0m[2m:[0m 1.281745785s:	Data loaded for _Var_DeclaringMethod
[2m2025-07-29T01:18:49.350149Z[0m [32m INFO[0m [2mexecuting::dataflow[0m[2m:[0m 1.28175414s:	Data loaded for _ApplicationClass
[2m2025-07-29T01:18:49.350157Z[0m [32m INFO[0m [2mexecuting::dataflow[0m[2m:[0m 1.281762747s:	Data loaded for _ThisVar
[2m2025-07-29T01:18:49.350165Z[0m [32m INFO[0m [2mexecuting::dataflow[0m[2m:[0m 1.281770862s:	Data loaded for _NormalHeap
[2m2025-07-29T01:18:49.350174Z[0m [32m INFO[0m [2mexecuting::dataflow[0m[2m:[0m 1.281779258s:	Data loaded for _StringConstant
[2m2025-07-29T01:18:49.350203Z[0m [32m INFO[0m [2mexecuting::dataflow[0m[2m:[0m 1.281808393s:	Data loaded for _AssignHeapAllocation
[2m2025-07-29T01:18:49.350220Z[0m [32m INFO[0m [2mexecuting::dataflow[0m[2m:[0m 1.281825124s:	Data loaded for _AssignLocal
[2m2025-07-29T01:18:49.350252Z[0m [32m INFO[0m [2mexecuting::dataflow[0m[2m:[0m 1.281857325s:	Data loaded for _AssignCast
[2m2025-07-29T01:18:49.350263Z[0m [32m INFO[0m [2mexecuting::dataflow[0m[2m:[0m 1.281868125s:	Data loaded for _Field
[2m2025-07-29T01:18:49.350281Z[0m [32m INFO[0m [2mexecuting::dataflow[0m[2m:[0m 1.28188686s:	Data loaded for _StaticMethodInvocation
[2m2025-07-29T01:18:49.350292Z[0m [32m INFO[0m [2mexecuting::dataflow[0m[2m:[0m 1.281897641s:	Data loaded for _SpecialMethodInvocation
[2m2025-07-29T01:18:49.350324Z[0m [32m INFO[0m [2mexecuting::dataflow[0m[2m:[0m 1.281929901s:	Data loaded for _VirtualMethodInvocation
[2m2025-07-29T01:18:49.350341Z[0m [32m INFO[0m [2mexecuting::dataflow[0m[2m:[0m 1.281946503s:	Data loaded for _Method
[2m2025-07-29T01:18:49.350351Z[0m [32m INFO[0m [2mexecuting::dataflow[0m[2m:[0m 1.281956972s:	Data loaded for Method_Descriptor
[2m2025-07-29T01:18:49.350384Z[0m [32m INFO[0m [2mexecuting::dataflow[0m[2m:[0m 1.281989223s:	Data loaded for _StoreInstanceField
[2m2025-07-29T01:18:49.350423Z[0m [32m INFO[0m [2mexecuting::dataflow[0m[2m:[0m 1.282028447s:	Data loaded for _LoadInstanceField
[2m2025-07-29T01:18:49.350447Z[0m [32m INFO[0m [2mexecuting::dataflow[0m[2m:[0m 1.282052692s:	Data loaded for _StoreStaticField
[2m2025-07-29T01:18:49.350507Z[0m [32m INFO[0m [2mexecuting::dataflow[0m[2m:[0m 1.282111974s:	Data loaded for _LoadStaticField
[2m2025-07-29T01:18:49.350533Z[0m [32m INFO[0m [2mexecuting::dataflow[0m[2m:[0m 1.282138374s:	Data loaded for _StoreArrayIndex
[2m2025-07-29T01:18:49.350565Z[0m [32m INFO[0m [2mexecuting::dataflow[0m[2m:[0m 1.282170624s:	Data loaded for _LoadArrayIndex
[2m2025-07-29T01:18:49.350579Z[0m [32m INFO[0m [2mexecuting::dataflow[0m[2m:[0m 1.282184511s:	Data loaded for _Return
[2m2025-07-29T01:18:49.736034Z[0m [32m INFO[0m [2mreading::inspect[0m[2m:[0m Delta of (recursive) [Subclass]: ((), (), 17499)
[2m2025-07-29T01:18:49.736627Z[0m [32m INFO[0m [2mreading::inspect[0m[2m:[0m Delta of (recursive) [Superinterface]: ((), (), 16501)
[2m2025-07-29T01:18:49.778763Z[0m [32m INFO[0m [2mreading::inspect[0m[2m:[0m Delta of (recursive) [SubtypeOf]: ((), (), 48824)
[2m2025-07-29T01:18:49.789272Z[0m [32m INFO[0m [2mreading::inspect[0m[2m:[0m Delta of (recursive) [MethodLookup]: ((), (), 407629)
[2m2025-07-29T01:22:08.094527Z[0m [32m INFO[0m [2mreading::inspect[0m[2m:[0m Delta of (recursive) [ArrayIndexPointsTo]: ((), (), 314695)
[2m2025-07-29T01:22:08.094624Z[0m [32m INFO[0m [2mreading::inspect[0m[2m:[0m Delta of (recursive) [Assign]: ((), (), 155849)
[2m2025-07-29T01:22:08.094657Z[0m [32m INFO[0m [2mreading::inspect[0m[2m:[0m Delta of (recursive) [CallGraphEdge]: ((), (), 85000)
[2m2025-07-29T01:22:08.094708Z[0m [32m INFO[0m [2mreading::inspect[0m[2m:[0m Delta of (recursive) [InitializedClass]: ((), (), 3488)
[2m2025-07-29T01:22:08.094966Z[0m [32m INFO[0m [2mreading::inspect[0m[2m:[0m Delta of (recursive) [InstanceFieldPointsTo]: ((), (), 14110900)
[2m2025-07-29T01:22:08.094997Z[0m [32m INFO[0m [2mreading::inspect[0m[2m:[0m Delta of (recursive) [Reachable]: ((), (), 16806)
[2m2025-07-29T01:22:08.095025Z[0m [32m INFO[0m [2mreading::inspect[0m[2m:[0m Delta of (recursive) [StaticFieldPointsTo]: ((), (), 61324)
[2m2025-07-29T01:22:08.095561Z[0m [32m INFO[0m [2mreading::inspect[0m[2m:[0m Delta of (recursive) [VarPointsTo]: ((), (), 39498905)
[2m2025-07-29T01:22:08.120934Z[0m [32m INFO[0m [2mexecuting::dataflow[0m[2m:[0m 200.050306734s:	Dataflow executed
[2m2025-07-29T01:22:08.221649Z[0m [32m INFO[0m [2mexecuting[0m[2m:[0m success query
