[2m2025-08-11T18:18:55.294453Z[0m [32m INFO[0m [2mexecuting::dataflow[0m[2m:[0m 103.762417ms:	Dataflow assembled
[2m2025-08-11T18:18:55.801509Z[0m [32m INFO[0m [2mexecuting::dataflow[0m[2m:[0m 610.829671ms:	Data loaded for DirectSuperclass
[2m2025-08-11T18:18:55.801581Z[0m [32m INFO[0m [2mexecuting::dataflow[0m[2m:[0m 610.906797ms:	Data loaded for DirectSuperinterface
[2m2025-08-11T18:18:55.801601Z[0m [32m INFO[0m [2mexecuting::dataflow[0m[2m:[0m 610.927345ms:	Data loaded for MainClass
[2m2025-08-11T18:18:55.801616Z[0m [32m INFO[0m [2mexecuting::dataflow[0m[2m:[0m 610.942194ms:	Data loaded for FormalParam
[2m2025-08-11T18:18:55.801629Z[0m [32m INFO[0m [2mexecuting::dataflow[0m[2m:[0m 610.955018ms:	Data loaded for ComponentType
[2m2025-08-11T18:18:55.801638Z[0m [32m INFO[0m [2mexecuting::dataflow[0m[2m:[0m 610.964025ms:	Data loaded for AssignReturnValue
[2m2025-08-11T18:18:55.801647Z[0m [32m INFO[0m [2mexecuting::dataflow[0m[2m:[0m 610.972671ms:	Data loaded for ActualParam
[2m2025-08-11T18:18:55.801654Z[0m [32m INFO[0m [2mexecuting::dataflow[0m[2m:[0m 610.980195ms:	Data loaded for Method_Modifier
[2m2025-08-11T18:18:55.801664Z[0m [32m INFO[0m [2mexecuting::dataflow[0m[2m:[0m 610.990134ms:	Data loaded for Var_Type
[2m2025-08-11T18:18:55.801673Z[0m [32m INFO[0m [2mexecuting::dataflow[0m[2m:[0m 610.999071ms:	Data loaded for HeapAllocation_Type
[2m2025-08-11T18:18:55.801685Z[0m [32m INFO[0m [2mexecuting::dataflow[0m[2m:[0m 611.011364ms:	Data loaded for _ClassType
[2m2025-08-11T18:18:55.801697Z[0m [32m INFO[0m [2mexecuting::dataflow[0m[2m:[0m 611.023307ms:	Data loaded for _ArrayType
[2m2025-08-11T18:18:55.801707Z[0m [32m INFO[0m [2mexecuting::dataflow[0m[2m:[0m 611.032714ms:	Data loaded for _InterfaceType
[2m2025-08-11T18:18:55.801715Z[0m [32m INFO[0m [2mexecuting::dataflow[0m[2m:[0m 611.04101ms:	Data loaded for _Var_DeclaringMethod
[2m2025-08-11T18:18:55.801723Z[0m [32m INFO[0m [2mexecuting::dataflow[0m[2m:[0m 611.048705ms:	Data loaded for _ApplicationClass
[2m2025-08-11T18:18:55.801734Z[0m [32m INFO[0m [2mexecuting::dataflow[0m[2m:[0m 611.060206ms:	Data loaded for _ThisVar
[2m2025-08-11T18:18:55.801742Z[0m [32m INFO[0m [2mexecuting::dataflow[0m[2m:[0m 611.068151ms:	Data loaded for _NormalHeap
[2m2025-08-11T18:18:55.801752Z[0m [32m INFO[0m [2mexecuting::dataflow[0m[2m:[0m 611.07789ms:	Data loaded for _StringConstant
[2m2025-08-11T18:18:55.801782Z[0m [32m INFO[0m [2mexecuting::dataflow[0m[2m:[0m 611.107576ms:	Data loaded for _AssignHeapAllocation
[2m2025-08-11T18:18:55.801799Z[0m [32m INFO[0m [2mexecuting::dataflow[0m[2m:[0m 611.124778ms:	Data loaded for _AssignLocal
[2m2025-08-11T18:18:55.801832Z[0m [32m INFO[0m [2mexecuting::dataflow[0m[2m:[0m 611.15751ms:	Data loaded for _AssignCast
[2m2025-08-11T18:18:55.801842Z[0m [32m INFO[0m [2mexecuting::dataflow[0m[2m:[0m 611.16817ms:	Data loaded for _Field
[2m2025-08-11T18:18:55.801859Z[0m [32m INFO[0m [2mexecuting::dataflow[0m[2m:[0m 611.185272ms:	Data loaded for _StaticMethodInvocation
[2m2025-08-11T18:18:55.801870Z[0m [32m INFO[0m [2mexecuting::dataflow[0m[2m:[0m 611.196383ms:	Data loaded for _SpecialMethodInvocation
[2m2025-08-11T18:18:55.801898Z[0m [32m INFO[0m [2mexecuting::dataflow[0m[2m:[0m 611.223995ms:	Data loaded for _VirtualMethodInvocation
[2m2025-08-11T18:18:55.801913Z[0m [32m INFO[0m [2mexecuting::dataflow[0m[2m:[0m 611.238653ms:	Data loaded for _Method
[2m2025-08-11T18:18:55.801924Z[0m [32m INFO[0m [2mexecuting::dataflow[0m[2m:[0m 611.249985ms:	Data loaded for Method_Descriptor
[2m2025-08-11T18:18:55.801953Z[0m [32m INFO[0m [2mexecuting::dataflow[0m[2m:[0m 611.278889ms:	Data loaded for _StoreInstanceField
[2m2025-08-11T18:18:55.801988Z[0m [32m INFO[0m [2mexecuting::dataflow[0m[2m:[0m 611.313484ms:	Data loaded for _LoadInstanceField
[2m2025-08-11T18:18:55.802001Z[0m [32m INFO[0m [2mexecuting::dataflow[0m[2m:[0m 611.327321ms:	Data loaded for _StoreStaticField
[2m2025-08-11T18:18:55.802053Z[0m [32m INFO[0m [2mexecuting::dataflow[0m[2m:[0m 611.379379ms:	Data loaded for _LoadStaticField
[2m2025-08-11T18:18:55.802076Z[0m [32m INFO[0m [2mexecuting::dataflow[0m[2m:[0m 611.402452ms:	Data loaded for _StoreArrayIndex
[2m2025-08-11T18:18:55.802118Z[0m [32m INFO[0m [2mexecuting::dataflow[0m[2m:[0m 611.444341ms:	Data loaded for _LoadArrayIndex
[2m2025-08-11T18:18:55.802132Z[0m [32m INFO[0m [2mexecuting::dataflow[0m[2m:[0m 611.458198ms:	Data loaded for _Return
[2m2025-08-11T18:18:56.160011Z[0m [32m INFO[0m [2mreading::inspect[0m[2m:[0m Delta of (recursive) [Superinterface]: ((), (), 16501)
[2m2025-08-11T18:18:56.161114Z[0m [32m INFO[0m [2mreading::inspect[0m[2m:[0m Delta of (recursive) [Subclass]: ((), (), 17499)
[2m2025-08-11T18:19:20.757893Z[0m [32m INFO[0m [2mreading::inspect[0m[2m:[0m Delta of (recursive) [SubtypeOf]: ((), (), 48824)
[2m2025-08-11T18:20:32.433919Z[0m [32m INFO[0m [2mreading::inspect[0m[2m:[0m Delta of (recursive) [MethodLookup]: ((), (), 407629)
[2m2025-08-11T18:20:42.266696Z[0m [32m INFO[0m [2mreading::inspect[0m[2m:[0m Delta of (recursive) [ArrayIndexPointsTo]: ((), (), 314695)
[2m2025-08-11T18:20:42.266816Z[0m [32m INFO[0m [2mreading::inspect[0m[2m:[0m Delta of (recursive) [Assign]: ((), (), 155849)
[2m2025-08-11T18:20:42.266875Z[0m [32m INFO[0m [2mreading::inspect[0m[2m:[0m Delta of (recursive) [CallGraphEdge]: ((), (), 85000)
[2m2025-08-11T18:20:42.266954Z[0m [32m INFO[0m [2mreading::inspect[0m[2m:[0m Delta of (recursive) [InitializedClass]: ((), (), 3488)
[2m2025-08-11T18:20:42.267414Z[0m [32m INFO[0m [2mreading::inspect[0m[2m:[0m Delta of (recursive) [InstanceFieldPointsTo]: ((), (), 14110900)
[2m2025-08-11T18:20:42.267463Z[0m [32m INFO[0m [2mreading::inspect[0m[2m:[0m Delta of (recursive) [Reachable]: ((), (), 16806)
[2m2025-08-11T18:20:42.267520Z[0m [32m INFO[0m [2mreading::inspect[0m[2m:[0m Delta of (recursive) [StaticFieldPointsTo]: ((), (), 61324)
[2m2025-08-11T18:20:42.268106Z[0m [32m INFO[0m [2mreading::inspect[0m[2m:[0m Delta of (recursive) [VarPointsTo]: ((), (), 39498905)
[2m2025-08-11T18:20:42.279595Z[0m [32m INFO[0m [2mexecuting::dataflow[0m[2m:[0m 107.088911041s:	Dataflow executed
[2m2025-08-11T18:20:42.580789Z[0m [32m INFO[0m [2mexecuting[0m[2m:[0m success query
