[2m2025-08-11T18:08:50.606766Z[0m [32m INFO[0m [2mexecuting::dataflow[0m[2m:[0m 325.68288ms:	Dataflow assembled
[2m2025-08-11T18:08:51.109694Z[0m [32m INFO[0m [2mexecuting::dataflow[0m[2m:[0m 828.616167ms:	Data loaded for DirectSuperclass
[2m2025-08-11T18:08:51.109872Z[0m [32m INFO[0m [2mexecuting::dataflow[0m[2m:[0m 828.803771ms:	Data loaded for DirectSuperinterface
[2m2025-08-11T18:08:51.109939Z[0m [32m INFO[0m [2mexecuting::dataflow[0m[2m:[0m 828.870407ms:	Data loaded for MainClass
[2m2025-08-11T18:08:51.110006Z[0m [32m INFO[0m [2mexecuting::dataflow[0m[2m:[0m 828.937573ms:	Data loaded for FormalParam
[2m2025-08-11T18:08:51.110064Z[0m [32m INFO[0m [2mexecuting::dataflow[0m[2m:[0m 828.995182ms:	Data loaded for ComponentType
[2m2025-08-11T18:08:51.110119Z[0m [32m INFO[0m [2mexecuting::dataflow[0m[2m:[0m 829.050306ms:	Data loaded for AssignReturnValue
[2m2025-08-11T18:08:51.110173Z[0m [32m INFO[0m [2mexecuting::dataflow[0m[2m:[0m 829.104729ms:	Data loaded for ActualParam
[2m2025-08-11T18:08:51.110227Z[0m [32m INFO[0m [2mexecuting::dataflow[0m[2m:[0m 829.15834ms:	Data loaded for Method_Modifier
[2m2025-08-11T18:08:51.110287Z[0m [32m INFO[0m [2mexecuting::dataflow[0m[2m:[0m 829.219155ms:	Data loaded for Var_Type
[2m2025-08-11T18:08:51.110344Z[0m [32m INFO[0m [2mexecuting::dataflow[0m[2m:[0m 829.275431ms:	Data loaded for HeapAllocation_Type
[2m2025-08-11T18:08:51.110405Z[0m [32m INFO[0m [2mexecuting::dataflow[0m[2m:[0m 829.336256ms:	Data loaded for _ClassType
[2m2025-08-11T18:08:51.110465Z[0m [32m INFO[0m [2mexecuting::dataflow[0m[2m:[0m 829.39672ms:	Data loaded for _ArrayType
[2m2025-08-11T18:08:51.110520Z[0m [32m INFO[0m [2mexecuting::dataflow[0m[2m:[0m 829.452115ms:	Data loaded for _InterfaceType
[2m2025-08-11T18:08:51.110574Z[0m [32m INFO[0m [2mexecuting::dataflow[0m[2m:[0m 829.505756ms:	Data loaded for _Var_DeclaringMethod
[2m2025-08-11T18:08:51.110628Z[0m [32m INFO[0m [2mexecuting::dataflow[0m[2m:[0m 829.560119ms:	Data loaded for _ApplicationClass
[2m2025-08-11T18:08:51.110682Z[0m [32m INFO[0m [2mexecuting::dataflow[0m[2m:[0m 829.614151ms:	Data loaded for _ThisVar
[2m2025-08-11T18:08:51.110736Z[0m [32m INFO[0m [2mexecuting::dataflow[0m[2m:[0m 829.667732ms:	Data loaded for _NormalHeap
[2m2025-08-11T18:08:51.110790Z[0m [32m INFO[0m [2mexecuting::dataflow[0m[2m:[0m 829.721533ms:	Data loaded for _StringConstant
[2m2025-08-11T18:08:51.110887Z[0m [32m INFO[0m [2mexecuting::dataflow[0m[2m:[0m 829.818276ms:	Data loaded for _AssignHeapAllocation
[2m2025-08-11T18:08:51.110952Z[0m [32m INFO[0m [2mexecuting::dataflow[0m[2m:[0m 829.883759ms:	Data loaded for _AssignLocal
[2m2025-08-11T18:08:51.111076Z[0m [32m INFO[0m [2mexecuting::dataflow[0m[2m:[0m 830.007894ms:	Data loaded for _AssignCast
[2m2025-08-11T18:08:51.111136Z[0m [32m INFO[0m [2mexecuting::dataflow[0m[2m:[0m 830.067647ms:	Data loaded for _Field
[2m2025-08-11T18:08:51.111207Z[0m [32m INFO[0m [2mexecuting::dataflow[0m[2m:[0m 830.139061ms:	Data loaded for _StaticMethodInvocation
[2m2025-08-11T18:08:51.111265Z[0m [32m INFO[0m [2mexecuting::dataflow[0m[2m:[0m 830.196279ms:	Data loaded for _SpecialMethodInvocation
[2m2025-08-11T18:08:51.111378Z[0m [32m INFO[0m [2mexecuting::dataflow[0m[2m:[0m 830.309623ms:	Data loaded for _VirtualMethodInvocation
[2m2025-08-11T18:08:51.111444Z[0m [32m INFO[0m [2mexecuting::dataflow[0m[2m:[0m 830.375979ms:	Data loaded for _Method
[2m2025-08-11T18:08:51.111501Z[0m [32m INFO[0m [2mexecuting::dataflow[0m[2m:[0m 830.432786ms:	Data loaded for Method_Descriptor
[2m2025-08-11T18:08:51.111613Z[0m [32m INFO[0m [2mexecuting::dataflow[0m[2m:[0m 830.544767ms:	Data loaded for _StoreInstanceField
[2m2025-08-11T18:08:51.111742Z[0m [32m INFO[0m [2mexecuting::dataflow[0m[2m:[0m 830.673781ms:	Data loaded for _LoadInstanceField
[2m2025-08-11T18:08:51.111817Z[0m [32m INFO[0m [2mexecuting::dataflow[0m[2m:[0m 830.749023ms:	Data loaded for _StoreStaticField
[2m2025-08-11T18:08:51.111927Z[0m [32m INFO[0m [2mexecuting::dataflow[0m[2m:[0m 830.858419ms:	Data loaded for _LoadStaticField
[2m2025-08-11T18:08:51.112018Z[0m [32m INFO[0m [2mexecuting::dataflow[0m[2m:[0m 830.949211ms:	Data loaded for _StoreArrayIndex
[2m2025-08-11T18:08:51.112108Z[0m [32m INFO[0m [2mexecuting::dataflow[0m[2m:[0m 831.039591ms:	Data loaded for _LoadArrayIndex
[2m2025-08-11T18:08:51.112178Z[0m [32m INFO[0m [2mexecuting::dataflow[0m[2m:[0m 831.109613ms:	Data loaded for _Return
[2m2025-08-11T18:08:51.517328Z[0m [32m INFO[0m [2mreading::inspect[0m[2m:[0m Delta of (recursive) [Subclass]: ((), (), 17499)
[2m2025-08-11T18:08:51.520439Z[0m [32m INFO[0m [2mreading::inspect[0m[2m:[0m Delta of (recursive) [Superinterface]: ((), (), 16501)
[2m2025-08-11T18:08:51.557374Z[0m [32m INFO[0m [2mreading::inspect[0m[2m:[0m Delta of (recursive) [SubtypeOf]: ((), (), 48824)
[2m2025-08-11T18:08:51.582140Z[0m [32m INFO[0m [2mreading::inspect[0m[2m:[0m Delta of (recursive) [MethodLookup]: ((), (), 407629)
[2m2025-08-11T18:09:11.734732Z[0m [32m INFO[0m [2mreading::inspect[0m[2m:[0m Delta of (recursive) [ArrayIndexPointsTo]: ((), (), 314695)
[2m2025-08-11T18:09:11.735249Z[0m [32m INFO[0m [2mreading::inspect[0m[2m:[0m Delta of (recursive) [Assign]: ((), (), 155849)
[2m2025-08-11T18:09:11.735287Z[0m [32m INFO[0m [2mreading::inspect[0m[2m:[0m Delta of (recursive) [CallGraphEdge]: ((), (), 85000)
[2m2025-08-11T18:09:11.735338Z[0m [32m INFO[0m [2mreading::inspect[0m[2m:[0m Delta of (recursive) [InitializedClass]: ((), (), 3488)
[2m2025-08-11T18:09:11.735572Z[0m [32m INFO[0m [2mreading::inspect[0m[2m:[0m Delta of (recursive) [InstanceFieldPointsTo]: ((), (), 14110900)
[2m2025-08-11T18:09:11.735610Z[0m [32m INFO[0m [2mreading::inspect[0m[2m:[0m Delta of (recursive) [Reachable]: ((), (), 16806)
[2m2025-08-11T18:09:11.735642Z[0m [32m INFO[0m [2mreading::inspect[0m[2m:[0m Delta of (recursive) [StaticFieldPointsTo]: ((), (), 61324)
[2m2025-08-11T18:09:11.736106Z[0m [32m INFO[0m [2mreading::inspect[0m[2m:[0m Delta of (recursive) [VarPointsTo]: ((), (), 39498905)
[2m2025-08-11T18:09:11.796693Z[0m [32m INFO[0m [2mexecuting::dataflow[0m[2m:[0m 21.515613232s:	Dataflow executed
[2m2025-08-11T18:09:11.854816Z[0m [32m INFO[0m [2mexecuting[0m[2m:[0m success query
