[2m2025-08-11T18:12:16.919519Z[0m [32m INFO[0m [2mexecuting::dataflow[0m[2m:[0m 91.419418ms:	Dataflow assembled
[2m2025-08-11T18:12:17.422582Z[0m [32m INFO[0m [2mexecuting::dataflow[0m[2m:[0m 594.495471ms:	Data loaded for DirectSuperclass
[2m2025-08-11T18:12:17.422753Z[0m [32m INFO[0m [2mexecuting::dataflow[0m[2m:[0m 594.671313ms:	Data loaded for DirectSuperinterface
[2m2025-08-11T18:12:17.422815Z[0m [32m INFO[0m [2mexecuting::dataflow[0m[2m:[0m 594.733931ms:	Data loaded for MainClass
[2m2025-08-11T18:12:17.422874Z[0m [32m INFO[0m [2mexecuting::dataflow[0m[2m:[0m 594.792472ms:	Data loaded for FormalParam
[2m2025-08-11T18:12:17.422932Z[0m [32m INFO[0m [2mexecuting::dataflow[0m[2m:[0m 594.850732ms:	Data loaded for ComponentType
[2m2025-08-11T18:12:17.422990Z[0m [32m INFO[0m [2mexecuting::dataflow[0m[2m:[0m 594.9083ms:	Data loaded for AssignReturnValue
[2m2025-08-11T18:12:17.423046Z[0m [32m INFO[0m [2mexecuting::dataflow[0m[2m:[0m 594.964647ms:	Data loaded for ActualParam
[2m2025-08-11T18:12:17.423104Z[0m [32m INFO[0m [2mexecuting::dataflow[0m[2m:[0m 595.022476ms:	Data loaded for Method_Modifier
[2m2025-08-11T18:12:17.423162Z[0m [32m INFO[0m [2mexecuting::dataflow[0m[2m:[0m 595.080385ms:	Data loaded for Var_Type
[2m2025-08-11T18:12:17.423217Z[0m [32m INFO[0m [2mexecuting::dataflow[0m[2m:[0m 595.136ms:	Data loaded for HeapAllocation_Type
[2m2025-08-11T18:12:17.423278Z[0m [32m INFO[0m [2mexecuting::dataflow[0m[2m:[0m 595.196604ms:	Data loaded for _ClassType
[2m2025-08-11T18:12:17.423338Z[0m [32m INFO[0m [2mexecuting::dataflow[0m[2m:[0m 595.256548ms:	Data loaded for _ArrayType
[2m2025-08-11T18:12:17.423395Z[0m [32m INFO[0m [2mexecuting::dataflow[0m[2m:[0m 595.313706ms:	Data loaded for _InterfaceType
[2m2025-08-11T18:12:17.423451Z[0m [32m INFO[0m [2mexecuting::dataflow[0m[2m:[0m 595.36931ms:	Data loaded for _Var_DeclaringMethod
[2m2025-08-11T18:12:17.423506Z[0m [32m INFO[0m [2mexecuting::dataflow[0m[2m:[0m 595.424976ms:	Data loaded for _ApplicationClass
[2m2025-08-11T18:12:17.423565Z[0m [32m INFO[0m [2mexecuting::dataflow[0m[2m:[0m 595.483155ms:	Data loaded for _ThisVar
[2m2025-08-11T18:12:17.423620Z[0m [32m INFO[0m [2mexecuting::dataflow[0m[2m:[0m 595.53871ms:	Data loaded for _NormalHeap
[2m2025-08-11T18:12:17.423679Z[0m [32m INFO[0m [2mexecuting::dataflow[0m[2m:[0m 595.597501ms:	Data loaded for _StringConstant
[2m2025-08-11T18:12:17.423751Z[0m [32m INFO[0m [2mexecuting::dataflow[0m[2m:[0m 595.669577ms:	Data loaded for _AssignHeapAllocation
[2m2025-08-11T18:12:17.423808Z[0m [32m INFO[0m [2mexecuting::dataflow[0m[2m:[0m 595.726354ms:	Data loaded for _AssignLocal
[2m2025-08-11T18:12:17.423880Z[0m [32m INFO[0m [2mexecuting::dataflow[0m[2m:[0m 595.798942ms:	Data loaded for _AssignCast
[2m2025-08-11T18:12:17.423932Z[0m [32m INFO[0m [2mexecuting::dataflow[0m[2m:[0m 595.850799ms:	Data loaded for _Field
[2m2025-08-11T18:12:17.423992Z[0m [32m INFO[0m [2mexecuting::dataflow[0m[2m:[0m 595.910712ms:	Data loaded for _StaticMethodInvocation
[2m2025-08-11T18:12:17.424060Z[0m [32m INFO[0m [2mexecuting::dataflow[0m[2m:[0m 595.97806ms:	Data loaded for _SpecialMethodInvocation
[2m2025-08-11T18:12:17.424135Z[0m [32m INFO[0m [2mexecuting::dataflow[0m[2m:[0m 596.053272ms:	Data loaded for _VirtualMethodInvocation
[2m2025-08-11T18:12:17.424193Z[0m [32m INFO[0m [2mexecuting::dataflow[0m[2m:[0m 596.111912ms:	Data loaded for _Method
[2m2025-08-11T18:12:17.424249Z[0m [32m INFO[0m [2mexecuting::dataflow[0m[2m:[0m 596.167207ms:	Data loaded for Method_Descriptor
[2m2025-08-11T18:12:17.424322Z[0m [32m INFO[0m [2mexecuting::dataflow[0m[2m:[0m 596.240415ms:	Data loaded for _StoreInstanceField
[2m2025-08-11T18:12:17.424401Z[0m [32m INFO[0m [2mexecuting::dataflow[0m[2m:[0m 596.319665ms:	Data loaded for _LoadInstanceField
[2m2025-08-11T18:12:17.424458Z[0m [32m INFO[0m [2mexecuting::dataflow[0m[2m:[0m 596.376842ms:	Data loaded for _StoreStaticField
[2m2025-08-11T18:12:17.424551Z[0m [32m INFO[0m [2mexecuting::dataflow[0m[2m:[0m 596.468956ms:	Data loaded for _LoadStaticField
[2m2025-08-11T18:12:17.424619Z[0m [32m INFO[0m [2mexecuting::dataflow[0m[2m:[0m 596.538017ms:	Data loaded for _StoreArrayIndex
[2m2025-08-11T18:12:17.424697Z[0m [32m INFO[0m [2mexecuting::dataflow[0m[2m:[0m 596.615784ms:	Data loaded for _LoadArrayIndex
[2m2025-08-11T18:12:17.424758Z[0m [32m INFO[0m [2mexecuting::dataflow[0m[2m:[0m 596.676208ms:	Data loaded for _Return
[2m2025-08-11T18:12:17.762706Z[0m [32m INFO[0m [2mreading::inspect[0m[2m:[0m Delta of (recursive) [Superinterface]: ((), (), 16501)
[2m2025-08-11T18:12:17.763518Z[0m [32m INFO[0m [2mreading::inspect[0m[2m:[0m Delta of (recursive) [Subclass]: ((), (), 17499)
[2m2025-08-11T18:12:42.377950Z[0m [32m INFO[0m [2mreading::inspect[0m[2m:[0m Delta of (recursive) [SubtypeOf]: ((), (), 48824)
[2m2025-08-11T18:13:55.181901Z[0m [32m INFO[0m [2mreading::inspect[0m[2m:[0m Delta of (recursive) [MethodLookup]: ((), (), 407629)
[2m2025-08-11T18:14:05.296386Z[0m [32m INFO[0m [2mreading::inspect[0m[2m:[0m Delta of (recursive) [InstanceFieldPointsTo]: ((), (), 14110900)
[2m2025-08-11T18:14:05.296486Z[0m [32m INFO[0m [2mreading::inspect[0m[2m:[0m Delta of (recursive) [Reachable]: ((), (), 16806)
[2m2025-08-11T18:14:05.296526Z[0m [32m INFO[0m [2mreading::inspect[0m[2m:[0m Delta of (recursive) [StaticFieldPointsTo]: ((), (), 61324)
[2m2025-08-11T18:14:05.300238Z[0m [32m INFO[0m [2mreading::inspect[0m[2m:[0m Delta of (recursive) [VarPointsTo]: ((), (), 39498905)
[2m2025-08-11T18:14:05.300344Z[0m [32m INFO[0m [2mreading::inspect[0m[2m:[0m Delta of (recursive) [ArrayIndexPointsTo]: ((), (), 314695)
[2m2025-08-11T18:14:05.300362Z[0m [32m INFO[0m [2mreading::inspect[0m[2m:[0m Delta of (recursive) [Assign]: ((), (), 155849)
[2m2025-08-11T18:14:05.300374Z[0m [32m INFO[0m [2mreading::inspect[0m[2m:[0m Delta of (recursive) [CallGraphEdge]: ((), (), 85000)
[2m2025-08-11T18:14:05.300390Z[0m [32m INFO[0m [2mreading::inspect[0m[2m:[0m Delta of (recursive) [InitializedClass]: ((), (), 3488)
[2m2025-08-11T18:14:05.301015Z[0m [32m INFO[0m [2mexecuting::dataflow[0m[2m:[0m 108.472925769s:	Dataflow executed
[2m2025-08-11T18:14:05.336088Z[0m [32m INFO[0m [2mexecuting[0m[2m:[0m success query
