[2m2025-07-29T01:22:13.948613Z[0m [32m INFO[0m [2mexecuting::dataflow[0m[2m:[0m 202.210656ms:	Dataflow assembled
[2m2025-07-29T01:22:14.550038Z[0m [32m INFO[0m [2mexecuting::dataflow[0m[2m:[0m 803.64937ms:	Data loaded for DirectSuperclass
[2m2025-07-29T01:22:14.550099Z[0m [32m INFO[0m [2mexecuting::dataflow[0m[2m:[0m 803.717047ms:	Data loaded for DirectSuperinterface
[2m2025-07-29T01:22:14.550111Z[0m [32m INFO[0m [2mexecuting::dataflow[0m[2m:[0m 803.729921ms:	Data loaded for MainClass
[2m2025-07-29T01:22:14.550125Z[0m [32m INFO[0m [2mexecuting::dataflow[0m[2m:[0m 803.743677ms:	Data loaded for FormalParam
[2m2025-07-29T01:22:14.550137Z[0m [32m INFO[0m [2mexecuting::dataflow[0m[2m:[0m 803.755439ms:	Data loaded for ComponentType
[2m2025-07-29T01:22:14.550146Z[0m [32m INFO[0m [2mexecuting::dataflow[0m[2m:[0m 803.764516ms:	Data loaded for AssignReturnValue
[2m2025-07-29T01:22:14.550155Z[0m [32m INFO[0m [2mexecuting::dataflow[0m[2m:[0m 803.773764ms:	Data loaded for ActualParam
[2m2025-07-29T01:22:14.550163Z[0m [32m INFO[0m [2mexecuting::dataflow[0m[2m:[0m 803.781057ms:	Data loaded for Method_Modifier
[2m2025-07-29T01:22:14.550173Z[0m [32m INFO[0m [2mexecuting::dataflow[0m[2m:[0m 803.791297ms:	Data loaded for Var_Type
[2m2025-07-29T01:22:14.550182Z[0m [32m INFO[0m [2mexecuting::dataflow[0m[2m:[0m 803.800644ms:	Data loaded for HeapAllocation_Type
[2m2025-07-29T01:22:14.550194Z[0m [32m INFO[0m [2mexecuting::dataflow[0m[2m:[0m 803.813008ms:	Data loaded for _ClassType
[2m2025-07-29T01:22:14.550209Z[0m [32m INFO[0m [2mexecuting::dataflow[0m[2m:[0m 803.827916ms:	Data loaded for _ArrayType
[2m2025-07-29T01:22:14.550221Z[0m [32m INFO[0m [2mexecuting::dataflow[0m[2m:[0m 803.839137ms:	Data loaded for _InterfaceType
[2m2025-07-29T01:22:14.550230Z[0m [32m INFO[0m [2mexecuting::dataflow[0m[2m:[0m 803.848725ms:	Data loaded for _Var_DeclaringMethod
[2m2025-07-29T01:22:14.550240Z[0m [32m INFO[0m [2mexecuting::dataflow[0m[2m:[0m 803.858634ms:	Data loaded for _ApplicationClass
[2m2025-07-29T01:22:14.550250Z[0m [32m INFO[0m [2mexecuting::dataflow[0m[2m:[0m 803.868071ms:	Data loaded for _ThisVar
[2m2025-07-29T01:22:14.550257Z[0m [32m INFO[0m [2mexecuting::dataflow[0m[2m:[0m 803.875666ms:	Data loaded for _NormalHeap
[2m2025-07-29T01:22:14.550268Z[0m [32m INFO[0m [2mexecuting::dataflow[0m[2m:[0m 803.886175ms:	Data loaded for _StringConstant
[2m2025-07-29T01:22:14.550306Z[0m [32m INFO[0m [2mexecuting::dataflow[0m[2m:[0m 803.924518ms:	Data loaded for _AssignHeapAllocation
[2m2025-07-29T01:22:14.550326Z[0m [32m INFO[0m [2mexecuting::dataflow[0m[2m:[0m 803.944786ms:	Data loaded for _AssignLocal
[2m2025-07-29T01:22:14.550372Z[0m [32m INFO[0m [2mexecuting::dataflow[0m[2m:[0m 803.990211ms:	Data loaded for _AssignCast
[2m2025-07-29T01:22:14.550383Z[0m [32m INFO[0m [2mexecuting::dataflow[0m[2m:[0m 804.001182ms:	Data loaded for _Field
[2m2025-07-29T01:22:14.550403Z[0m [32m INFO[0m [2mexecuting::dataflow[0m[2m:[0m 804.02128ms:	Data loaded for _StaticMethodInvocation
[2m2025-07-29T01:22:14.550416Z[0m [32m INFO[0m [2mexecuting::dataflow[0m[2m:[0m 804.034164ms:	Data loaded for _SpecialMethodInvocation
[2m2025-07-29T01:22:14.550454Z[0m [32m INFO[0m [2mexecuting::dataflow[0m[2m:[0m 804.072757ms:	Data loaded for _VirtualMethodInvocation
[2m2025-07-29T01:22:14.550472Z[0m [32m INFO[0m [2mexecuting::dataflow[0m[2m:[0m 804.09042ms:	Data loaded for _Method
[2m2025-07-29T01:22:14.550484Z[0m [32m INFO[0m [2mexecuting::dataflow[0m[2m:[0m 804.102082ms:	Data loaded for Method_Descriptor
[2m2025-07-29T01:22:14.550521Z[0m [32m INFO[0m [2mexecuting::dataflow[0m[2m:[0m 804.139552ms:	Data loaded for _StoreInstanceField
[2m2025-07-29T01:22:14.550627Z[0m [32m INFO[0m [2mexecuting::dataflow[0m[2m:[0m 804.245652ms:	Data loaded for _LoadInstanceField
[2m2025-07-29T01:22:14.550642Z[0m [32m INFO[0m [2mexecuting::dataflow[0m[2m:[0m 804.2605ms:	Data loaded for _StoreStaticField
[2m2025-07-29T01:22:14.550733Z[0m [32m INFO[0m [2mexecuting::dataflow[0m[2m:[0m 804.351842ms:	Data loaded for _LoadStaticField
[2m2025-07-29T01:22:14.550768Z[0m [32m INFO[0m [2mexecuting::dataflow[0m[2m:[0m 804.386076ms:	Data loaded for _StoreArrayIndex
[2m2025-07-29T01:22:14.550799Z[0m [32m INFO[0m [2mexecuting::dataflow[0m[2m:[0m 804.417886ms:	Data loaded for _LoadArrayIndex
[2m2025-07-29T01:22:14.550815Z[0m [32m INFO[0m [2mexecuting::dataflow[0m[2m:[0m 804.433796ms:	Data loaded for _Return
[2m2025-07-29T01:22:14.861100Z[0m [32m INFO[0m [2mreading::inspect[0m[2m:[0m Delta of (recursive) [Subclass]: ((), (), 17499)
[2m2025-07-29T01:22:14.862527Z[0m [32m INFO[0m [2mreading::inspect[0m[2m:[0m Delta of (recursive) [Superinterface]: ((), (), 16501)
[2m2025-07-29T01:22:49.596150Z[0m [32m INFO[0m [2mreading::inspect[0m[2m:[0m Delta of (recursive) [SubtypeOf]: ((), (), 48824)
[2m2025-07-29T01:24:04.289877Z[0m [32m INFO[0m [2mreading::inspect[0m[2m:[0m Delta of (recursive) [MethodLookup]: ((), (), 407629)
[2m2025-07-29T01:24:15.598796Z[0m [32m INFO[0m [2mreading::inspect[0m[2m:[0m Delta of (recursive) [InstanceFieldPointsTo]: ((), (), 14110900)
[2m2025-07-29T01:24:15.598887Z[0m [32m INFO[0m [2mreading::inspect[0m[2m:[0m Delta of (recursive) [Reachable]: ((), (), 16806)
[2m2025-07-29T01:24:15.598923Z[0m [32m INFO[0m [2mreading::inspect[0m[2m:[0m Delta of (recursive) [StaticFieldPointsTo]: ((), (), 61324)
[2m2025-07-29T01:24:15.599451Z[0m [32m INFO[0m [2mreading::inspect[0m[2m:[0m Delta of (recursive) [VarPointsTo]: ((), (), 39498905)
[2m2025-07-29T01:24:15.599544Z[0m [32m INFO[0m [2mreading::inspect[0m[2m:[0m Delta of (recursive) [ArrayIndexPointsTo]: ((), (), 314695)
[2m2025-07-29T01:24:15.599559Z[0m [32m INFO[0m [2mreading::inspect[0m[2m:[0m Delta of (recursive) [Assign]: ((), (), 155849)
[2m2025-07-29T01:24:15.599571Z[0m [32m INFO[0m [2mreading::inspect[0m[2m:[0m Delta of (recursive) [CallGraphEdge]: ((), (), 85000)
[2m2025-07-29T01:24:15.599582Z[0m [32m INFO[0m [2mreading::inspect[0m[2m:[0m Delta of (recursive) [InitializedClass]: ((), (), 3488)
[2m2025-07-29T01:24:15.600137Z[0m [32m INFO[0m [2mexecuting::dataflow[0m[2m:[0m 121.853728579s:	Dataflow executed
[2m2025-07-29T01:24:15.713795Z[0m [32m INFO[0m [2mexecuting[0m[2m:[0m success query
