[2m2025-07-29T00:42:46.896242Z[0m [32m INFO[0m [2mexecuting::dataflow[0m[2m:[0m 200.197815ms:	Dataflow assembled
[2m2025-07-29T00:42:47.499915Z[0m [32m INFO[0m [2mexecuting::dataflow[0m[2m:[0m 803.885211ms:	Data loaded for DirectSuperclass
[2m2025-07-29T00:42:47.499971Z[0m [32m INFO[0m [2mexecuting::dataflow[0m[2m:[0m 803.947298ms:	Data loaded for DirectSuperinterface
[2m2025-07-29T00:42:47.499983Z[0m [32m INFO[0m [2mexecuting::dataflow[0m[2m:[0m 803.95915ms:	Data loaded for MainClass
[2m2025-07-29T00:42:47.499997Z[0m [32m INFO[0m [2mexecuting::dataflow[0m[2m:[0m 803.973517ms:	Data loaded for FormalParam
[2m2025-07-29T00:42:47.500008Z[0m [32m INFO[0m [2mexecuting::dataflow[0m[2m:[0m 803.984087ms:	Data loaded for ComponentType
[2m2025-07-29T00:42:47.500016Z[0m [32m INFO[0m [2mexecuting::dataflow[0m[2m:[0m 803.991872ms:	Data loaded for AssignReturnValue
[2m2025-07-29T00:42:47.500024Z[0m [32m INFO[0m [2mexecuting::dataflow[0m[2m:[0m 804.000167ms:	Data loaded for ActualParam
[2m2025-07-29T00:42:47.500031Z[0m [32m INFO[0m [2mexecuting::dataflow[0m[2m:[0m 804.007381ms:	Data loaded for Method_Modifier
[2m2025-07-29T00:42:47.500040Z[0m [32m INFO[0m [2mexecuting::dataflow[0m[2m:[0m 804.016338ms:	Data loaded for Var_Type
[2m2025-07-29T00:42:47.500048Z[0m [32m INFO[0m [2mexecuting::dataflow[0m[2m:[0m 804.024643ms:	Data loaded for HeapAllocation_Type
[2m2025-07-29T00:42:47.500060Z[0m [32m INFO[0m [2mexecuting::dataflow[0m[2m:[0m 804.036345ms:	Data loaded for _ClassType
[2m2025-07-29T00:42:47.500073Z[0m [32m INFO[0m [2mexecuting::dataflow[0m[2m:[0m 804.04954ms:	Data loaded for _ArrayType
[2m2025-07-29T00:42:47.500084Z[0m [32m INFO[0m [2mexecuting::dataflow[0m[2m:[0m 804.06006ms:	Data loaded for _InterfaceType
[2m2025-07-29T00:42:47.500093Z[0m [32m INFO[0m [2mexecuting::dataflow[0m[2m:[0m 804.068887ms:	Data loaded for _Var_DeclaringMethod
[2m2025-07-29T00:42:47.500100Z[0m [32m INFO[0m [2mexecuting::dataflow[0m[2m:[0m 804.076701ms:	Data loaded for _ApplicationClass
[2m2025-07-29T00:42:47.500109Z[0m [32m INFO[0m [2mexecuting::dataflow[0m[2m:[0m 804.085077ms:	Data loaded for _ThisVar
[2m2025-07-29T00:42:47.500116Z[0m [32m INFO[0m [2mexecuting::dataflow[0m[2m:[0m 804.092421ms:	Data loaded for _NormalHeap
[2m2025-07-29T00:42:47.500126Z[0m [32m INFO[0m [2mexecuting::dataflow[0m[2m:[0m 804.10229ms:	Data loaded for _StringConstant
[2m2025-07-29T00:42:47.500154Z[0m [32m INFO[0m [2mexecuting::dataflow[0m[2m:[0m 804.129751ms:	Data loaded for _AssignHeapAllocation
[2m2025-07-29T00:42:47.500170Z[0m [32m INFO[0m [2mexecuting::dataflow[0m[2m:[0m 804.146353ms:	Data loaded for _AssignLocal
[2m2025-07-29T00:42:47.500204Z[0m [32m INFO[0m [2mexecuting::dataflow[0m[2m:[0m 804.180347ms:	Data loaded for _AssignCast
[2m2025-07-29T00:42:47.500216Z[0m [32m INFO[0m [2mexecuting::dataflow[0m[2m:[0m 804.19263ms:	Data loaded for _Field
[2m2025-07-29T00:42:47.500234Z[0m [32m INFO[0m [2mexecuting::dataflow[0m[2m:[0m 804.209531ms:	Data loaded for _StaticMethodInvocation
[2m2025-07-29T00:42:47.500248Z[0m [32m INFO[0m [2mexecuting::dataflow[0m[2m:[0m 804.224089ms:	Data loaded for _SpecialMethodInvocation
[2m2025-07-29T00:42:47.500292Z[0m [32m INFO[0m [2mexecuting::dataflow[0m[2m:[0m 804.267631ms:	Data loaded for _VirtualMethodInvocation
[2m2025-07-29T00:42:47.500312Z[0m [32m INFO[0m [2mexecuting::dataflow[0m[2m:[0m 804.2885ms:	Data loaded for _Method
[2m2025-07-29T00:42:47.500351Z[0m [32m INFO[0m [2mexecuting::dataflow[0m[2m:[0m 804.327353ms:	Data loaded for Method_Descriptor
[2m2025-07-29T00:42:47.500393Z[0m [32m INFO[0m [2mexecuting::dataflow[0m[2m:[0m 804.368521ms:	Data loaded for _StoreInstanceField
[2m2025-07-29T00:42:47.500441Z[0m [32m INFO[0m [2mexecuting::dataflow[0m[2m:[0m 804.417092ms:	Data loaded for _LoadInstanceField
[2m2025-07-29T00:42:47.500471Z[0m [32m INFO[0m [2mexecuting::dataflow[0m[2m:[0m 804.446588ms:	Data loaded for _StoreStaticField
[2m2025-07-29T00:42:47.500526Z[0m [32m INFO[0m [2mexecuting::dataflow[0m[2m:[0m 804.502473ms:	Data loaded for _LoadStaticField
[2m2025-07-29T00:42:47.500559Z[0m [32m INFO[0m [2mexecuting::dataflow[0m[2m:[0m 804.535385ms:	Data loaded for _StoreArrayIndex
[2m2025-07-29T00:42:47.500594Z[0m [32m INFO[0m [2mexecuting::dataflow[0m[2m:[0m 804.570511ms:	Data loaded for _LoadArrayIndex
[2m2025-07-29T00:42:47.500607Z[0m [32m INFO[0m [2mexecuting::dataflow[0m[2m:[0m 804.583605ms:	Data loaded for _Return
[2m2025-07-29T00:42:47.765411Z[0m [32m INFO[0m [2mreading::inspect[0m[2m:[0m Delta of (recursive) [Subclass]: ((), (), 17499)
[2m2025-07-29T00:42:47.769378Z[0m [32m INFO[0m [2mreading::inspect[0m[2m:[0m Delta of (recursive) [Superinterface]: ((), (), 16501)
[2m2025-07-29T00:42:47.794701Z[0m [32m INFO[0m [2mreading::inspect[0m[2m:[0m Delta of (recursive) [SubtypeOf]: ((), (), 48824)
[2m2025-07-29T00:42:47.802660Z[0m [32m INFO[0m [2mreading::inspect[0m[2m:[0m Delta of (recursive) [MethodLookup]: ((), (), 407629)
TIMEOUT: Test exceeded 600 seconds limit
