[2m2025-08-11T18:21:28.332225Z[0m [32m INFO[0m [2mexecuting::dataflow[0m[2m:[0m 101.13656ms:	Dataflow assembled
[2m2025-08-11T18:21:28.844241Z[0m [32m INFO[0m [2mexecuting::dataflow[0m[2m:[0m 613.164597ms:	Data loaded for DirectSuperclass
[2m2025-08-11T18:21:28.844462Z[0m [32m INFO[0m [2mexecuting::dataflow[0m[2m:[0m 613.391826ms:	Data loaded for DirectSuperinterface
[2m2025-08-11T18:21:28.844534Z[0m [32m INFO[0m [2mexecuting::dataflow[0m[2m:[0m 613.464342ms:	Data loaded for MainClass
[2m2025-08-11T18:21:28.844605Z[0m [32m INFO[0m [2mexecuting::dataflow[0m[2m:[0m 613.535256ms:	Data loaded for FormalParam
[2m2025-08-11T18:21:28.844666Z[0m [32m INFO[0m [2mexecuting::dataflow[0m[2m:[0m 613.595971ms:	Data loaded for ComponentType
[2m2025-08-11T18:21:28.844725Z[0m [32m INFO[0m [2mexecuting::dataflow[0m[2m:[0m 613.654872ms:	Data loaded for AssignReturnValue
[2m2025-08-11T18:21:28.844783Z[0m [32m INFO[0m [2mexecuting::dataflow[0m[2m:[0m 613.713132ms:	Data loaded for ActualParam
[2m2025-08-11T18:21:28.844844Z[0m [32m INFO[0m [2mexecuting::dataflow[0m[2m:[0m 613.773807ms:	Data loaded for Method_Modifier
[2m2025-08-11T18:21:28.844914Z[0m [32m INFO[0m [2mexecuting::dataflow[0m[2m:[0m 613.843949ms:	Data loaded for Var_Type
[2m2025-08-11T18:21:28.844983Z[0m [32m INFO[0m [2mexecuting::dataflow[0m[2m:[0m 613.91345ms:	Data loaded for HeapAllocation_Type
[2m2025-08-11T18:21:28.845065Z[0m [32m INFO[0m [2mexecuting::dataflow[0m[2m:[0m 613.995315ms:	Data loaded for _ClassType
[2m2025-08-11T18:21:28.845143Z[0m [32m INFO[0m [2mexecuting::dataflow[0m[2m:[0m 614.073021ms:	Data loaded for _ArrayType
[2m2025-08-11T18:21:28.845204Z[0m [32m INFO[0m [2mexecuting::dataflow[0m[2m:[0m 614.134197ms:	Data loaded for _InterfaceType
[2m2025-08-11T18:21:28.845261Z[0m [32m INFO[0m [2mexecuting::dataflow[0m[2m:[0m 614.191786ms:	Data loaded for _Var_DeclaringMethod
[2m2025-08-11T18:21:28.845321Z[0m [32m INFO[0m [2mexecuting::dataflow[0m[2m:[0m 614.251418ms:	Data loaded for _ApplicationClass
[2m2025-08-11T18:21:28.845382Z[0m [32m INFO[0m [2mexecuting::dataflow[0m[2m:[0m 614.312273ms:	Data loaded for _ThisVar
[2m2025-08-11T18:21:28.845439Z[0m [32m INFO[0m [2mexecuting::dataflow[0m[2m:[0m 614.369431ms:	Data loaded for _NormalHeap
[2m2025-08-11T18:21:28.845499Z[0m [32m INFO[0m [2mexecuting::dataflow[0m[2m:[0m 614.429795ms:	Data loaded for _StringConstant
[2m2025-08-11T18:21:28.845579Z[0m [32m INFO[0m [2mexecuting::dataflow[0m[2m:[0m 614.509576ms:	Data loaded for _AssignHeapAllocation
[2m2025-08-11T18:21:28.845641Z[0m [32m INFO[0m [2mexecuting::dataflow[0m[2m:[0m 614.571673ms:	Data loaded for _AssignLocal
[2m2025-08-11T18:21:28.845734Z[0m [32m INFO[0m [2mexecuting::dataflow[0m[2m:[0m 614.664648ms:	Data loaded for _AssignCast
[2m2025-08-11T18:21:28.845796Z[0m [32m INFO[0m [2mexecuting::dataflow[0m[2m:[0m 614.726445ms:	Data loaded for _Field
[2m2025-08-11T18:21:28.845863Z[0m [32m INFO[0m [2mexecuting::dataflow[0m[2m:[0m 614.793802ms:	Data loaded for _StaticMethodInvocation
[2m2025-08-11T18:21:28.845927Z[0m [32m INFO[0m [2mexecuting::dataflow[0m[2m:[0m 614.857472ms:	Data loaded for _SpecialMethodInvocation
[2m2025-08-11T18:21:28.846014Z[0m [32m INFO[0m [2mexecuting::dataflow[0m[2m:[0m 614.944306ms:	Data loaded for _VirtualMethodInvocation
[2m2025-08-11T18:21:28.846081Z[0m [32m INFO[0m [2mexecuting::dataflow[0m[2m:[0m 615.011914ms:	Data loaded for _Method
[2m2025-08-11T18:21:28.846147Z[0m [32m INFO[0m [2mexecuting::dataflow[0m[2m:[0m 615.077387ms:	Data loaded for Method_Descriptor
[2m2025-08-11T18:21:28.846236Z[0m [32m INFO[0m [2mexecuting::dataflow[0m[2m:[0m 615.166415ms:	Data loaded for _StoreInstanceField
[2m2025-08-11T18:21:28.846391Z[0m [32m INFO[0m [2mexecuting::dataflow[0m[2m:[0m 615.321538ms:	Data loaded for _LoadInstanceField
[2m2025-08-11T18:21:28.846458Z[0m [32m INFO[0m [2mexecuting::dataflow[0m[2m:[0m 615.388905ms:	Data loaded for _StoreStaticField
[2m2025-08-11T18:21:28.846841Z[0m [32m INFO[0m [2mexecuting::dataflow[0m[2m:[0m 615.771197ms:	Data loaded for _LoadStaticField
[2m2025-08-11T18:21:28.846927Z[0m [32m INFO[0m [2mexecuting::dataflow[0m[2m:[0m 615.85727ms:	Data loaded for _StoreArrayIndex
[2m2025-08-11T18:21:28.847012Z[0m [32m INFO[0m [2mexecuting::dataflow[0m[2m:[0m 615.941899ms:	Data loaded for _LoadArrayIndex
[2m2025-08-11T18:21:28.847077Z[0m [32m INFO[0m [2mexecuting::dataflow[0m[2m:[0m 616.007092ms:	Data loaded for _Return
[2m2025-08-11T18:21:29.143343Z[0m [32m INFO[0m [2mreading::inspect[0m[2m:[0m Delta of (recursive) [Subclass]: ((), (), 17499)
[2m2025-08-11T18:21:29.145812Z[0m [32m INFO[0m [2mreading::inspect[0m[2m:[0m Delta of (recursive) [Superinterface]: ((), (), 16501)
[2m2025-08-11T18:21:29.166967Z[0m [32m INFO[0m [2mreading::inspect[0m[2m:[0m Delta of (recursive) [SubtypeOf]: ((), (), 48824)
[2m2025-08-11T18:21:29.172284Z[0m [32m INFO[0m [2mreading::inspect[0m[2m:[0m Delta of (recursive) [MethodLookup]: ((), (), 407629)
[2m2025-08-11T18:21:44.110334Z[0m [32m INFO[0m [2mreading::inspect[0m[2m:[0m Delta of (recursive) [VarPointsTo]: ((), (), 39498905)
[2m2025-08-11T18:21:44.110480Z[0m [32m INFO[0m [2mreading::inspect[0m[2m:[0m Delta of (recursive) [ArrayIndexPointsTo]: ((), (), 314695)
[2m2025-08-11T18:21:44.110498Z[0m [32m INFO[0m [2mreading::inspect[0m[2m:[0m Delta of (recursive) [Assign]: ((), (), 155849)
[2m2025-08-11T18:21:44.110510Z[0m [32m INFO[0m [2mreading::inspect[0m[2m:[0m Delta of (recursive) [CallGraphEdge]: ((), (), 85000)
[2m2025-08-11T18:21:44.110521Z[0m [32m INFO[0m [2mreading::inspect[0m[2m:[0m Delta of (recursive) [InitializedClass]: ((), (), 3488)
[2m2025-08-11T18:21:44.110531Z[0m [32m INFO[0m [2mreading::inspect[0m[2m:[0m Delta of (recursive) [InstanceFieldPointsTo]: ((), (), 14110900)
[2m2025-08-11T18:21:44.110543Z[0m [32m INFO[0m [2mreading::inspect[0m[2m:[0m Delta of (recursive) [Reachable]: ((), (), 16806)
[2m2025-08-11T18:21:44.110555Z[0m [32m INFO[0m [2mreading::inspect[0m[2m:[0m Delta of (recursive) [StaticFieldPointsTo]: ((), (), 61324)
[2m2025-08-11T18:21:44.111309Z[0m [32m INFO[0m [2mexecuting::dataflow[0m[2m:[0m 15.880228647s:	Dataflow executed
[2m2025-08-11T18:21:44.193893Z[0m [32m INFO[0m [2mexecuting[0m[2m:[0m success query
