[2m2025-07-29T01:01:01.624352Z[0m [32m INFO[0m [2mexecuting::dataflow[0m[2m:[0m 690.592371ms:	Dataflow assembled
[2m2025-07-29T01:01:02.227813Z[0m [32m INFO[0m [2mexecuting::dataflow[0m[2m:[0m 1.294068462s:	Data loaded for DirectSuperclass
[2m2025-07-29T01:01:02.227864Z[0m [32m INFO[0m [2mexecuting::dataflow[0m[2m:[0m 1.29412613s:	Data loaded for DirectSuperinterface
[2m2025-07-29T01:01:02.227873Z[0m [32m INFO[0m [2mexecuting::dataflow[0m[2m:[0m 1.294135047s:	Data loaded for MainClass
[2m2025-07-29T01:01:02.227884Z[0m [32m INFO[0m [2mexecuting::dataflow[0m[2m:[0m 1.294146238s:	Data loaded for FormalParam
[2m2025-07-29T01:01:02.227895Z[0m [32m INFO[0m [2mexecuting::dataflow[0m[2m:[0m 1.294156688s:	Data loaded for ComponentType
[2m2025-07-29T01:01:02.227903Z[0m [32m INFO[0m [2mexecuting::dataflow[0m[2m:[0m 1.294164613s:	Data loaded for AssignReturnValue
[2m2025-07-29T01:01:02.227911Z[0m [32m INFO[0m [2mexecuting::dataflow[0m[2m:[0m 1.294172528s:	Data loaded for ActualParam
[2m2025-07-29T01:01:02.227917Z[0m [32m INFO[0m [2mexecuting::dataflow[0m[2m:[0m 1.29417926s:	Data loaded for Method_Modifier
[2m2025-07-29T01:01:02.227934Z[0m [32m INFO[0m [2mexecuting::dataflow[0m[2m:[0m 1.294195801s:	Data loaded for Var_Type
[2m2025-07-29T01:01:02.227941Z[0m [32m INFO[0m [2mexecuting::dataflow[0m[2m:[0m 1.294203416s:	Data loaded for HeapAllocation_Type
[2m2025-07-29T01:01:02.227951Z[0m [32m INFO[0m [2mexecuting::dataflow[0m[2m:[0m 1.294212813s:	Data loaded for _ClassType
[2m2025-07-29T01:01:02.227962Z[0m [32m INFO[0m [2mexecuting::dataflow[0m[2m:[0m 1.294224245s:	Data loaded for _ArrayType
[2m2025-07-29T01:01:02.227973Z[0m [32m INFO[0m [2mexecuting::dataflow[0m[2m:[0m 1.294234584s:	Data loaded for _InterfaceType
[2m2025-07-29T01:01:02.227981Z[0m [32m INFO[0m [2mexecuting::dataflow[0m[2m:[0m 1.294242439s:	Data loaded for _Var_DeclaringMethod
[2m2025-07-29T01:01:02.227988Z[0m [32m INFO[0m [2mexecuting::dataflow[0m[2m:[0m 1.294250184s:	Data loaded for _ApplicationClass
[2m2025-07-29T01:01:02.227996Z[0m [32m INFO[0m [2mexecuting::dataflow[0m[2m:[0m 1.294257548s:	Data loaded for _ThisVar
[2m2025-07-29T01:01:02.228002Z[0m [32m INFO[0m [2mexecuting::dataflow[0m[2m:[0m 1.29426412s:	Data loaded for _NormalHeap
[2m2025-07-29T01:01:02.228010Z[0m [32m INFO[0m [2mexecuting::dataflow[0m[2m:[0m 1.294271834s:	Data loaded for _StringConstant
[2m2025-07-29T01:01:02.228058Z[0m [32m INFO[0m [2mexecuting::dataflow[0m[2m:[0m 1.294319775s:	Data loaded for _AssignHeapAllocation
[2m2025-07-29T01:01:02.228085Z[0m [32m INFO[0m [2mexecuting::dataflow[0m[2m:[0m 1.294347116s:	Data loaded for _AssignLocal
[2m2025-07-29T01:01:02.228164Z[0m [32m INFO[0m [2mexecuting::dataflow[0m[2m:[0m 1.294425614s:	Data loaded for _AssignCast
[2m2025-07-29T01:01:02.228171Z[0m [32m INFO[0m [2mexecuting::dataflow[0m[2m:[0m 1.294433389s:	Data loaded for _Field
[2m2025-07-29T01:01:02.228199Z[0m [32m INFO[0m [2mexecuting::dataflow[0m[2m:[0m 1.2944607s:	Data loaded for _StaticMethodInvocation
[2m2025-07-29T01:01:02.228210Z[0m [32m INFO[0m [2mexecuting::dataflow[0m[2m:[0m 1.29447146s:	Data loaded for _SpecialMethodInvocation
[2m2025-07-29T01:01:02.228283Z[0m [32m INFO[0m [2mexecuting::dataflow[0m[2m:[0m 1.294544728s:	Data loaded for _VirtualMethodInvocation
[2m2025-07-29T01:01:02.228301Z[0m [32m INFO[0m [2mexecuting::dataflow[0m[2m:[0m 1.294563153s:	Data loaded for _Method
[2m2025-07-29T01:01:02.228310Z[0m [32m INFO[0m [2mexecuting::dataflow[0m[2m:[0m 1.294571929s:	Data loaded for Method_Descriptor
[2m2025-07-29T01:01:02.228390Z[0m [32m INFO[0m [2mexecuting::dataflow[0m[2m:[0m 1.294651399s:	Data loaded for _StoreInstanceField
[2m2025-07-29T01:01:02.228482Z[0m [32m INFO[0m [2mexecuting::dataflow[0m[2m:[0m 1.294744294s:	Data loaded for _LoadInstanceField
[2m2025-07-29T01:01:02.228505Z[0m [32m INFO[0m [2mexecuting::dataflow[0m[2m:[0m 1.294767047s:	Data loaded for _StoreStaticField
[2m2025-07-29T01:01:02.228575Z[0m [32m INFO[0m [2mexecuting::dataflow[0m[2m:[0m 1.294836387s:	Data loaded for _LoadStaticField
[2m2025-07-29T01:01:02.228622Z[0m [32m INFO[0m [2mexecuting::dataflow[0m[2m:[0m 1.294884167s:	Data loaded for _StoreArrayIndex
[2m2025-07-29T01:01:02.228656Z[0m [32m INFO[0m [2mexecuting::dataflow[0m[2m:[0m 1.294918231s:	Data loaded for _LoadArrayIndex
[2m2025-07-29T01:01:02.228681Z[0m [32m INFO[0m [2mexecuting::dataflow[0m[2m:[0m 1.294942727s:	Data loaded for _Return
[2m2025-07-29T01:01:02.610498Z[0m [32m INFO[0m [2mreading::inspect[0m[2m:[0m Delta of (recursive) [Subclass]: ((), (), 17499)
[2m2025-07-29T01:01:02.613833Z[0m [32m INFO[0m [2mreading::inspect[0m[2m:[0m Delta of (recursive) [Superinterface]: ((), (), 16501)
[2m2025-07-29T01:01:02.655019Z[0m [32m INFO[0m [2mreading::inspect[0m[2m:[0m Delta of (recursive) [SubtypeOf]: ((), (), 48824)
[2m2025-07-29T01:01:02.665743Z[0m [32m INFO[0m [2mreading::inspect[0m[2m:[0m Delta of (recursive) [MethodLookup]: ((), (), 407629)
[2m2025-07-29T01:01:33.525165Z[0m [32m INFO[0m [2mreading::inspect[0m[2m:[0m Delta of (recursive) [InstanceFieldPointsTo]: ((), (), 14110900)
[2m2025-07-29T01:01:33.525948Z[0m [32m INFO[0m [2mreading::inspect[0m[2m:[0m Delta of (recursive) [Reachable]: ((), (), 16806)
[2m2025-07-29T01:01:33.526000Z[0m [32m INFO[0m [2mreading::inspect[0m[2m:[0m Delta of (recursive) [StaticFieldPointsTo]: ((), (), 61324)
[2m2025-07-29T01:01:33.526702Z[0m [32m INFO[0m [2mreading::inspect[0m[2m:[0m Delta of (recursive) [VarPointsTo]: ((), (), 39498905)
[2m2025-07-29T01:01:33.526895Z[0m [32m INFO[0m [2mreading::inspect[0m[2m:[0m Delta of (recursive) [ArrayIndexPointsTo]: ((), (), 314695)
[2m2025-07-29T01:01:33.526910Z[0m [32m INFO[0m [2mreading::inspect[0m[2m:[0m Delta of (recursive) [Assign]: ((), (), 155849)
[2m2025-07-29T01:01:33.526924Z[0m [32m INFO[0m [2mreading::inspect[0m[2m:[0m Delta of (recursive) [CallGraphEdge]: ((), (), 85000)
[2m2025-07-29T01:01:33.526939Z[0m [32m INFO[0m [2mreading::inspect[0m[2m:[0m Delta of (recursive) [InitializedClass]: ((), (), 3488)
[2m2025-07-29T01:01:33.569142Z[0m [32m INFO[0m [2mexecuting::dataflow[0m[2m:[0m 32.635369721s:	Dataflow executed
[2m2025-07-29T01:01:33.712334Z[0m [32m INFO[0m [2mexecuting[0m[2m:[0m success query
