[2m2025-07-29T01:05:45.099980Z[0m [32m INFO[0m [2mexecuting::dataflow[0m[2m:[0m 204.921197ms:	Dataflow assembled
[2m2025-07-29T01:05:45.706765Z[0m [32m INFO[0m [2mexecuting::dataflow[0m[2m:[0m 811.717853ms:	Data loaded for DirectSuperclass
[2m2025-07-29T01:05:45.706817Z[0m [32m INFO[0m [2mexecuting::dataflow[0m[2m:[0m 811.776353ms:	Data loaded for DirectSuperinterface
[2m2025-07-29T01:05:45.706829Z[0m [32m INFO[0m [2mexecuting::dataflow[0m[2m:[0m 811.788526ms:	Data loaded for MainClass
[2m2025-07-29T01:05:45.706843Z[0m [32m INFO[0m [2mexecuting::dataflow[0m[2m:[0m 811.802272ms:	Data loaded for FormalParam
[2m2025-07-29T01:05:45.706855Z[0m [32m INFO[0m [2mexecuting::dataflow[0m[2m:[0m 811.813974ms:	Data loaded for ComponentType
[2m2025-07-29T01:05:45.706863Z[0m [32m INFO[0m [2mexecuting::dataflow[0m[2m:[0m 811.82233ms:	Data loaded for AssignReturnValue
[2m2025-07-29T01:05:45.706871Z[0m [32m INFO[0m [2mexecuting::dataflow[0m[2m:[0m 811.830305ms:	Data loaded for ActualParam
[2m2025-07-29T01:05:45.706878Z[0m [32m INFO[0m [2mexecuting::dataflow[0m[2m:[0m 811.837659ms:	Data loaded for Method_Modifier
[2m2025-07-29T01:05:45.706887Z[0m [32m INFO[0m [2mexecuting::dataflow[0m[2m:[0m 811.846836ms:	Data loaded for Var_Type
[2m2025-07-29T01:05:45.706895Z[0m [32m INFO[0m [2mexecuting::dataflow[0m[2m:[0m 811.85437ms:	Data loaded for HeapAllocation_Type
[2m2025-07-29T01:05:45.706906Z[0m [32m INFO[0m [2mexecuting::dataflow[0m[2m:[0m 811.865792ms:	Data loaded for _ClassType
[2m2025-07-29T01:05:45.706919Z[0m [32m INFO[0m [2mexecuting::dataflow[0m[2m:[0m 811.877965ms:	Data loaded for _ArrayType
[2m2025-07-29T01:05:45.706928Z[0m [32m INFO[0m [2mexecuting::dataflow[0m[2m:[0m 811.887182ms:	Data loaded for _InterfaceType
[2m2025-07-29T01:05:45.706936Z[0m [32m INFO[0m [2mexecuting::dataflow[0m[2m:[0m 811.895588ms:	Data loaded for _Var_DeclaringMethod
[2m2025-07-29T01:05:45.706944Z[0m [32m INFO[0m [2mexecuting::dataflow[0m[2m:[0m 811.903483ms:	Data loaded for _ApplicationClass
[2m2025-07-29T01:05:45.706953Z[0m [32m INFO[0m [2mexecuting::dataflow[0m[2m:[0m 811.911979ms:	Data loaded for _ThisVar
[2m2025-07-29T01:05:45.706959Z[0m [32m INFO[0m [2mexecuting::dataflow[0m[2m:[0m 811.918351ms:	Data loaded for _NormalHeap
[2m2025-07-29T01:05:45.706968Z[0m [32m INFO[0m [2mexecuting::dataflow[0m[2m:[0m 811.927007ms:	Data loaded for _StringConstant
[2m2025-07-29T01:05:45.707000Z[0m [32m INFO[0m [2mexecuting::dataflow[0m[2m:[0m 811.958977ms:	Data loaded for _AssignHeapAllocation
[2m2025-07-29T01:05:45.707020Z[0m [32m INFO[0m [2mexecuting::dataflow[0m[2m:[0m 811.979005ms:	Data loaded for _AssignLocal
[2m2025-07-29T01:05:45.707055Z[0m [32m INFO[0m [2mexecuting::dataflow[0m[2m:[0m 812.014722ms:	Data loaded for _AssignCast
[2m2025-07-29T01:05:45.707066Z[0m [32m INFO[0m [2mexecuting::dataflow[0m[2m:[0m 812.025522ms:	Data loaded for _Field
[2m2025-07-29T01:05:45.707082Z[0m [32m INFO[0m [2mexecuting::dataflow[0m[2m:[0m 812.041482ms:	Data loaded for _StaticMethodInvocation
[2m2025-07-29T01:05:45.707094Z[0m [32m INFO[0m [2mexecuting::dataflow[0m[2m:[0m 812.052984ms:	Data loaded for _SpecialMethodInvocation
[2m2025-07-29T01:05:45.707127Z[0m [32m INFO[0m [2mexecuting::dataflow[0m[2m:[0m 812.086076ms:	Data loaded for _VirtualMethodInvocation
[2m2025-07-29T01:05:45.707143Z[0m [32m INFO[0m [2mexecuting::dataflow[0m[2m:[0m 812.102527ms:	Data loaded for _Method
[2m2025-07-29T01:05:45.707156Z[0m [32m INFO[0m [2mexecuting::dataflow[0m[2m:[0m 812.115682ms:	Data loaded for Method_Descriptor
[2m2025-07-29T01:05:45.707189Z[0m [32m INFO[0m [2mexecuting::dataflow[0m[2m:[0m 812.148374ms:	Data loaded for _StoreInstanceField
[2m2025-07-29T01:05:45.707540Z[0m [32m INFO[0m [2mexecuting::dataflow[0m[2m:[0m 812.498863ms:	Data loaded for _LoadInstanceField
[2m2025-07-29T01:05:45.707567Z[0m [32m INFO[0m [2mexecuting::dataflow[0m[2m:[0m 812.526285ms:	Data loaded for _StoreStaticField
[2m2025-07-29T01:05:45.707625Z[0m [32m INFO[0m [2mexecuting::dataflow[0m[2m:[0m 812.584364ms:	Data loaded for _LoadStaticField
[2m2025-07-29T01:05:45.707654Z[0m [32m INFO[0m [2mexecuting::dataflow[0m[2m:[0m 812.613259ms:	Data loaded for _StoreArrayIndex
[2m2025-07-29T01:05:45.707683Z[0m [32m INFO[0m [2mexecuting::dataflow[0m[2m:[0m 812.642704ms:	Data loaded for _LoadArrayIndex
[2m2025-07-29T01:05:45.707697Z[0m [32m INFO[0m [2mexecuting::dataflow[0m[2m:[0m 812.65679ms:	Data loaded for _Return
[2m2025-07-29T01:05:46.009864Z[0m [32m INFO[0m [2mreading::inspect[0m[2m:[0m Delta of (recursive) [Subclass]: ((), (), 17499)
[2m2025-07-29T01:05:46.015920Z[0m [32m INFO[0m [2mreading::inspect[0m[2m:[0m Delta of (recursive) [Superinterface]: ((), (), 16501)
[2m2025-07-29T01:06:13.625426Z[0m [32m INFO[0m [2mreading::inspect[0m[2m:[0m Delta of (recursive) [SubtypeOf]: ((), (), 48824)
[2m2025-07-29T01:07:29.859640Z[0m [32m INFO[0m [2mreading::inspect[0m[2m:[0m Delta of (recursive) [MethodLookup]: ((), (), 407629)
[2m2025-07-29T01:07:41.173273Z[0m [32m INFO[0m [2mreading::inspect[0m[2m:[0m Delta of (recursive) [InstanceFieldPointsTo]: ((), (), 14110900)
[2m2025-07-29T01:07:41.173370Z[0m [32m INFO[0m [2mreading::inspect[0m[2m:[0m Delta of (recursive) [Reachable]: ((), (), 16806)
[2m2025-07-29T01:07:41.173403Z[0m [32m INFO[0m [2mreading::inspect[0m[2m:[0m Delta of (recursive) [StaticFieldPointsTo]: ((), (), 61324)
[2m2025-07-29T01:07:41.173998Z[0m [32m INFO[0m [2mreading::inspect[0m[2m:[0m Delta of (recursive) [VarPointsTo]: ((), (), 39498905)
[2m2025-07-29T01:07:41.174094Z[0m [32m INFO[0m [2mreading::inspect[0m[2m:[0m Delta of (recursive) [ArrayIndexPointsTo]: ((), (), 314695)
[2m2025-07-29T01:07:41.174105Z[0m [32m INFO[0m [2mreading::inspect[0m[2m:[0m Delta of (recursive) [Assign]: ((), (), 155849)
[2m2025-07-29T01:07:41.174118Z[0m [32m INFO[0m [2mreading::inspect[0m[2m:[0m Delta of (recursive) [CallGraphEdge]: ((), (), 85000)
[2m2025-07-29T01:07:41.174132Z[0m [32m INFO[0m [2mreading::inspect[0m[2m:[0m Delta of (recursive) [InitializedClass]: ((), (), 3488)
[2m2025-07-29T01:07:41.193087Z[0m [32m INFO[0m [2mexecuting::dataflow[0m[2m:[0m 116.297978377s:	Dataflow executed
[2m2025-07-29T01:07:41.277607Z[0m [32m INFO[0m [2mexecuting[0m[2m:[0m success query
