[2m2025-08-11T18:07:45.498621Z[0m [32m INFO[0m [2mexecuting::dataflow[0m[2m:[0m 361.535914ms:	Dataflow assembled
[2m2025-08-11T18:07:46.013796Z[0m [32m INFO[0m [2mexecuting::dataflow[0m[2m:[0m 876.714707ms:	Data loaded for DirectSuperclass
[2m2025-08-11T18:07:46.014008Z[0m [32m INFO[0m [2mexecuting::dataflow[0m[2m:[0m 876.942667ms:	Data loaded for DirectSuperinterface
[2m2025-08-11T18:07:46.014069Z[0m [32m INFO[0m [2mexecuting::dataflow[0m[2m:[0m 877.003873ms:	Data loaded for MainClass
[2m2025-08-11T18:07:46.014130Z[0m [32m INFO[0m [2mexecuting::dataflow[0m[2m:[0m 877.064026ms:	Data loaded for FormalParam
[2m2025-08-11T18:07:46.014188Z[0m [32m INFO[0m [2mexecuting::dataflow[0m[2m:[0m 877.122206ms:	Data loaded for ComponentType
[2m2025-08-11T18:07:46.014243Z[0m [32m INFO[0m [2mexecuting::dataflow[0m[2m:[0m 877.17714ms:	Data loaded for AssignReturnValue
[2m2025-08-11T18:07:46.014297Z[0m [32m INFO[0m [2mexecuting::dataflow[0m[2m:[0m 877.230941ms:	Data loaded for ActualParam
[2m2025-08-11T18:07:46.014349Z[0m [32m INFO[0m [2mexecuting::dataflow[0m[2m:[0m 877.283781ms:	Data loaded for Method_Modifier
[2m2025-08-11T18:07:46.014409Z[0m [32m INFO[0m [2mexecuting::dataflow[0m[2m:[0m 877.342873ms:	Data loaded for Var_Type
[2m2025-08-11T18:07:46.014465Z[0m [32m INFO[0m [2mexecuting::dataflow[0m[2m:[0m 877.399129ms:	Data loaded for HeapAllocation_Type
[2m2025-08-11T18:07:46.014521Z[0m [32m INFO[0m [2mexecuting::dataflow[0m[2m:[0m 877.455575ms:	Data loaded for _ClassType
[2m2025-08-11T18:07:46.014582Z[0m [32m INFO[0m [2mexecuting::dataflow[0m[2m:[0m 877.516711ms:	Data loaded for _ArrayType
[2m2025-08-11T18:07:46.014639Z[0m [32m INFO[0m [2mexecuting::dataflow[0m[2m:[0m 877.573298ms:	Data loaded for _InterfaceType
[2m2025-08-11T18:07:46.014693Z[0m [32m INFO[0m [2mexecuting::dataflow[0m[2m:[0m 877.62741ms:	Data loaded for _Var_DeclaringMethod
[2m2025-08-11T18:07:46.014747Z[0m [32m INFO[0m [2mexecuting::dataflow[0m[2m:[0m 877.681221ms:	Data loaded for _ApplicationClass
[2m2025-08-11T18:07:46.014802Z[0m [32m INFO[0m [2mexecuting::dataflow[0m[2m:[0m 877.736436ms:	Data loaded for _ThisVar
[2m2025-08-11T18:07:46.014855Z[0m [32m INFO[0m [2mexecuting::dataflow[0m[2m:[0m 877.789886ms:	Data loaded for _NormalHeap
[2m2025-08-11T18:07:46.014909Z[0m [32m INFO[0m [2mexecuting::dataflow[0m[2m:[0m 877.843858ms:	Data loaded for _StringConstant
[2m2025-08-11T18:07:46.014999Z[0m [32m INFO[0m [2mexecuting::dataflow[0m[2m:[0m 877.932926ms:	Data loaded for _AssignHeapAllocation
[2m2025-08-11T18:07:46.015059Z[0m [32m INFO[0m [2mexecuting::dataflow[0m[2m:[0m 877.993491ms:	Data loaded for _AssignLocal
[2m2025-08-11T18:07:46.015171Z[0m [32m INFO[0m [2mexecuting::dataflow[0m[2m:[0m 878.104961ms:	Data loaded for _AssignCast
[2m2025-08-11T18:07:46.015228Z[0m [32m INFO[0m [2mexecuting::dataflow[0m[2m:[0m 878.162149ms:	Data loaded for _Field
[2m2025-08-11T18:07:46.015302Z[0m [32m INFO[0m [2mexecuting::dataflow[0m[2m:[0m 878.235969ms:	Data loaded for _StaticMethodInvocation
[2m2025-08-11T18:07:46.015362Z[0m [32m INFO[0m [2mexecuting::dataflow[0m[2m:[0m 878.296433ms:	Data loaded for _SpecialMethodInvocation
[2m2025-08-11T18:07:46.015476Z[0m [32m INFO[0m [2mexecuting::dataflow[0m[2m:[0m 878.410708ms:	Data loaded for _VirtualMethodInvocation
[2m2025-08-11T18:07:46.015541Z[0m [32m INFO[0m [2mexecuting::dataflow[0m[2m:[0m 878.47522ms:	Data loaded for _Method
[2m2025-08-11T18:07:46.015596Z[0m [32m INFO[0m [2mexecuting::dataflow[0m[2m:[0m 878.529984ms:	Data loaded for Method_Descriptor
[2m2025-08-11T18:07:46.015707Z[0m [32m INFO[0m [2mexecuting::dataflow[0m[2m:[0m 878.641083ms:	Data loaded for _StoreInstanceField
[2m2025-08-11T18:07:46.015856Z[0m [32m INFO[0m [2mexecuting::dataflow[0m[2m:[0m 878.789874ms:	Data loaded for _LoadInstanceField
[2m2025-08-11T18:07:46.015922Z[0m [32m INFO[0m [2mexecuting::dataflow[0m[2m:[0m 878.856009ms:	Data loaded for _StoreStaticField
[2m2025-08-11T18:07:46.016045Z[0m [32m INFO[0m [2mexecuting::dataflow[0m[2m:[0m 878.979001ms:	Data loaded for _LoadStaticField
[2m2025-08-11T18:07:46.016137Z[0m [32m INFO[0m [2mexecuting::dataflow[0m[2m:[0m 879.071365ms:	Data loaded for _StoreArrayIndex
[2m2025-08-11T18:07:46.016218Z[0m [32m INFO[0m [2mexecuting::dataflow[0m[2m:[0m 879.152058ms:	Data loaded for _LoadArrayIndex
[2m2025-08-11T18:07:46.016294Z[0m [32m INFO[0m [2mexecuting::dataflow[0m[2m:[0m 879.228682ms:	Data loaded for _Return
[2m2025-08-11T18:07:46.403541Z[0m [32m INFO[0m [2mreading::inspect[0m[2m:[0m Delta of (recursive) [Superinterface]: ((), (), 16501)
[2m2025-08-11T18:07:46.403930Z[0m [32m INFO[0m [2mreading::inspect[0m[2m:[0m Delta of (recursive) [Subclass]: ((), (), 17499)
[2m2025-08-11T18:07:46.442616Z[0m [32m INFO[0m [2mreading::inspect[0m[2m:[0m Delta of (recursive) [SubtypeOf]: ((), (), 48824)
[2m2025-08-11T18:07:46.471649Z[0m [32m INFO[0m [2mreading::inspect[0m[2m:[0m Delta of (recursive) [MethodLookup]: ((), (), 407629)
[2m2025-08-11T18:08:08.439315Z[0m [32m INFO[0m [2mreading::inspect[0m[2m:[0m Delta of (recursive) [ArrayIndexPointsTo]: ((), (), 314695)
[2m2025-08-11T18:08:08.439926Z[0m [32m INFO[0m [2mreading::inspect[0m[2m:[0m Delta of (recursive) [Assign]: ((), (), 155849)
[2m2025-08-11T18:08:08.439947Z[0m [32m INFO[0m [2mreading::inspect[0m[2m:[0m Delta of (recursive) [CallGraphEdge]: ((), (), 85000)
[2m2025-08-11T18:08:08.439996Z[0m [32m INFO[0m [2mreading::inspect[0m[2m:[0m Delta of (recursive) [InitializedClass]: ((), (), 3488)
[2m2025-08-11T18:08:08.445127Z[0m [32m INFO[0m [2mreading::inspect[0m[2m:[0m Delta of (recursive) [InstanceFieldPointsTo]: ((), (), 14110900)
[2m2025-08-11T18:08:08.445164Z[0m [32m INFO[0m [2mreading::inspect[0m[2m:[0m Delta of (recursive) [Reachable]: ((), (), 16806)
[2m2025-08-11T18:08:08.445193Z[0m [32m INFO[0m [2mreading::inspect[0m[2m:[0m Delta of (recursive) [StaticFieldPointsTo]: ((), (), 61324)
[2m2025-08-11T18:08:08.447081Z[0m [32m INFO[0m [2mreading::inspect[0m[2m:[0m Delta of (recursive) [VarPointsTo]: ((), (), 39498905)
[2m2025-08-11T18:08:08.529462Z[0m [32m INFO[0m [2mexecuting::dataflow[0m[2m:[0m 23.392369016s:	Dataflow executed
[2m2025-08-11T18:08:08.688033Z[0m [32m INFO[0m [2mexecuting[0m[2m:[0m success query
