[2m2025-08-11T18:03:05.022638Z[0m [32m INFO[0m [2mexecuting::dataflow[0m[2m:[0m 106.853865ms:	Dataflow assembled
[2m2025-08-11T18:03:05.520321Z[0m [32m INFO[0m [2mexecuting::dataflow[0m[2m:[0m 604.549167ms:	Data loaded for DirectSuperclass
[2m2025-08-11T18:03:05.520474Z[0m [32m INFO[0m [2mexecuting::dataflow[0m[2m:[0m 604.706664ms:	Data loaded for DirectSuperinterface
[2m2025-08-11T18:03:05.520527Z[0m [32m INFO[0m [2mexecuting::dataflow[0m[2m:[0m 604.759845ms:	Data loaded for MainClass
[2m2025-08-11T18:03:05.520544Z[0m [32m INFO[0m [2mexecuting::dataflow[0m[2m:[0m 604.777167ms:	Data loaded for FormalParam
[2m2025-08-11T18:03:05.520558Z[0m [32m INFO[0m [2mexecuting::dataflow[0m[2m:[0m 604.791474ms:	Data loaded for ComponentType
[2m2025-08-11T18:03:05.520569Z[0m [32m INFO[0m [2mexecuting::dataflow[0m[2m:[0m 604.801684ms:	Data loaded for AssignReturnValue
[2m2025-08-11T18:03:05.520579Z[0m [32m INFO[0m [2mexecuting::dataflow[0m[2m:[0m 604.812364ms:	Data loaded for ActualParam
[2m2025-08-11T18:03:05.520588Z[0m [32m INFO[0m [2mexecuting::dataflow[0m[2m:[0m 604.82097ms:	Data loaded for Method_Modifier
[2m2025-08-11T18:03:05.520599Z[0m [32m INFO[0m [2mexecuting::dataflow[0m[2m:[0m 604.831981ms:	Data loaded for Var_Type
[2m2025-08-11T18:03:05.520608Z[0m [32m INFO[0m [2mexecuting::dataflow[0m[2m:[0m 604.841288ms:	Data loaded for HeapAllocation_Type
[2m2025-08-11T18:03:05.520621Z[0m [32m INFO[0m [2mexecuting::dataflow[0m[2m:[0m 604.853872ms:	Data loaded for _ClassType
[2m2025-08-11T18:03:05.520635Z[0m [32m INFO[0m [2mexecuting::dataflow[0m[2m:[0m 604.868239ms:	Data loaded for _ArrayType
[2m2025-08-11T18:03:05.520647Z[0m [32m INFO[0m [2mexecuting::dataflow[0m[2m:[0m 604.880402ms:	Data loaded for _InterfaceType
[2m2025-08-11T18:03:05.520658Z[0m [32m INFO[0m [2mexecuting::dataflow[0m[2m:[0m 604.890642ms:	Data loaded for _Var_DeclaringMethod
[2m2025-08-11T18:03:05.520668Z[0m [32m INFO[0m [2mexecuting::dataflow[0m[2m:[0m 604.900631ms:	Data loaded for _ApplicationClass
[2m2025-08-11T18:03:05.520677Z[0m [32m INFO[0m [2mexecuting::dataflow[0m[2m:[0m 604.910279ms:	Data loaded for _ThisVar
[2m2025-08-11T18:03:05.520685Z[0m [32m INFO[0m [2mexecuting::dataflow[0m[2m:[0m 604.917623ms:	Data loaded for _NormalHeap
[2m2025-08-11T18:03:05.520695Z[0m [32m INFO[0m [2mexecuting::dataflow[0m[2m:[0m 604.927722ms:	Data loaded for _StringConstant
[2m2025-08-11T18:03:05.520721Z[0m [32m INFO[0m [2mexecuting::dataflow[0m[2m:[0m 604.954041ms:	Data loaded for _AssignHeapAllocation
[2m2025-08-11T18:03:05.520736Z[0m [32m INFO[0m [2mexecuting::dataflow[0m[2m:[0m 604.96943ms:	Data loaded for _AssignLocal
[2m2025-08-11T18:03:05.520772Z[0m [32m INFO[0m [2mexecuting::dataflow[0m[2m:[0m 605.005128ms:	Data loaded for _AssignCast
[2m2025-08-11T18:03:05.520781Z[0m [32m INFO[0m [2mexecuting::dataflow[0m[2m:[0m 605.013824ms:	Data loaded for _Field
[2m2025-08-11T18:03:05.520801Z[0m [32m INFO[0m [2mexecuting::dataflow[0m[2m:[0m 605.034072ms:	Data loaded for _StaticMethodInvocation
[2m2025-08-11T18:03:05.520813Z[0m [32m INFO[0m [2mexecuting::dataflow[0m[2m:[0m 605.046516ms:	Data loaded for _SpecialMethodInvocation
[2m2025-08-11T18:03:05.520847Z[0m [32m INFO[0m [2mexecuting::dataflow[0m[2m:[0m 605.079709ms:	Data loaded for _VirtualMethodInvocation
[2m2025-08-11T18:03:05.520861Z[0m [32m INFO[0m [2mexecuting::dataflow[0m[2m:[0m 605.093986ms:	Data loaded for _Method
[2m2025-08-11T18:03:05.520873Z[0m [32m INFO[0m [2mexecuting::dataflow[0m[2m:[0m 605.106379ms:	Data loaded for Method_Descriptor
[2m2025-08-11T18:03:05.520904Z[0m [32m INFO[0m [2mexecuting::dataflow[0m[2m:[0m 605.137297ms:	Data loaded for _StoreInstanceField
[2m2025-08-11T18:03:05.520941Z[0m [32m INFO[0m [2mexecuting::dataflow[0m[2m:[0m 605.174538ms:	Data loaded for _LoadInstanceField
[2m2025-08-11T18:03:05.520954Z[0m [32m INFO[0m [2mexecuting::dataflow[0m[2m:[0m 605.187191ms:	Data loaded for _StoreStaticField
[2m2025-08-11T18:03:05.521008Z[0m [32m INFO[0m [2mexecuting::dataflow[0m[2m:[0m 605.240682ms:	Data loaded for _LoadStaticField
[2m2025-08-11T18:03:05.521034Z[0m [32m INFO[0m [2mexecuting::dataflow[0m[2m:[0m 605.266672ms:	Data loaded for _StoreArrayIndex
[2m2025-08-11T18:03:05.521067Z[0m [32m INFO[0m [2mexecuting::dataflow[0m[2m:[0m 605.300345ms:	Data loaded for _LoadArrayIndex
[2m2025-08-11T18:03:05.521081Z[0m [32m INFO[0m [2mexecuting::dataflow[0m[2m:[0m 605.314522ms:	Data loaded for _Return
[2m2025-08-11T18:03:05.759631Z[0m [32m INFO[0m [2mreading::inspect[0m[2m:[0m Delta of (recursive) [Superinterface]: ((), (), 16501)
[2m2025-08-11T18:03:05.763620Z[0m [32m INFO[0m [2mreading::inspect[0m[2m:[0m Delta of (recursive) [Subclass]: ((), (), 17499)
[2m2025-08-11T18:03:07.213052Z[0m [32m INFO[0m [2mreading::inspect[0m[2m:[0m Delta of (recursive) [SubtypeOf]: ((), (), 48824)
[2m2025-08-11T18:04:17.046125Z[0m [32m INFO[0m [2mreading::inspect[0m[2m:[0m Delta of (recursive) [MethodLookup]: ((), (), 407629)
[2m2025-08-11T18:04:27.164851Z[0m [32m INFO[0m [2mreading::inspect[0m[2m:[0m Delta of (recursive) [ArrayIndexPointsTo]: ((), (), 314695)
[2m2025-08-11T18:04:27.164952Z[0m [32m INFO[0m [2mreading::inspect[0m[2m:[0m Delta of (recursive) [Assign]: ((), (), 155849)
[2m2025-08-11T18:04:27.165004Z[0m [32m INFO[0m [2mreading::inspect[0m[2m:[0m Delta of (recursive) [CallGraphEdge]: ((), (), 85000)
[2m2025-08-11T18:04:27.165057Z[0m [32m INFO[0m [2mreading::inspect[0m[2m:[0m Delta of (recursive) [InitializedClass]: ((), (), 3488)
[2m2025-08-11T18:04:27.167829Z[0m [32m INFO[0m [2mreading::inspect[0m[2m:[0m Delta of (recursive) [InstanceFieldPointsTo]: ((), (), 14110900)
[2m2025-08-11T18:04:27.167861Z[0m [32m INFO[0m [2mreading::inspect[0m[2m:[0m Delta of (recursive) [Reachable]: ((), (), 16806)
[2m2025-08-11T18:04:27.167888Z[0m [32m INFO[0m [2mreading::inspect[0m[2m:[0m Delta of (recursive) [StaticFieldPointsTo]: ((), (), 61324)
[2m2025-08-11T18:04:27.168375Z[0m [32m INFO[0m [2mreading::inspect[0m[2m:[0m Delta of (recursive) [VarPointsTo]: ((), (), 39498905)
[2m2025-08-11T18:04:27.178686Z[0m [32m INFO[0m [2mexecuting::dataflow[0m[2m:[0m 82.262909132s:	Dataflow executed
[2m2025-08-11T18:04:27.480401Z[0m [32m INFO[0m [2mexecuting[0m[2m:[0m success query
