[2m2025-07-29T00:32:38.358347Z[0m [32m INFO[0m [2mexecuting::dataflow[0m[2m:[0m 263.864724ms:	Dataflow assembled
[2m2025-07-29T00:32:38.971820Z[0m [32m INFO[0m [2mexecuting::dataflow[0m[2m:[0m 877.35947ms:	Data loaded for DirectSuperclass
[2m2025-07-29T00:32:38.971898Z[0m [32m INFO[0m [2mexecuting::dataflow[0m[2m:[0m 877.443629ms:	Data loaded for DirectSuperinterface
[2m2025-07-29T00:32:38.971914Z[0m [32m INFO[0m [2mexecuting::dataflow[0m[2m:[0m 877.46035ms:	Data loaded for MainClass
[2m2025-07-29T00:32:38.971931Z[0m [32m INFO[0m [2mexecuting::dataflow[0m[2m:[0m 877.477392ms:	Data loaded for FormalParam
[2m2025-07-29T00:32:38.971946Z[0m [32m INFO[0m [2mexecuting::dataflow[0m[2m:[0m 877.49207ms:	Data loaded for ComponentType
[2m2025-07-29T00:32:38.971957Z[0m [32m INFO[0m [2mexecuting::dataflow[0m[2m:[0m 877.503191ms:	Data loaded for AssignReturnValue
[2m2025-07-29T00:32:38.971968Z[0m [32m INFO[0m [2mexecuting::dataflow[0m[2m:[0m 877.513701ms:	Data loaded for ActualParam
[2m2025-07-29T00:32:38.971978Z[0m [32m INFO[0m [2mexecuting::dataflow[0m[2m:[0m 877.52414ms:	Data loaded for Method_Modifier
[2m2025-07-29T00:32:38.971990Z[0m [32m INFO[0m [2mexecuting::dataflow[0m[2m:[0m 877.536263ms:	Data loaded for Var_Type
[2m2025-07-29T00:32:38.972000Z[0m [32m INFO[0m [2mexecuting::dataflow[0m[2m:[0m 877.546071ms:	Data loaded for HeapAllocation_Type
[2m2025-07-29T00:32:38.972017Z[0m [32m INFO[0m [2mexecuting::dataflow[0m[2m:[0m 877.562583ms:	Data loaded for _ClassType
[2m2025-07-29T00:32:38.972032Z[0m [32m INFO[0m [2mexecuting::dataflow[0m[2m:[0m 877.577781ms:	Data loaded for _ArrayType
[2m2025-07-29T00:32:38.972046Z[0m [32m INFO[0m [2mexecuting::dataflow[0m[2m:[0m 877.591828ms:	Data loaded for _InterfaceType
[2m2025-07-29T00:32:38.972057Z[0m [32m INFO[0m [2mexecuting::dataflow[0m[2m:[0m 877.602918ms:	Data loaded for _Var_DeclaringMethod
[2m2025-07-29T00:32:38.972067Z[0m [32m INFO[0m [2mexecuting::dataflow[0m[2m:[0m 877.613619ms:	Data loaded for _ApplicationClass
[2m2025-07-29T00:32:38.972079Z[0m [32m INFO[0m [2mexecuting::dataflow[0m[2m:[0m 877.625601ms:	Data loaded for _ThisVar
[2m2025-07-29T00:32:38.972089Z[0m [32m INFO[0m [2mexecuting::dataflow[0m[2m:[0m 877.634798ms:	Data loaded for _NormalHeap
[2m2025-07-29T00:32:38.972101Z[0m [32m INFO[0m [2mexecuting::dataflow[0m[2m:[0m 877.647232ms:	Data loaded for _StringConstant
[2m2025-07-29T00:32:38.972139Z[0m [32m INFO[0m [2mexecuting::dataflow[0m[2m:[0m 877.685083ms:	Data loaded for _AssignHeapAllocation
[2m2025-07-29T00:32:38.972161Z[0m [32m INFO[0m [2mexecuting::dataflow[0m[2m:[0m 877.706754ms:	Data loaded for _AssignLocal
[2m2025-07-29T00:32:38.972195Z[0m [32m INFO[0m [2mexecuting::dataflow[0m[2m:[0m 877.741149ms:	Data loaded for _AssignCast
[2m2025-07-29T00:32:38.972209Z[0m [32m INFO[0m [2mexecuting::dataflow[0m[2m:[0m 877.755165ms:	Data loaded for _Field
[2m2025-07-29T00:32:38.972228Z[0m [32m INFO[0m [2mexecuting::dataflow[0m[2m:[0m 877.77386ms:	Data loaded for _StaticMethodInvocation
[2m2025-07-29T00:32:38.972241Z[0m [32m INFO[0m [2mexecuting::dataflow[0m[2m:[0m 877.786734ms:	Data loaded for _SpecialMethodInvocation
[2m2025-07-29T00:32:38.972276Z[0m [32m INFO[0m [2mexecuting::dataflow[0m[2m:[0m 877.8217ms:	Data loaded for _VirtualMethodInvocation
[2m2025-07-29T00:32:38.972295Z[0m [32m INFO[0m [2mexecuting::dataflow[0m[2m:[0m 877.841357ms:	Data loaded for _Method
[2m2025-07-29T00:32:38.972307Z[0m [32m INFO[0m [2mexecuting::dataflow[0m[2m:[0m 877.85353ms:	Data loaded for Method_Descriptor
[2m2025-07-29T00:32:38.972345Z[0m [32m INFO[0m [2mexecuting::dataflow[0m[2m:[0m 877.89065ms:	Data loaded for _StoreInstanceField
[2m2025-07-29T00:32:38.972389Z[0m [32m INFO[0m [2mexecuting::dataflow[0m[2m:[0m 877.935164ms:	Data loaded for _LoadInstanceField
[2m2025-07-29T00:32:38.972406Z[0m [32m INFO[0m [2mexecuting::dataflow[0m[2m:[0m 877.952066ms:	Data loaded for _StoreStaticField
[2m2025-07-29T00:32:38.972479Z[0m [32m INFO[0m [2mexecuting::dataflow[0m[2m:[0m 878.025143ms:	Data loaded for _LoadStaticField
[2m2025-07-29T00:32:38.972508Z[0m [32m INFO[0m [2mexecuting::dataflow[0m[2m:[0m 878.054178ms:	Data loaded for _StoreArrayIndex
[2m2025-07-29T00:32:38.972540Z[0m [32m INFO[0m [2mexecuting::dataflow[0m[2m:[0m 878.086479ms:	Data loaded for _LoadArrayIndex
[2m2025-07-29T00:32:38.972558Z[0m [32m INFO[0m [2mexecuting::dataflow[0m[2m:[0m 878.104442ms:	Data loaded for _Return
[2m2025-07-29T00:32:39.262554Z[0m [32m INFO[0m [2mreading::inspect[0m[2m:[0m Delta of (recursive) [Subclass]: ((), (), 17499)
[2m2025-07-29T00:32:39.262890Z[0m [32m INFO[0m [2mreading::inspect[0m[2m:[0m Delta of (recursive) [Superinterface]: ((), (), 16501)
[2m2025-07-29T00:33:13.564529Z[0m [32m INFO[0m [2mreading::inspect[0m[2m:[0m Delta of (recursive) [SubtypeOf]: ((), (), 48824)
[2m2025-07-29T00:34:29.147512Z[0m [32m INFO[0m [2mreading::inspect[0m[2m:[0m Delta of (recursive) [MethodLookup]: ((), (), 407629)
[2m2025-07-29T00:41:39.939989Z[0m [32m INFO[0m [2mreading::inspect[0m[2m:[0m Delta of (recursive) [ArrayIndexPointsTo]: ((), (), 314695)
[2m2025-07-29T00:41:39.940157Z[0m [32m INFO[0m [2mreading::inspect[0m[2m:[0m Delta of (recursive) [Assign]: ((), (), 155849)
[2m2025-07-29T00:41:39.940213Z[0m [32m INFO[0m [2mreading::inspect[0m[2m:[0m Delta of (recursive) [CallGraphEdge]: ((), (), 85000)
[2m2025-07-29T00:41:39.940298Z[0m [32m INFO[0m [2mreading::inspect[0m[2m:[0m Delta of (recursive) [InitializedClass]: ((), (), 3488)
[2m2025-07-29T00:41:39.942707Z[0m [32m INFO[0m [2mreading::inspect[0m[2m:[0m Delta of (recursive) [InstanceFieldPointsTo]: ((), (), 14110900)
[2m2025-07-29T00:41:39.942754Z[0m [32m INFO[0m [2mreading::inspect[0m[2m:[0m Delta of (recursive) [Reachable]: ((), (), 16806)
[2m2025-07-29T00:41:39.942796Z[0m [32m INFO[0m [2mreading::inspect[0m[2m:[0m Delta of (recursive) [StaticFieldPointsTo]: ((), (), 61324)
[2m2025-07-29T00:41:39.945377Z[0m [32m INFO[0m [2mreading::inspect[0m[2m:[0m Delta of (recursive) [VarPointsTo]: ((), (), 39498905)
[2m2025-07-29T00:41:39.958200Z[0m [32m INFO[0m [2mexecuting::dataflow[0m[2m:[0m 541.862456927s:	Dataflow executed
[2m2025-07-29T00:41:40.037201Z[0m [32m INFO[0m [2mexecuting[0m[2m:[0m success query
