[2m2025-07-29T00:31:56.128040Z[0m [32m INFO[0m [2mexecuting::dataflow[0m[2m:[0m 774.474367ms:	Dataflow assembled
[2m2025-07-29T00:31:56.743650Z[0m [32m INFO[0m [2mexecuting::dataflow[0m[2m:[0m 1.390100795s:	Data loaded for DirectSuperclass
[2m2025-07-29T00:31:56.743738Z[0m [32m INFO[0m [2mexecuting::dataflow[0m[2m:[0m 1.390194973s:	Data loaded for DirectSuperinterface
[2m2025-07-29T00:31:56.743751Z[0m [32m INFO[0m [2mexecuting::dataflow[0m[2m:[0m 1.390208328s:	Data loaded for MainClass
[2m2025-07-29T00:31:56.743765Z[0m [32m INFO[0m [2mexecuting::dataflow[0m[2m:[0m 1.390221723s:	Data loaded for FormalParam
[2m2025-07-29T00:31:56.743777Z[0m [32m INFO[0m [2mexecuting::dataflow[0m[2m:[0m 1.390234206s:	Data loaded for ComponentType
[2m2025-07-29T00:31:56.743786Z[0m [32m INFO[0m [2mexecuting::dataflow[0m[2m:[0m 1.390243023s:	Data loaded for AssignReturnValue
[2m2025-07-29T00:31:56.743795Z[0m [32m INFO[0m [2mexecuting::dataflow[0m[2m:[0m 1.390252421s:	Data loaded for ActualParam
[2m2025-07-29T00:31:56.743804Z[0m [32m INFO[0m [2mexecuting::dataflow[0m[2m:[0m 1.390260857s:	Data loaded for Method_Modifier
[2m2025-07-29T00:31:56.743820Z[0m [32m INFO[0m [2mexecuting::dataflow[0m[2m:[0m 1.390276897s:	Data loaded for Var_Type
[2m2025-07-29T00:31:56.743829Z[0m [32m INFO[0m [2mexecuting::dataflow[0m[2m:[0m 1.390286254s:	Data loaded for HeapAllocation_Type
[2m2025-07-29T00:31:56.743843Z[0m [32m INFO[0m [2mexecuting::dataflow[0m[2m:[0m 1.39029961s:	Data loaded for _ClassType
[2m2025-07-29T00:31:56.743859Z[0m [32m INFO[0m [2mexecuting::dataflow[0m[2m:[0m 1.390316431s:	Data loaded for _ArrayType
[2m2025-07-29T00:31:56.743873Z[0m [32m INFO[0m [2mexecuting::dataflow[0m[2m:[0m 1.390330508s:	Data loaded for _InterfaceType
[2m2025-07-29T00:31:56.743883Z[0m [32m INFO[0m [2mexecuting::dataflow[0m[2m:[0m 1.390340396s:	Data loaded for _Var_DeclaringMethod
[2m2025-07-29T00:31:56.743893Z[0m [32m INFO[0m [2mexecuting::dataflow[0m[2m:[0m 1.390349714s:	Data loaded for _ApplicationClass
[2m2025-07-29T00:31:56.743902Z[0m [32m INFO[0m [2mexecuting::dataflow[0m[2m:[0m 1.390359472s:	Data loaded for _ThisVar
[2m2025-07-29T00:31:56.743911Z[0m [32m INFO[0m [2mexecuting::dataflow[0m[2m:[0m 1.390368159s:	Data loaded for _NormalHeap
[2m2025-07-29T00:31:56.743922Z[0m [32m INFO[0m [2mexecuting::dataflow[0m[2m:[0m 1.39037952s:	Data loaded for _StringConstant
[2m2025-07-29T00:31:56.743971Z[0m [32m INFO[0m [2mexecuting::dataflow[0m[2m:[0m 1.390428262s:	Data loaded for _AssignHeapAllocation
[2m2025-07-29T00:31:56.744003Z[0m [32m INFO[0m [2mexecuting::dataflow[0m[2m:[0m 1.390459871s:	Data loaded for _AssignLocal
[2m2025-07-29T00:31:56.744089Z[0m [32m INFO[0m [2mexecuting::dataflow[0m[2m:[0m 1.390545883s:	Data loaded for _AssignCast
[2m2025-07-29T00:31:56.744102Z[0m [32m INFO[0m [2mexecuting::dataflow[0m[2m:[0m 1.390559228s:	Data loaded for _Field
[2m2025-07-29T00:31:56.744130Z[0m [32m INFO[0m [2mexecuting::dataflow[0m[2m:[0m 1.390587061s:	Data loaded for _StaticMethodInvocation
[2m2025-07-29T00:31:56.744141Z[0m [32m INFO[0m [2mexecuting::dataflow[0m[2m:[0m 1.390598272s:	Data loaded for _SpecialMethodInvocation
[2m2025-07-29T00:31:56.744212Z[0m [32m INFO[0m [2mexecuting::dataflow[0m[2m:[0m 1.390668564s:	Data loaded for _VirtualMethodInvocation
[2m2025-07-29T00:31:56.744239Z[0m [32m INFO[0m [2mexecuting::dataflow[0m[2m:[0m 1.390696407s:	Data loaded for _Method
[2m2025-07-29T00:31:56.744252Z[0m [32m INFO[0m [2mexecuting::dataflow[0m[2m:[0m 1.390708589s:	Data loaded for Method_Descriptor
[2m2025-07-29T00:31:56.744327Z[0m [32m INFO[0m [2mexecuting::dataflow[0m[2m:[0m 1.390784372s:	Data loaded for _StoreInstanceField
[2m2025-07-29T00:31:56.744427Z[0m [32m INFO[0m [2mexecuting::dataflow[0m[2m:[0m 1.390883739s:	Data loaded for _LoadInstanceField
[2m2025-07-29T00:31:56.744458Z[0m [32m INFO[0m [2mexecuting::dataflow[0m[2m:[0m 1.390914567s:	Data loaded for _StoreStaticField
[2m2025-07-29T00:31:56.744538Z[0m [32m INFO[0m [2mexecuting::dataflow[0m[2m:[0m 1.390995109s:	Data loaded for _LoadStaticField
[2m2025-07-29T00:31:56.744590Z[0m [32m INFO[0m [2mexecuting::dataflow[0m[2m:[0m 1.391047257s:	Data loaded for _StoreArrayIndex
[2m2025-07-29T00:31:56.744628Z[0m [32m INFO[0m [2mexecuting::dataflow[0m[2m:[0m 1.391084627s:	Data loaded for _LoadArrayIndex
[2m2025-07-29T00:31:56.744654Z[0m [32m INFO[0m [2mexecuting::dataflow[0m[2m:[0m 1.391110957s:	Data loaded for _Return
[2m2025-07-29T00:31:57.074668Z[0m [32m INFO[0m [2mreading::inspect[0m[2m:[0m Delta of (recursive) [Subclass]: ((), (), 17499)
[2m2025-07-29T00:31:57.075915Z[0m [32m INFO[0m [2mreading::inspect[0m[2m:[0m Delta of (recursive) [Superinterface]: ((), (), 16501)
[2m2025-07-29T00:31:57.122238Z[0m [32m INFO[0m [2mreading::inspect[0m[2m:[0m Delta of (recursive) [SubtypeOf]: ((), (), 48824)
[2m2025-07-29T00:31:57.132820Z[0m [32m INFO[0m [2mreading::inspect[0m[2m:[0m Delta of (recursive) [MethodLookup]: ((), (), 407629)
[2m2025-07-29T00:32:32.639485Z[0m [32m INFO[0m [2mreading::inspect[0m[2m:[0m Delta of (recursive) [VarPointsTo]: ((), (), 39498905)
[2m2025-07-29T00:32:32.639657Z[0m [32m INFO[0m [2mreading::inspect[0m[2m:[0m Delta of (recursive) [ArrayIndexPointsTo]: ((), (), 314695)
[2m2025-07-29T00:32:32.639677Z[0m [32m INFO[0m [2mreading::inspect[0m[2m:[0m Delta of (recursive) [Assign]: ((), (), 155849)
[2m2025-07-29T00:32:32.639690Z[0m [32m INFO[0m [2mreading::inspect[0m[2m:[0m Delta of (recursive) [CallGraphEdge]: ((), (), 85000)
[2m2025-07-29T00:32:32.639702Z[0m [32m INFO[0m [2mreading::inspect[0m[2m:[0m Delta of (recursive) [InitializedClass]: ((), (), 3488)
[2m2025-07-29T00:32:32.639716Z[0m [32m INFO[0m [2mreading::inspect[0m[2m:[0m Delta of (recursive) [InstanceFieldPointsTo]: ((), (), 14110900)
[2m2025-07-29T00:32:32.639730Z[0m [32m INFO[0m [2mreading::inspect[0m[2m:[0m Delta of (recursive) [Reachable]: ((), (), 16806)
[2m2025-07-29T00:32:32.639750Z[0m [32m INFO[0m [2mreading::inspect[0m[2m:[0m Delta of (recursive) [StaticFieldPointsTo]: ((), (), 61324)
[2m2025-07-29T00:32:32.640738Z[0m [32m INFO[0m [2mexecuting::dataflow[0m[2m:[0m 37.287185201s:	Dataflow executed
[2m2025-07-29T00:32:32.794158Z[0m [32m INFO[0m [2mexecuting[0m[2m:[0m success query
