[2m2025-08-11T18:15:17.078728Z[0m [32m INFO[0m [2mexecuting::dataflow[0m[2m:[0m 320.31263ms:	Dataflow assembled
[2m2025-08-11T18:15:17.592902Z[0m [32m INFO[0m [2mexecuting::dataflow[0m[2m:[0m 834.499656ms:	Data loaded for DirectSuperclass
[2m2025-08-11T18:15:17.593078Z[0m [32m INFO[0m [2mexecuting::dataflow[0m[2m:[0m 834.681188ms:	Data loaded for DirectSuperinterface
[2m2025-08-11T18:15:17.593152Z[0m [32m INFO[0m [2mexecuting::dataflow[0m[2m:[0m 834.75604ms:	Data loaded for MainClass
[2m2025-08-11T18:15:17.593215Z[0m [32m INFO[0m [2mexecuting::dataflow[0m[2m:[0m 834.818297ms:	Data loaded for FormalParam
[2m2025-08-11T18:15:17.593278Z[0m [32m INFO[0m [2mexecuting::dataflow[0m[2m:[0m 834.881857ms:	Data loaded for ComponentType
[2m2025-08-11T18:15:17.593332Z[0m [32m INFO[0m [2mexecuting::dataflow[0m[2m:[0m 834.935709ms:	Data loaded for AssignReturnValue
[2m2025-08-11T18:15:17.593384Z[0m [32m INFO[0m [2mexecuting::dataflow[0m[2m:[0m 834.987527ms:	Data loaded for ActualParam
[2m2025-08-11T18:15:17.593433Z[0m [32m INFO[0m [2mexecuting::dataflow[0m[2m:[0m 835.036599ms:	Data loaded for Method_Modifier
[2m2025-08-11T18:15:17.593488Z[0m [32m INFO[0m [2mexecuting::dataflow[0m[2m:[0m 835.091533ms:	Data loaded for Var_Type
[2m2025-08-11T18:15:17.593540Z[0m [32m INFO[0m [2mexecuting::dataflow[0m[2m:[0m 835.143842ms:	Data loaded for HeapAllocation_Type
[2m2025-08-11T18:15:17.593593Z[0m [32m INFO[0m [2mexecuting::dataflow[0m[2m:[0m 835.196892ms:	Data loaded for _ClassType
[2m2025-08-11T18:15:17.593650Z[0m [32m INFO[0m [2mexecuting::dataflow[0m[2m:[0m 835.253639ms:	Data loaded for _ArrayType
[2m2025-08-11T18:15:17.593706Z[0m [32m INFO[0m [2mexecuting::dataflow[0m[2m:[0m 835.309435ms:	Data loaded for _InterfaceType
[2m2025-08-11T18:15:17.593761Z[0m [32m INFO[0m [2mexecuting::dataflow[0m[2m:[0m 835.36523ms:	Data loaded for _Var_DeclaringMethod
[2m2025-08-11T18:15:17.593813Z[0m [32m INFO[0m [2mexecuting::dataflow[0m[2m:[0m 835.417098ms:	Data loaded for _ApplicationClass
[2m2025-08-11T18:15:17.593869Z[0m [32m INFO[0m [2mexecuting::dataflow[0m[2m:[0m 835.472593ms:	Data loaded for _ThisVar
[2m2025-08-11T18:15:17.593926Z[0m [32m INFO[0m [2mexecuting::dataflow[0m[2m:[0m 835.529249ms:	Data loaded for _NormalHeap
[2m2025-08-11T18:15:17.593983Z[0m [32m INFO[0m [2mexecuting::dataflow[0m[2m:[0m 835.587109ms:	Data loaded for _StringConstant
[2m2025-08-11T18:15:17.594072Z[0m [32m INFO[0m [2mexecuting::dataflow[0m[2m:[0m 835.675936ms:	Data loaded for _AssignHeapAllocation
[2m2025-08-11T18:15:17.594134Z[0m [32m INFO[0m [2mexecuting::dataflow[0m[2m:[0m 835.738034ms:	Data loaded for _AssignLocal
[2m2025-08-11T18:15:17.594248Z[0m [32m INFO[0m [2mexecuting::dataflow[0m[2m:[0m 835.851578ms:	Data loaded for _AssignCast
[2m2025-08-11T18:15:17.594306Z[0m [32m INFO[0m [2mexecuting::dataflow[0m[2m:[0m 835.909818ms:	Data loaded for _Field
[2m2025-08-11T18:15:17.594374Z[0m [32m INFO[0m [2mexecuting::dataflow[0m[2m:[0m 835.977626ms:	Data loaded for _StaticMethodInvocation
[2m2025-08-11T18:15:17.594434Z[0m [32m INFO[0m [2mexecuting::dataflow[0m[2m:[0m 836.03783ms:	Data loaded for _SpecialMethodInvocation
[2m2025-08-11T18:15:17.594547Z[0m [32m INFO[0m [2mexecuting::dataflow[0m[2m:[0m 836.150633ms:	Data loaded for _VirtualMethodInvocation
[2m2025-08-11T18:15:17.594611Z[0m [32m INFO[0m [2mexecuting::dataflow[0m[2m:[0m 836.214273ms:	Data loaded for _Method
[2m2025-08-11T18:15:17.594668Z[0m [32m INFO[0m [2mexecuting::dataflow[0m[2m:[0m 836.272252ms:	Data loaded for Method_Descriptor
[2m2025-08-11T18:15:17.594786Z[0m [32m INFO[0m [2mexecuting::dataflow[0m[2m:[0m 836.389804ms:	Data loaded for _StoreInstanceField
[2m2025-08-11T18:15:17.594913Z[0m [32m INFO[0m [2mexecuting::dataflow[0m[2m:[0m 836.516744ms:	Data loaded for _LoadInstanceField
[2m2025-08-11T18:15:17.594990Z[0m [32m INFO[0m [2mexecuting::dataflow[0m[2m:[0m 836.593879ms:	Data loaded for _StoreStaticField
[2m2025-08-11T18:15:17.595099Z[0m [32m INFO[0m [2mexecuting::dataflow[0m[2m:[0m 836.702264ms:	Data loaded for _LoadStaticField
[2m2025-08-11T18:15:17.595193Z[0m [32m INFO[0m [2mexecuting::dataflow[0m[2m:[0m 836.796482ms:	Data loaded for _StoreArrayIndex
[2m2025-08-11T18:15:17.595271Z[0m [32m INFO[0m [2mexecuting::dataflow[0m[2m:[0m 836.874199ms:	Data loaded for _LoadArrayIndex
[2m2025-08-11T18:15:17.595343Z[0m [32m INFO[0m [2mexecuting::dataflow[0m[2m:[0m 836.946976ms:	Data loaded for _Return
[2m2025-08-11T18:15:18.006893Z[0m [32m INFO[0m [2mreading::inspect[0m[2m:[0m Delta of (recursive) [Subclass]: ((), (), 17499)
[2m2025-08-11T18:15:18.007517Z[0m [32m INFO[0m [2mreading::inspect[0m[2m:[0m Delta of (recursive) [Superinterface]: ((), (), 16501)
[2m2025-08-11T18:15:18.045807Z[0m [32m INFO[0m [2mreading::inspect[0m[2m:[0m Delta of (recursive) [SubtypeOf]: ((), (), 48824)
[2m2025-08-11T18:15:18.076848Z[0m [32m INFO[0m [2mreading::inspect[0m[2m:[0m Delta of (recursive) [MethodLookup]: ((), (), 407629)
[2m2025-08-11T18:15:37.255054Z[0m [32m INFO[0m [2mreading::inspect[0m[2m:[0m Delta of (recursive) [VarPointsTo]: ((), (), 39498905)
[2m2025-08-11T18:15:37.255568Z[0m [32m INFO[0m [2mreading::inspect[0m[2m:[0m Delta of (recursive) [ArrayIndexPointsTo]: ((), (), 314695)
[2m2025-08-11T18:15:37.255590Z[0m [32m INFO[0m [2mreading::inspect[0m[2m:[0m Delta of (recursive) [Assign]: ((), (), 155849)
[2m2025-08-11T18:15:37.255601Z[0m [32m INFO[0m [2mreading::inspect[0m[2m:[0m Delta of (recursive) [CallGraphEdge]: ((), (), 85000)
[2m2025-08-11T18:15:37.255613Z[0m [32m INFO[0m [2mreading::inspect[0m[2m:[0m Delta of (recursive) [InitializedClass]: ((), (), 3488)
[2m2025-08-11T18:15:37.255624Z[0m [32m INFO[0m [2mreading::inspect[0m[2m:[0m Delta of (recursive) [InstanceFieldPointsTo]: ((), (), 14110900)
[2m2025-08-11T18:15:37.255638Z[0m [32m INFO[0m [2mreading::inspect[0m[2m:[0m Delta of (recursive) [Reachable]: ((), (), 16806)
[2m2025-08-11T18:15:37.255653Z[0m [32m INFO[0m [2mreading::inspect[0m[2m:[0m Delta of (recursive) [StaticFieldPointsTo]: ((), (), 61324)
[2m2025-08-11T18:15:37.264552Z[0m [32m INFO[0m [2mexecuting::dataflow[0m[2m:[0m 20.506144941s:	Dataflow executed
[2m2025-08-11T18:15:37.314998Z[0m [32m INFO[0m [2mexecuting[0m[2m:[0m success query
