[2m2025-08-11T18:11:49.151859Z[0m [32m INFO[0m [2mexecuting::dataflow[0m[2m:[0m 326.091651ms:	Dataflow assembled
[2m2025-08-11T18:11:49.663823Z[0m [32m INFO[0m [2mexecuting::dataflow[0m[2m:[0m 838.068527ms:	Data loaded for DirectSuperclass
[2m2025-08-11T18:11:49.664000Z[0m [32m INFO[0m [2mexecuting::dataflow[0m[2m:[0m 838.25034ms:	Data loaded for DirectSuperinterface
[2m2025-08-11T18:11:49.664070Z[0m [32m INFO[0m [2mexecuting::dataflow[0m[2m:[0m 838.320412ms:	Data loaded for MainClass
[2m2025-08-11T18:11:49.664140Z[0m [32m INFO[0m [2mexecuting::dataflow[0m[2m:[0m 838.390204ms:	Data loaded for FormalParam
[2m2025-08-11T18:11:49.664215Z[0m [32m INFO[0m [2mexecuting::dataflow[0m[2m:[0m 838.465536ms:	Data loaded for ComponentType
[2m2025-08-11T18:11:49.664275Z[0m [32m INFO[0m [2mexecuting::dataflow[0m[2m:[0m 838.525008ms:	Data loaded for AssignReturnValue
[2m2025-08-11T18:11:49.664331Z[0m [32m INFO[0m [2mexecuting::dataflow[0m[2m:[0m 838.581756ms:	Data loaded for ActualParam
[2m2025-08-11T18:11:49.664387Z[0m [32m INFO[0m [2mexecuting::dataflow[0m[2m:[0m 838.637481ms:	Data loaded for Method_Modifier
[2m2025-08-11T18:11:49.664445Z[0m [32m INFO[0m [2mexecuting::dataflow[0m[2m:[0m 838.69556ms:	Data loaded for Var_Type
[2m2025-08-11T18:11:49.664503Z[0m [32m INFO[0m [2mexecuting::dataflow[0m[2m:[0m 838.753069ms:	Data loaded for HeapAllocation_Type
[2m2025-08-11T18:11:49.664561Z[0m [32m INFO[0m [2mexecuting::dataflow[0m[2m:[0m 838.81191ms:	Data loaded for _ClassType
[2m2025-08-11T18:11:49.664622Z[0m [32m INFO[0m [2mexecuting::dataflow[0m[2m:[0m 838.872945ms:	Data loaded for _ArrayType
[2m2025-08-11T18:11:49.664681Z[0m [32m INFO[0m [2mexecuting::dataflow[0m[2m:[0m 838.931606ms:	Data loaded for _InterfaceType
[2m2025-08-11T18:11:49.664741Z[0m [32m INFO[0m [2mexecuting::dataflow[0m[2m:[0m 838.99177ms:	Data loaded for _Var_DeclaringMethod
[2m2025-08-11T18:11:49.664802Z[0m [32m INFO[0m [2mexecuting::dataflow[0m[2m:[0m 839.052304ms:	Data loaded for _ApplicationClass
[2m2025-08-11T18:11:49.664862Z[0m [32m INFO[0m [2mexecuting::dataflow[0m[2m:[0m 839.112828ms:	Data loaded for _ThisVar
[2m2025-08-11T18:11:49.664918Z[0m [32m INFO[0m [2mexecuting::dataflow[0m[2m:[0m 839.168644ms:	Data loaded for _NormalHeap
[2m2025-08-11T18:11:49.664976Z[0m [32m INFO[0m [2mexecuting::dataflow[0m[2m:[0m 839.226513ms:	Data loaded for _StringConstant
[2m2025-08-11T18:11:49.665072Z[0m [32m INFO[0m [2mexecuting::dataflow[0m[2m:[0m 839.322694ms:	Data loaded for _AssignHeapAllocation
[2m2025-08-11T18:11:49.665138Z[0m [32m INFO[0m [2mexecuting::dataflow[0m[2m:[0m 839.388779ms:	Data loaded for _AssignLocal
[2m2025-08-11T18:11:49.665271Z[0m [32m INFO[0m [2mexecuting::dataflow[0m[2m:[0m 839.521059ms:	Data loaded for _AssignCast
[2m2025-08-11T18:11:49.665330Z[0m [32m INFO[0m [2mexecuting::dataflow[0m[2m:[0m 839.58009ms:	Data loaded for _Field
[2m2025-08-11T18:11:49.665404Z[0m [32m INFO[0m [2mexecuting::dataflow[0m[2m:[0m 839.654ms:	Data loaded for _StaticMethodInvocation
[2m2025-08-11T18:11:49.665466Z[0m [32m INFO[0m [2mexecuting::dataflow[0m[2m:[0m 839.716598ms:	Data loaded for _SpecialMethodInvocation
[2m2025-08-11T18:11:49.665602Z[0m [32m INFO[0m [2mexecuting::dataflow[0m[2m:[0m 839.852224ms:	Data loaded for _VirtualMethodInvocation
[2m2025-08-11T18:11:49.665677Z[0m [32m INFO[0m [2mexecuting::dataflow[0m[2m:[0m 839.927697ms:	Data loaded for _Method
[2m2025-08-11T18:11:49.665740Z[0m [32m INFO[0m [2mexecuting::dataflow[0m[2m:[0m 839.990465ms:	Data loaded for Method_Descriptor
[2m2025-08-11T18:11:49.665867Z[0m [32m INFO[0m [2mexecuting::dataflow[0m[2m:[0m 840.117214ms:	Data loaded for _StoreInstanceField
[2m2025-08-11T18:11:49.666018Z[0m [32m INFO[0m [2mexecuting::dataflow[0m[2m:[0m 840.2687ms:	Data loaded for _LoadInstanceField
[2m2025-08-11T18:11:49.666083Z[0m [32m INFO[0m [2mexecuting::dataflow[0m[2m:[0m 840.333753ms:	Data loaded for _StoreStaticField
[2m2025-08-11T18:11:49.666200Z[0m [32m INFO[0m [2mexecuting::dataflow[0m[2m:[0m 840.450283ms:	Data loaded for _LoadStaticField
[2m2025-08-11T18:11:49.666298Z[0m [32m INFO[0m [2mexecuting::dataflow[0m[2m:[0m 840.548819ms:	Data loaded for _StoreArrayIndex
[2m2025-08-11T18:11:49.666363Z[0m [32m INFO[0m [2mexecuting::dataflow[0m[2m:[0m 840.613842ms:	Data loaded for _LoadArrayIndex
[2m2025-08-11T18:11:49.666438Z[0m [32m INFO[0m [2mexecuting::dataflow[0m[2m:[0m 840.688142ms:	Data loaded for _Return
[2m2025-08-11T18:11:49.921936Z[0m [32m INFO[0m [2mreading::inspect[0m[2m:[0m Delta of (recursive) [Subclass]: ((), (), 17499)
[2m2025-08-11T18:11:49.926388Z[0m [32m INFO[0m [2mreading::inspect[0m[2m:[0m Delta of (recursive) [Superinterface]: ((), (), 16501)
[2m2025-08-11T18:11:49.961830Z[0m [32m INFO[0m [2mreading::inspect[0m[2m:[0m Delta of (recursive) [SubtypeOf]: ((), (), 48824)
[2m2025-08-11T18:11:49.976113Z[0m [32m INFO[0m [2mreading::inspect[0m[2m:[0m Delta of (recursive) [MethodLookup]: ((), (), 407629)
[2m2025-08-11T18:12:11.496621Z[0m [32m INFO[0m [2mreading::inspect[0m[2m:[0m Delta of (recursive) [ArrayIndexPointsTo]: ((), (), 314695)
[2m2025-08-11T18:12:11.496714Z[0m [32m INFO[0m [2mreading::inspect[0m[2m:[0m Delta of (recursive) [Assign]: ((), (), 155849)
[2m2025-08-11T18:12:11.496744Z[0m [32m INFO[0m [2mreading::inspect[0m[2m:[0m Delta of (recursive) [CallGraphEdge]: ((), (), 85000)
[2m2025-08-11T18:12:11.496792Z[0m [32m INFO[0m [2mreading::inspect[0m[2m:[0m Delta of (recursive) [InitializedClass]: ((), (), 3488)
[2m2025-08-11T18:12:11.497148Z[0m [32m INFO[0m [2mreading::inspect[0m[2m:[0m Delta of (recursive) [InstanceFieldPointsTo]: ((), (), 14110900)
[2m2025-08-11T18:12:11.497179Z[0m [32m INFO[0m [2mreading::inspect[0m[2m:[0m Delta of (recursive) [Reachable]: ((), (), 16806)
[2m2025-08-11T18:12:11.497216Z[0m [32m INFO[0m [2mreading::inspect[0m[2m:[0m Delta of (recursive) [StaticFieldPointsTo]: ((), (), 61324)
[2m2025-08-11T18:12:11.541267Z[0m [32m INFO[0m [2mreading::inspect[0m[2m:[0m Delta of (recursive) [VarPointsTo]: ((), (), 39498905)
[2m2025-08-11T18:12:11.547735Z[0m [32m INFO[0m [2mexecuting::dataflow[0m[2m:[0m 22.721970443s:	Dataflow executed
[2m2025-08-11T18:12:11.597480Z[0m [32m INFO[0m [2mexecuting[0m[2m:[0m success query
