[2m2025-08-11T18:14:11.667033Z[0m [32m INFO[0m [2mexecuting::dataflow[0m[2m:[0m 335.493989ms:	Dataflow assembled
[2m2025-08-11T18:14:12.174437Z[0m [32m INFO[0m [2mexecuting::dataflow[0m[2m:[0m 842.913942ms:	Data loaded for DirectSuperclass
[2m2025-08-11T18:14:12.174505Z[0m [32m INFO[0m [2mexecuting::dataflow[0m[2m:[0m 842.986589ms:	Data loaded for DirectSuperinterface
[2m2025-08-11T18:14:12.174521Z[0m [32m INFO[0m [2mexecuting::dataflow[0m[2m:[0m 843.00295ms:	Data loaded for MainClass
[2m2025-08-11T18:14:12.174537Z[0m [32m INFO[0m [2mexecuting::dataflow[0m[2m:[0m 843.018499ms:	Data loaded for FormalParam
[2m2025-08-11T18:14:12.174549Z[0m [32m INFO[0m [2mexecuting::dataflow[0m[2m:[0m 843.030883ms:	Data loaded for ComponentType
[2m2025-08-11T18:14:12.174559Z[0m [32m INFO[0m [2mexecuting::dataflow[0m[2m:[0m 843.040661ms:	Data loaded for AssignReturnValue
[2m2025-08-11T18:14:12.174567Z[0m [32m INFO[0m [2mexecuting::dataflow[0m[2m:[0m 843.049127ms:	Data loaded for ActualParam
[2m2025-08-11T18:14:12.174575Z[0m [32m INFO[0m [2mexecuting::dataflow[0m[2m:[0m 843.057222ms:	Data loaded for Method_Modifier
[2m2025-08-11T18:14:12.174593Z[0m [32m INFO[0m [2mexecuting::dataflow[0m[2m:[0m 843.074495ms:	Data loaded for Var_Type
[2m2025-08-11T18:14:12.174603Z[0m [32m INFO[0m [2mexecuting::dataflow[0m[2m:[0m 843.084995ms:	Data loaded for HeapAllocation_Type
[2m2025-08-11T18:14:12.174616Z[0m [32m INFO[0m [2mexecuting::dataflow[0m[2m:[0m 843.097959ms:	Data loaded for _ClassType
[2m2025-08-11T18:14:12.174635Z[0m [32m INFO[0m [2mexecuting::dataflow[0m[2m:[0m 843.116735ms:	Data loaded for _ArrayType
[2m2025-08-11T18:14:12.174647Z[0m [32m INFO[0m [2mexecuting::dataflow[0m[2m:[0m 843.129318ms:	Data loaded for _InterfaceType
[2m2025-08-11T18:14:12.174658Z[0m [32m INFO[0m [2mexecuting::dataflow[0m[2m:[0m 843.139438ms:	Data loaded for _Var_DeclaringMethod
[2m2025-08-11T18:14:12.174668Z[0m [32m INFO[0m [2mexecuting::dataflow[0m[2m:[0m 843.149837ms:	Data loaded for _ApplicationClass
[2m2025-08-11T18:14:12.174677Z[0m [32m INFO[0m [2mexecuting::dataflow[0m[2m:[0m 843.159295ms:	Data loaded for _ThisVar
[2m2025-08-11T18:14:12.174686Z[0m [32m INFO[0m [2mexecuting::dataflow[0m[2m:[0m 843.16742ms:	Data loaded for _NormalHeap
[2m2025-08-11T18:14:12.174694Z[0m [32m INFO[0m [2mexecuting::dataflow[0m[2m:[0m 843.176137ms:	Data loaded for _StringConstant
[2m2025-08-11T18:14:12.174753Z[0m [32m INFO[0m [2mexecuting::dataflow[0m[2m:[0m 843.234928ms:	Data loaded for _AssignHeapAllocation
[2m2025-08-11T18:14:12.174771Z[0m [32m INFO[0m [2mexecuting::dataflow[0m[2m:[0m 843.253302ms:	Data loaded for _AssignLocal
[2m2025-08-11T18:14:12.174846Z[0m [32m INFO[0m [2mexecuting::dataflow[0m[2m:[0m 843.327873ms:	Data loaded for _AssignCast
[2m2025-08-11T18:14:12.174858Z[0m [32m INFO[0m [2mexecuting::dataflow[0m[2m:[0m 843.339766ms:	Data loaded for _Field
[2m2025-08-11T18:14:12.174887Z[0m [32m INFO[0m [2mexecuting::dataflow[0m[2m:[0m 843.36833ms:	Data loaded for _StaticMethodInvocation
[2m2025-08-11T18:14:12.174900Z[0m [32m INFO[0m [2mexecuting::dataflow[0m[2m:[0m 843.381805ms:	Data loaded for _SpecialMethodInvocation
[2m2025-08-11T18:14:12.174972Z[0m [32m INFO[0m [2mexecuting::dataflow[0m[2m:[0m 843.454051ms:	Data loaded for _VirtualMethodInvocation
[2m2025-08-11T18:14:12.174997Z[0m [32m INFO[0m [2mexecuting::dataflow[0m[2m:[0m 843.479199ms:	Data loaded for _Method
[2m2025-08-11T18:14:12.175008Z[0m [32m INFO[0m [2mexecuting::dataflow[0m[2m:[0m 843.489538ms:	Data loaded for Method_Descriptor
[2m2025-08-11T18:14:12.175077Z[0m [32m INFO[0m [2mexecuting::dataflow[0m[2m:[0m 843.558959ms:	Data loaded for _StoreInstanceField
[2m2025-08-11T18:14:12.175173Z[0m [32m INFO[0m [2mexecuting::dataflow[0m[2m:[0m 843.65487ms:	Data loaded for _LoadInstanceField
[2m2025-08-11T18:14:12.175203Z[0m [32m INFO[0m [2mexecuting::dataflow[0m[2m:[0m 843.685067ms:	Data loaded for _StoreStaticField
[2m2025-08-11T18:14:12.175287Z[0m [32m INFO[0m [2mexecuting::dataflow[0m[2m:[0m 843.768786ms:	Data loaded for _LoadStaticField
[2m2025-08-11T18:14:12.175342Z[0m [32m INFO[0m [2mexecuting::dataflow[0m[2m:[0m 843.823619ms:	Data loaded for _StoreArrayIndex
[2m2025-08-11T18:14:12.175381Z[0m [32m INFO[0m [2mexecuting::dataflow[0m[2m:[0m 843.862222ms:	Data loaded for _LoadArrayIndex
[2m2025-08-11T18:14:12.175404Z[0m [32m INFO[0m [2mexecuting::dataflow[0m[2m:[0m 843.885346ms:	Data loaded for _Return
[2m2025-08-11T18:14:12.507040Z[0m [32m INFO[0m [2mreading::inspect[0m[2m:[0m Delta of (recursive) [Subclass]: ((), (), 17499)
[2m2025-08-11T18:14:12.509157Z[0m [32m INFO[0m [2mreading::inspect[0m[2m:[0m Delta of (recursive) [Superinterface]: ((), (), 16501)
[2m2025-08-11T18:14:12.546239Z[0m [32m INFO[0m [2mreading::inspect[0m[2m:[0m Delta of (recursive) [SubtypeOf]: ((), (), 48824)
[2m2025-08-11T18:14:12.555240Z[0m [32m INFO[0m [2mreading::inspect[0m[2m:[0m Delta of (recursive) [MethodLookup]: ((), (), 407629)
[2m2025-08-11T18:14:33.973134Z[0m [32m INFO[0m [2mreading::inspect[0m[2m:[0m Delta of (recursive) [ArrayIndexPointsTo]: ((), (), 314695)
[2m2025-08-11T18:14:33.973325Z[0m [32m INFO[0m [2mreading::inspect[0m[2m:[0m Delta of (recursive) [Assign]: ((), (), 155849)
[2m2025-08-11T18:14:33.976692Z[0m [32m INFO[0m [2mreading::inspect[0m[2m:[0m Delta of (recursive) [CallGraphEdge]: ((), (), 85000)
[2m2025-08-11T18:14:33.976745Z[0m [32m INFO[0m [2mreading::inspect[0m[2m:[0m Delta of (recursive) [InitializedClass]: ((), (), 3488)
[2m2025-08-11T18:14:33.977125Z[0m [32m INFO[0m [2mreading::inspect[0m[2m:[0m Delta of (recursive) [InstanceFieldPointsTo]: ((), (), 14110900)
[2m2025-08-11T18:14:33.977167Z[0m [32m INFO[0m [2mreading::inspect[0m[2m:[0m Delta of (recursive) [Reachable]: ((), (), 16806)
[2m2025-08-11T18:14:33.977213Z[0m [32m INFO[0m [2mreading::inspect[0m[2m:[0m Delta of (recursive) [StaticFieldPointsTo]: ((), (), 61324)
[2m2025-08-11T18:14:33.980938Z[0m [32m INFO[0m [2mreading::inspect[0m[2m:[0m Delta of (recursive) [VarPointsTo]: ((), (), 39498905)
[2m2025-08-11T18:14:34.034442Z[0m [32m INFO[0m [2mexecuting::dataflow[0m[2m:[0m 22.702906016s:	Dataflow executed
[2m2025-08-11T18:14:34.266872Z[0m [32m INFO[0m [2mexecuting[0m[2m:[0m success query
