[2m2025-07-29T01:04:39.614960Z[0m [32m INFO[0m [2mexecuting::dataflow[0m[2m:[0m 208.218439ms:	Dataflow assembled
[2m2025-07-29T01:04:40.007221Z[0m [32m INFO[0m [2mexecuting::dataflow[0m[2m:[0m 600.490906ms:	Data loaded for DirectSuperclass
[2m2025-07-29T01:04:40.007277Z[0m [32m INFO[0m [2mexecuting::dataflow[0m[2m:[0m 600.556389ms:	Data loaded for DirectSuperinterface
[2m2025-07-29T01:04:40.007287Z[0m [32m INFO[0m [2mexecuting::dataflow[0m[2m:[0m 600.566108ms:	Data loaded for MainClass
[2m2025-07-29T01:04:40.007299Z[0m [32m INFO[0m [2mexecuting::dataflow[0m[2m:[0m 600.578541ms:	Data loaded for FormalParam
[2m2025-07-29T01:04:40.007316Z[0m [32m INFO[0m [2mexecuting::dataflow[0m[2m:[0m 600.595533ms:	Data loaded for ComponentType
[2m2025-07-29T01:04:40.007323Z[0m [32m INFO[0m [2mexecuting::dataflow[0m[2m:[0m 600.602236ms:	Data loaded for AssignReturnValue
[2m2025-07-29T01:04:40.007329Z[0m [32m INFO[0m [2mexecuting::dataflow[0m[2m:[0m 600.608097ms:	Data loaded for ActualParam
[2m2025-07-29T01:04:40.007335Z[0m [32m INFO[0m [2mexecuting::dataflow[0m[2m:[0m 600.614619ms:	Data loaded for Method_Modifier
[2m2025-07-29T01:04:40.007343Z[0m [32m INFO[0m [2mexecuting::dataflow[0m[2m:[0m 600.621862ms:	Data loaded for Var_Type
[2m2025-07-29T01:04:40.007350Z[0m [32m INFO[0m [2mexecuting::dataflow[0m[2m:[0m 600.629587ms:	Data loaded for HeapAllocation_Type
[2m2025-07-29T01:04:40.007367Z[0m [32m INFO[0m [2mexecuting::dataflow[0m[2m:[0m 600.646449ms:	Data loaded for _ClassType
[2m2025-07-29T01:04:40.007385Z[0m [32m INFO[0m [2mexecuting::dataflow[0m[2m:[0m 600.663902ms:	Data loaded for _ArrayType
[2m2025-07-29T01:04:40.007396Z[0m [32m INFO[0m [2mexecuting::dataflow[0m[2m:[0m 600.675053ms:	Data loaded for _InterfaceType
[2m2025-07-29T01:04:40.007402Z[0m [32m INFO[0m [2mexecuting::dataflow[0m[2m:[0m 600.681435ms:	Data loaded for _Var_DeclaringMethod
[2m2025-07-29T01:04:40.007409Z[0m [32m INFO[0m [2mexecuting::dataflow[0m[2m:[0m 600.688117ms:	Data loaded for _ApplicationClass
[2m2025-07-29T01:04:40.007416Z[0m [32m INFO[0m [2mexecuting::dataflow[0m[2m:[0m 600.69513ms:	Data loaded for _ThisVar
[2m2025-07-29T01:04:40.007423Z[0m [32m INFO[0m [2mexecuting::dataflow[0m[2m:[0m 600.702665ms:	Data loaded for _NormalHeap
[2m2025-07-29T01:04:40.007433Z[0m [32m INFO[0m [2mexecuting::dataflow[0m[2m:[0m 600.712503ms:	Data loaded for _StringConstant
[2m2025-07-29T01:04:40.007459Z[0m [32m INFO[0m [2mexecuting::dataflow[0m[2m:[0m 600.737891ms:	Data loaded for _AssignHeapAllocation
[2m2025-07-29T01:04:40.007472Z[0m [32m INFO[0m [2mexecuting::dataflow[0m[2m:[0m 600.750795ms:	Data loaded for _AssignLocal
[2m2025-07-29T01:04:40.007499Z[0m [32m INFO[0m [2mexecuting::dataflow[0m[2m:[0m 600.778217ms:	Data loaded for _AssignCast
[2m2025-07-29T01:04:40.007506Z[0m [32m INFO[0m [2mexecuting::dataflow[0m[2m:[0m 600.785631ms:	Data loaded for _Field
[2m2025-07-29T01:04:40.007521Z[0m [32m INFO[0m [2mexecuting::dataflow[0m[2m:[0m 600.799968ms:	Data loaded for _StaticMethodInvocation
[2m2025-07-29T01:04:40.007530Z[0m [32m INFO[0m [2mexecuting::dataflow[0m[2m:[0m 600.809446ms:	Data loaded for _SpecialMethodInvocation
[2m2025-07-29T01:04:40.007557Z[0m [32m INFO[0m [2mexecuting::dataflow[0m[2m:[0m 600.835925ms:	Data loaded for _VirtualMethodInvocation
[2m2025-07-29T01:04:40.007570Z[0m [32m INFO[0m [2mexecuting::dataflow[0m[2m:[0m 600.849431ms:	Data loaded for _Method
[2m2025-07-29T01:04:40.007580Z[0m [32m INFO[0m [2mexecuting::dataflow[0m[2m:[0m 600.858788ms:	Data loaded for Method_Descriptor
[2m2025-07-29T01:04:40.007609Z[0m [32m INFO[0m [2mexecuting::dataflow[0m[2m:[0m 600.888244ms:	Data loaded for _StoreInstanceField
[2m2025-07-29T01:04:40.007641Z[0m [32m INFO[0m [2mexecuting::dataflow[0m[2m:[0m 600.919793ms:	Data loaded for _LoadInstanceField
[2m2025-07-29T01:04:40.007650Z[0m [32m INFO[0m [2mexecuting::dataflow[0m[2m:[0m 600.929582ms:	Data loaded for _StoreStaticField
[2m2025-07-29T01:04:40.007703Z[0m [32m INFO[0m [2mexecuting::dataflow[0m[2m:[0m 600.98159ms:	Data loaded for _LoadStaticField
[2m2025-07-29T01:04:40.007726Z[0m [32m INFO[0m [2mexecuting::dataflow[0m[2m:[0m 601.004954ms:	Data loaded for _StoreArrayIndex
[2m2025-07-29T01:04:40.007749Z[0m [32m INFO[0m [2mexecuting::dataflow[0m[2m:[0m 601.027716ms:	Data loaded for _LoadArrayIndex
[2m2025-07-29T01:04:40.007762Z[0m [32m INFO[0m [2mexecuting::dataflow[0m[2m:[0m 601.040721ms:	Data loaded for _Return
[2m2025-07-29T01:04:40.475285Z[0m [32m INFO[0m [2mreading::inspect[0m[2m:[0m Delta of (recursive) [Subclass]: ((), (), 17499)
[2m2025-07-29T01:04:40.479531Z[0m [32m INFO[0m [2mreading::inspect[0m[2m:[0m Delta of (recursive) [Superinterface]: ((), (), 16501)
[2m2025-07-29T01:04:40.505086Z[0m [32m INFO[0m [2mreading::inspect[0m[2m:[0m Delta of (recursive) [SubtypeOf]: ((), (), 48824)
[2m2025-07-29T01:04:40.514909Z[0m [32m INFO[0m [2mreading::inspect[0m[2m:[0m Delta of (recursive) [MethodLookup]: ((), (), 407629)
[2m2025-07-29T01:05:00.443819Z[0m [32m INFO[0m [2mreading::inspect[0m[2m:[0m Delta of (recursive) [VarPointsTo]: ((), (), 39498905)
[2m2025-07-29T01:05:00.443962Z[0m [32m INFO[0m [2mreading::inspect[0m[2m:[0m Delta of (recursive) [ArrayIndexPointsTo]: ((), (), 314695)
[2m2025-07-29T01:05:00.443978Z[0m [32m INFO[0m [2mreading::inspect[0m[2m:[0m Delta of (recursive) [Assign]: ((), (), 155849)
[2m2025-07-29T01:05:00.443994Z[0m [32m INFO[0m [2mreading::inspect[0m[2m:[0m Delta of (recursive) [CallGraphEdge]: ((), (), 85000)
[2m2025-07-29T01:05:00.444007Z[0m [32m INFO[0m [2mreading::inspect[0m[2m:[0m Delta of (recursive) [InitializedClass]: ((), (), 3488)
[2m2025-07-29T01:05:00.444018Z[0m [32m INFO[0m [2mreading::inspect[0m[2m:[0m Delta of (recursive) [InstanceFieldPointsTo]: ((), (), 14110900)
[2m2025-07-29T01:05:00.444028Z[0m [32m INFO[0m [2mreading::inspect[0m[2m:[0m Delta of (recursive) [Reachable]: ((), (), 16806)
[2m2025-07-29T01:05:00.444044Z[0m [32m INFO[0m [2mreading::inspect[0m[2m:[0m Delta of (recursive) [StaticFieldPointsTo]: ((), (), 61324)
[2m2025-07-29T01:05:00.453208Z[0m [32m INFO[0m [2mexecuting::dataflow[0m[2m:[0m 21.03794792s:	Dataflow executed
[2m2025-07-29T01:05:00.585675Z[0m [32m INFO[0m [2mexecuting[0m[2m:[0m success query
