[2m2025-07-29T00:31:16.664466Z[0m [32m INFO[0m [2mexecuting::dataflow[0m[2m:[0m 195.237255ms:	Dataflow assembled
[2m2025-07-29T00:31:17.285178Z[0m [32m INFO[0m [2mexecuting::dataflow[0m[2m:[0m 815.964863ms:	Data loaded for DirectSuperclass
[2m2025-07-29T00:31:17.285253Z[0m [32m INFO[0m [2mexecuting::dataflow[0m[2m:[0m 816.045274ms:	Data loaded for DirectSuperinterface
[2m2025-07-29T00:31:17.285264Z[0m [32m INFO[0m [2mexecuting::dataflow[0m[2m:[0m 816.056636ms:	Data loaded for MainClass
[2m2025-07-29T00:31:17.285277Z[0m [32m INFO[0m [2mexecuting::dataflow[0m[2m:[0m 816.06948ms:	Data loaded for FormalParam
[2m2025-07-29T00:31:17.285288Z[0m [32m INFO[0m [2mexecuting::dataflow[0m[2m:[0m 816.080952ms:	Data loaded for ComponentType
[2m2025-07-29T00:31:17.285298Z[0m [32m INFO[0m [2mexecuting::dataflow[0m[2m:[0m 816.091091ms:	Data loaded for AssignReturnValue
[2m2025-07-29T00:31:17.285308Z[0m [32m INFO[0m [2mexecuting::dataflow[0m[2m:[0m 816.100558ms:	Data loaded for ActualParam
[2m2025-07-29T00:31:17.285316Z[0m [32m INFO[0m [2mexecuting::dataflow[0m[2m:[0m 816.108403ms:	Data loaded for Method_Modifier
[2m2025-07-29T00:31:17.285326Z[0m [32m INFO[0m [2mexecuting::dataflow[0m[2m:[0m 816.118763ms:	Data loaded for Var_Type
[2m2025-07-29T00:31:17.285336Z[0m [32m INFO[0m [2mexecuting::dataflow[0m[2m:[0m 816.128381ms:	Data loaded for HeapAllocation_Type
[2m2025-07-29T00:31:17.285347Z[0m [32m INFO[0m [2mexecuting::dataflow[0m[2m:[0m 816.140043ms:	Data loaded for _ClassType
[2m2025-07-29T00:31:17.285360Z[0m [32m INFO[0m [2mexecuting::dataflow[0m[2m:[0m 816.152687ms:	Data loaded for _ArrayType
[2m2025-07-29T00:31:17.285372Z[0m [32m INFO[0m [2mexecuting::dataflow[0m[2m:[0m 816.164639ms:	Data loaded for _InterfaceType
[2m2025-07-29T00:31:17.285383Z[0m [32m INFO[0m [2mexecuting::dataflow[0m[2m:[0m 816.175439ms:	Data loaded for _Var_DeclaringMethod
[2m2025-07-29T00:31:17.285392Z[0m [32m INFO[0m [2mexecuting::dataflow[0m[2m:[0m 816.184847ms:	Data loaded for _ApplicationClass
[2m2025-07-29T00:31:17.285401Z[0m [32m INFO[0m [2mexecuting::dataflow[0m[2m:[0m 816.193804ms:	Data loaded for _ThisVar
[2m2025-07-29T00:31:17.285410Z[0m [32m INFO[0m [2mexecuting::dataflow[0m[2m:[0m 816.20232ms:	Data loaded for _NormalHeap
[2m2025-07-29T00:31:17.285419Z[0m [32m INFO[0m [2mexecuting::dataflow[0m[2m:[0m 816.212088ms:	Data loaded for _StringConstant
[2m2025-07-29T00:31:17.285450Z[0m [32m INFO[0m [2mexecuting::dataflow[0m[2m:[0m 816.242736ms:	Data loaded for _AssignHeapAllocation
[2m2025-07-29T00:31:17.285466Z[0m [32m INFO[0m [2mexecuting::dataflow[0m[2m:[0m 816.259067ms:	Data loaded for _AssignLocal
[2m2025-07-29T00:31:17.285501Z[0m [32m INFO[0m [2mexecuting::dataflow[0m[2m:[0m 816.294003ms:	Data loaded for _AssignCast
[2m2025-07-29T00:31:17.285512Z[0m [32m INFO[0m [2mexecuting::dataflow[0m[2m:[0m 816.304502ms:	Data loaded for _Field
[2m2025-07-29T00:31:17.285528Z[0m [32m INFO[0m [2mexecuting::dataflow[0m[2m:[0m 816.320993ms:	Data loaded for _StaticMethodInvocation
[2m2025-07-29T00:31:17.285542Z[0m [32m INFO[0m [2mexecuting::dataflow[0m[2m:[0m 816.334649ms:	Data loaded for _SpecialMethodInvocation
[2m2025-07-29T00:31:17.285576Z[0m [32m INFO[0m [2mexecuting::dataflow[0m[2m:[0m 816.369174ms:	Data loaded for _VirtualMethodInvocation
[2m2025-07-29T00:31:17.285593Z[0m [32m INFO[0m [2mexecuting::dataflow[0m[2m:[0m 816.385715ms:	Data loaded for _Method
[2m2025-07-29T00:31:17.285607Z[0m [32m INFO[0m [2mexecuting::dataflow[0m[2m:[0m 816.400022ms:	Data loaded for Method_Descriptor
[2m2025-07-29T00:31:17.285641Z[0m [32m INFO[0m [2mexecuting::dataflow[0m[2m:[0m 816.433976ms:	Data loaded for _StoreInstanceField
[2m2025-07-29T00:31:17.285684Z[0m [32m INFO[0m [2mexecuting::dataflow[0m[2m:[0m 816.477047ms:	Data loaded for _LoadInstanceField
[2m2025-07-29T00:31:17.285699Z[0m [32m INFO[0m [2mexecuting::dataflow[0m[2m:[0m 816.492276ms:	Data loaded for _StoreStaticField
[2m2025-07-29T00:31:17.285764Z[0m [32m INFO[0m [2mexecuting::dataflow[0m[2m:[0m 816.556487ms:	Data loaded for _LoadStaticField
[2m2025-07-29T00:31:17.285793Z[0m [32m INFO[0m [2mexecuting::dataflow[0m[2m:[0m 816.586153ms:	Data loaded for _StoreArrayIndex
[2m2025-07-29T00:31:17.285831Z[0m [32m INFO[0m [2mexecuting::dataflow[0m[2m:[0m 816.624104ms:	Data loaded for _LoadArrayIndex
[2m2025-07-29T00:31:17.285847Z[0m [32m INFO[0m [2mexecuting::dataflow[0m[2m:[0m 816.639353ms:	Data loaded for _Return
[2m2025-07-29T00:31:17.495322Z[0m [32m INFO[0m [2mreading::inspect[0m[2m:[0m Delta of (recursive) [Subclass]: ((), (), 17499)
[2m2025-07-29T00:31:17.499243Z[0m [32m INFO[0m [2mreading::inspect[0m[2m:[0m Delta of (recursive) [Superinterface]: ((), (), 16501)
[2m2025-07-29T00:31:17.522315Z[0m [32m INFO[0m [2mreading::inspect[0m[2m:[0m Delta of (recursive) [SubtypeOf]: ((), (), 48824)
[2m2025-07-29T00:31:17.530803Z[0m [32m INFO[0m [2mreading::inspect[0m[2m:[0m Delta of (recursive) [MethodLookup]: ((), (), 407629)
[2m2025-07-29T00:31:49.808075Z[0m [32m INFO[0m [2mreading::inspect[0m[2m:[0m Delta of (recursive) [VarPointsTo]: ((), (), 39498905)
[2m2025-07-29T00:31:49.808210Z[0m [32m INFO[0m [2mreading::inspect[0m[2m:[0m Delta of (recursive) [ArrayIndexPointsTo]: ((), (), 314695)
[2m2025-07-29T00:31:49.808227Z[0m [32m INFO[0m [2mreading::inspect[0m[2m:[0m Delta of (recursive) [Assign]: ((), (), 155849)
[2m2025-07-29T00:31:49.808237Z[0m [32m INFO[0m [2mreading::inspect[0m[2m:[0m Delta of (recursive) [CallGraphEdge]: ((), (), 85000)
[2m2025-07-29T00:31:49.808249Z[0m [32m INFO[0m [2mreading::inspect[0m[2m:[0m Delta of (recursive) [InitializedClass]: ((), (), 3488)
[2m2025-07-29T00:31:49.808259Z[0m [32m INFO[0m [2mreading::inspect[0m[2m:[0m Delta of (recursive) [InstanceFieldPointsTo]: ((), (), 14110900)
[2m2025-07-29T00:31:49.808273Z[0m [32m INFO[0m [2mreading::inspect[0m[2m:[0m Delta of (recursive) [Reachable]: ((), (), 16806)
[2m2025-07-29T00:31:49.808290Z[0m [32m INFO[0m [2mreading::inspect[0m[2m:[0m Delta of (recursive) [StaticFieldPointsTo]: ((), (), 61324)
[2m2025-07-29T00:31:49.862467Z[0m [32m INFO[0m [2mexecuting::dataflow[0m[2m:[0m 33.391394592s:	Dataflow executed
[2m2025-07-29T00:31:49.994323Z[0m [32m INFO[0m [2mexecuting[0m[2m:[0m success query
