[2m2025-08-11T18:20:48.176018Z[0m [32m INFO[0m [2mexecuting::dataflow[0m[2m:[0m 314.1901ms:	Dataflow assembled
[2m2025-08-11T18:20:48.680302Z[0m [32m INFO[0m [2mexecuting::dataflow[0m[2m:[0m 818.483085ms:	Data loaded for DirectSuperclass
[2m2025-08-11T18:20:48.680377Z[0m [32m INFO[0m [2mexecuting::dataflow[0m[2m:[0m 818.567464ms:	Data loaded for DirectSuperinterface
[2m2025-08-11T18:20:48.680387Z[0m [32m INFO[0m [2mexecuting::dataflow[0m[2m:[0m 818.576742ms:	Data loaded for MainClass
[2m2025-08-11T18:20:48.680398Z[0m [32m INFO[0m [2mexecuting::dataflow[0m[2m:[0m 818.588243ms:	Data loaded for FormalParam
[2m2025-08-11T18:20:48.680409Z[0m [32m INFO[0m [2mexecuting::dataflow[0m[2m:[0m 818.599384ms:	Data loaded for ComponentType
[2m2025-08-11T18:20:48.680417Z[0m [32m INFO[0m [2mexecuting::dataflow[0m[2m:[0m 818.60758ms:	Data loaded for AssignReturnValue
[2m2025-08-11T18:20:48.680426Z[0m [32m INFO[0m [2mexecuting::dataflow[0m[2m:[0m 818.615876ms:	Data loaded for ActualParam
[2m2025-08-11T18:20:48.680433Z[0m [32m INFO[0m [2mexecuting::dataflow[0m[2m:[0m 818.62328ms:	Data loaded for Method_Modifier
[2m2025-08-11T18:20:48.680445Z[0m [32m INFO[0m [2mexecuting::dataflow[0m[2m:[0m 818.635593ms:	Data loaded for Var_Type
[2m2025-08-11T18:20:48.680453Z[0m [32m INFO[0m [2mexecuting::dataflow[0m[2m:[0m 818.643528ms:	Data loaded for HeapAllocation_Type
[2m2025-08-11T18:20:48.680464Z[0m [32m INFO[0m [2mexecuting::dataflow[0m[2m:[0m 818.653817ms:	Data loaded for _ClassType
[2m2025-08-11T18:20:48.680480Z[0m [32m INFO[0m [2mexecuting::dataflow[0m[2m:[0m 818.670418ms:	Data loaded for _ArrayType
[2m2025-08-11T18:20:48.680490Z[0m [32m INFO[0m [2mexecuting::dataflow[0m[2m:[0m 818.679786ms:	Data loaded for _InterfaceType
[2m2025-08-11T18:20:48.680498Z[0m [32m INFO[0m [2mexecuting::dataflow[0m[2m:[0m 818.688443ms:	Data loaded for _Var_DeclaringMethod
[2m2025-08-11T18:20:48.680507Z[0m [32m INFO[0m [2mexecuting::dataflow[0m[2m:[0m 818.696688ms:	Data loaded for _ApplicationClass
[2m2025-08-11T18:20:48.680515Z[0m [32m INFO[0m [2mexecuting::dataflow[0m[2m:[0m 818.704894ms:	Data loaded for _ThisVar
[2m2025-08-11T18:20:48.680522Z[0m [32m INFO[0m [2mexecuting::dataflow[0m[2m:[0m 818.711907ms:	Data loaded for _NormalHeap
[2m2025-08-11T18:20:48.680531Z[0m [32m INFO[0m [2mexecuting::dataflow[0m[2m:[0m 818.720703ms:	Data loaded for _StringConstant
[2m2025-08-11T18:20:48.680573Z[0m [32m INFO[0m [2mexecuting::dataflow[0m[2m:[0m 818.763574ms:	Data loaded for _AssignHeapAllocation
[2m2025-08-11T18:20:48.680587Z[0m [32m INFO[0m [2mexecuting::dataflow[0m[2m:[0m 818.776849ms:	Data loaded for _AssignLocal
[2m2025-08-11T18:20:48.680653Z[0m [32m INFO[0m [2mexecuting::dataflow[0m[2m:[0m 818.843575ms:	Data loaded for _AssignCast
[2m2025-08-11T18:20:48.680668Z[0m [32m INFO[0m [2mexecuting::dataflow[0m[2m:[0m 818.858634ms:	Data loaded for _Field
[2m2025-08-11T18:20:48.680694Z[0m [32m INFO[0m [2mexecuting::dataflow[0m[2m:[0m 818.884242ms:	Data loaded for _StaticMethodInvocation
[2m2025-08-11T18:20:48.680705Z[0m [32m INFO[0m [2mexecuting::dataflow[0m[2m:[0m 818.894712ms:	Data loaded for _SpecialMethodInvocation
[2m2025-08-11T18:20:48.680780Z[0m [32m INFO[0m [2mexecuting::dataflow[0m[2m:[0m 818.969734ms:	Data loaded for _VirtualMethodInvocation
[2m2025-08-11T18:20:48.680796Z[0m [32m INFO[0m [2mexecuting::dataflow[0m[2m:[0m 818.986575ms:	Data loaded for _Method
[2m2025-08-11T18:20:48.680806Z[0m [32m INFO[0m [2mexecuting::dataflow[0m[2m:[0m 818.996244ms:	Data loaded for Method_Descriptor
[2m2025-08-11T18:20:48.680870Z[0m [32m INFO[0m [2mexecuting::dataflow[0m[2m:[0m 819.060605ms:	Data loaded for _StoreInstanceField
[2m2025-08-11T18:20:48.680948Z[0m [32m INFO[0m [2mexecuting::dataflow[0m[2m:[0m 819.137841ms:	Data loaded for _LoadInstanceField
[2m2025-08-11T18:20:48.680971Z[0m [32m INFO[0m [2mexecuting::dataflow[0m[2m:[0m 819.161195ms:	Data loaded for _StoreStaticField
[2m2025-08-11T18:20:48.681043Z[0m [32m INFO[0m [2mexecuting::dataflow[0m[2m:[0m 819.233321ms:	Data loaded for _LoadStaticField
[2m2025-08-11T18:20:48.681095Z[0m [32m INFO[0m [2mexecuting::dataflow[0m[2m:[0m 819.284939ms:	Data loaded for _StoreArrayIndex
[2m2025-08-11T18:20:48.681126Z[0m [32m INFO[0m [2mexecuting::dataflow[0m[2m:[0m 819.315767ms:	Data loaded for _LoadArrayIndex
[2m2025-08-11T18:20:48.681147Z[0m [32m INFO[0m [2mexecuting::dataflow[0m[2m:[0m 819.336937ms:	Data loaded for _Return
[2m2025-08-11T18:20:49.046084Z[0m [32m INFO[0m [2mreading::inspect[0m[2m:[0m Delta of (recursive) [Subclass]: ((), (), 17499)
[2m2025-08-11T18:20:49.053129Z[0m [32m INFO[0m [2mreading::inspect[0m[2m:[0m Delta of (recursive) [Superinterface]: ((), (), 16501)
[2m2025-08-11T18:20:49.085749Z[0m [32m INFO[0m [2mreading::inspect[0m[2m:[0m Delta of (recursive) [SubtypeOf]: ((), (), 48824)
[2m2025-08-11T18:20:49.095002Z[0m [32m INFO[0m [2mreading::inspect[0m[2m:[0m Delta of (recursive) [MethodLookup]: ((), (), 407629)
[2m2025-08-11T18:21:10.677848Z[0m [32m INFO[0m [2mreading::inspect[0m[2m:[0m Delta of (recursive) [ArrayIndexPointsTo]: ((), (), 314695)
[2m2025-08-11T18:21:10.678454Z[0m [32m INFO[0m [2mreading::inspect[0m[2m:[0m Delta of (recursive) [Assign]: ((), (), 155849)
[2m2025-08-11T18:21:10.678492Z[0m [32m INFO[0m [2mreading::inspect[0m[2m:[0m Delta of (recursive) [CallGraphEdge]: ((), (), 85000)
[2m2025-08-11T18:21:10.678523Z[0m [32m INFO[0m [2mreading::inspect[0m[2m:[0m Delta of (recursive) [InitializedClass]: ((), (), 3488)
[2m2025-08-11T18:21:10.680313Z[0m [32m INFO[0m [2mreading::inspect[0m[2m:[0m Delta of (recursive) [InstanceFieldPointsTo]: ((), (), 14110900)
[2m2025-08-11T18:21:10.680347Z[0m [32m INFO[0m [2mreading::inspect[0m[2m:[0m Delta of (recursive) [Reachable]: ((), (), 16806)
[2m2025-08-11T18:21:10.680400Z[0m [32m INFO[0m [2mreading::inspect[0m[2m:[0m Delta of (recursive) [StaticFieldPointsTo]: ((), (), 61324)
[2m2025-08-11T18:21:10.681661Z[0m [32m INFO[0m [2mreading::inspect[0m[2m:[0m Delta of (recursive) [VarPointsTo]: ((), (), 39498905)
[2m2025-08-11T18:21:10.739010Z[0m [32m INFO[0m [2mexecuting::dataflow[0m[2m:[0m 22.877190291s:	Dataflow executed
[2m2025-08-11T18:21:10.784473Z[0m [32m INFO[0m [2mexecuting[0m[2m:[0m success query
