[2m2025-08-11T18:31:09.513384Z[0m [32m INFO[0m [2mexecuting::dataflow[0m[2m:[0m 637.739231ms:	Dataflow assembled
[2m2025-08-11T18:31:10.826843Z[0m [32m INFO[0m [2mexecuting::dataflow[0m[2m:[0m 1.951209331s:	Data loaded for DirectSuperclass
[2m2025-08-11T18:31:10.826967Z[0m [32m INFO[0m [2mexecuting::dataflow[0m[2m:[0m 1.951336311s:	Data loaded for DirectSuperinterface
[2m2025-08-11T18:31:10.826981Z[0m [32m INFO[0m [2mexecuting::dataflow[0m[2m:[0m 1.951350397s:	Data loaded for MainClass
[2m2025-08-11T18:31:10.826992Z[0m [32m INFO[0m [2mexecuting::dataflow[0m[2m:[0m 1.951360967s:	Data loaded for FormalParam
[2m2025-08-11T18:31:10.827002Z[0m [32m INFO[0m [2mexecuting::dataflow[0m[2m:[0m 1.951371417s:	Data loaded for ComponentType
[2m2025-08-11T18:31:10.827010Z[0m [32m INFO[0m [2mexecuting::dataflow[0m[2m:[0m 1.951379212s:	Data loaded for AssignReturnValue
[2m2025-08-11T18:31:10.827017Z[0m [32m INFO[0m [2mexecuting::dataflow[0m[2m:[0m 1.951386656s:	Data loaded for ActualParam
[2m2025-08-11T18:31:10.827024Z[0m [32m INFO[0m [2mexecuting::dataflow[0m[2m:[0m 1.951393268s:	Data loaded for Method_Modifier
[2m2025-08-11T18:31:10.827032Z[0m [32m INFO[0m [2mexecuting::dataflow[0m[2m:[0m 1.951401063s:	Data loaded for Var_Type
[2m2025-08-11T18:31:10.827039Z[0m [32m INFO[0m [2mexecuting::dataflow[0m[2m:[0m 1.951408547s:	Data loaded for HeapAllocation_Type
[2m2025-08-11T18:31:10.827049Z[0m [32m INFO[0m [2mexecuting::dataflow[0m[2m:[0m 1.951418045s:	Data loaded for _ClassType
[2m2025-08-11T18:31:10.827060Z[0m [32m INFO[0m [2mexecuting::dataflow[0m[2m:[0m 1.951429186s:	Data loaded for _ArrayType
[2m2025-08-11T18:31:10.827069Z[0m [32m INFO[0m [2mexecuting::dataflow[0m[2m:[0m 1.951438083s:	Data loaded for _InterfaceType
[2m2025-08-11T18:31:10.827076Z[0m [32m INFO[0m [2mexecuting::dataflow[0m[2m:[0m 1.951445737s:	Data loaded for _Var_DeclaringMethod
[2m2025-08-11T18:31:10.827083Z[0m [32m INFO[0m [2mexecuting::dataflow[0m[2m:[0m 1.951452661s:	Data loaded for _ApplicationClass
[2m2025-08-11T18:31:10.827090Z[0m [32m INFO[0m [2mexecuting::dataflow[0m[2m:[0m 1.951459824s:	Data loaded for _ThisVar
[2m2025-08-11T18:31:10.827097Z[0m [32m INFO[0m [2mexecuting::dataflow[0m[2m:[0m 1.951466186s:	Data loaded for _NormalHeap
[2m2025-08-11T18:31:10.827104Z[0m [32m INFO[0m [2mexecuting::dataflow[0m[2m:[0m 1.95147332s:	Data loaded for _StringConstant
[2m2025-08-11T18:31:10.827149Z[0m [32m INFO[0m [2mexecuting::dataflow[0m[2m:[0m 1.951517974s:	Data loaded for _AssignHeapAllocation
[2m2025-08-11T18:31:10.827162Z[0m [32m INFO[0m [2mexecuting::dataflow[0m[2m:[0m 1.951531489s:	Data loaded for _AssignLocal
[2m2025-08-11T18:31:10.827226Z[0m [32m INFO[0m [2mexecuting::dataflow[0m[2m:[0m 1.95159548s:	Data loaded for _AssignCast
[2m2025-08-11T18:31:10.827234Z[0m [32m INFO[0m [2mexecuting::dataflow[0m[2m:[0m 1.951603565s:	Data loaded for _Field
[2m2025-08-11T18:31:10.827249Z[0m [32m INFO[0m [2mexecuting::dataflow[0m[2m:[0m 1.951618764s:	Data loaded for _StaticMethodInvocation
[2m2025-08-11T18:31:10.827260Z[0m [32m INFO[0m [2mexecuting::dataflow[0m[2m:[0m 1.951629204s:	Data loaded for _SpecialMethodInvocation
[2m2025-08-11T18:31:10.827322Z[0m [32m INFO[0m [2mexecuting::dataflow[0m[2m:[0m 1.951691281s:	Data loaded for _VirtualMethodInvocation
[2m2025-08-11T18:31:10.827335Z[0m [32m INFO[0m [2mexecuting::dataflow[0m[2m:[0m 1.951704115s:	Data loaded for _Method
[2m2025-08-11T18:31:10.827344Z[0m [32m INFO[0m [2mexecuting::dataflow[0m[2m:[0m 1.951713343s:	Data loaded for Method_Descriptor
[2m2025-08-11T18:31:10.827414Z[0m [32m INFO[0m [2mexecuting::dataflow[0m[2m:[0m 1.951783275s:	Data loaded for _StoreInstanceField
[2m2025-08-11T18:31:10.827484Z[0m [32m INFO[0m [2mexecuting::dataflow[0m[2m:[0m 1.951852806s:	Data loaded for _LoadInstanceField
[2m2025-08-11T18:31:10.827502Z[0m [32m INFO[0m [2mexecuting::dataflow[0m[2m:[0m 1.951871802s:	Data loaded for _StoreStaticField
[2m2025-08-11T18:31:10.827549Z[0m [32m INFO[0m [2mexecuting::dataflow[0m[2m:[0m 1.95191838s:	Data loaded for _LoadStaticField
[2m2025-08-11T18:31:10.827595Z[0m [32m INFO[0m [2mexecuting::dataflow[0m[2m:[0m 1.951964537s:	Data loaded for _StoreArrayIndex
[2m2025-08-11T18:31:10.827622Z[0m [32m INFO[0m [2mexecuting::dataflow[0m[2m:[0m 1.951991037s:	Data loaded for _LoadArrayIndex
[2m2025-08-11T18:31:10.827648Z[0m [32m INFO[0m [2mexecuting::dataflow[0m[2m:[0m 1.952017156s:	Data loaded for _Return
[2m2025-08-11T18:31:11.215293Z[0m [32m INFO[0m [2mreading::inspect[0m[2m:[0m Delta of (recursive) [Superinterface]: ((), (), 16501)
[2m2025-08-11T18:31:11.222716Z[0m [32m INFO[0m [2mreading::inspect[0m[2m:[0m Delta of (recursive) [Subclass]: ((), (), 17499)
[2m2025-08-11T18:31:11.259221Z[0m [32m INFO[0m [2mreading::inspect[0m[2m:[0m Delta of (recursive) [SubtypeOf]: ((), (), 48824)
[2m2025-08-11T18:31:11.276830Z[0m [32m INFO[0m [2mreading::inspect[0m[2m:[0m Delta of (recursive) [MethodLookup]: ((), (), 407629)
[2m2025-08-11T18:31:35.651622Z[0m [32m INFO[0m [2mreading::inspect[0m[2m:[0m Delta of (recursive) [ArrayIndexPointsTo]: ((), (), 314695)
[2m2025-08-11T18:31:35.651694Z[0m [32m INFO[0m [2mreading::inspect[0m[2m:[0m Delta of (recursive) [Assign]: ((), (), 155849)
[2m2025-08-11T18:31:35.651742Z[0m [32m INFO[0m [2mreading::inspect[0m[2m:[0m Delta of (recursive) [CallGraphEdge]: ((), (), 85000)
[2m2025-08-11T18:31:35.651786Z[0m [32m INFO[0m [2mreading::inspect[0m[2m:[0m Delta of (recursive) [InitializedClass]: ((), (), 3488)
[2m2025-08-11T18:31:35.652076Z[0m [32m INFO[0m [2mreading::inspect[0m[2m:[0m Delta of (recursive) [InstanceFieldPointsTo]: ((), (), 14110900)
[2m2025-08-11T18:31:35.652117Z[0m [32m INFO[0m [2mreading::inspect[0m[2m:[0m Delta of (recursive) [Reachable]: ((), (), 16806)
[2m2025-08-11T18:31:35.652151Z[0m [32m INFO[0m [2mreading::inspect[0m[2m:[0m Delta of (recursive) [StaticFieldPointsTo]: ((), (), 61324)
[2m2025-08-11T18:31:35.652616Z[0m [32m INFO[0m [2mreading::inspect[0m[2m:[0m Delta of (recursive) [VarPointsTo]: ((), (), 39498905)
[2m2025-08-11T18:31:35.731180Z[0m [32m INFO[0m [2mexecuting::dataflow[0m[2m:[0m 26.855542347s:	Dataflow executed
[2m2025-08-11T18:31:35.950026Z[0m [32m INFO[0m [2mexecuting[0m[2m:[0m success query
