[2m2025-08-11T18:21:49.895143Z[0m [32m INFO[0m [2mexecuting::dataflow[0m[2m:[0m 407.818797ms:	Dataflow assembled
[2m2025-08-11T18:21:50.340417Z[0m [32m INFO[0m [2mexecuting::dataflow[0m[2m:[0m 853.096706ms:	Data loaded for DirectSuperclass
[2m2025-08-11T18:21:50.340631Z[0m [32m INFO[0m [2mexecuting::dataflow[0m[2m:[0m 853.319387ms:	Data loaded for DirectSuperinterface
[2m2025-08-11T18:21:50.340696Z[0m [32m INFO[0m [2mexecuting::dataflow[0m[2m:[0m 853.38493ms:	Data loaded for MainClass
[2m2025-08-11T18:21:50.340762Z[0m [32m INFO[0m [2mexecuting::dataflow[0m[2m:[0m 853.450554ms:	Data loaded for FormalParam
[2m2025-08-11T18:21:50.340818Z[0m [32m INFO[0m [2mexecuting::dataflow[0m[2m:[0m 853.507191ms:	Data loaded for ComponentType
[2m2025-08-11T18:21:50.341064Z[0m [32m INFO[0m [2mexecuting::dataflow[0m[2m:[0m 853.752574ms:	Data loaded for AssignReturnValue
[2m2025-08-11T18:21:50.341116Z[0m [32m INFO[0m [2mexecuting::dataflow[0m[2m:[0m 853.805134ms:	Data loaded for ActualParam
[2m2025-08-11T18:21:50.341170Z[0m [32m INFO[0m [2mexecuting::dataflow[0m[2m:[0m 853.859396ms:	Data loaded for Method_Modifier
[2m2025-08-11T18:21:50.341231Z[0m [32m INFO[0m [2mexecuting::dataflow[0m[2m:[0m 853.920171ms:	Data loaded for Var_Type
[2m2025-08-11T18:21:50.341286Z[0m [32m INFO[0m [2mexecuting::dataflow[0m[2m:[0m 853.974423ms:	Data loaded for HeapAllocation_Type
[2m2025-08-11T18:21:50.341342Z[0m [32m INFO[0m [2mexecuting::dataflow[0m[2m:[0m 854.031301ms:	Data loaded for _ClassType
[2m2025-08-11T18:21:50.341399Z[0m [32m INFO[0m [2mexecuting::dataflow[0m[2m:[0m 854.088358ms:	Data loaded for _ArrayType
[2m2025-08-11T18:21:50.341453Z[0m [32m INFO[0m [2mexecuting::dataflow[0m[2m:[0m 854.14229ms:	Data loaded for _InterfaceType
[2m2025-08-11T18:21:50.341506Z[0m [32m INFO[0m [2mexecuting::dataflow[0m[2m:[0m 854.1951ms:	Data loaded for _Var_DeclaringMethod
[2m2025-08-11T18:21:50.341560Z[0m [32m INFO[0m [2mexecuting::dataflow[0m[2m:[0m 854.248641ms:	Data loaded for _ApplicationClass
[2m2025-08-11T18:21:50.341613Z[0m [32m INFO[0m [2mexecuting::dataflow[0m[2m:[0m 854.301631ms:	Data loaded for _ThisVar
[2m2025-08-11T18:21:50.341665Z[0m [32m INFO[0m [2mexecuting::dataflow[0m[2m:[0m 854.353399ms:	Data loaded for _NormalHeap
[2m2025-08-11T18:21:50.341718Z[0m [32m INFO[0m [2mexecuting::dataflow[0m[2m:[0m 854.406739ms:	Data loaded for _StringConstant
[2m2025-08-11T18:21:50.341789Z[0m [32m INFO[0m [2mexecuting::dataflow[0m[2m:[0m 854.477794ms:	Data loaded for _AssignHeapAllocation
[2m2025-08-11T18:21:50.341849Z[0m [32m INFO[0m [2mexecuting::dataflow[0m[2m:[0m 854.537486ms:	Data loaded for _AssignLocal
[2m2025-08-11T18:21:50.341920Z[0m [32m INFO[0m [2mexecuting::dataflow[0m[2m:[0m 854.608801ms:	Data loaded for _AssignCast
[2m2025-08-11T18:21:50.341975Z[0m [32m INFO[0m [2mexecuting::dataflow[0m[2m:[0m 854.664256ms:	Data loaded for _Field
[2m2025-08-11T18:21:50.342035Z[0m [32m INFO[0m [2mexecuting::dataflow[0m[2m:[0m 854.724399ms:	Data loaded for _StaticMethodInvocation
[2m2025-08-11T18:21:50.342090Z[0m [32m INFO[0m [2mexecuting::dataflow[0m[2m:[0m 854.779233ms:	Data loaded for _SpecialMethodInvocation
[2m2025-08-11T18:21:50.342161Z[0m [32m INFO[0m [2mexecuting::dataflow[0m[2m:[0m 854.850267ms:	Data loaded for _VirtualMethodInvocation
[2m2025-08-11T18:21:50.342218Z[0m [32m INFO[0m [2mexecuting::dataflow[0m[2m:[0m 854.907014ms:	Data loaded for _Method
[2m2025-08-11T18:21:50.342272Z[0m [32m INFO[0m [2mexecuting::dataflow[0m[2m:[0m 854.960876ms:	Data loaded for Method_Descriptor
[2m2025-08-11T18:21:50.342345Z[0m [32m INFO[0m [2mexecuting::dataflow[0m[2m:[0m 855.033422ms:	Data loaded for _StoreInstanceField
[2m2025-08-11T18:21:50.342423Z[0m [32m INFO[0m [2mexecuting::dataflow[0m[2m:[0m 855.1114ms:	Data loaded for _LoadInstanceField
[2m2025-08-11T18:21:50.342490Z[0m [32m INFO[0m [2mexecuting::dataflow[0m[2m:[0m 855.178366ms:	Data loaded for _StoreStaticField
[2m2025-08-11T18:21:50.342579Z[0m [32m INFO[0m [2mexecuting::dataflow[0m[2m:[0m 855.267985ms:	Data loaded for _LoadStaticField
[2m2025-08-11T18:21:50.342648Z[0m [32m INFO[0m [2mexecuting::dataflow[0m[2m:[0m 855.336445ms:	Data loaded for _StoreArrayIndex
[2m2025-08-11T18:21:50.342717Z[0m [32m INFO[0m [2mexecuting::dataflow[0m[2m:[0m 855.405785ms:	Data loaded for _LoadArrayIndex
[2m2025-08-11T18:21:50.342776Z[0m [32m INFO[0m [2mexecuting::dataflow[0m[2m:[0m 855.465258ms:	Data loaded for _Return
[2m2025-08-11T18:21:50.766257Z[0m [32m INFO[0m [2mreading::inspect[0m[2m:[0m Delta of (recursive) [Superinterface]: ((), (), 16501)
[2m2025-08-11T18:21:50.766751Z[0m [32m INFO[0m [2mreading::inspect[0m[2m:[0m Delta of (recursive) [Subclass]: ((), (), 17499)
[2m2025-08-11T18:21:50.804432Z[0m [32m INFO[0m [2mreading::inspect[0m[2m:[0m Delta of (recursive) [SubtypeOf]: ((), (), 48824)
[2m2025-08-11T18:21:50.817651Z[0m [32m INFO[0m [2mreading::inspect[0m[2m:[0m Delta of (recursive) [MethodLookup]: ((), (), 407629)
[2m2025-08-11T18:22:14.007013Z[0m [32m INFO[0m [2mreading::inspect[0m[2m:[0m Delta of (recursive) [ArrayIndexPointsTo]: ((), (), 314695)
[2m2025-08-11T18:22:14.007329Z[0m [32m INFO[0m [2mreading::inspect[0m[2m:[0m Delta of (recursive) [Assign]: ((), (), 155849)
[2m2025-08-11T18:22:14.007364Z[0m [32m INFO[0m [2mreading::inspect[0m[2m:[0m Delta of (recursive) [CallGraphEdge]: ((), (), 85000)
[2m2025-08-11T18:22:14.007394Z[0m [32m INFO[0m [2mreading::inspect[0m[2m:[0m Delta of (recursive) [InitializedClass]: ((), (), 3488)
[2m2025-08-11T18:22:14.010257Z[0m [32m INFO[0m [2mreading::inspect[0m[2m:[0m Delta of (recursive) [InstanceFieldPointsTo]: ((), (), 14110900)
[2m2025-08-11T18:22:14.010305Z[0m [32m INFO[0m [2mreading::inspect[0m[2m:[0m Delta of (recursive) [Reachable]: ((), (), 16806)
[2m2025-08-11T18:22:14.010340Z[0m [32m INFO[0m [2mreading::inspect[0m[2m:[0m Delta of (recursive) [StaticFieldPointsTo]: ((), (), 61324)
[2m2025-08-11T18:22:14.010827Z[0m [32m INFO[0m [2mreading::inspect[0m[2m:[0m Delta of (recursive) [VarPointsTo]: ((), (), 39498905)
[2m2025-08-11T18:22:14.027408Z[0m [32m INFO[0m [2mexecuting::dataflow[0m[2m:[0m 24.540076566s:	Dataflow executed
[2m2025-08-11T18:22:14.133672Z[0m [32m INFO[0m [2mexecuting[0m[2m:[0m success query
