[2m2025-07-29T01:58:47.459378Z[0m [32m INFO[0m [2mexecuting::dataflow[0m[2m:[0m 201.932794ms:	Dataflow assembled
[2m2025-07-29T01:58:48.517957Z[0m [32m INFO[0m [2mexecuting::dataflow[0m[2m:[0m 1.260528076s:	Data loaded for DirectSuperclass
[2m2025-07-29T01:58:48.518011Z[0m [32m INFO[0m [2mexecuting::dataflow[0m[2m:[0m 1.260588349s:	Data loaded for DirectSuperinterface
[2m2025-07-29T01:58:48.518024Z[0m [32m INFO[0m [2mexecuting::dataflow[0m[2m:[0m 1.260600633s:	Data loaded for MainClass
[2m2025-07-29T01:58:48.518038Z[0m [32m INFO[0m [2mexecuting::dataflow[0m[2m:[0m 1.26061511s:	Data loaded for FormalParam
[2m2025-07-29T01:58:48.518050Z[0m [32m INFO[0m [2mexecuting::dataflow[0m[2m:[0m 1.260627263s:	Data loaded for ComponentType
[2m2025-07-29T01:58:48.518060Z[0m [32m INFO[0m [2mexecuting::dataflow[0m[2m:[0m 1.260637011s:	Data loaded for AssignReturnValue
[2m2025-07-29T01:58:48.518074Z[0m [32m INFO[0m [2mexecuting::dataflow[0m[2m:[0m 1.260650997s:	Data loaded for ActualParam
[2m2025-07-29T01:58:48.518095Z[0m [32m INFO[0m [2mexecuting::dataflow[0m[2m:[0m 1.260671516s:	Data loaded for Method_Modifier
[2m2025-07-29T01:58:48.518107Z[0m [32m INFO[0m [2mexecuting::dataflow[0m[2m:[0m 1.260683468s:	Data loaded for Var_Type
[2m2025-07-29T01:58:48.518116Z[0m [32m INFO[0m [2mexecuting::dataflow[0m[2m:[0m 1.260692866s:	Data loaded for HeapAllocation_Type
[2m2025-07-29T01:58:48.518129Z[0m [32m INFO[0m [2mexecuting::dataflow[0m[2m:[0m 1.260705921s:	Data loaded for _ClassType
[2m2025-07-29T01:58:48.518141Z[0m [32m INFO[0m [2mexecuting::dataflow[0m[2m:[0m 1.260717743s:	Data loaded for _ArrayType
[2m2025-07-29T01:58:48.518155Z[0m [32m INFO[0m [2mexecuting::dataflow[0m[2m:[0m 1.260731579s:	Data loaded for _InterfaceType
[2m2025-07-29T01:58:48.518163Z[0m [32m INFO[0m [2mexecuting::dataflow[0m[2m:[0m 1.260740015s:	Data loaded for _Var_DeclaringMethod
[2m2025-07-29T01:58:48.518174Z[0m [32m INFO[0m [2mexecuting::dataflow[0m[2m:[0m 1.260751306s:	Data loaded for _ApplicationClass
[2m2025-07-29T01:58:48.518183Z[0m [32m INFO[0m [2mexecuting::dataflow[0m[2m:[0m 1.260759922s:	Data loaded for _ThisVar
[2m2025-07-29T01:58:48.518191Z[0m [32m INFO[0m [2mexecuting::dataflow[0m[2m:[0m 1.260767817s:	Data loaded for _NormalHeap
[2m2025-07-29T01:58:48.518201Z[0m [32m INFO[0m [2mexecuting::dataflow[0m[2m:[0m 1.260777876s:	Data loaded for _StringConstant
[2m2025-07-29T01:58:48.518232Z[0m [32m INFO[0m [2mexecuting::dataflow[0m[2m:[0m 1.260808664s:	Data loaded for _AssignHeapAllocation
[2m2025-07-29T01:58:48.518249Z[0m [32m INFO[0m [2mexecuting::dataflow[0m[2m:[0m 1.260826137s:	Data loaded for _AssignLocal
[2m2025-07-29T01:58:48.518293Z[0m [32m INFO[0m [2mexecuting::dataflow[0m[2m:[0m 1.26087016s:	Data loaded for _AssignCast
[2m2025-07-29T01:58:48.518305Z[0m [32m INFO[0m [2mexecuting::dataflow[0m[2m:[0m 1.260881882s:	Data loaded for _Field
[2m2025-07-29T01:58:48.518315Z[0m [32m INFO[0m [2mexecuting::dataflow[0m[2m:[0m 1.26089147s:	Data loaded for _StaticMethodInvocation
[2m2025-07-29T01:58:48.518343Z[0m [32m INFO[0m [2mexecuting::dataflow[0m[2m:[0m 1.260920374s:	Data loaded for _SpecialMethodInvocation
[2m2025-07-29T01:58:48.518360Z[0m [32m INFO[0m [2mexecuting::dataflow[0m[2m:[0m 1.260936945s:	Data loaded for _VirtualMethodInvocation
[2m2025-07-29T01:58:48.518377Z[0m [32m INFO[0m [2mexecuting::dataflow[0m[2m:[0m 1.260953607s:	Data loaded for _Method
[2m2025-07-29T01:58:48.518400Z[0m [32m INFO[0m [2mexecuting::dataflow[0m[2m:[0m 1.26097682s:	Data loaded for Method_Descriptor
[2m2025-07-29T01:58:48.518409Z[0m [32m INFO[0m [2mexecuting::dataflow[0m[2m:[0m 1.260986108s:	Data loaded for _StoreInstanceField
[2m2025-07-29T01:58:48.518448Z[0m [32m INFO[0m [2mexecuting::dataflow[0m[2m:[0m 1.261024881s:	Data loaded for _LoadInstanceField
[2m2025-07-29T01:58:48.518461Z[0m [32m INFO[0m [2mexecuting::dataflow[0m[2m:[0m 1.261038086s:	Data loaded for _StoreStaticField
[2m2025-07-29T01:58:48.518519Z[0m [32m INFO[0m [2mexecuting::dataflow[0m[2m:[0m 1.261095925s:	Data loaded for _LoadStaticField
[2m2025-07-29T01:58:48.518549Z[0m [32m INFO[0m [2mexecuting::dataflow[0m[2m:[0m 1.26112563s:	Data loaded for _StoreArrayIndex
[2m2025-07-29T01:58:48.518565Z[0m [32m INFO[0m [2mexecuting::dataflow[0m[2m:[0m 1.261141741s:	Data loaded for _LoadArrayIndex
[2m2025-07-29T01:58:48.518578Z[0m [32m INFO[0m [2mexecuting::dataflow[0m[2m:[0m 1.261154745s:	Data loaded for _Return
[2m2025-07-29T01:58:48.936352Z[0m [32m INFO[0m [2mreading::inspect[0m[2m:[0m Delta of (recursive) [Superinterface]: ((), (), 19822)
[2m2025-07-29T01:58:48.936586Z[0m [32m INFO[0m [2mreading::inspect[0m[2m:[0m Delta of (recursive) [Subclass]: ((), (), 26793)
[2m2025-07-29T02:00:31.027269Z[0m [32m INFO[0m [2mreading::inspect[0m[2m:[0m Delta of (recursive) [SubtypeOf]: ((), (), 71243)
[2m2025-07-29T02:03:04.661937Z[0m [32m INFO[0m [2mreading::inspect[0m[2m:[0m Delta of (recursive) [MethodLookup]: ((), (), 576058)
[2m2025-07-29T02:03:14.547009Z[0m [32m INFO[0m [2mreading::inspect[0m[2m:[0m Delta of (recursive) [ArrayIndexPointsTo]: ((), (), 61089)
[2m2025-07-29T02:03:14.547189Z[0m [32m INFO[0m [2mreading::inspect[0m[2m:[0m Delta of (recursive) [Assign]: ((), (), 55484)
[2m2025-07-29T02:03:14.547258Z[0m [32m INFO[0m [2mreading::inspect[0m[2m:[0m Delta of (recursive) [CallGraphEdge]: ((), (), 26136)
[2m2025-07-29T02:03:14.547338Z[0m [32m INFO[0m [2mreading::inspect[0m[2m:[0m Delta of (recursive) [InitializedClass]: ((), (), 1322)
[2m2025-07-29T02:03:14.547497Z[0m [32m INFO[0m [2mreading::inspect[0m[2m:[0m Delta of (recursive) [InstanceFieldPointsTo]: ((), (), 2250115)
[2m2025-07-29T02:03:14.547570Z[0m [32m INFO[0m [2mreading::inspect[0m[2m:[0m Delta of (recursive) [Reachable]: ((), (), 5895)
[2m2025-07-29T02:03:14.547621Z[0m [32m INFO[0m [2mreading::inspect[0m[2m:[0m Delta of (recursive) [StaticFieldPointsTo]: ((), (), 2593)
[2m2025-07-29T02:03:14.548018Z[0m [32m INFO[0m [2mreading::inspect[0m[2m:[0m Delta of (recursive) [VarPointsTo]: ((), (), 5156430)
[2m2025-07-29T02:03:14.571835Z[0m [32m INFO[0m [2mexecuting::dataflow[0m[2m:[0m 267.313899304s:	Dataflow executed
[2m2025-07-29T02:03:14.597588Z[0m [32m INFO[0m [2mexecuting[0m[2m:[0m success query
