[2m2025-07-29T01:57:50.369339Z[0m [32m INFO[0m [2mexecuting::dataflow[0m[2m:[0m 647.683738ms:	Dataflow assembled
[2m2025-07-29T01:57:51.400033Z[0m [32m INFO[0m [2mexecuting::dataflow[0m[2m:[0m 1.678389878s:	Data loaded for DirectSuperclass
[2m2025-07-29T01:57:51.400094Z[0m [32m INFO[0m [2mexecuting::dataflow[0m[2m:[0m 1.678456643s:	Data loaded for DirectSuperinterface
[2m2025-07-29T01:57:51.400104Z[0m [32m INFO[0m [2mexecuting::dataflow[0m[2m:[0m 1.678466181s:	Data loaded for MainClass
[2m2025-07-29T01:57:51.400118Z[0m [32m INFO[0m [2mexecuting::dataflow[0m[2m:[0m 1.678480418s:	Data loaded for FormalParam
[2m2025-07-29T01:57:51.400130Z[0m [32m INFO[0m [2mexecuting::dataflow[0m[2m:[0m 1.678492421s:	Data loaded for ComponentType
[2m2025-07-29T01:57:51.400139Z[0m [32m INFO[0m [2mexecuting::dataflow[0m[2m:[0m 1.678501568s:	Data loaded for AssignReturnValue
[2m2025-07-29T01:57:51.400150Z[0m [32m INFO[0m [2mexecuting::dataflow[0m[2m:[0m 1.678512288s:	Data loaded for ActualParam
[2m2025-07-29T01:57:51.400183Z[0m [32m INFO[0m [2mexecuting::dataflow[0m[2m:[0m 1.678545971s:	Data loaded for Method_Modifier
[2m2025-07-29T01:57:51.400195Z[0m [32m INFO[0m [2mexecuting::dataflow[0m[2m:[0m 1.678557463s:	Data loaded for Var_Type
[2m2025-07-29T01:57:51.400203Z[0m [32m INFO[0m [2mexecuting::dataflow[0m[2m:[0m 1.678565628s:	Data loaded for HeapAllocation_Type
[2m2025-07-29T01:57:51.400215Z[0m [32m INFO[0m [2mexecuting::dataflow[0m[2m:[0m 1.678577942s:	Data loaded for _ClassType
[2m2025-07-29T01:57:51.400225Z[0m [32m INFO[0m [2mexecuting::dataflow[0m[2m:[0m 1.678587249s:	Data loaded for _ArrayType
[2m2025-07-29T01:57:51.400236Z[0m [32m INFO[0m [2mexecuting::dataflow[0m[2m:[0m 1.67859826s:	Data loaded for _InterfaceType
[2m2025-07-29T01:57:51.400245Z[0m [32m INFO[0m [2mexecuting::dataflow[0m[2m:[0m 1.678607267s:	Data loaded for _Var_DeclaringMethod
[2m2025-07-29T01:57:51.400252Z[0m [32m INFO[0m [2mexecuting::dataflow[0m[2m:[0m 1.678615021s:	Data loaded for _ApplicationClass
[2m2025-07-29T01:57:51.400260Z[0m [32m INFO[0m [2mexecuting::dataflow[0m[2m:[0m 1.678622606s:	Data loaded for _ThisVar
[2m2025-07-29T01:57:51.400267Z[0m [32m INFO[0m [2mexecuting::dataflow[0m[2m:[0m 1.678629739s:	Data loaded for _NormalHeap
[2m2025-07-29T01:57:51.400274Z[0m [32m INFO[0m [2mexecuting::dataflow[0m[2m:[0m 1.678636862s:	Data loaded for _StringConstant
[2m2025-07-29T01:57:51.400353Z[0m [32m INFO[0m [2mexecuting::dataflow[0m[2m:[0m 1.678716001s:	Data loaded for _AssignHeapAllocation
[2m2025-07-29T01:57:51.400370Z[0m [32m INFO[0m [2mexecuting::dataflow[0m[2m:[0m 1.678732262s:	Data loaded for _AssignLocal
[2m2025-07-29T01:57:51.400492Z[0m [32m INFO[0m [2mexecuting::dataflow[0m[2m:[0m 1.678854993s:	Data loaded for _AssignCast
[2m2025-07-29T01:57:51.400503Z[0m [32m INFO[0m [2mexecuting::dataflow[0m[2m:[0m 1.678865192s:	Data loaded for _Field
[2m2025-07-29T01:57:51.400512Z[0m [32m INFO[0m [2mexecuting::dataflow[0m[2m:[0m 1.67887468s:	Data loaded for _StaticMethodInvocation
[2m2025-07-29T01:57:51.400569Z[0m [32m INFO[0m [2mexecuting::dataflow[0m[2m:[0m 1.678931727s:	Data loaded for _SpecialMethodInvocation
[2m2025-07-29T01:57:51.400586Z[0m [32m INFO[0m [2mexecuting::dataflow[0m[2m:[0m 1.67894888s:	Data loaded for _VirtualMethodInvocation
[2m2025-07-29T01:57:51.400600Z[0m [32m INFO[0m [2mexecuting::dataflow[0m[2m:[0m 1.678962345s:	Data loaded for _Method
[2m2025-07-29T01:57:51.400608Z[0m [32m INFO[0m [2mexecuting::dataflow[0m[2m:[0m 1.678971031s:	Data loaded for Method_Descriptor
[2m2025-07-29T01:57:51.400617Z[0m [32m INFO[0m [2mexecuting::dataflow[0m[2m:[0m 1.678979507s:	Data loaded for _StoreInstanceField
[2m2025-07-29T01:57:51.400721Z[0m [32m INFO[0m [2mexecuting::dataflow[0m[2m:[0m 1.679083974s:	Data loaded for _LoadInstanceField
[2m2025-07-29T01:57:51.400735Z[0m [32m INFO[0m [2mexecuting::dataflow[0m[2m:[0m 1.679097219s:	Data loaded for _StoreStaticField
[2m2025-07-29T01:57:51.400832Z[0m [32m INFO[0m [2mexecuting::dataflow[0m[2m:[0m 1.679194391s:	Data loaded for _LoadStaticField
[2m2025-07-29T01:57:51.400905Z[0m [32m INFO[0m [2mexecuting::dataflow[0m[2m:[0m 1.679267178s:	Data loaded for _StoreArrayIndex
[2m2025-07-29T01:57:51.400922Z[0m [32m INFO[0m [2mexecuting::dataflow[0m[2m:[0m 1.679284992s:	Data loaded for _LoadArrayIndex
[2m2025-07-29T01:57:51.400950Z[0m [32m INFO[0m [2mexecuting::dataflow[0m[2m:[0m 1.679312985s:	Data loaded for _Return
[2m2025-07-29T01:57:51.898387Z[0m [32m INFO[0m [2mreading::inspect[0m[2m:[0m Delta of (recursive) [Subclass]: ((), (), 26793)
[2m2025-07-29T01:57:51.910618Z[0m [32m INFO[0m [2mreading::inspect[0m[2m:[0m Delta of (recursive) [Superinterface]: ((), (), 19822)
[2m2025-07-29T01:57:51.964771Z[0m [32m INFO[0m [2mreading::inspect[0m[2m:[0m Delta of (recursive) [SubtypeOf]: ((), (), 71243)
[2m2025-07-29T01:57:51.978554Z[0m [32m INFO[0m [2mreading::inspect[0m[2m:[0m Delta of (recursive) [MethodLookup]: ((), (), 576058)
[2m2025-07-29T01:57:59.319150Z[0m [32m INFO[0m [2mreading::inspect[0m[2m:[0m Delta of (recursive) [ArrayIndexPointsTo]: ((), (), 61089)
[2m2025-07-29T01:57:59.319252Z[0m [32m INFO[0m [2mreading::inspect[0m[2m:[0m Delta of (recursive) [Assign]: ((), (), 55484)
[2m2025-07-29T01:57:59.319326Z[0m [32m INFO[0m [2mreading::inspect[0m[2m:[0m Delta of (recursive) [CallGraphEdge]: ((), (), 26136)
[2m2025-07-29T01:57:59.319384Z[0m [32m INFO[0m [2mreading::inspect[0m[2m:[0m Delta of (recursive) [InitializedClass]: ((), (), 1322)
[2m2025-07-29T01:57:59.319468Z[0m [32m INFO[0m [2mreading::inspect[0m[2m:[0m Delta of (recursive) [InstanceFieldPointsTo]: ((), (), 2250115)
[2m2025-07-29T01:57:59.319506Z[0m [32m INFO[0m [2mreading::inspect[0m[2m:[0m Delta of (recursive) [Reachable]: ((), (), 5895)
[2m2025-07-29T01:57:59.319538Z[0m [32m INFO[0m [2mreading::inspect[0m[2m:[0m Delta of (recursive) [StaticFieldPointsTo]: ((), (), 2593)
[2m2025-07-29T01:57:59.319650Z[0m [32m INFO[0m [2mreading::inspect[0m[2m:[0m Delta of (recursive) [VarPointsTo]: ((), (), 5156430)
[2m2025-07-29T01:57:59.321065Z[0m [32m INFO[0m [2mexecuting::dataflow[0m[2m:[0m 9.599417883s:	Dataflow executed
[2m2025-07-29T01:57:59.457562Z[0m [32m INFO[0m [2mexecuting[0m[2m:[0m success query
