[2m2025-07-29T01:36:24.079730Z[0m [32m INFO[0m [2mexecuting::dataflow[0m[2m:[0m 674.724959ms:	Dataflow assembled
[2m2025-07-29T01:36:25.119485Z[0m [32m INFO[0m [2mexecuting::dataflow[0m[2m:[0m 1.714493396s:	Data loaded for DirectSuperclass
[2m2025-07-29T01:36:25.119545Z[0m [32m INFO[0m [2mexecuting::dataflow[0m[2m:[0m 1.714559891s:	Data loaded for DirectSuperinterface
[2m2025-07-29T01:36:25.119558Z[0m [32m INFO[0m [2mexecuting::dataflow[0m[2m:[0m 1.714572495s:	Data loaded for MainClass
[2m2025-07-29T01:36:25.119572Z[0m [32m INFO[0m [2mexecuting::dataflow[0m[2m:[0m 1.714587203s:	Data loaded for FormalParam
[2m2025-07-29T01:36:25.119585Z[0m [32m INFO[0m [2mexecuting::dataflow[0m[2m:[0m 1.714600277s:	Data loaded for ComponentType
[2m2025-07-29T01:36:25.119594Z[0m [32m INFO[0m [2mexecuting::dataflow[0m[2m:[0m 1.714609144s:	Data loaded for AssignReturnValue
[2m2025-07-29T01:36:25.119604Z[0m [32m INFO[0m [2mexecuting::dataflow[0m[2m:[0m 1.714619133s:	Data loaded for ActualParam
[2m2025-07-29T01:36:25.119622Z[0m [32m INFO[0m [2mexecuting::dataflow[0m[2m:[0m 1.714636916s:	Data loaded for Method_Modifier
[2m2025-07-29T01:36:25.119632Z[0m [32m INFO[0m [2mexecuting::dataflow[0m[2m:[0m 1.714646865s:	Data loaded for Var_Type
[2m2025-07-29T01:36:25.119640Z[0m [32m INFO[0m [2mexecuting::dataflow[0m[2m:[0m 1.71465497s:	Data loaded for HeapAllocation_Type
[2m2025-07-29T01:36:25.119654Z[0m [32m INFO[0m [2mexecuting::dataflow[0m[2m:[0m 1.714668816s:	Data loaded for _ClassType
[2m2025-07-29T01:36:25.119663Z[0m [32m INFO[0m [2mexecuting::dataflow[0m[2m:[0m 1.714678094s:	Data loaded for _ArrayType
[2m2025-07-29T01:36:25.119674Z[0m [32m INFO[0m [2mexecuting::dataflow[0m[2m:[0m 1.714689135s:	Data loaded for _InterfaceType
[2m2025-07-29T01:36:25.119682Z[0m [32m INFO[0m [2mexecuting::dataflow[0m[2m:[0m 1.71469725s:	Data loaded for _Var_DeclaringMethod
[2m2025-07-29T01:36:25.119691Z[0m [32m INFO[0m [2mexecuting::dataflow[0m[2m:[0m 1.714705566s:	Data loaded for _ApplicationClass
[2m2025-07-29T01:36:25.119699Z[0m [32m INFO[0m [2mexecuting::dataflow[0m[2m:[0m 1.714713731s:	Data loaded for _ThisVar
[2m2025-07-29T01:36:25.119706Z[0m [32m INFO[0m [2mexecuting::dataflow[0m[2m:[0m 1.714720604s:	Data loaded for _NormalHeap
[2m2025-07-29T01:36:25.119713Z[0m [32m INFO[0m [2mexecuting::dataflow[0m[2m:[0m 1.714727577s:	Data loaded for _StringConstant
[2m2025-07-29T01:36:25.119747Z[0m [32m INFO[0m [2mexecuting::dataflow[0m[2m:[0m 1.714761491s:	Data loaded for _AssignHeapAllocation
[2m2025-07-29T01:36:25.119766Z[0m [32m INFO[0m [2mexecuting::dataflow[0m[2m:[0m 1.714780747s:	Data loaded for _AssignLocal
[2m2025-07-29T01:36:25.119813Z[0m [32m INFO[0m [2mexecuting::dataflow[0m[2m:[0m 1.714827866s:	Data loaded for _AssignCast
[2m2025-07-29T01:36:25.119826Z[0m [32m INFO[0m [2mexecuting::dataflow[0m[2m:[0m 1.71484059s:	Data loaded for _Field
[2m2025-07-29T01:36:25.119835Z[0m [32m INFO[0m [2mexecuting::dataflow[0m[2m:[0m 1.714850138s:	Data loaded for _StaticMethodInvocation
[2m2025-07-29T01:36:25.119864Z[0m [32m INFO[0m [2mexecuting::dataflow[0m[2m:[0m 1.714878541s:	Data loaded for _SpecialMethodInvocation
[2m2025-07-29T01:36:25.119882Z[0m [32m INFO[0m [2mexecuting::dataflow[0m[2m:[0m 1.714897266s:	Data loaded for _VirtualMethodInvocation
[2m2025-07-29T01:36:25.119898Z[0m [32m INFO[0m [2mexecuting::dataflow[0m[2m:[0m 1.714913226s:	Data loaded for _Method
[2m2025-07-29T01:36:25.119909Z[0m [32m INFO[0m [2mexecuting::dataflow[0m[2m:[0m 1.714923906s:	Data loaded for Method_Descriptor
[2m2025-07-29T01:36:25.119918Z[0m [32m INFO[0m [2mexecuting::dataflow[0m[2m:[0m 1.714932753s:	Data loaded for _StoreInstanceField
[2m2025-07-29T01:36:25.120218Z[0m [32m INFO[0m [2mexecuting::dataflow[0m[2m:[0m 1.715232186s:	Data loaded for _LoadInstanceField
[2m2025-07-29T01:36:25.120234Z[0m [32m INFO[0m [2mexecuting::dataflow[0m[2m:[0m 1.715248938s:	Data loaded for _StoreStaticField
[2m2025-07-29T01:36:25.120298Z[0m [32m INFO[0m [2mexecuting::dataflow[0m[2m:[0m 1.715313029s:	Data loaded for _LoadStaticField
[2m2025-07-29T01:36:25.120331Z[0m [32m INFO[0m [2mexecuting::dataflow[0m[2m:[0m 1.71534563s:	Data loaded for _StoreArrayIndex
[2m2025-07-29T01:36:25.120351Z[0m [32m INFO[0m [2mexecuting::dataflow[0m[2m:[0m 1.715366189s:	Data loaded for _LoadArrayIndex
[2m2025-07-29T01:36:25.120366Z[0m [32m INFO[0m [2mexecuting::dataflow[0m[2m:[0m 1.715380415s:	Data loaded for _Return
[2m2025-07-29T01:36:25.565712Z[0m [32m INFO[0m [2mreading::inspect[0m[2m:[0m Delta of (recursive) [Subclass]: ((), (), 26793)
[2m2025-07-29T01:36:25.567547Z[0m [32m INFO[0m [2mreading::inspect[0m[2m:[0m Delta of (recursive) [Superinterface]: ((), (), 19822)
[2m2025-07-29T01:36:25.612411Z[0m [32m INFO[0m [2mreading::inspect[0m[2m:[0m Delta of (recursive) [SubtypeOf]: ((), (), 71243)
[2m2025-07-29T01:36:25.619898Z[0m [32m INFO[0m [2mreading::inspect[0m[2m:[0m Delta of (recursive) [MethodLookup]: ((), (), 576058)
[2m2025-07-29T01:36:33.114805Z[0m [32m INFO[0m [2mreading::inspect[0m[2m:[0m Delta of (recursive) [VarPointsTo]: ((), (), 5156430)
[2m2025-07-29T01:36:33.114971Z[0m [32m INFO[0m [2mreading::inspect[0m[2m:[0m Delta of (recursive) [ArrayIndexPointsTo]: ((), (), 61089)
[2m2025-07-29T01:36:33.114992Z[0m [32m INFO[0m [2mreading::inspect[0m[2m:[0m Delta of (recursive) [Assign]: ((), (), 55484)
[2m2025-07-29T01:36:33.115007Z[0m [32m INFO[0m [2mreading::inspect[0m[2m:[0m Delta of (recursive) [CallGraphEdge]: ((), (), 26136)
[2m2025-07-29T01:36:33.115023Z[0m [32m INFO[0m [2mreading::inspect[0m[2m:[0m Delta of (recursive) [InitializedClass]: ((), (), 1322)
[2m2025-07-29T01:36:33.115035Z[0m [32m INFO[0m [2mreading::inspect[0m[2m:[0m Delta of (recursive) [InstanceFieldPointsTo]: ((), (), 2250115)
[2m2025-07-29T01:36:33.115055Z[0m [32m INFO[0m [2mreading::inspect[0m[2m:[0m Delta of (recursive) [Reachable]: ((), (), 5895)
[2m2025-07-29T01:36:33.115071Z[0m [32m INFO[0m [2mreading::inspect[0m[2m:[0m Delta of (recursive) [StaticFieldPointsTo]: ((), (), 2593)
[2m2025-07-29T01:36:33.116940Z[0m [32m INFO[0m [2mexecuting::dataflow[0m[2m:[0m 9.711399043s:	Dataflow executed
[2m2025-07-29T01:36:33.260702Z[0m [32m INFO[0m [2mexecuting[0m[2m:[0m success query
