[2m2025-07-29T01:31:30.475358Z[0m [32m INFO[0m [2mexecuting::dataflow[0m[2m:[0m 231.107266ms:	Dataflow assembled
[2m2025-07-29T01:31:31.509109Z[0m [32m INFO[0m [2mexecuting::dataflow[0m[2m:[0m 1.264871439s:	Data loaded for DirectSuperclass
[2m2025-07-29T01:31:31.509171Z[0m [32m INFO[0m [2mexecuting::dataflow[0m[2m:[0m 1.264942713s:	Data loaded for DirectSuperinterface
[2m2025-07-29T01:31:31.509184Z[0m [32m INFO[0m [2mexecuting::dataflow[0m[2m:[0m 1.264955196s:	Data loaded for MainClass
[2m2025-07-29T01:31:31.509197Z[0m [32m INFO[0m [2mexecuting::dataflow[0m[2m:[0m 1.264968712s:	Data loaded for FormalParam
[2m2025-07-29T01:31:31.509209Z[0m [32m INFO[0m [2mexecuting::dataflow[0m[2m:[0m 1.264980384s:	Data loaded for ComponentType
[2m2025-07-29T01:31:31.509219Z[0m [32m INFO[0m [2mexecuting::dataflow[0m[2m:[0m 1.264990302s:	Data loaded for AssignReturnValue
[2m2025-07-29T01:31:31.509231Z[0m [32m INFO[0m [2mexecuting::dataflow[0m[2m:[0m 1.265002075s:	Data loaded for ActualParam
[2m2025-07-29T01:31:31.509246Z[0m [32m INFO[0m [2mexecuting::dataflow[0m[2m:[0m 1.265017774s:	Data loaded for Method_Modifier
[2m2025-07-29T01:31:31.509258Z[0m [32m INFO[0m [2mexecuting::dataflow[0m[2m:[0m 1.265029005s:	Data loaded for Var_Type
[2m2025-07-29T01:31:31.509266Z[0m [32m INFO[0m [2mexecuting::dataflow[0m[2m:[0m 1.265037481s:	Data loaded for HeapAllocation_Type
[2m2025-07-29T01:31:31.509279Z[0m [32m INFO[0m [2mexecuting::dataflow[0m[2m:[0m 1.265050225s:	Data loaded for _ClassType
[2m2025-07-29T01:31:31.509290Z[0m [32m INFO[0m [2mexecuting::dataflow[0m[2m:[0m 1.265061607s:	Data loaded for _ArrayType
[2m2025-07-29T01:31:31.509303Z[0m [32m INFO[0m [2mexecuting::dataflow[0m[2m:[0m 1.265074571s:	Data loaded for _InterfaceType
[2m2025-07-29T01:31:31.509311Z[0m [32m INFO[0m [2mexecuting::dataflow[0m[2m:[0m 1.265082616s:	Data loaded for _Var_DeclaringMethod
[2m2025-07-29T01:31:31.509322Z[0m [32m INFO[0m [2mexecuting::dataflow[0m[2m:[0m 1.265093156s:	Data loaded for _ApplicationClass
[2m2025-07-29T01:31:31.509329Z[0m [32m INFO[0m [2mexecuting::dataflow[0m[2m:[0m 1.265100981s:	Data loaded for _ThisVar
[2m2025-07-29T01:31:31.509337Z[0m [32m INFO[0m [2mexecuting::dataflow[0m[2m:[0m 1.265108675s:	Data loaded for _NormalHeap
[2m2025-07-29T01:31:31.509346Z[0m [32m INFO[0m [2mexecuting::dataflow[0m[2m:[0m 1.265117892s:	Data loaded for _StringConstant
[2m2025-07-29T01:31:31.509381Z[0m [32m INFO[0m [2mexecuting::dataflow[0m[2m:[0m 1.265152558s:	Data loaded for _AssignHeapAllocation
[2m2025-07-29T01:31:31.509401Z[0m [32m INFO[0m [2mexecuting::dataflow[0m[2m:[0m 1.265172074s:	Data loaded for _AssignLocal
[2m2025-07-29T01:31:31.509447Z[0m [32m INFO[0m [2mexecuting::dataflow[0m[2m:[0m 1.265217951s:	Data loaded for _AssignCast
[2m2025-07-29T01:31:31.509456Z[0m [32m INFO[0m [2mexecuting::dataflow[0m[2m:[0m 1.265227589s:	Data loaded for _Field
[2m2025-07-29T01:31:31.509466Z[0m [32m INFO[0m [2mexecuting::dataflow[0m[2m:[0m 1.265237788s:	Data loaded for _StaticMethodInvocation
[2m2025-07-29T01:31:31.509494Z[0m [32m INFO[0m [2mexecuting::dataflow[0m[2m:[0m 1.265265049s:	Data loaded for _SpecialMethodInvocation
[2m2025-07-29T01:31:31.509510Z[0m [32m INFO[0m [2mexecuting::dataflow[0m[2m:[0m 1.265281741s:	Data loaded for _VirtualMethodInvocation
[2m2025-07-29T01:31:31.509525Z[0m [32m INFO[0m [2mexecuting::dataflow[0m[2m:[0m 1.265296929s:	Data loaded for _Method
[2m2025-07-29T01:31:31.509536Z[0m [32m INFO[0m [2mexecuting::dataflow[0m[2m:[0m 1.265307529s:	Data loaded for Method_Descriptor
[2m2025-07-29T01:31:31.509545Z[0m [32m INFO[0m [2mexecuting::dataflow[0m[2m:[0m 1.265316286s:	Data loaded for _StoreInstanceField
[2m2025-07-29T01:31:31.509584Z[0m [32m INFO[0m [2mexecuting::dataflow[0m[2m:[0m 1.26535591s:	Data loaded for _LoadInstanceField
[2m2025-07-29T01:31:31.509598Z[0m [32m INFO[0m [2mexecuting::dataflow[0m[2m:[0m 1.265369426s:	Data loaded for _StoreStaticField
[2m2025-07-29T01:31:31.509661Z[0m [32m INFO[0m [2mexecuting::dataflow[0m[2m:[0m 1.265431983s:	Data loaded for _LoadStaticField
[2m2025-07-29T01:31:31.509690Z[0m [32m INFO[0m [2mexecuting::dataflow[0m[2m:[0m 1.265461729s:	Data loaded for _StoreArrayIndex
[2m2025-07-29T01:31:31.509708Z[0m [32m INFO[0m [2mexecuting::dataflow[0m[2m:[0m 1.265479463s:	Data loaded for _LoadArrayIndex
[2m2025-07-29T01:31:31.509721Z[0m [32m INFO[0m [2mexecuting::dataflow[0m[2m:[0m 1.265492157s:	Data loaded for _Return
[2m2025-07-29T01:31:31.898615Z[0m [32m INFO[0m [2mreading::inspect[0m[2m:[0m Delta of (recursive) [Superinterface]: ((), (), 19822)
[2m2025-07-29T01:31:31.898889Z[0m [32m INFO[0m [2mreading::inspect[0m[2m:[0m Delta of (recursive) [Subclass]: ((), (), 26793)
[2m2025-07-29T01:33:12.656094Z[0m [32m INFO[0m [2mreading::inspect[0m[2m:[0m Delta of (recursive) [SubtypeOf]: ((), (), 71243)
[2m2025-07-29T01:35:46.254669Z[0m [32m INFO[0m [2mreading::inspect[0m[2m:[0m Delta of (recursive) [MethodLookup]: ((), (), 576058)
[2m2025-07-29T01:36:15.900711Z[0m [32m INFO[0m [2mreading::inspect[0m[2m:[0m Delta of (recursive) [ArrayIndexPointsTo]: ((), (), 61089)
[2m2025-07-29T01:36:15.900913Z[0m [32m INFO[0m [2mreading::inspect[0m[2m:[0m Delta of (recursive) [Assign]: ((), (), 55484)
[2m2025-07-29T01:36:15.901020Z[0m [32m INFO[0m [2mreading::inspect[0m[2m:[0m Delta of (recursive) [CallGraphEdge]: ((), (), 26136)
[2m2025-07-29T01:36:15.901072Z[0m [32m INFO[0m [2mreading::inspect[0m[2m:[0m Delta of (recursive) [InitializedClass]: ((), (), 1322)
[2m2025-07-29T01:36:15.901149Z[0m [32m INFO[0m [2mreading::inspect[0m[2m:[0m Delta of (recursive) [InstanceFieldPointsTo]: ((), (), 2250115)
[2m2025-07-29T01:36:15.901194Z[0m [32m INFO[0m [2mreading::inspect[0m[2m:[0m Delta of (recursive) [Reachable]: ((), (), 5895)
[2m2025-07-29T01:36:15.901236Z[0m [32m INFO[0m [2mreading::inspect[0m[2m:[0m Delta of (recursive) [StaticFieldPointsTo]: ((), (), 2593)
[2m2025-07-29T01:36:15.901349Z[0m [32m INFO[0m [2mreading::inspect[0m[2m:[0m Delta of (recursive) [VarPointsTo]: ((), (), 5156430)
[2m2025-07-29T01:36:15.921360Z[0m [32m INFO[0m [2mexecuting::dataflow[0m[2m:[0m 285.67660375s:	Dataflow executed
[2m2025-07-29T01:36:15.954432Z[0m [32m INFO[0m [2mexecuting[0m[2m:[0m success query
