[2m2025-07-29T02:14:24.684043Z[0m [32m INFO[0m [2mexecuting::dataflow[0m[2m:[0m 238.995185ms:	Dataflow assembled
[2m2025-07-29T02:14:25.729298Z[0m [32m INFO[0m [2mexecuting::dataflow[0m[2m:[0m 1.284262368s:	Data loaded for DirectSuperclass
[2m2025-07-29T02:14:25.729364Z[0m [32m INFO[0m [2mexecuting::dataflow[0m[2m:[0m 1.284334644s:	Data loaded for DirectSuperinterface
[2m2025-07-29T02:14:25.729376Z[0m [32m INFO[0m [2mexecuting::dataflow[0m[2m:[0m 1.284347679s:	Data loaded for MainClass
[2m2025-07-29T02:14:25.729392Z[0m [32m INFO[0m [2mexecuting::dataflow[0m[2m:[0m 1.284363889s:	Data loaded for FormalParam
[2m2025-07-29T02:14:25.729405Z[0m [32m INFO[0m [2mexecuting::dataflow[0m[2m:[0m 1.284376143s:	Data loaded for ComponentType
[2m2025-07-29T02:14:25.729415Z[0m [32m INFO[0m [2mexecuting::dataflow[0m[2m:[0m 1.284386793s:	Data loaded for AssignReturnValue
[2m2025-07-29T02:14:25.729429Z[0m [32m INFO[0m [2mexecuting::dataflow[0m[2m:[0m 1.284400769s:	Data loaded for ActualParam
[2m2025-07-29T02:14:25.729445Z[0m [32m INFO[0m [2mexecuting::dataflow[0m[2m:[0m 1.284416869s:	Data loaded for Method_Modifier
[2m2025-07-29T02:14:25.729456Z[0m [32m INFO[0m [2mexecuting::dataflow[0m[2m:[0m 1.28442796s:	Data loaded for Var_Type
[2m2025-07-29T02:14:25.729465Z[0m [32m INFO[0m [2mexecuting::dataflow[0m[2m:[0m 1.284436155s:	Data loaded for HeapAllocation_Type
[2m2025-07-29T02:14:25.729478Z[0m [32m INFO[0m [2mexecuting::dataflow[0m[2m:[0m 1.28444906s:	Data loaded for _ClassType
[2m2025-07-29T02:14:25.729487Z[0m [32m INFO[0m [2mexecuting::dataflow[0m[2m:[0m 1.284458207s:	Data loaded for _ArrayType
[2m2025-07-29T02:14:25.729497Z[0m [32m INFO[0m [2mexecuting::dataflow[0m[2m:[0m 1.284468386s:	Data loaded for _InterfaceType
[2m2025-07-29T02:14:25.729506Z[0m [32m INFO[0m [2mexecuting::dataflow[0m[2m:[0m 1.284477483s:	Data loaded for _Var_DeclaringMethod
[2m2025-07-29T02:14:25.729517Z[0m [32m INFO[0m [2mexecuting::dataflow[0m[2m:[0m 1.284488093s:	Data loaded for _ApplicationClass
[2m2025-07-29T02:14:25.729525Z[0m [32m INFO[0m [2mexecuting::dataflow[0m[2m:[0m 1.284496389s:	Data loaded for _ThisVar
[2m2025-07-29T02:14:25.729533Z[0m [32m INFO[0m [2mexecuting::dataflow[0m[2m:[0m 1.284504073s:	Data loaded for _NormalHeap
[2m2025-07-29T02:14:25.729541Z[0m [32m INFO[0m [2mexecuting::dataflow[0m[2m:[0m 1.284512128s:	Data loaded for _StringConstant
[2m2025-07-29T02:14:25.729574Z[0m [32m INFO[0m [2mexecuting::dataflow[0m[2m:[0m 1.284545712s:	Data loaded for _AssignHeapAllocation
[2m2025-07-29T02:14:25.729592Z[0m [32m INFO[0m [2mexecuting::dataflow[0m[2m:[0m 1.284563966s:	Data loaded for _AssignLocal
[2m2025-07-29T02:14:25.729636Z[0m [32m INFO[0m [2mexecuting::dataflow[0m[2m:[0m 1.284607708s:	Data loaded for _AssignCast
[2m2025-07-29T02:14:25.729647Z[0m [32m INFO[0m [2mexecuting::dataflow[0m[2m:[0m 1.284618058s:	Data loaded for _Field
[2m2025-07-29T02:14:25.729656Z[0m [32m INFO[0m [2mexecuting::dataflow[0m[2m:[0m 1.284627435s:	Data loaded for _StaticMethodInvocation
[2m2025-07-29T02:14:25.729684Z[0m [32m INFO[0m [2mexecuting::dataflow[0m[2m:[0m 1.284655067s:	Data loaded for _SpecialMethodInvocation
[2m2025-07-29T02:14:25.729700Z[0m [32m INFO[0m [2mexecuting::dataflow[0m[2m:[0m 1.284671799s:	Data loaded for _VirtualMethodInvocation
[2m2025-07-29T02:14:25.729718Z[0m [32m INFO[0m [2mexecuting::dataflow[0m[2m:[0m 1.284689452s:	Data loaded for _Method
[2m2025-07-29T02:14:25.729732Z[0m [32m INFO[0m [2mexecuting::dataflow[0m[2m:[0m 1.284703108s:	Data loaded for Method_Descriptor
[2m2025-07-29T02:14:25.729741Z[0m [32m INFO[0m [2mexecuting::dataflow[0m[2m:[0m 1.284712826s:	Data loaded for _StoreInstanceField
[2m2025-07-29T02:14:25.729782Z[0m [32m INFO[0m [2mexecuting::dataflow[0m[2m:[0m 1.284753182s:	Data loaded for _LoadInstanceField
[2m2025-07-29T02:14:25.729795Z[0m [32m INFO[0m [2mexecuting::dataflow[0m[2m:[0m 1.284766307s:	Data loaded for _StoreStaticField
[2m2025-07-29T02:14:25.729856Z[0m [32m INFO[0m [2mexecuting::dataflow[0m[2m:[0m 1.284827412s:	Data loaded for _LoadStaticField
[2m2025-07-29T02:14:25.729886Z[0m [32m INFO[0m [2mexecuting::dataflow[0m[2m:[0m 1.284857518s:	Data loaded for _StoreArrayIndex
[2m2025-07-29T02:14:25.729904Z[0m [32m INFO[0m [2mexecuting::dataflow[0m[2m:[0m 1.284875142s:	Data loaded for _LoadArrayIndex
[2m2025-07-29T02:14:25.729928Z[0m [32m INFO[0m [2mexecuting::dataflow[0m[2m:[0m 1.284899317s:	Data loaded for _Return
[2m2025-07-29T02:14:26.159399Z[0m [32m INFO[0m [2mreading::inspect[0m[2m:[0m Delta of (recursive) [Superinterface]: ((), (), 19822)
[2m2025-07-29T02:14:26.159517Z[0m [32m INFO[0m [2mreading::inspect[0m[2m:[0m Delta of (recursive) [Subclass]: ((), (), 26793)
[2m2025-07-29T02:16:06.822630Z[0m [32m INFO[0m [2mreading::inspect[0m[2m:[0m Delta of (recursive) [SubtypeOf]: ((), (), 71243)
[2m2025-07-29T02:18:44.428623Z[0m [32m INFO[0m [2mreading::inspect[0m[2m:[0m Delta of (recursive) [MethodLookup]: ((), (), 576058)
[2m2025-07-29T02:18:54.122266Z[0m [32m INFO[0m [2mreading::inspect[0m[2m:[0m Delta of (recursive) [ArrayIndexPointsTo]: ((), (), 61089)
[2m2025-07-29T02:18:54.122471Z[0m [32m INFO[0m [2mreading::inspect[0m[2m:[0m Delta of (recursive) [Assign]: ((), (), 55484)
[2m2025-07-29T02:18:54.122549Z[0m [32m INFO[0m [2mreading::inspect[0m[2m:[0m Delta of (recursive) [CallGraphEdge]: ((), (), 26136)
[2m2025-07-29T02:18:54.122635Z[0m [32m INFO[0m [2mreading::inspect[0m[2m:[0m Delta of (recursive) [InitializedClass]: ((), (), 1322)
[2m2025-07-29T02:18:54.122741Z[0m [32m INFO[0m [2mreading::inspect[0m[2m:[0m Delta of (recursive) [InstanceFieldPointsTo]: ((), (), 2250115)
[2m2025-07-29T02:18:54.122801Z[0m [32m INFO[0m [2mreading::inspect[0m[2m:[0m Delta of (recursive) [Reachable]: ((), (), 5895)
[2m2025-07-29T02:18:54.122873Z[0m [32m INFO[0m [2mreading::inspect[0m[2m:[0m Delta of (recursive) [StaticFieldPointsTo]: ((), (), 2593)
[2m2025-07-29T02:18:54.123030Z[0m [32m INFO[0m [2mreading::inspect[0m[2m:[0m Delta of (recursive) [VarPointsTo]: ((), (), 5156430)
[2m2025-07-29T02:18:54.145508Z[0m [32m INFO[0m [2mexecuting::dataflow[0m[2m:[0m 269.699925551s:	Dataflow executed
[2m2025-07-29T02:18:54.167458Z[0m [32m INFO[0m [2mexecuting[0m[2m:[0m success query
