[2m2025-07-29T01:36:55.428198Z[0m [32m INFO[0m [2mexecuting::dataflow[0m[2m:[0m 185.925698ms:	Dataflow assembled
[2m2025-07-29T01:36:56.451822Z[0m [32m INFO[0m [2mexecuting::dataflow[0m[2m:[0m 1.209545786s:	Data loaded for DirectSuperclass
[2m2025-07-29T01:36:56.451975Z[0m [32m INFO[0m [2mexecuting::dataflow[0m[2m:[0m 1.209719513s:	Data loaded for DirectSuperinterface
[2m2025-07-29T01:36:56.451988Z[0m [32m INFO[0m [2mexecuting::dataflow[0m[2m:[0m 1.209733158s:	Data loaded for MainClass
[2m2025-07-29T01:36:56.452008Z[0m [32m INFO[0m [2mexecuting::dataflow[0m[2m:[0m 1.209752545s:	Data loaded for FormalParam
[2m2025-07-29T01:36:56.452021Z[0m [32m INFO[0m [2mexecuting::dataflow[0m[2m:[0m 1.209765429s:	Data loaded for ComponentType
[2m2025-07-29T01:36:56.452029Z[0m [32m INFO[0m [2mexecuting::dataflow[0m[2m:[0m 1.209773424s:	Data loaded for AssignReturnValue
[2m2025-07-29T01:36:56.452040Z[0m [32m INFO[0m [2mexecuting::dataflow[0m[2m:[0m 1.209784775s:	Data loaded for ActualParam
[2m2025-07-29T01:36:56.452057Z[0m [32m INFO[0m [2mexecuting::dataflow[0m[2m:[0m 1.209801316s:	Data loaded for Method_Modifier
[2m2025-07-29T01:36:56.452068Z[0m [32m INFO[0m [2mexecuting::dataflow[0m[2m:[0m 1.209812888s:	Data loaded for Var_Type
[2m2025-07-29T01:36:56.452077Z[0m [32m INFO[0m [2mexecuting::dataflow[0m[2m:[0m 1.209821404s:	Data loaded for HeapAllocation_Type
[2m2025-07-29T01:36:56.452090Z[0m [32m INFO[0m [2mexecuting::dataflow[0m[2m:[0m 1.209834589s:	Data loaded for _ClassType
[2m2025-07-29T01:36:56.452099Z[0m [32m INFO[0m [2mexecuting::dataflow[0m[2m:[0m 1.209843907s:	Data loaded for _ArrayType
[2m2025-07-29T01:36:56.452111Z[0m [32m INFO[0m [2mexecuting::dataflow[0m[2m:[0m 1.209855979s:	Data loaded for _InterfaceType
[2m2025-07-29T01:36:56.452120Z[0m [32m INFO[0m [2mexecuting::dataflow[0m[2m:[0m 1.209864566s:	Data loaded for _Var_DeclaringMethod
[2m2025-07-29T01:36:56.452128Z[0m [32m INFO[0m [2mexecuting::dataflow[0m[2m:[0m 1.209872791s:	Data loaded for _ApplicationClass
[2m2025-07-29T01:36:56.452136Z[0m [32m INFO[0m [2mexecuting::dataflow[0m[2m:[0m 1.209881026s:	Data loaded for _ThisVar
[2m2025-07-29T01:36:56.452144Z[0m [32m INFO[0m [2mexecuting::dataflow[0m[2m:[0m 1.209889252s:	Data loaded for _NormalHeap
[2m2025-07-29T01:36:56.452154Z[0m [32m INFO[0m [2mexecuting::dataflow[0m[2m:[0m 1.2098987s:	Data loaded for _StringConstant
[2m2025-07-29T01:36:56.452203Z[0m [32m INFO[0m [2mexecuting::dataflow[0m[2m:[0m 1.209947962s:	Data loaded for _AssignHeapAllocation
[2m2025-07-29T01:36:56.452225Z[0m [32m INFO[0m [2mexecuting::dataflow[0m[2m:[0m 1.209969894s:	Data loaded for _AssignLocal
[2m2025-07-29T01:36:56.452280Z[0m [32m INFO[0m [2mexecuting::dataflow[0m[2m:[0m 1.210024246s:	Data loaded for _AssignCast
[2m2025-07-29T01:36:56.452291Z[0m [32m INFO[0m [2mexecuting::dataflow[0m[2m:[0m 1.210035838s:	Data loaded for _Field
[2m2025-07-29T01:36:56.452301Z[0m [32m INFO[0m [2mexecuting::dataflow[0m[2m:[0m 1.210045476s:	Data loaded for _StaticMethodInvocation
[2m2025-07-29T01:36:56.452332Z[0m [32m INFO[0m [2mexecuting::dataflow[0m[2m:[0m 1.210077065s:	Data loaded for _SpecialMethodInvocation
[2m2025-07-29T01:36:56.452349Z[0m [32m INFO[0m [2mexecuting::dataflow[0m[2m:[0m 1.210093957s:	Data loaded for _VirtualMethodInvocation
[2m2025-07-29T01:36:56.452371Z[0m [32m INFO[0m [2mexecuting::dataflow[0m[2m:[0m 1.210116029s:	Data loaded for _Method
[2m2025-07-29T01:36:56.452383Z[0m [32m INFO[0m [2mexecuting::dataflow[0m[2m:[0m 1.210128232s:	Data loaded for Method_Descriptor
[2m2025-07-29T01:36:56.452393Z[0m [32m INFO[0m [2mexecuting::dataflow[0m[2m:[0m 1.210137709s:	Data loaded for _StoreInstanceField
[2m2025-07-29T01:36:56.452432Z[0m [32m INFO[0m [2mexecuting::dataflow[0m[2m:[0m 1.210176993s:	Data loaded for _LoadInstanceField
[2m2025-07-29T01:36:56.452451Z[0m [32m INFO[0m [2mexecuting::dataflow[0m[2m:[0m 1.210195448s:	Data loaded for _StoreStaticField
[2m2025-07-29T01:36:56.452536Z[0m [32m INFO[0m [2mexecuting::dataflow[0m[2m:[0m 1.210281039s:	Data loaded for _LoadStaticField
[2m2025-07-29T01:36:56.452569Z[0m [32m INFO[0m [2mexecuting::dataflow[0m[2m:[0m 1.210314081s:	Data loaded for _StoreArrayIndex
[2m2025-07-29T01:36:56.452588Z[0m [32m INFO[0m [2mexecuting::dataflow[0m[2m:[0m 1.210332466s:	Data loaded for _LoadArrayIndex
[2m2025-07-29T01:36:56.452604Z[0m [32m INFO[0m [2mexecuting::dataflow[0m[2m:[0m 1.210348586s:	Data loaded for _Return
[2m2025-07-29T01:36:56.758231Z[0m [32m INFO[0m [2mreading::inspect[0m[2m:[0m Delta of (recursive) [Subclass]: ((), (), 26793)
[2m2025-07-29T01:36:56.766595Z[0m [32m INFO[0m [2mreading::inspect[0m[2m:[0m Delta of (recursive) [Superinterface]: ((), (), 19822)
[2m2025-07-29T01:36:56.795851Z[0m [32m INFO[0m [2mreading::inspect[0m[2m:[0m Delta of (recursive) [SubtypeOf]: ((), (), 71243)
[2m2025-07-29T01:36:56.807960Z[0m [32m INFO[0m [2mreading::inspect[0m[2m:[0m Delta of (recursive) [MethodLookup]: ((), (), 576058)
TIMEOUT: Test exceeded 600 seconds limit
