[2m2025-07-29T01:31:00.804312Z[0m [32m INFO[0m [2mexecuting::dataflow[0m[2m:[0m 183.815375ms:	Dataflow assembled
[2m2025-07-29T01:31:01.856394Z[0m [32m INFO[0m [2mexecuting::dataflow[0m[2m:[0m 1.235912219s:	Data loaded for DirectSuperclass
[2m2025-07-29T01:31:01.856456Z[0m [32m INFO[0m [2mexecuting::dataflow[0m[2m:[0m 1.235980438s:	Data loaded for DirectSuperinterface
[2m2025-07-29T01:31:01.856469Z[0m [32m INFO[0m [2mexecuting::dataflow[0m[2m:[0m 1.235993512s:	Data loaded for MainClass
[2m2025-07-29T01:31:01.856483Z[0m [32m INFO[0m [2mexecuting::dataflow[0m[2m:[0m 1.236006918s:	Data loaded for FormalParam
[2m2025-07-29T01:31:01.856494Z[0m [32m INFO[0m [2mexecuting::dataflow[0m[2m:[0m 1.236018179s:	Data loaded for ComponentType
[2m2025-07-29T01:31:01.856502Z[0m [32m INFO[0m [2mexecuting::dataflow[0m[2m:[0m 1.236025923s:	Data loaded for AssignReturnValue
[2m2025-07-29T01:31:01.856514Z[0m [32m INFO[0m [2mexecuting::dataflow[0m[2m:[0m 1.236037746s:	Data loaded for ActualParam
[2m2025-07-29T01:31:01.856528Z[0m [32m INFO[0m [2mexecuting::dataflow[0m[2m:[0m 1.236051752s:	Data loaded for Method_Modifier
[2m2025-07-29T01:31:01.856539Z[0m [32m INFO[0m [2mexecuting::dataflow[0m[2m:[0m 1.236063574s:	Data loaded for Var_Type
[2m2025-07-29T01:31:01.856548Z[0m [32m INFO[0m [2mexecuting::dataflow[0m[2m:[0m 1.236071709s:	Data loaded for HeapAllocation_Type
[2m2025-07-29T01:31:01.856561Z[0m [32m INFO[0m [2mexecuting::dataflow[0m[2m:[0m 1.236085536s:	Data loaded for _ClassType
[2m2025-07-29T01:31:01.856571Z[0m [32m INFO[0m [2mexecuting::dataflow[0m[2m:[0m 1.236094853s:	Data loaded for _ArrayType
[2m2025-07-29T01:31:01.856581Z[0m [32m INFO[0m [2mexecuting::dataflow[0m[2m:[0m 1.236105393s:	Data loaded for _InterfaceType
[2m2025-07-29T01:31:01.856589Z[0m [32m INFO[0m [2mexecuting::dataflow[0m[2m:[0m 1.236113458s:	Data loaded for _Var_DeclaringMethod
[2m2025-07-29T01:31:01.856598Z[0m [32m INFO[0m [2mexecuting::dataflow[0m[2m:[0m 1.236122315s:	Data loaded for _ApplicationClass
[2m2025-07-29T01:31:01.856607Z[0m [32m INFO[0m [2mexecuting::dataflow[0m[2m:[0m 1.236131512s:	Data loaded for _ThisVar
[2m2025-07-29T01:31:01.856616Z[0m [32m INFO[0m [2mexecuting::dataflow[0m[2m:[0m 1.236139697s:	Data loaded for _NormalHeap
[2m2025-07-29T01:31:01.856623Z[0m [32m INFO[0m [2mexecuting::dataflow[0m[2m:[0m 1.236147091s:	Data loaded for _StringConstant
[2m2025-07-29T01:31:01.856655Z[0m [32m INFO[0m [2mexecuting::dataflow[0m[2m:[0m 1.236179332s:	Data loaded for _AssignHeapAllocation
[2m2025-07-29T01:31:01.856674Z[0m [32m INFO[0m [2mexecuting::dataflow[0m[2m:[0m 1.236198268s:	Data loaded for _AssignLocal
[2m2025-07-29T01:31:01.856719Z[0m [32m INFO[0m [2mexecuting::dataflow[0m[2m:[0m 1.236242701s:	Data loaded for _AssignCast
[2m2025-07-29T01:31:01.856730Z[0m [32m INFO[0m [2mexecuting::dataflow[0m[2m:[0m 1.236254383s:	Data loaded for _Field
[2m2025-07-29T01:31:01.856740Z[0m [32m INFO[0m [2mexecuting::dataflow[0m[2m:[0m 1.236264212s:	Data loaded for _StaticMethodInvocation
[2m2025-07-29T01:31:01.856767Z[0m [32m INFO[0m [2mexecuting::dataflow[0m[2m:[0m 1.236291623s:	Data loaded for _SpecialMethodInvocation
[2m2025-07-29T01:31:01.856784Z[0m [32m INFO[0m [2mexecuting::dataflow[0m[2m:[0m 1.236308255s:	Data loaded for _VirtualMethodInvocation
[2m2025-07-29T01:31:01.856800Z[0m [32m INFO[0m [2mexecuting::dataflow[0m[2m:[0m 1.236324104s:	Data loaded for _Method
[2m2025-07-29T01:31:01.856814Z[0m [32m INFO[0m [2mexecuting::dataflow[0m[2m:[0m 1.236338191s:	Data loaded for Method_Descriptor
[2m2025-07-29T01:31:01.856823Z[0m [32m INFO[0m [2mexecuting::dataflow[0m[2m:[0m 1.236347038s:	Data loaded for _StoreInstanceField
[2m2025-07-29T01:31:01.856862Z[0m [32m INFO[0m [2mexecuting::dataflow[0m[2m:[0m 1.236386622s:	Data loaded for _LoadInstanceField
[2m2025-07-29T01:31:01.856876Z[0m [32m INFO[0m [2mexecuting::dataflow[0m[2m:[0m 1.236399807s:	Data loaded for _StoreStaticField
[2m2025-07-29T01:31:01.856939Z[0m [32m INFO[0m [2mexecuting::dataflow[0m[2m:[0m 1.236462845s:	Data loaded for _LoadStaticField
[2m2025-07-29T01:31:01.856969Z[0m [32m INFO[0m [2mexecuting::dataflow[0m[2m:[0m 1.236493363s:	Data loaded for _StoreArrayIndex
[2m2025-07-29T01:31:01.856988Z[0m [32m INFO[0m [2mexecuting::dataflow[0m[2m:[0m 1.236511788s:	Data loaded for _LoadArrayIndex
[2m2025-07-29T01:31:01.857000Z[0m [32m INFO[0m [2mexecuting::dataflow[0m[2m:[0m 1.236524161s:	Data loaded for _Return
[2m2025-07-29T01:31:02.192189Z[0m [32m INFO[0m [2mreading::inspect[0m[2m:[0m Delta of (recursive) [Subclass]: ((), (), 26793)
[2m2025-07-29T01:31:02.195054Z[0m [32m INFO[0m [2mreading::inspect[0m[2m:[0m Delta of (recursive) [Superinterface]: ((), (), 19822)
[2m2025-07-29T01:31:02.230900Z[0m [32m INFO[0m [2mreading::inspect[0m[2m:[0m Delta of (recursive) [SubtypeOf]: ((), (), 71243)
[2m2025-07-29T01:31:02.239960Z[0m [32m INFO[0m [2mreading::inspect[0m[2m:[0m Delta of (recursive) [MethodLookup]: ((), (), 576058)
[2m2025-07-29T01:31:08.692188Z[0m [32m INFO[0m [2mreading::inspect[0m[2m:[0m Delta of (recursive) [ArrayIndexPointsTo]: ((), (), 61089)
[2m2025-07-29T01:31:08.694207Z[0m [32m INFO[0m [2mreading::inspect[0m[2m:[0m Delta of (recursive) [Assign]: ((), (), 55484)
[2m2025-07-29T01:31:08.694242Z[0m [32m INFO[0m [2mreading::inspect[0m[2m:[0m Delta of (recursive) [CallGraphEdge]: ((), (), 26136)
[2m2025-07-29T01:31:08.694311Z[0m [32m INFO[0m [2mreading::inspect[0m[2m:[0m Delta of (recursive) [InitializedClass]: ((), (), 1322)
[2m2025-07-29T01:31:08.694383Z[0m [32m INFO[0m [2mreading::inspect[0m[2m:[0m Delta of (recursive) [InstanceFieldPointsTo]: ((), (), 2250115)
[2m2025-07-29T01:31:08.694413Z[0m [32m INFO[0m [2mreading::inspect[0m[2m:[0m Delta of (recursive) [Reachable]: ((), (), 5895)
[2m2025-07-29T01:31:08.694442Z[0m [32m INFO[0m [2mreading::inspect[0m[2m:[0m Delta of (recursive) [StaticFieldPointsTo]: ((), (), 2593)
[2m2025-07-29T01:31:08.694515Z[0m [32m INFO[0m [2mreading::inspect[0m[2m:[0m Delta of (recursive) [VarPointsTo]: ((), (), 5156430)
[2m2025-07-29T01:31:08.712567Z[0m [32m INFO[0m [2mexecuting::dataflow[0m[2m:[0m 8.091892985s:	Dataflow executed
[2m2025-07-29T01:31:08.737403Z[0m [32m INFO[0m [2mexecuting[0m[2m:[0m success query
