[2m2025-07-29T01:30:30.024572Z[0m [32m INFO[0m [2mexecuting::dataflow[0m[2m:[0m 683.334438ms:	Dataflow assembled
[2m2025-07-29T01:30:31.057533Z[0m [32m INFO[0m [2mexecuting::dataflow[0m[2m:[0m 1.71631282s:	Data loaded for DirectSuperclass
[2m2025-07-29T01:30:31.057594Z[0m [32m INFO[0m [2mexecuting::dataflow[0m[2m:[0m 1.716380538s:	Data loaded for DirectSuperinterface
[2m2025-07-29T01:30:31.057607Z[0m [32m INFO[0m [2mexecuting::dataflow[0m[2m:[0m 1.716393913s:	Data loaded for MainClass
[2m2025-07-29T01:30:31.057623Z[0m [32m INFO[0m [2mexecuting::dataflow[0m[2m:[0m 1.716409392s:	Data loaded for FormalParam
[2m2025-07-29T01:30:31.057634Z[0m [32m INFO[0m [2mexecuting::dataflow[0m[2m:[0m 1.716420513s:	Data loaded for ComponentType
[2m2025-07-29T01:30:31.057642Z[0m [32m INFO[0m [2mexecuting::dataflow[0m[2m:[0m 1.716428989s:	Data loaded for AssignReturnValue
[2m2025-07-29T01:30:31.057654Z[0m [32m INFO[0m [2mexecuting::dataflow[0m[2m:[0m 1.716440571s:	Data loaded for ActualParam
[2m2025-07-29T01:30:31.057672Z[0m [32m INFO[0m [2mexecuting::dataflow[0m[2m:[0m 1.716458584s:	Data loaded for Method_Modifier
[2m2025-07-29T01:30:31.057681Z[0m [32m INFO[0m [2mexecuting::dataflow[0m[2m:[0m 1.716467511s:	Data loaded for Var_Type
[2m2025-07-29T01:30:31.057689Z[0m [32m INFO[0m [2mexecuting::dataflow[0m[2m:[0m 1.716475877s:	Data loaded for HeapAllocation_Type
[2m2025-07-29T01:30:31.057703Z[0m [32m INFO[0m [2mexecuting::dataflow[0m[2m:[0m 1.716489292s:	Data loaded for _ClassType
[2m2025-07-29T01:30:31.057712Z[0m [32m INFO[0m [2mexecuting::dataflow[0m[2m:[0m 1.716498229s:	Data loaded for _ArrayType
[2m2025-07-29T01:30:31.057722Z[0m [32m INFO[0m [2mexecuting::dataflow[0m[2m:[0m 1.716509009s:	Data loaded for _InterfaceType
[2m2025-07-29T01:30:31.057731Z[0m [32m INFO[0m [2mexecuting::dataflow[0m[2m:[0m 1.716517315s:	Data loaded for _Var_DeclaringMethod
[2m2025-07-29T01:30:31.057739Z[0m [32m INFO[0m [2mexecuting::dataflow[0m[2m:[0m 1.7165254s:	Data loaded for _ApplicationClass
[2m2025-07-29T01:30:31.057747Z[0m [32m INFO[0m [2mexecuting::dataflow[0m[2m:[0m 1.716533876s:	Data loaded for _ThisVar
[2m2025-07-29T01:30:31.057755Z[0m [32m INFO[0m [2mexecuting::dataflow[0m[2m:[0m 1.716541621s:	Data loaded for _NormalHeap
[2m2025-07-29T01:30:31.057763Z[0m [32m INFO[0m [2mexecuting::dataflow[0m[2m:[0m 1.716549295s:	Data loaded for _StringConstant
[2m2025-07-29T01:30:31.057796Z[0m [32m INFO[0m [2mexecuting::dataflow[0m[2m:[0m 1.716582578s:	Data loaded for _AssignHeapAllocation
[2m2025-07-29T01:30:31.057817Z[0m [32m INFO[0m [2mexecuting::dataflow[0m[2m:[0m 1.716603417s:	Data loaded for _AssignLocal
[2m2025-07-29T01:30:31.057864Z[0m [32m INFO[0m [2mexecuting::dataflow[0m[2m:[0m 1.716650225s:	Data loaded for _AssignCast
[2m2025-07-29T01:30:31.057875Z[0m [32m INFO[0m [2mexecuting::dataflow[0m[2m:[0m 1.716661356s:	Data loaded for _Field
[2m2025-07-29T01:30:31.057884Z[0m [32m INFO[0m [2mexecuting::dataflow[0m[2m:[0m 1.716670233s:	Data loaded for _StaticMethodInvocation
[2m2025-07-29T01:30:31.058229Z[0m [32m INFO[0m [2mexecuting::dataflow[0m[2m:[0m 1.717015222s:	Data loaded for _SpecialMethodInvocation
[2m2025-07-29T01:30:31.058255Z[0m [32m INFO[0m [2mexecuting::dataflow[0m[2m:[0m 1.717041321s:	Data loaded for _VirtualMethodInvocation
[2m2025-07-29T01:30:31.058272Z[0m [32m INFO[0m [2mexecuting::dataflow[0m[2m:[0m 1.717058213s:	Data loaded for _Method
[2m2025-07-29T01:30:31.058283Z[0m [32m INFO[0m [2mexecuting::dataflow[0m[2m:[0m 1.717069003s:	Data loaded for Method_Descriptor
[2m2025-07-29T01:30:31.058292Z[0m [32m INFO[0m [2mexecuting::dataflow[0m[2m:[0m 1.71707818s:	Data loaded for _StoreInstanceField
[2m2025-07-29T01:30:31.058330Z[0m [32m INFO[0m [2mexecuting::dataflow[0m[2m:[0m 1.717116993s:	Data loaded for _LoadInstanceField
[2m2025-07-29T01:30:31.058344Z[0m [32m INFO[0m [2mexecuting::dataflow[0m[2m:[0m 1.717130138s:	Data loaded for _StoreStaticField
[2m2025-07-29T01:30:31.058409Z[0m [32m INFO[0m [2mexecuting::dataflow[0m[2m:[0m 1.717195952s:	Data loaded for _LoadStaticField
[2m2025-07-29T01:30:31.058440Z[0m [32m INFO[0m [2mexecuting::dataflow[0m[2m:[0m 1.71722674s:	Data loaded for _StoreArrayIndex
[2m2025-07-29T01:30:31.058457Z[0m [32m INFO[0m [2mexecuting::dataflow[0m[2m:[0m 1.717244002s:	Data loaded for _LoadArrayIndex
[2m2025-07-29T01:30:31.058471Z[0m [32m INFO[0m [2mexecuting::dataflow[0m[2m:[0m 1.717257558s:	Data loaded for _Return
[2m2025-07-29T01:30:31.506459Z[0m [32m INFO[0m [2mreading::inspect[0m[2m:[0m Delta of (recursive) [Superinterface]: ((), (), 19822)
[2m2025-07-29T01:30:31.507354Z[0m [32m INFO[0m [2mreading::inspect[0m[2m:[0m Delta of (recursive) [Subclass]: ((), (), 26793)
[2m2025-07-29T01:30:31.560348Z[0m [32m INFO[0m [2mreading::inspect[0m[2m:[0m Delta of (recursive) [SubtypeOf]: ((), (), 71243)
[2m2025-07-29T01:30:31.569226Z[0m [32m INFO[0m [2mreading::inspect[0m[2m:[0m Delta of (recursive) [MethodLookup]: ((), (), 576058)
[2m2025-07-29T01:30:38.696037Z[0m [32m INFO[0m [2mreading::inspect[0m[2m:[0m Delta of (recursive) [VarPointsTo]: ((), (), 5156430)
[2m2025-07-29T01:30:38.696206Z[0m [32m INFO[0m [2mreading::inspect[0m[2m:[0m Delta of (recursive) [ArrayIndexPointsTo]: ((), (), 61089)
[2m2025-07-29T01:30:38.696225Z[0m [32m INFO[0m [2mreading::inspect[0m[2m:[0m Delta of (recursive) [Assign]: ((), (), 55484)
[2m2025-07-29T01:30:38.696241Z[0m [32m INFO[0m [2mreading::inspect[0m[2m:[0m Delta of (recursive) [CallGraphEdge]: ((), (), 26136)
[2m2025-07-29T01:30:38.696254Z[0m [32m INFO[0m [2mreading::inspect[0m[2m:[0m Delta of (recursive) [InitializedClass]: ((), (), 1322)
[2m2025-07-29T01:30:38.696270Z[0m [32m INFO[0m [2mreading::inspect[0m[2m:[0m Delta of (recursive) [InstanceFieldPointsTo]: ((), (), 2250115)
[2m2025-07-29T01:30:38.696284Z[0m [32m INFO[0m [2mreading::inspect[0m[2m:[0m Delta of (recursive) [Reachable]: ((), (), 5895)
[2m2025-07-29T01:30:38.696296Z[0m [32m INFO[0m [2mreading::inspect[0m[2m:[0m Delta of (recursive) [StaticFieldPointsTo]: ((), (), 2593)
[2m2025-07-29T01:30:38.698644Z[0m [32m INFO[0m [2mexecuting::dataflow[0m[2m:[0m 9.357426186s:	Dataflow executed
[2m2025-07-29T01:30:38.828202Z[0m [32m INFO[0m [2mexecuting[0m[2m:[0m success query
