[2m2025-07-29T02:03:22.695360Z[0m [32m INFO[0m [2mexecuting::dataflow[0m[2m:[0m 693.877755ms:	Dataflow assembled
[2m2025-07-29T02:03:23.755991Z[0m [32m INFO[0m [2mexecuting::dataflow[0m[2m:[0m 1.754524036s:	Data loaded for DirectSuperclass
[2m2025-07-29T02:03:23.756052Z[0m [32m INFO[0m [2mexecuting::dataflow[0m[2m:[0m 1.754590732s:	Data loaded for DirectSuperinterface
[2m2025-07-29T02:03:23.756065Z[0m [32m INFO[0m [2mexecuting::dataflow[0m[2m:[0m 1.754604367s:	Data loaded for MainClass
[2m2025-07-29T02:03:23.756081Z[0m [32m INFO[0m [2mexecuting::dataflow[0m[2m:[0m 1.754620127s:	Data loaded for FormalParam
[2m2025-07-29T02:03:23.756093Z[0m [32m INFO[0m [2mexecuting::dataflow[0m[2m:[0m 1.754631739s:	Data loaded for ComponentType
[2m2025-07-29T02:03:23.756101Z[0m [32m INFO[0m [2mexecuting::dataflow[0m[2m:[0m 1.754639684s:	Data loaded for AssignReturnValue
[2m2025-07-29T02:03:23.756112Z[0m [32m INFO[0m [2mexecuting::dataflow[0m[2m:[0m 1.754650654s:	Data loaded for ActualParam
[2m2025-07-29T02:03:23.756142Z[0m [32m INFO[0m [2mexecuting::dataflow[0m[2m:[0m 1.754681402s:	Data loaded for Method_Modifier
[2m2025-07-29T02:03:23.756152Z[0m [32m INFO[0m [2mexecuting::dataflow[0m[2m:[0m 1.75469097s:	Data loaded for Var_Type
[2m2025-07-29T02:03:23.756160Z[0m [32m INFO[0m [2mexecuting::dataflow[0m[2m:[0m 1.754698885s:	Data loaded for HeapAllocation_Type
[2m2025-07-29T02:03:23.756172Z[0m [32m INFO[0m [2mexecuting::dataflow[0m[2m:[0m 1.754711028s:	Data loaded for _ClassType
[2m2025-07-29T02:03:23.756181Z[0m [32m INFO[0m [2mexecuting::dataflow[0m[2m:[0m 1.754720636s:	Data loaded for _ArrayType
[2m2025-07-29T02:03:23.756192Z[0m [32m INFO[0m [2mexecuting::dataflow[0m[2m:[0m 1.754731136s:	Data loaded for _InterfaceType
[2m2025-07-29T02:03:23.756200Z[0m [32m INFO[0m [2mexecuting::dataflow[0m[2m:[0m 1.754739081s:	Data loaded for _Var_DeclaringMethod
[2m2025-07-29T02:03:23.756208Z[0m [32m INFO[0m [2mexecuting::dataflow[0m[2m:[0m 1.754747126s:	Data loaded for _ApplicationClass
[2m2025-07-29T02:03:23.756215Z[0m [32m INFO[0m [2mexecuting::dataflow[0m[2m:[0m 1.75475456s:	Data loaded for _ThisVar
[2m2025-07-29T02:03:23.756222Z[0m [32m INFO[0m [2mexecuting::dataflow[0m[2m:[0m 1.754761343s:	Data loaded for _NormalHeap
[2m2025-07-29T02:03:23.756230Z[0m [32m INFO[0m [2mexecuting::dataflow[0m[2m:[0m 1.754769368s:	Data loaded for _StringConstant
[2m2025-07-29T02:03:23.756292Z[0m [32m INFO[0m [2mexecuting::dataflow[0m[2m:[0m 1.754830794s:	Data loaded for _AssignHeapAllocation
[2m2025-07-29T02:03:23.756310Z[0m [32m INFO[0m [2mexecuting::dataflow[0m[2m:[0m 1.754848667s:	Data loaded for _AssignLocal
[2m2025-07-29T02:03:23.756436Z[0m [32m INFO[0m [2mexecuting::dataflow[0m[2m:[0m 1.754975336s:	Data loaded for _AssignCast
[2m2025-07-29T02:03:23.756450Z[0m [32m INFO[0m [2mexecuting::dataflow[0m[2m:[0m 1.754988651s:	Data loaded for _Field
[2m2025-07-29T02:03:23.756459Z[0m [32m INFO[0m [2mexecuting::dataflow[0m[2m:[0m 1.754997968s:	Data loaded for _StaticMethodInvocation
[2m2025-07-29T02:03:23.756540Z[0m [32m INFO[0m [2mexecuting::dataflow[0m[2m:[0m 1.755079111s:	Data loaded for _SpecialMethodInvocation
[2m2025-07-29T02:03:23.756560Z[0m [32m INFO[0m [2mexecuting::dataflow[0m[2m:[0m 1.755098698s:	Data loaded for _VirtualMethodInvocation
[2m2025-07-29T02:03:23.756575Z[0m [32m INFO[0m [2mexecuting::dataflow[0m[2m:[0m 1.755114387s:	Data loaded for _Method
[2m2025-07-29T02:03:23.756586Z[0m [32m INFO[0m [2mexecuting::dataflow[0m[2m:[0m 1.755124677s:	Data loaded for Method_Descriptor
[2m2025-07-29T02:03:23.756596Z[0m [32m INFO[0m [2mexecuting::dataflow[0m[2m:[0m 1.755134976s:	Data loaded for _StoreInstanceField
[2m2025-07-29T02:03:23.756683Z[0m [32m INFO[0m [2mexecuting::dataflow[0m[2m:[0m 1.75522195s:	Data loaded for _LoadInstanceField
[2m2025-07-29T02:03:23.756697Z[0m [32m INFO[0m [2mexecuting::dataflow[0m[2m:[0m 1.755236156s:	Data loaded for _StoreStaticField
[2m2025-07-29T02:03:23.756802Z[0m [32m INFO[0m [2mexecuting::dataflow[0m[2m:[0m 1.755340914s:	Data loaded for _LoadStaticField
[2m2025-07-29T02:03:23.756878Z[0m [32m INFO[0m [2mexecuting::dataflow[0m[2m:[0m 1.755416626s:	Data loaded for _StoreArrayIndex
[2m2025-07-29T02:03:23.756897Z[0m [32m INFO[0m [2mexecuting::dataflow[0m[2m:[0m 1.755436203s:	Data loaded for _LoadArrayIndex
[2m2025-07-29T02:03:23.756927Z[0m [32m INFO[0m [2mexecuting::dataflow[0m[2m:[0m 1.755465939s:	Data loaded for _Return
[2m2025-07-29T02:03:24.234116Z[0m [32m INFO[0m [2mreading::inspect[0m[2m:[0m Delta of (recursive) [Superinterface]: ((), (), 19822)
[2m2025-07-29T02:03:24.234829Z[0m [32m INFO[0m [2mreading::inspect[0m[2m:[0m Delta of (recursive) [Subclass]: ((), (), 26793)
[2m2025-07-29T02:03:24.282704Z[0m [32m INFO[0m [2mreading::inspect[0m[2m:[0m Delta of (recursive) [SubtypeOf]: ((), (), 71243)
[2m2025-07-29T02:03:24.290499Z[0m [32m INFO[0m [2mreading::inspect[0m[2m:[0m Delta of (recursive) [MethodLookup]: ((), (), 576058)
[2m2025-07-29T02:03:32.014483Z[0m [32m INFO[0m [2mreading::inspect[0m[2m:[0m Delta of (recursive) [ArrayIndexPointsTo]: ((), (), 61089)
[2m2025-07-29T02:03:32.014680Z[0m [32m INFO[0m [2mreading::inspect[0m[2m:[0m Delta of (recursive) [Assign]: ((), (), 55484)
[2m2025-07-29T02:03:32.065998Z[0m [32m INFO[0m [2mreading::inspect[0m[2m:[0m Delta of (recursive) [CallGraphEdge]: ((), (), 26136)
[2m2025-07-29T02:03:32.066933Z[0m [32m INFO[0m [2mreading::inspect[0m[2m:[0m Delta of (recursive) [InitializedClass]: ((), (), 1322)
[2m2025-07-29T02:03:32.067063Z[0m [32m INFO[0m [2mreading::inspect[0m[2m:[0m Delta of (recursive) [InstanceFieldPointsTo]: ((), (), 2250115)
[2m2025-07-29T02:03:32.067110Z[0m [32m INFO[0m [2mreading::inspect[0m[2m:[0m Delta of (recursive) [Reachable]: ((), (), 5895)
[2m2025-07-29T02:03:32.067163Z[0m [32m INFO[0m [2mreading::inspect[0m[2m:[0m Delta of (recursive) [StaticFieldPointsTo]: ((), (), 2593)
[2m2025-07-29T02:03:32.067279Z[0m [32m INFO[0m [2mreading::inspect[0m[2m:[0m Delta of (recursive) [VarPointsTo]: ((), (), 5156430)
[2m2025-07-29T02:03:32.092715Z[0m [32m INFO[0m [2mexecuting::dataflow[0m[2m:[0m 10.089860397s:	Dataflow executed
[2m2025-07-29T02:03:32.178994Z[0m [32m INFO[0m [2mexecuting[0m[2m:[0m success query
