[2m2025-07-29T01:52:58.613505Z[0m [32m INFO[0m [2mexecuting::dataflow[0m[2m:[0m 672.5165ms:	Dataflow assembled
[2m2025-07-29T01:52:59.651755Z[0m [32m INFO[0m [2mexecuting::dataflow[0m[2m:[0m 1.710785716s:	Data loaded for DirectSuperclass
[2m2025-07-29T01:52:59.651816Z[0m [32m INFO[0m [2mexecuting::dataflow[0m[2m:[0m 1.710853323s:	Data loaded for DirectSuperinterface
[2m2025-07-29T01:52:59.651829Z[0m [32m INFO[0m [2mexecuting::dataflow[0m[2m:[0m 1.710866327s:	Data loaded for MainClass
[2m2025-07-29T01:52:59.651846Z[0m [32m INFO[0m [2mexecuting::dataflow[0m[2m:[0m 1.71088356s:	Data loaded for FormalParam
[2m2025-07-29T01:52:59.651859Z[0m [32m INFO[0m [2mexecuting::dataflow[0m[2m:[0m 1.710895823s:	Data loaded for ComponentType
[2m2025-07-29T01:52:59.651868Z[0m [32m INFO[0m [2mexecuting::dataflow[0m[2m:[0m 1.71090474s:	Data loaded for AssignReturnValue
[2m2025-07-29T01:52:59.651879Z[0m [32m INFO[0m [2mexecuting::dataflow[0m[2m:[0m 1.710916462s:	Data loaded for ActualParam
[2m2025-07-29T01:52:59.651897Z[0m [32m INFO[0m [2mexecuting::dataflow[0m[2m:[0m 1.710934115s:	Data loaded for Method_Modifier
[2m2025-07-29T01:52:59.651906Z[0m [32m INFO[0m [2mexecuting::dataflow[0m[2m:[0m 1.710942941s:	Data loaded for Var_Type
[2m2025-07-29T01:52:59.651914Z[0m [32m INFO[0m [2mexecuting::dataflow[0m[2m:[0m 1.710950786s:	Data loaded for HeapAllocation_Type
[2m2025-07-29T01:52:59.651926Z[0m [32m INFO[0m [2mexecuting::dataflow[0m[2m:[0m 1.710962859s:	Data loaded for _ClassType
[2m2025-07-29T01:52:59.651935Z[0m [32m INFO[0m [2mexecuting::dataflow[0m[2m:[0m 1.710971706s:	Data loaded for _ArrayType
[2m2025-07-29T01:52:59.651945Z[0m [32m INFO[0m [2mexecuting::dataflow[0m[2m:[0m 1.710982005s:	Data loaded for _InterfaceType
[2m2025-07-29T01:52:59.651953Z[0m [32m INFO[0m [2mexecuting::dataflow[0m[2m:[0m 1.710990421s:	Data loaded for _Var_DeclaringMethod
[2m2025-07-29T01:52:59.651962Z[0m [32m INFO[0m [2mexecuting::dataflow[0m[2m:[0m 1.710999057s:	Data loaded for _ApplicationClass
[2m2025-07-29T01:52:59.651971Z[0m [32m INFO[0m [2mexecuting::dataflow[0m[2m:[0m 1.711007974s:	Data loaded for _ThisVar
[2m2025-07-29T01:52:59.651978Z[0m [32m INFO[0m [2mexecuting::dataflow[0m[2m:[0m 1.711015508s:	Data loaded for _NormalHeap
[2m2025-07-29T01:52:59.651986Z[0m [32m INFO[0m [2mexecuting::dataflow[0m[2m:[0m 1.711023112s:	Data loaded for _StringConstant
[2m2025-07-29T01:52:59.652018Z[0m [32m INFO[0m [2mexecuting::dataflow[0m[2m:[0m 1.711055393s:	Data loaded for _AssignHeapAllocation
[2m2025-07-29T01:52:59.652037Z[0m [32m INFO[0m [2mexecuting::dataflow[0m[2m:[0m 1.711073768s:	Data loaded for _AssignLocal
[2m2025-07-29T01:52:59.652084Z[0m [32m INFO[0m [2mexecuting::dataflow[0m[2m:[0m 1.711120596s:	Data loaded for _AssignCast
[2m2025-07-29T01:52:59.652096Z[0m [32m INFO[0m [2mexecuting::dataflow[0m[2m:[0m 1.71113353s:	Data loaded for _Field
[2m2025-07-29T01:52:59.652106Z[0m [32m INFO[0m [2mexecuting::dataflow[0m[2m:[0m 1.711143519s:	Data loaded for _StaticMethodInvocation
[2m2025-07-29T01:52:59.652135Z[0m [32m INFO[0m [2mexecuting::dataflow[0m[2m:[0m 1.711172584s:	Data loaded for _SpecialMethodInvocation
[2m2025-07-29T01:52:59.652154Z[0m [32m INFO[0m [2mexecuting::dataflow[0m[2m:[0m 1.711190858s:	Data loaded for _VirtualMethodInvocation
[2m2025-07-29T01:52:59.652171Z[0m [32m INFO[0m [2mexecuting::dataflow[0m[2m:[0m 1.71120794s:	Data loaded for _Method
[2m2025-07-29T01:52:59.652180Z[0m [32m INFO[0m [2mexecuting::dataflow[0m[2m:[0m 1.711217057s:	Data loaded for Method_Descriptor
[2m2025-07-29T01:52:59.652190Z[0m [32m INFO[0m [2mexecuting::dataflow[0m[2m:[0m 1.711226956s:	Data loaded for _StoreInstanceField
[2m2025-07-29T01:52:59.652227Z[0m [32m INFO[0m [2mexecuting::dataflow[0m[2m:[0m 1.711264527s:	Data loaded for _LoadInstanceField
[2m2025-07-29T01:52:59.652258Z[0m [32m INFO[0m [2mexecuting::dataflow[0m[2m:[0m 1.711295224s:	Data loaded for _StoreStaticField
[2m2025-07-29T01:52:59.652339Z[0m [32m INFO[0m [2mexecuting::dataflow[0m[2m:[0m 1.711375646s:	Data loaded for _LoadStaticField
[2m2025-07-29T01:52:59.652386Z[0m [32m INFO[0m [2mexecuting::dataflow[0m[2m:[0m 1.711422233s:	Data loaded for _StoreArrayIndex
[2m2025-07-29T01:52:59.652410Z[0m [32m INFO[0m [2mexecuting::dataflow[0m[2m:[0m 1.711446769s:	Data loaded for _LoadArrayIndex
[2m2025-07-29T01:52:59.652428Z[0m [32m INFO[0m [2mexecuting::dataflow[0m[2m:[0m 1.711464513s:	Data loaded for _Return
[2m2025-07-29T01:53:00.097856Z[0m [32m INFO[0m [2mreading::inspect[0m[2m:[0m Delta of (recursive) [Subclass]: ((), (), 26793)
[2m2025-07-29T01:53:00.109063Z[0m [32m INFO[0m [2mreading::inspect[0m[2m:[0m Delta of (recursive) [Superinterface]: ((), (), 19822)
[2m2025-07-29T01:53:00.161250Z[0m [32m INFO[0m [2mreading::inspect[0m[2m:[0m Delta of (recursive) [SubtypeOf]: ((), (), 71243)
[2m2025-07-29T01:53:00.173715Z[0m [32m INFO[0m [2mreading::inspect[0m[2m:[0m Delta of (recursive) [MethodLookup]: ((), (), 576058)
[2m2025-07-29T01:53:07.597438Z[0m [32m INFO[0m [2mreading::inspect[0m[2m:[0m Delta of (recursive) [ArrayIndexPointsTo]: ((), (), 61089)
[2m2025-07-29T01:53:07.597527Z[0m [32m INFO[0m [2mreading::inspect[0m[2m:[0m Delta of (recursive) [Assign]: ((), (), 55484)
[2m2025-07-29T01:53:07.597563Z[0m [32m INFO[0m [2mreading::inspect[0m[2m:[0m Delta of (recursive) [CallGraphEdge]: ((), (), 26136)
[2m2025-07-29T01:53:07.597607Z[0m [32m INFO[0m [2mreading::inspect[0m[2m:[0m Delta of (recursive) [InitializedClass]: ((), (), 1322)
[2m2025-07-29T01:53:07.597694Z[0m [32m INFO[0m [2mreading::inspect[0m[2m:[0m Delta of (recursive) [InstanceFieldPointsTo]: ((), (), 2250115)
[2m2025-07-29T01:53:07.597731Z[0m [32m INFO[0m [2mreading::inspect[0m[2m:[0m Delta of (recursive) [Reachable]: ((), (), 5895)
[2m2025-07-29T01:53:07.597767Z[0m [32m INFO[0m [2mreading::inspect[0m[2m:[0m Delta of (recursive) [StaticFieldPointsTo]: ((), (), 2593)
[2m2025-07-29T01:53:07.598074Z[0m [32m INFO[0m [2mreading::inspect[0m[2m:[0m Delta of (recursive) [VarPointsTo]: ((), (), 5156430)
[2m2025-07-29T01:53:07.601698Z[0m [32m INFO[0m [2mexecuting::dataflow[0m[2m:[0m 9.660726414s:	Dataflow executed
[2m2025-07-29T01:53:07.794089Z[0m [32m INFO[0m [2mexecuting[0m[2m:[0m success query
