[2m2025-07-29T01:53:13.353095Z[0m [32m INFO[0m [2mexecuting::dataflow[0m[2m:[0m 176.588302ms:	Dataflow assembled
[2m2025-07-29T01:53:14.118392Z[0m [32m INFO[0m [2mexecuting::dataflow[0m[2m:[0m 941.900426ms:	Data loaded for DirectSuperclass
[2m2025-07-29T01:53:14.118442Z[0m [32m INFO[0m [2mexecuting::dataflow[0m[2m:[0m 941.957874ms:	Data loaded for DirectSuperinterface
[2m2025-07-29T01:53:14.118450Z[0m [32m INFO[0m [2mexecuting::dataflow[0m[2m:[0m 941.966721ms:	Data loaded for MainClass
[2m2025-07-29T01:53:14.118462Z[0m [32m INFO[0m [2mexecuting::dataflow[0m[2m:[0m 941.978563ms:	Data loaded for FormalParam
[2m2025-07-29T01:53:14.118470Z[0m [32m INFO[0m [2mexecuting::dataflow[0m[2m:[0m 941.985817ms:	Data loaded for ComponentType
[2m2025-07-29T01:53:14.118476Z[0m [32m INFO[0m [2mexecuting::dataflow[0m[2m:[0m 941.992008ms:	Data loaded for AssignReturnValue
[2m2025-07-29T01:53:14.118484Z[0m [32m INFO[0m [2mexecuting::dataflow[0m[2m:[0m 942.000204ms:	Data loaded for ActualParam
[2m2025-07-29T01:53:14.118494Z[0m [32m INFO[0m [2mexecuting::dataflow[0m[2m:[0m 942.010723ms:	Data loaded for Method_Modifier
[2m2025-07-29T01:53:14.118501Z[0m [32m INFO[0m [2mexecuting::dataflow[0m[2m:[0m 942.017045ms:	Data loaded for Var_Type
[2m2025-07-29T01:53:14.118507Z[0m [32m INFO[0m [2mexecuting::dataflow[0m[2m:[0m 942.022987ms:	Data loaded for HeapAllocation_Type
[2m2025-07-29T01:53:14.118515Z[0m [32m INFO[0m [2mexecuting::dataflow[0m[2m:[0m 942.031513ms:	Data loaded for _ClassType
[2m2025-07-29T01:53:14.118521Z[0m [32m INFO[0m [2mexecuting::dataflow[0m[2m:[0m 942.037744ms:	Data loaded for _ArrayType
[2m2025-07-29T01:53:14.118528Z[0m [32m INFO[0m [2mexecuting::dataflow[0m[2m:[0m 942.044717ms:	Data loaded for _InterfaceType
[2m2025-07-29T01:53:14.118534Z[0m [32m INFO[0m [2mexecuting::dataflow[0m[2m:[0m 942.050589ms:	Data loaded for _Var_DeclaringMethod
[2m2025-07-29T01:53:14.118540Z[0m [32m INFO[0m [2mexecuting::dataflow[0m[2m:[0m 942.056079ms:	Data loaded for _ApplicationClass
[2m2025-07-29T01:53:14.118546Z[0m [32m INFO[0m [2mexecuting::dataflow[0m[2m:[0m 942.06213ms:	Data loaded for _ThisVar
[2m2025-07-29T01:53:14.118551Z[0m [32m INFO[0m [2mexecuting::dataflow[0m[2m:[0m 942.0675ms:	Data loaded for _NormalHeap
[2m2025-07-29T01:53:14.118556Z[0m [32m INFO[0m [2mexecuting::dataflow[0m[2m:[0m 942.07242ms:	Data loaded for _StringConstant
[2m2025-07-29T01:53:14.118581Z[0m [32m INFO[0m [2mexecuting::dataflow[0m[2m:[0m 942.096805ms:	Data loaded for _AssignHeapAllocation
[2m2025-07-29T01:53:14.118592Z[0m [32m INFO[0m [2mexecuting::dataflow[0m[2m:[0m 942.108057ms:	Data loaded for _AssignLocal
[2m2025-07-29T01:53:14.118629Z[0m [32m INFO[0m [2mexecuting::dataflow[0m[2m:[0m 942.145016ms:	Data loaded for _AssignCast
[2m2025-07-29T01:53:14.118635Z[0m [32m INFO[0m [2mexecuting::dataflow[0m[2m:[0m 942.151538ms:	Data loaded for _Field
[2m2025-07-29T01:53:14.118642Z[0m [32m INFO[0m [2mexecuting::dataflow[0m[2m:[0m 942.1578ms:	Data loaded for _StaticMethodInvocation
[2m2025-07-29T01:53:14.118664Z[0m [32m INFO[0m [2mexecuting::dataflow[0m[2m:[0m 942.180072ms:	Data loaded for _SpecialMethodInvocation
[2m2025-07-29T01:53:14.118677Z[0m [32m INFO[0m [2mexecuting::dataflow[0m[2m:[0m 942.192976ms:	Data loaded for _VirtualMethodInvocation
[2m2025-07-29T01:53:14.118688Z[0m [32m INFO[0m [2mexecuting::dataflow[0m[2m:[0m 942.203787ms:	Data loaded for _Method
[2m2025-07-29T01:53:14.118695Z[0m [32m INFO[0m [2mexecuting::dataflow[0m[2m:[0m 942.21087ms:	Data loaded for Method_Descriptor
[2m2025-07-29T01:53:14.118700Z[0m [32m INFO[0m [2mexecuting::dataflow[0m[2m:[0m 942.216691ms:	Data loaded for _StoreInstanceField
[2m2025-07-29T01:53:14.118731Z[0m [32m INFO[0m [2mexecuting::dataflow[0m[2m:[0m 942.247619ms:	Data loaded for _LoadInstanceField
[2m2025-07-29T01:53:14.118741Z[0m [32m INFO[0m [2mexecuting::dataflow[0m[2m:[0m 942.257247ms:	Data loaded for _StoreStaticField
[2m2025-07-29T01:53:14.118789Z[0m [32m INFO[0m [2mexecuting::dataflow[0m[2m:[0m 942.304927ms:	Data loaded for _LoadStaticField
[2m2025-07-29T01:53:14.118815Z[0m [32m INFO[0m [2mexecuting::dataflow[0m[2m:[0m 942.330836ms:	Data loaded for _StoreArrayIndex
[2m2025-07-29T01:53:14.118829Z[0m [32m INFO[0m [2mexecuting::dataflow[0m[2m:[0m 942.345183ms:	Data loaded for _LoadArrayIndex
[2m2025-07-29T01:53:14.118837Z[0m [32m INFO[0m [2mexecuting::dataflow[0m[2m:[0m 942.353058ms:	Data loaded for _Return
[2m2025-07-29T01:53:14.898241Z[0m [32m INFO[0m [2mreading::inspect[0m[2m:[0m Delta of (recursive) [Superinterface]: ((), (), 19822)
[2m2025-07-29T01:53:14.898363Z[0m [32m INFO[0m [2mreading::inspect[0m[2m:[0m Delta of (recursive) [Subclass]: ((), (), 26793)
[2m2025-07-29T01:54:54.491189Z[0m [32m INFO[0m [2mreading::inspect[0m[2m:[0m Delta of (recursive) [SubtypeOf]: ((), (), 71243)
[2m2025-07-29T01:57:32.343983Z[0m [32m INFO[0m [2mreading::inspect[0m[2m:[0m Delta of (recursive) [MethodLookup]: ((), (), 576058)
[2m2025-07-29T01:57:42.210511Z[0m [32m INFO[0m [2mreading::inspect[0m[2m:[0m Delta of (recursive) [ArrayIndexPointsTo]: ((), (), 61089)
[2m2025-07-29T01:57:42.210701Z[0m [32m INFO[0m [2mreading::inspect[0m[2m:[0m Delta of (recursive) [Assign]: ((), (), 55484)
[2m2025-07-29T01:57:42.210793Z[0m [32m INFO[0m [2mreading::inspect[0m[2m:[0m Delta of (recursive) [CallGraphEdge]: ((), (), 26136)
[2m2025-07-29T01:57:42.210849Z[0m [32m INFO[0m [2mreading::inspect[0m[2m:[0m Delta of (recursive) [InitializedClass]: ((), (), 1322)
[2m2025-07-29T01:57:42.210920Z[0m [32m INFO[0m [2mreading::inspect[0m[2m:[0m Delta of (recursive) [InstanceFieldPointsTo]: ((), (), 2250115)
[2m2025-07-29T01:57:42.210959Z[0m [32m INFO[0m [2mreading::inspect[0m[2m:[0m Delta of (recursive) [Reachable]: ((), (), 5895)
[2m2025-07-29T01:57:42.210994Z[0m [32m INFO[0m [2mreading::inspect[0m[2m:[0m Delta of (recursive) [StaticFieldPointsTo]: ((), (), 2593)
[2m2025-07-29T01:57:42.211070Z[0m [32m INFO[0m [2mreading::inspect[0m[2m:[0m Delta of (recursive) [VarPointsTo]: ((), (), 5156430)
[2m2025-07-29T01:57:42.229678Z[0m [32m INFO[0m [2mexecuting::dataflow[0m[2m:[0m 269.053180853s:	Dataflow executed
[2m2025-07-29T01:57:42.255625Z[0m [32m INFO[0m [2mexecuting[0m[2m:[0m success query
