[2m2025-07-29T01:47:02.195415Z[0m [32m INFO[0m [2mexecuting::dataflow[0m[2m:[0m 681.238452ms:	Dataflow assembled
[2m2025-07-29T01:47:03.241018Z[0m [32m INFO[0m [2mexecuting::dataflow[0m[2m:[0m 1.726849576s:	Data loaded for DirectSuperclass
[2m2025-07-29T01:47:03.241100Z[0m [32m INFO[0m [2mexecuting::dataflow[0m[2m:[0m 1.726943693s:	Data loaded for DirectSuperinterface
[2m2025-07-29T01:47:03.241114Z[0m [32m INFO[0m [2mexecuting::dataflow[0m[2m:[0m 1.726957899s:	Data loaded for MainClass
[2m2025-07-29T01:47:03.241134Z[0m [32m INFO[0m [2mexecuting::dataflow[0m[2m:[0m 1.726977526s:	Data loaded for FormalParam
[2m2025-07-29T01:47:03.241146Z[0m [32m INFO[0m [2mexecuting::dataflow[0m[2m:[0m 1.726989799s:	Data loaded for ComponentType
[2m2025-07-29T01:47:03.241155Z[0m [32m INFO[0m [2mexecuting::dataflow[0m[2m:[0m 1.726998746s:	Data loaded for AssignReturnValue
[2m2025-07-29T01:47:03.241166Z[0m [32m INFO[0m [2mexecuting::dataflow[0m[2m:[0m 1.727010068s:	Data loaded for ActualParam
[2m2025-07-29T01:47:03.241184Z[0m [32m INFO[0m [2mexecuting::dataflow[0m[2m:[0m 1.727027711s:	Data loaded for Method_Modifier
[2m2025-07-29T01:47:03.241195Z[0m [32m INFO[0m [2mexecuting::dataflow[0m[2m:[0m 1.727038772s:	Data loaded for Var_Type
[2m2025-07-29T01:47:03.241203Z[0m [32m INFO[0m [2mexecuting::dataflow[0m[2m:[0m 1.727047218s:	Data loaded for HeapAllocation_Type
[2m2025-07-29T01:47:03.241218Z[0m [32m INFO[0m [2mexecuting::dataflow[0m[2m:[0m 1.727061715s:	Data loaded for _ClassType
[2m2025-07-29T01:47:03.241227Z[0m [32m INFO[0m [2mexecuting::dataflow[0m[2m:[0m 1.727070902s:	Data loaded for _ArrayType
[2m2025-07-29T01:47:03.241238Z[0m [32m INFO[0m [2mexecuting::dataflow[0m[2m:[0m 1.727081472s:	Data loaded for _InterfaceType
[2m2025-07-29T01:47:03.241247Z[0m [32m INFO[0m [2mexecuting::dataflow[0m[2m:[0m 1.727090529s:	Data loaded for _Var_DeclaringMethod
[2m2025-07-29T01:47:03.241255Z[0m [32m INFO[0m [2mexecuting::dataflow[0m[2m:[0m 1.727099005s:	Data loaded for _ApplicationClass
[2m2025-07-29T01:47:03.241263Z[0m [32m INFO[0m [2mexecuting::dataflow[0m[2m:[0m 1.727106379s:	Data loaded for _ThisVar
[2m2025-07-29T01:47:03.241270Z[0m [32m INFO[0m [2mexecuting::dataflow[0m[2m:[0m 1.727114143s:	Data loaded for _NormalHeap
[2m2025-07-29T01:47:03.241278Z[0m [32m INFO[0m [2mexecuting::dataflow[0m[2m:[0m 1.727121648s:	Data loaded for _StringConstant
[2m2025-07-29T01:47:03.241317Z[0m [32m INFO[0m [2mexecuting::dataflow[0m[2m:[0m 1.727160511s:	Data loaded for _AssignHeapAllocation
[2m2025-07-29T01:47:03.241340Z[0m [32m INFO[0m [2mexecuting::dataflow[0m[2m:[0m 1.727183484s:	Data loaded for _AssignLocal
[2m2025-07-29T01:47:03.241394Z[0m [32m INFO[0m [2mexecuting::dataflow[0m[2m:[0m 1.727237506s:	Data loaded for _AssignCast
[2m2025-07-29T01:47:03.241406Z[0m [32m INFO[0m [2mexecuting::dataflow[0m[2m:[0m 1.727249939s:	Data loaded for _Field
[2m2025-07-29T01:47:03.241416Z[0m [32m INFO[0m [2mexecuting::dataflow[0m[2m:[0m 1.727260319s:	Data loaded for _StaticMethodInvocation
[2m2025-07-29T01:47:03.241449Z[0m [32m INFO[0m [2mexecuting::dataflow[0m[2m:[0m 1.727292469s:	Data loaded for _SpecialMethodInvocation
[2m2025-07-29T01:47:03.241468Z[0m [32m INFO[0m [2mexecuting::dataflow[0m[2m:[0m 1.727311535s:	Data loaded for _VirtualMethodInvocation
[2m2025-07-29T01:47:03.241485Z[0m [32m INFO[0m [2mexecuting::dataflow[0m[2m:[0m 1.727328878s:	Data loaded for _Method
[2m2025-07-29T01:47:03.241495Z[0m [32m INFO[0m [2mexecuting::dataflow[0m[2m:[0m 1.727338936s:	Data loaded for Method_Descriptor
[2m2025-07-29T01:47:03.241504Z[0m [32m INFO[0m [2mexecuting::dataflow[0m[2m:[0m 1.727348254s:	Data loaded for _StoreInstanceField
[2m2025-07-29T01:47:03.241867Z[0m [32m INFO[0m [2mexecuting::dataflow[0m[2m:[0m 1.727709564s:	Data loaded for _LoadInstanceField
[2m2025-07-29T01:47:03.241890Z[0m [32m INFO[0m [2mexecuting::dataflow[0m[2m:[0m 1.727733549s:	Data loaded for _StoreStaticField
[2m2025-07-29T01:47:03.241992Z[0m [32m INFO[0m [2mexecuting::dataflow[0m[2m:[0m 1.727836162s:	Data loaded for _LoadStaticField
[2m2025-07-29T01:47:03.242029Z[0m [32m INFO[0m [2mexecuting::dataflow[0m[2m:[0m 1.727872571s:	Data loaded for _StoreArrayIndex
[2m2025-07-29T01:47:03.242049Z[0m [32m INFO[0m [2mexecuting::dataflow[0m[2m:[0m 1.727892428s:	Data loaded for _LoadArrayIndex
[2m2025-07-29T01:47:03.242064Z[0m [32m INFO[0m [2mexecuting::dataflow[0m[2m:[0m 1.727907516s:	Data loaded for _Return
[2m2025-07-29T01:47:03.660798Z[0m [32m INFO[0m [2mreading::inspect[0m[2m:[0m Delta of (recursive) [Subclass]: ((), (), 26793)
[2m2025-07-29T01:47:03.668931Z[0m [32m INFO[0m [2mreading::inspect[0m[2m:[0m Delta of (recursive) [Superinterface]: ((), (), 19822)
[2m2025-07-29T01:47:03.719644Z[0m [32m INFO[0m [2mreading::inspect[0m[2m:[0m Delta of (recursive) [SubtypeOf]: ((), (), 71243)
[2m2025-07-29T01:47:03.728489Z[0m [32m INFO[0m [2mreading::inspect[0m[2m:[0m Delta of (recursive) [MethodLookup]: ((), (), 576058)
[2m2025-07-29T01:47:25.046052Z[0m [32m INFO[0m [2mreading::inspect[0m[2m:[0m Delta of (recursive) [ArrayIndexPointsTo]: ((), (), 61089)
[2m2025-07-29T01:47:25.048570Z[0m [32m INFO[0m [2mreading::inspect[0m[2m:[0m Delta of (recursive) [Assign]: ((), (), 55484)
[2m2025-07-29T01:47:25.048612Z[0m [32m INFO[0m [2mreading::inspect[0m[2m:[0m Delta of (recursive) [CallGraphEdge]: ((), (), 26136)
[2m2025-07-29T01:47:25.048667Z[0m [32m INFO[0m [2mreading::inspect[0m[2m:[0m Delta of (recursive) [InitializedClass]: ((), (), 1322)
[2m2025-07-29T01:47:25.048772Z[0m [32m INFO[0m [2mreading::inspect[0m[2m:[0m Delta of (recursive) [InstanceFieldPointsTo]: ((), (), 2250115)
[2m2025-07-29T01:47:25.048810Z[0m [32m INFO[0m [2mreading::inspect[0m[2m:[0m Delta of (recursive) [Reachable]: ((), (), 5895)
[2m2025-07-29T01:47:25.048846Z[0m [32m INFO[0m [2mreading::inspect[0m[2m:[0m Delta of (recursive) [StaticFieldPointsTo]: ((), (), 2593)
[2m2025-07-29T01:47:25.048957Z[0m [32m INFO[0m [2mreading::inspect[0m[2m:[0m Delta of (recursive) [VarPointsTo]: ((), (), 5156430)
[2m2025-07-29T01:47:25.073120Z[0m [32m INFO[0m [2mexecuting::dataflow[0m[2m:[0m 23.558796121s:	Dataflow executed
[2m2025-07-29T01:47:25.239311Z[0m [32m INFO[0m [2mexecuting[0m[2m:[0m success query
