[2m2025-07-29T01:25:53.012480Z[0m [32m INFO[0m [2mexecuting::dataflow[0m[2m:[0m 187.058699ms:	Dataflow assembled
[2m2025-07-29T01:25:54.055847Z[0m [32m INFO[0m [2mexecuting::dataflow[0m[2m:[0m 1.230437902s:	Data loaded for DirectSuperclass
[2m2025-07-29T01:25:54.055906Z[0m [32m INFO[0m [2mexecuting::dataflow[0m[2m:[0m 1.230504287s:	Data loaded for DirectSuperinterface
[2m2025-07-29T01:25:54.055919Z[0m [32m INFO[0m [2mexecuting::dataflow[0m[2m:[0m 1.230517321s:	Data loaded for MainClass
[2m2025-07-29T01:25:54.055933Z[0m [32m INFO[0m [2mexecuting::dataflow[0m[2m:[0m 1.230530726s:	Data loaded for FormalParam
[2m2025-07-29T01:25:54.055942Z[0m [32m INFO[0m [2mexecuting::dataflow[0m[2m:[0m 1.230540485s:	Data loaded for ComponentType
[2m2025-07-29T01:25:54.055950Z[0m [32m INFO[0m [2mexecuting::dataflow[0m[2m:[0m 1.2305483s:	Data loaded for AssignReturnValue
[2m2025-07-29T01:25:54.055960Z[0m [32m INFO[0m [2mexecuting::dataflow[0m[2m:[0m 1.230558629s:	Data loaded for ActualParam
[2m2025-07-29T01:25:54.055978Z[0m [32m INFO[0m [2mexecuting::dataflow[0m[2m:[0m 1.230576112s:	Data loaded for Method_Modifier
[2m2025-07-29T01:25:54.055988Z[0m [32m INFO[0m [2mexecuting::dataflow[0m[2m:[0m 1.230586311s:	Data loaded for Var_Type
[2m2025-07-29T01:25:54.055996Z[0m [32m INFO[0m [2mexecuting::dataflow[0m[2m:[0m 1.230594146s:	Data loaded for HeapAllocation_Type
[2m2025-07-29T01:25:54.056009Z[0m [32m INFO[0m [2mexecuting::dataflow[0m[2m:[0m 1.23060693s:	Data loaded for _ClassType
[2m2025-07-29T01:25:54.056023Z[0m [32m INFO[0m [2mexecuting::dataflow[0m[2m:[0m 1.230620706s:	Data loaded for _ArrayType
[2m2025-07-29T01:25:54.056036Z[0m [32m INFO[0m [2mexecuting::dataflow[0m[2m:[0m 1.230634662s:	Data loaded for _InterfaceType
[2m2025-07-29T01:25:54.056045Z[0m [32m INFO[0m [2mexecuting::dataflow[0m[2m:[0m 1.230643218s:	Data loaded for _Var_DeclaringMethod
[2m2025-07-29T01:25:54.056057Z[0m [32m INFO[0m [2mexecuting::dataflow[0m[2m:[0m 1.2306548s:	Data loaded for _ApplicationClass
[2m2025-07-29T01:25:54.056065Z[0m [32m INFO[0m [2mexecuting::dataflow[0m[2m:[0m 1.230663376s:	Data loaded for _ThisVar
[2m2025-07-29T01:25:54.056072Z[0m [32m INFO[0m [2mexecuting::dataflow[0m[2m:[0m 1.230670349s:	Data loaded for _NormalHeap
[2m2025-07-29T01:25:54.056083Z[0m [32m INFO[0m [2mexecuting::dataflow[0m[2m:[0m 1.230680709s:	Data loaded for _StringConstant
[2m2025-07-29T01:25:54.056119Z[0m [32m INFO[0m [2mexecuting::dataflow[0m[2m:[0m 1.230717658s:	Data loaded for _AssignHeapAllocation
[2m2025-07-29T01:25:54.056140Z[0m [32m INFO[0m [2mexecuting::dataflow[0m[2m:[0m 1.230738107s:	Data loaded for _AssignLocal
[2m2025-07-29T01:25:54.056191Z[0m [32m INFO[0m [2mexecuting::dataflow[0m[2m:[0m 1.230789263s:	Data loaded for _AssignCast
[2m2025-07-29T01:25:54.056201Z[0m [32m INFO[0m [2mexecuting::dataflow[0m[2m:[0m 1.230799342s:	Data loaded for _Field
[2m2025-07-29T01:25:54.056211Z[0m [32m INFO[0m [2mexecuting::dataflow[0m[2m:[0m 1.230809301s:	Data loaded for _StaticMethodInvocation
[2m2025-07-29T01:25:54.056242Z[0m [32m INFO[0m [2mexecuting::dataflow[0m[2m:[0m 1.230839838s:	Data loaded for _SpecialMethodInvocation
[2m2025-07-29T01:25:54.056261Z[0m [32m INFO[0m [2mexecuting::dataflow[0m[2m:[0m 1.230858684s:	Data loaded for _VirtualMethodInvocation
[2m2025-07-29T01:25:54.056277Z[0m [32m INFO[0m [2mexecuting::dataflow[0m[2m:[0m 1.230874834s:	Data loaded for _Method
[2m2025-07-29T01:25:54.056288Z[0m [32m INFO[0m [2mexecuting::dataflow[0m[2m:[0m 1.230886566s:	Data loaded for Method_Descriptor
[2m2025-07-29T01:25:54.056297Z[0m [32m INFO[0m [2mexecuting::dataflow[0m[2m:[0m 1.230895473s:	Data loaded for _StoreInstanceField
[2m2025-07-29T01:25:54.056342Z[0m [32m INFO[0m [2mexecuting::dataflow[0m[2m:[0m 1.230939836s:	Data loaded for _LoadInstanceField
[2m2025-07-29T01:25:54.056356Z[0m [32m INFO[0m [2mexecuting::dataflow[0m[2m:[0m 1.230954394s:	Data loaded for _StoreStaticField
[2m2025-07-29T01:25:54.056419Z[0m [32m INFO[0m [2mexecuting::dataflow[0m[2m:[0m 1.231017102s:	Data loaded for _LoadStaticField
[2m2025-07-29T01:25:54.056451Z[0m [32m INFO[0m [2mexecuting::dataflow[0m[2m:[0m 1.231049012s:	Data loaded for _StoreArrayIndex
[2m2025-07-29T01:25:54.056476Z[0m [32m INFO[0m [2mexecuting::dataflow[0m[2m:[0m 1.231073488s:	Data loaded for _LoadArrayIndex
[2m2025-07-29T01:25:54.056492Z[0m [32m INFO[0m [2mexecuting::dataflow[0m[2m:[0m 1.231089749s:	Data loaded for _Return
[2m2025-07-29T01:25:54.489882Z[0m [32m INFO[0m [2mreading::inspect[0m[2m:[0m Delta of (recursive) [Superinterface]: ((), (), 19822)
[2m2025-07-29T01:25:54.490015Z[0m [32m INFO[0m [2mreading::inspect[0m[2m:[0m Delta of (recursive) [Subclass]: ((), (), 26793)
[2m2025-07-29T01:27:37.793022Z[0m [32m INFO[0m [2mreading::inspect[0m[2m:[0m Delta of (recursive) [SubtypeOf]: ((), (), 71243)
[2m2025-07-29T01:30:10.973839Z[0m [32m INFO[0m [2mreading::inspect[0m[2m:[0m Delta of (recursive) [MethodLookup]: ((), (), 576058)
[2m2025-07-29T01:30:21.701864Z[0m [32m INFO[0m [2mreading::inspect[0m[2m:[0m Delta of (recursive) [ArrayIndexPointsTo]: ((), (), 61089)
[2m2025-07-29T01:30:21.701965Z[0m [32m INFO[0m [2mreading::inspect[0m[2m:[0m Delta of (recursive) [Assign]: ((), (), 55484)
[2m2025-07-29T01:30:21.702009Z[0m [32m INFO[0m [2mreading::inspect[0m[2m:[0m Delta of (recursive) [CallGraphEdge]: ((), (), 26136)
[2m2025-07-29T01:30:21.702058Z[0m [32m INFO[0m [2mreading::inspect[0m[2m:[0m Delta of (recursive) [InitializedClass]: ((), (), 1322)
[2m2025-07-29T01:30:21.702138Z[0m [32m INFO[0m [2mreading::inspect[0m[2m:[0m Delta of (recursive) [InstanceFieldPointsTo]: ((), (), 2250115)
[2m2025-07-29T01:30:21.702175Z[0m [32m INFO[0m [2mreading::inspect[0m[2m:[0m Delta of (recursive) [Reachable]: ((), (), 5895)
[2m2025-07-29T01:30:21.702210Z[0m [32m INFO[0m [2mreading::inspect[0m[2m:[0m Delta of (recursive) [StaticFieldPointsTo]: ((), (), 2593)
[2m2025-07-29T01:30:21.702383Z[0m [32m INFO[0m [2mreading::inspect[0m[2m:[0m Delta of (recursive) [VarPointsTo]: ((), (), 5156430)
[2m2025-07-29T01:30:21.729720Z[0m [32m INFO[0m [2mexecuting::dataflow[0m[2m:[0m 268.903723794s:	Dataflow executed
[2m2025-07-29T01:30:21.767957Z[0m [32m INFO[0m [2mexecuting[0m[2m:[0m success query
