[2m2025-07-29T01:25:38.145114Z[0m [32m INFO[0m [2mexecuting::dataflow[0m[2m:[0m 659.240258ms:	Dataflow assembled
[2m2025-07-29T01:25:39.205108Z[0m [32m INFO[0m [2mexecuting::dataflow[0m[2m:[0m 1.719249859s:	Data loaded for DirectSuperclass
[2m2025-07-29T01:25:39.205167Z[0m [32m INFO[0m [2mexecuting::dataflow[0m[2m:[0m 1.719315582s:	Data loaded for DirectSuperinterface
[2m2025-07-29T01:25:39.205180Z[0m [32m INFO[0m [2mexecuting::dataflow[0m[2m:[0m 1.719327795s:	Data loaded for MainClass
[2m2025-07-29T01:25:39.205196Z[0m [32m INFO[0m [2mexecuting::dataflow[0m[2m:[0m 1.719343996s:	Data loaded for FormalParam
[2m2025-07-29T01:25:39.205208Z[0m [32m INFO[0m [2mexecuting::dataflow[0m[2m:[0m 1.719355698s:	Data loaded for ComponentType
[2m2025-07-29T01:25:39.205216Z[0m [32m INFO[0m [2mexecuting::dataflow[0m[2m:[0m 1.719363873s:	Data loaded for AssignReturnValue
[2m2025-07-29T01:25:39.205229Z[0m [32m INFO[0m [2mexecuting::dataflow[0m[2m:[0m 1.719376908s:	Data loaded for ActualParam
[2m2025-07-29T01:25:39.205258Z[0m [32m INFO[0m [2mexecuting::dataflow[0m[2m:[0m 1.719406313s:	Data loaded for Method_Modifier
[2m2025-07-29T01:25:39.205267Z[0m [32m INFO[0m [2mexecuting::dataflow[0m[2m:[0m 1.719415511s:	Data loaded for Var_Type
[2m2025-07-29T01:25:39.205275Z[0m [32m INFO[0m [2mexecuting::dataflow[0m[2m:[0m 1.719423265s:	Data loaded for HeapAllocation_Type
[2m2025-07-29T01:25:39.205287Z[0m [32m INFO[0m [2mexecuting::dataflow[0m[2m:[0m 1.719435388s:	Data loaded for _ClassType
[2m2025-07-29T01:25:39.205296Z[0m [32m INFO[0m [2mexecuting::dataflow[0m[2m:[0m 1.719444315s:	Data loaded for _ArrayType
[2m2025-07-29T01:25:39.205307Z[0m [32m INFO[0m [2mexecuting::dataflow[0m[2m:[0m 1.719454795s:	Data loaded for _InterfaceType
[2m2025-07-29T01:25:39.205315Z[0m [32m INFO[0m [2mexecuting::dataflow[0m[2m:[0m 1.71946328s:	Data loaded for _Var_DeclaringMethod
[2m2025-07-29T01:25:39.205323Z[0m [32m INFO[0m [2mexecuting::dataflow[0m[2m:[0m 1.719471546s:	Data loaded for _ApplicationClass
[2m2025-07-29T01:25:39.205331Z[0m [32m INFO[0m [2mexecuting::dataflow[0m[2m:[0m 1.719479611s:	Data loaded for _ThisVar
[2m2025-07-29T01:25:39.205338Z[0m [32m INFO[0m [2mexecuting::dataflow[0m[2m:[0m 1.719486715s:	Data loaded for _NormalHeap
[2m2025-07-29T01:25:39.205346Z[0m [32m INFO[0m [2mexecuting::dataflow[0m[2m:[0m 1.719494389s:	Data loaded for _StringConstant
[2m2025-07-29T01:25:39.205424Z[0m [32m INFO[0m [2mexecuting::dataflow[0m[2m:[0m 1.719571785s:	Data loaded for _AssignHeapAllocation
[2m2025-07-29T01:25:39.205443Z[0m [32m INFO[0m [2mexecuting::dataflow[0m[2m:[0m 1.719591181s:	Data loaded for _AssignLocal
[2m2025-07-29T01:25:39.205540Z[0m [32m INFO[0m [2mexecuting::dataflow[0m[2m:[0m 1.719687793s:	Data loaded for _AssignCast
[2m2025-07-29T01:25:39.205550Z[0m [32m INFO[0m [2mexecuting::dataflow[0m[2m:[0m 1.719698513s:	Data loaded for _Field
[2m2025-07-29T01:25:39.205560Z[0m [32m INFO[0m [2mexecuting::dataflow[0m[2m:[0m 1.719708161s:	Data loaded for _StaticMethodInvocation
[2m2025-07-29T01:25:39.205616Z[0m [32m INFO[0m [2mexecuting::dataflow[0m[2m:[0m 1.719764307s:	Data loaded for _SpecialMethodInvocation
[2m2025-07-29T01:25:39.205633Z[0m [32m INFO[0m [2mexecuting::dataflow[0m[2m:[0m 1.719781529s:	Data loaded for _VirtualMethodInvocation
[2m2025-07-29T01:25:39.205650Z[0m [32m INFO[0m [2mexecuting::dataflow[0m[2m:[0m 1.71979779s:	Data loaded for _Method
[2m2025-07-29T01:25:39.205659Z[0m [32m INFO[0m [2mexecuting::dataflow[0m[2m:[0m 1.719807378s:	Data loaded for Method_Descriptor
[2m2025-07-29T01:25:39.205669Z[0m [32m INFO[0m [2mexecuting::dataflow[0m[2m:[0m 1.719817016s:	Data loaded for _StoreInstanceField
[2m2025-07-29T01:25:39.205765Z[0m [32m INFO[0m [2mexecuting::dataflow[0m[2m:[0m 1.719913498s:	Data loaded for _LoadInstanceField
[2m2025-07-29T01:25:39.205779Z[0m [32m INFO[0m [2mexecuting::dataflow[0m[2m:[0m 1.719927685s:	Data loaded for _StoreStaticField
[2m2025-07-29T01:25:39.205879Z[0m [32m INFO[0m [2mexecuting::dataflow[0m[2m:[0m 1.720026801s:	Data loaded for _LoadStaticField
[2m2025-07-29T01:25:39.205964Z[0m [32m INFO[0m [2mexecuting::dataflow[0m[2m:[0m 1.720112032s:	Data loaded for _StoreArrayIndex
[2m2025-07-29T01:25:39.205985Z[0m [32m INFO[0m [2mexecuting::dataflow[0m[2m:[0m 1.720133021s:	Data loaded for _LoadArrayIndex
[2m2025-07-29T01:25:39.206009Z[0m [32m INFO[0m [2mexecuting::dataflow[0m[2m:[0m 1.720157637s:	Data loaded for _Return
[2m2025-07-29T01:25:39.658579Z[0m [32m INFO[0m [2mreading::inspect[0m[2m:[0m Delta of (recursive) [Subclass]: ((), (), 26793)
[2m2025-07-29T01:25:39.664208Z[0m [32m INFO[0m [2mreading::inspect[0m[2m:[0m Delta of (recursive) [Superinterface]: ((), (), 19822)
[2m2025-07-29T01:25:39.714281Z[0m [32m INFO[0m [2mreading::inspect[0m[2m:[0m Delta of (recursive) [SubtypeOf]: ((), (), 71243)
[2m2025-07-29T01:25:39.722951Z[0m [32m INFO[0m [2mreading::inspect[0m[2m:[0m Delta of (recursive) [MethodLookup]: ((), (), 576058)
[2m2025-07-29T01:25:47.333901Z[0m [32m INFO[0m [2mreading::inspect[0m[2m:[0m Delta of (recursive) [ArrayIndexPointsTo]: ((), (), 61089)
[2m2025-07-29T01:25:47.334070Z[0m [32m INFO[0m [2mreading::inspect[0m[2m:[0m Delta of (recursive) [Assign]: ((), (), 55484)
[2m2025-07-29T01:25:47.334120Z[0m [32m INFO[0m [2mreading::inspect[0m[2m:[0m Delta of (recursive) [CallGraphEdge]: ((), (), 26136)
[2m2025-07-29T01:25:47.334183Z[0m [32m INFO[0m [2mreading::inspect[0m[2m:[0m Delta of (recursive) [InitializedClass]: ((), (), 1322)
[2m2025-07-29T01:25:47.334290Z[0m [32m INFO[0m [2mreading::inspect[0m[2m:[0m Delta of (recursive) [InstanceFieldPointsTo]: ((), (), 2250115)
[2m2025-07-29T01:25:47.334332Z[0m [32m INFO[0m [2mreading::inspect[0m[2m:[0m Delta of (recursive) [Reachable]: ((), (), 5895)
[2m2025-07-29T01:25:47.334377Z[0m [32m INFO[0m [2mreading::inspect[0m[2m:[0m Delta of (recursive) [StaticFieldPointsTo]: ((), (), 2593)
[2m2025-07-29T01:25:47.334490Z[0m [32m INFO[0m [2mreading::inspect[0m[2m:[0m Delta of (recursive) [VarPointsTo]: ((), (), 5156430)
[2m2025-07-29T01:25:47.376434Z[0m [32m INFO[0m [2mexecuting::dataflow[0m[2m:[0m 9.890561736s:	Dataflow executed
[2m2025-07-29T01:25:47.480929Z[0m [32m INFO[0m [2mexecuting[0m[2m:[0m success query
