[2m2025-07-29T01:58:21.271716Z[0m [32m INFO[0m [2mexecuting::dataflow[0m[2m:[0m 186.234507ms:	Dataflow assembled
[2m2025-07-29T01:58:22.311388Z[0m [32m INFO[0m [2mexecuting::dataflow[0m[2m:[0m 1.225920712s:	Data loaded for DirectSuperclass
[2m2025-07-29T01:58:22.311454Z[0m [32m INFO[0m [2mexecuting::dataflow[0m[2m:[0m 1.225991665s:	Data loaded for DirectSuperinterface
[2m2025-07-29T01:58:22.311466Z[0m [32m INFO[0m [2mexecuting::dataflow[0m[2m:[0m 1.22600453s:	Data loaded for MainClass
[2m2025-07-29T01:58:22.311482Z[0m [32m INFO[0m [2mexecuting::dataflow[0m[2m:[0m 1.226020199s:	Data loaded for FormalParam
[2m2025-07-29T01:58:22.311493Z[0m [32m INFO[0m [2mexecuting::dataflow[0m[2m:[0m 1.22603114s:	Data loaded for ComponentType
[2m2025-07-29T01:58:22.311502Z[0m [32m INFO[0m [2mexecuting::dataflow[0m[2m:[0m 1.226039636s:	Data loaded for AssignReturnValue
[2m2025-07-29T01:58:22.311517Z[0m [32m INFO[0m [2mexecuting::dataflow[0m[2m:[0m 1.226054614s:	Data loaded for ActualParam
[2m2025-07-29T01:58:22.311531Z[0m [32m INFO[0m [2mexecuting::dataflow[0m[2m:[0m 1.226068951s:	Data loaded for Method_Modifier
[2m2025-07-29T01:58:22.311542Z[0m [32m INFO[0m [2mexecuting::dataflow[0m[2m:[0m 1.226079931s:	Data loaded for Var_Type
[2m2025-07-29T01:58:22.311551Z[0m [32m INFO[0m [2mexecuting::dataflow[0m[2m:[0m 1.226088808s:	Data loaded for HeapAllocation_Type
[2m2025-07-29T01:58:22.311564Z[0m [32m INFO[0m [2mexecuting::dataflow[0m[2m:[0m 1.226102123s:	Data loaded for _ClassType
[2m2025-07-29T01:58:22.311573Z[0m [32m INFO[0m [2mexecuting::dataflow[0m[2m:[0m 1.226111471s:	Data loaded for _ArrayType
[2m2025-07-29T01:58:22.311584Z[0m [32m INFO[0m [2mexecuting::dataflow[0m[2m:[0m 1.226122421s:	Data loaded for _InterfaceType
[2m2025-07-29T01:58:22.311593Z[0m [32m INFO[0m [2mexecuting::dataflow[0m[2m:[0m 1.226131348s:	Data loaded for _Var_DeclaringMethod
[2m2025-07-29T01:58:22.311602Z[0m [32m INFO[0m [2mexecuting::dataflow[0m[2m:[0m 1.226139974s:	Data loaded for _ApplicationClass
[2m2025-07-29T01:58:22.311610Z[0m [32m INFO[0m [2mexecuting::dataflow[0m[2m:[0m 1.226148521s:	Data loaded for _ThisVar
[2m2025-07-29T01:58:22.311618Z[0m [32m INFO[0m [2mexecuting::dataflow[0m[2m:[0m 1.226155804s:	Data loaded for _NormalHeap
[2m2025-07-29T01:58:22.311625Z[0m [32m INFO[0m [2mexecuting::dataflow[0m[2m:[0m 1.226163529s:	Data loaded for _StringConstant
[2m2025-07-29T01:58:22.311660Z[0m [32m INFO[0m [2mexecuting::dataflow[0m[2m:[0m 1.226197933s:	Data loaded for _AssignHeapAllocation
[2m2025-07-29T01:58:22.311678Z[0m [32m INFO[0m [2mexecuting::dataflow[0m[2m:[0m 1.226216378s:	Data loaded for _AssignLocal
[2m2025-07-29T01:58:22.311722Z[0m [32m INFO[0m [2mexecuting::dataflow[0m[2m:[0m 1.22625989s:	Data loaded for _AssignCast
[2m2025-07-29T01:58:22.311733Z[0m [32m INFO[0m [2mexecuting::dataflow[0m[2m:[0m 1.226270811s:	Data loaded for _Field
[2m2025-07-29T01:58:22.311743Z[0m [32m INFO[0m [2mexecuting::dataflow[0m[2m:[0m 1.226280639s:	Data loaded for _StaticMethodInvocation
[2m2025-07-29T01:58:22.311771Z[0m [32m INFO[0m [2mexecuting::dataflow[0m[2m:[0m 1.226309183s:	Data loaded for _SpecialMethodInvocation
[2m2025-07-29T01:58:22.311791Z[0m [32m INFO[0m [2mexecuting::dataflow[0m[2m:[0m 1.226328599s:	Data loaded for _VirtualMethodInvocation
[2m2025-07-29T01:58:22.311809Z[0m [32m INFO[0m [2mexecuting::dataflow[0m[2m:[0m 1.226347585s:	Data loaded for _Method
[2m2025-07-29T01:58:22.311821Z[0m [32m INFO[0m [2mexecuting::dataflow[0m[2m:[0m 1.226359277s:	Data loaded for Method_Descriptor
[2m2025-07-29T01:58:22.311831Z[0m [32m INFO[0m [2mexecuting::dataflow[0m[2m:[0m 1.226368965s:	Data loaded for _StoreInstanceField
[2m2025-07-29T01:58:22.311876Z[0m [32m INFO[0m [2mexecuting::dataflow[0m[2m:[0m 1.226413559s:	Data loaded for _LoadInstanceField
[2m2025-07-29T01:58:22.311890Z[0m [32m INFO[0m [2mexecuting::dataflow[0m[2m:[0m 1.226427806s:	Data loaded for _StoreStaticField
[2m2025-07-29T01:58:22.311955Z[0m [32m INFO[0m [2mexecuting::dataflow[0m[2m:[0m 1.226492608s:	Data loaded for _LoadStaticField
[2m2025-07-29T01:58:22.311987Z[0m [32m INFO[0m [2mexecuting::dataflow[0m[2m:[0m 1.22652552s:	Data loaded for _StoreArrayIndex
[2m2025-07-29T01:58:22.312006Z[0m [32m INFO[0m [2mexecuting::dataflow[0m[2m:[0m 1.226544335s:	Data loaded for _LoadArrayIndex
[2m2025-07-29T01:58:22.312019Z[0m [32m INFO[0m [2mexecuting::dataflow[0m[2m:[0m 1.22655741s:	Data loaded for _Return
[2m2025-07-29T01:58:22.618219Z[0m [32m INFO[0m [2mreading::inspect[0m[2m:[0m Delta of (recursive) [Subclass]: ((), (), 26793)
[2m2025-07-29T01:58:22.625494Z[0m [32m INFO[0m [2mreading::inspect[0m[2m:[0m Delta of (recursive) [Superinterface]: ((), (), 19822)
[2m2025-07-29T01:58:22.663811Z[0m [32m INFO[0m [2mreading::inspect[0m[2m:[0m Delta of (recursive) [SubtypeOf]: ((), (), 71243)
[2m2025-07-29T01:58:22.672852Z[0m [32m INFO[0m [2mreading::inspect[0m[2m:[0m Delta of (recursive) [MethodLookup]: ((), (), 576058)
[2m2025-07-29T01:58:26.806905Z[0m [32m INFO[0m [2mreading::inspect[0m[2m:[0m Delta of (recursive) [ArrayIndexPointsTo]: ((), (), 61089)
[2m2025-07-29T01:58:26.807118Z[0m [32m INFO[0m [2mreading::inspect[0m[2m:[0m Delta of (recursive) [Assign]: ((), (), 55484)
[2m2025-07-29T01:58:26.807214Z[0m [32m INFO[0m [2mreading::inspect[0m[2m:[0m Delta of (recursive) [CallGraphEdge]: ((), (), 26136)
[2m2025-07-29T01:58:26.807307Z[0m [32m INFO[0m [2mreading::inspect[0m[2m:[0m Delta of (recursive) [InitializedClass]: ((), (), 1322)
[2m2025-07-29T01:58:26.807420Z[0m [32m INFO[0m [2mreading::inspect[0m[2m:[0m Delta of (recursive) [InstanceFieldPointsTo]: ((), (), 2250115)
[2m2025-07-29T01:58:26.807511Z[0m [32m INFO[0m [2mreading::inspect[0m[2m:[0m Delta of (recursive) [Reachable]: ((), (), 5895)
[2m2025-07-29T01:58:26.807556Z[0m [32m INFO[0m [2mreading::inspect[0m[2m:[0m Delta of (recursive) [StaticFieldPointsTo]: ((), (), 2593)
[2m2025-07-29T01:58:26.807654Z[0m [32m INFO[0m [2mreading::inspect[0m[2m:[0m Delta of (recursive) [VarPointsTo]: ((), (), 5156430)
[2m2025-07-29T01:58:26.855901Z[0m [32m INFO[0m [2mexecuting::dataflow[0m[2m:[0m 5.770422136s:	Dataflow executed
[2m2025-07-29T01:58:26.918631Z[0m [32m INFO[0m [2mexecuting[0m[2m:[0m success query
