[2m2025-07-29T01:58:32.815398Z[0m [32m INFO[0m [2mexecuting::dataflow[0m[2m:[0m 677.516279ms:	Dataflow assembled
[2m2025-07-29T01:58:33.846585Z[0m [32m INFO[0m [2mexecuting::dataflow[0m[2m:[0m 1.708720232s:	Data loaded for DirectSuperclass
[2m2025-07-29T01:58:33.846649Z[0m [32m INFO[0m [2mexecuting::dataflow[0m[2m:[0m 1.708790123s:	Data loaded for DirectSuperinterface
[2m2025-07-29T01:58:33.846661Z[0m [32m INFO[0m [2mexecuting::dataflow[0m[2m:[0m 1.708801956s:	Data loaded for MainClass
[2m2025-07-29T01:58:33.846674Z[0m [32m INFO[0m [2mexecuting::dataflow[0m[2m:[0m 1.70881508s:	Data loaded for FormalParam
[2m2025-07-29T01:58:33.846686Z[0m [32m INFO[0m [2mexecuting::dataflow[0m[2m:[0m 1.708827273s:	Data loaded for ComponentType
[2m2025-07-29T01:58:33.846695Z[0m [32m INFO[0m [2mexecuting::dataflow[0m[2m:[0m 1.708835739s:	Data loaded for AssignReturnValue
[2m2025-07-29T01:58:33.846704Z[0m [32m INFO[0m [2mexecuting::dataflow[0m[2m:[0m 1.708845397s:	Data loaded for ActualParam
[2m2025-07-29T01:58:33.846723Z[0m [32m INFO[0m [2mexecuting::dataflow[0m[2m:[0m 1.708864082s:	Data loaded for Method_Modifier
[2m2025-07-29T01:58:33.846733Z[0m [32m INFO[0m [2mexecuting::dataflow[0m[2m:[0m 1.708873981s:	Data loaded for Var_Type
[2m2025-07-29T01:58:33.846742Z[0m [32m INFO[0m [2mexecuting::dataflow[0m[2m:[0m 1.708883569s:	Data loaded for HeapAllocation_Type
[2m2025-07-29T01:58:33.846755Z[0m [32m INFO[0m [2mexecuting::dataflow[0m[2m:[0m 1.708896574s:	Data loaded for _ClassType
[2m2025-07-29T01:58:33.846766Z[0m [32m INFO[0m [2mexecuting::dataflow[0m[2m:[0m 1.708907534s:	Data loaded for _ArrayType
[2m2025-07-29T01:58:33.846778Z[0m [32m INFO[0m [2mexecuting::dataflow[0m[2m:[0m 1.708919417s:	Data loaded for _InterfaceType
[2m2025-07-29T01:58:33.846787Z[0m [32m INFO[0m [2mexecuting::dataflow[0m[2m:[0m 1.708928303s:	Data loaded for _Var_DeclaringMethod
[2m2025-07-29T01:58:33.846796Z[0m [32m INFO[0m [2mexecuting::dataflow[0m[2m:[0m 1.7089372s:	Data loaded for _ApplicationClass
[2m2025-07-29T01:58:33.846804Z[0m [32m INFO[0m [2mexecuting::dataflow[0m[2m:[0m 1.708945516s:	Data loaded for _ThisVar
[2m2025-07-29T01:58:33.846812Z[0m [32m INFO[0m [2mexecuting::dataflow[0m[2m:[0m 1.7089531s:	Data loaded for _NormalHeap
[2m2025-07-29T01:58:33.846819Z[0m [32m INFO[0m [2mexecuting::dataflow[0m[2m:[0m 1.708960484s:	Data loaded for _StringConstant
[2m2025-07-29T01:58:33.846854Z[0m [32m INFO[0m [2mexecuting::dataflow[0m[2m:[0m 1.708995369s:	Data loaded for _AssignHeapAllocation
[2m2025-07-29T01:58:33.846873Z[0m [32m INFO[0m [2mexecuting::dataflow[0m[2m:[0m 1.709014335s:	Data loaded for _AssignLocal
[2m2025-07-29T01:58:33.846920Z[0m [32m INFO[0m [2mexecuting::dataflow[0m[2m:[0m 1.709061294s:	Data loaded for _AssignCast
[2m2025-07-29T01:58:33.846931Z[0m [32m INFO[0m [2mexecuting::dataflow[0m[2m:[0m 1.709072364s:	Data loaded for _Field
[2m2025-07-29T01:58:33.846941Z[0m [32m INFO[0m [2mexecuting::dataflow[0m[2m:[0m 1.709082303s:	Data loaded for _StaticMethodInvocation
[2m2025-07-29T01:58:33.846969Z[0m [32m INFO[0m [2mexecuting::dataflow[0m[2m:[0m 1.709110165s:	Data loaded for _SpecialMethodInvocation
[2m2025-07-29T01:58:33.846986Z[0m [32m INFO[0m [2mexecuting::dataflow[0m[2m:[0m 1.709127538s:	Data loaded for _VirtualMethodInvocation
[2m2025-07-29T01:58:33.847001Z[0m [32m INFO[0m [2mexecuting::dataflow[0m[2m:[0m 1.709142516s:	Data loaded for _Method
[2m2025-07-29T01:58:33.847011Z[0m [32m INFO[0m [2mexecuting::dataflow[0m[2m:[0m 1.709152154s:	Data loaded for Method_Descriptor
[2m2025-07-29T01:58:33.847019Z[0m [32m INFO[0m [2mexecuting::dataflow[0m[2m:[0m 1.70916044s:	Data loaded for _StoreInstanceField
[2m2025-07-29T01:58:33.847387Z[0m [32m INFO[0m [2mexecuting::dataflow[0m[2m:[0m 1.709527801s:	Data loaded for _LoadInstanceField
[2m2025-07-29T01:58:33.847405Z[0m [32m INFO[0m [2mexecuting::dataflow[0m[2m:[0m 1.709546486s:	Data loaded for _StoreStaticField
[2m2025-07-29T01:58:33.847469Z[0m [32m INFO[0m [2mexecuting::dataflow[0m[2m:[0m 1.709610046s:	Data loaded for _LoadStaticField
[2m2025-07-29T01:58:33.847500Z[0m [32m INFO[0m [2mexecuting::dataflow[0m[2m:[0m 1.709641595s:	Data loaded for _StoreArrayIndex
[2m2025-07-29T01:58:33.847520Z[0m [32m INFO[0m [2mexecuting::dataflow[0m[2m:[0m 1.709661282s:	Data loaded for _LoadArrayIndex
[2m2025-07-29T01:58:33.847535Z[0m [32m INFO[0m [2mexecuting::dataflow[0m[2m:[0m 1.70967618s:	Data loaded for _Return
[2m2025-07-29T01:58:34.270699Z[0m [32m INFO[0m [2mreading::inspect[0m[2m:[0m Delta of (recursive) [Subclass]: ((), (), 26793)
[2m2025-07-29T01:58:34.279747Z[0m [32m INFO[0m [2mreading::inspect[0m[2m:[0m Delta of (recursive) [Superinterface]: ((), (), 19822)
[2m2025-07-29T01:58:34.333018Z[0m [32m INFO[0m [2mreading::inspect[0m[2m:[0m Delta of (recursive) [SubtypeOf]: ((), (), 71243)
[2m2025-07-29T01:58:34.341930Z[0m [32m INFO[0m [2mreading::inspect[0m[2m:[0m Delta of (recursive) [MethodLookup]: ((), (), 576058)
[2m2025-07-29T01:58:41.898953Z[0m [32m INFO[0m [2mreading::inspect[0m[2m:[0m Delta of (recursive) [ArrayIndexPointsTo]: ((), (), 61089)
[2m2025-07-29T01:58:41.911726Z[0m [32m INFO[0m [2mreading::inspect[0m[2m:[0m Delta of (recursive) [Assign]: ((), (), 55484)
[2m2025-07-29T01:58:41.911811Z[0m [32m INFO[0m [2mreading::inspect[0m[2m:[0m Delta of (recursive) [CallGraphEdge]: ((), (), 26136)
[2m2025-07-29T01:58:41.911854Z[0m [32m INFO[0m [2mreading::inspect[0m[2m:[0m Delta of (recursive) [InitializedClass]: ((), (), 1322)
[2m2025-07-29T01:58:41.911949Z[0m [32m INFO[0m [2mreading::inspect[0m[2m:[0m Delta of (recursive) [InstanceFieldPointsTo]: ((), (), 2250115)
[2m2025-07-29T01:58:41.911987Z[0m [32m INFO[0m [2mreading::inspect[0m[2m:[0m Delta of (recursive) [Reachable]: ((), (), 5895)
[2m2025-07-29T01:58:41.912021Z[0m [32m INFO[0m [2mreading::inspect[0m[2m:[0m Delta of (recursive) [StaticFieldPointsTo]: ((), (), 2593)
[2m2025-07-29T01:58:41.912123Z[0m [32m INFO[0m [2mreading::inspect[0m[2m:[0m Delta of (recursive) [VarPointsTo]: ((), (), 5156430)
[2m2025-07-29T01:58:41.913537Z[0m [32m INFO[0m [2mexecuting::dataflow[0m[2m:[0m 9.775662401s:	Dataflow executed
[2m2025-07-29T01:58:42.005427Z[0m [32m INFO[0m [2mexecuting[0m[2m:[0m success query
