[2m2025-07-29T01:47:30.658533Z[0m [32m INFO[0m [2mexecuting::dataflow[0m[2m:[0m 194.341682ms:	Dataflow assembled
[2m2025-07-29T01:47:31.440840Z[0m [32m INFO[0m [2mexecuting::dataflow[0m[2m:[0m 976.661672ms:	Data loaded for DirectSuperclass
[2m2025-07-29T01:47:31.440905Z[0m [32m INFO[0m [2mexecuting::dataflow[0m[2m:[0m 976.735461ms:	Data loaded for DirectSuperinterface
[2m2025-07-29T01:47:31.440915Z[0m [32m INFO[0m [2mexecuting::dataflow[0m[2m:[0m 976.74585ms:	Data loaded for MainClass
[2m2025-07-29T01:47:31.440930Z[0m [32m INFO[0m [2mexecuting::dataflow[0m[2m:[0m 976.760869ms:	Data loaded for FormalParam
[2m2025-07-29T01:47:31.440937Z[0m [32m INFO[0m [2mexecuting::dataflow[0m[2m:[0m 976.768433ms:	Data loaded for ComponentType
[2m2025-07-29T01:47:31.440943Z[0m [32m INFO[0m [2mexecuting::dataflow[0m[2m:[0m 976.774414ms:	Data loaded for AssignReturnValue
[2m2025-07-29T01:47:31.440953Z[0m [32m INFO[0m [2mexecuting::dataflow[0m[2m:[0m 976.783982ms:	Data loaded for ActualParam
[2m2025-07-29T01:47:31.440963Z[0m [32m INFO[0m [2mexecuting::dataflow[0m[2m:[0m 976.793961ms:	Data loaded for Method_Modifier
[2m2025-07-29T01:47:31.440969Z[0m [32m INFO[0m [2mexecuting::dataflow[0m[2m:[0m 976.800283ms:	Data loaded for Var_Type
[2m2025-07-29T01:47:31.440976Z[0m [32m INFO[0m [2mexecuting::dataflow[0m[2m:[0m 976.806695ms:	Data loaded for HeapAllocation_Type
[2m2025-07-29T01:47:31.440985Z[0m [32m INFO[0m [2mexecuting::dataflow[0m[2m:[0m 976.815782ms:	Data loaded for _ClassType
[2m2025-07-29T01:47:31.440991Z[0m [32m INFO[0m [2mexecuting::dataflow[0m[2m:[0m 976.822234ms:	Data loaded for _ArrayType
[2m2025-07-29T01:47:31.440999Z[0m [32m INFO[0m [2mexecuting::dataflow[0m[2m:[0m 976.829728ms:	Data loaded for _InterfaceType
[2m2025-07-29T01:47:31.441004Z[0m [32m INFO[0m [2mexecuting::dataflow[0m[2m:[0m 976.835158ms:	Data loaded for _Var_DeclaringMethod
[2m2025-07-29T01:47:31.441010Z[0m [32m INFO[0m [2mexecuting::dataflow[0m[2m:[0m 976.840779ms:	Data loaded for _ApplicationClass
[2m2025-07-29T01:47:31.441015Z[0m [32m INFO[0m [2mexecuting::dataflow[0m[2m:[0m 976.846369ms:	Data loaded for _ThisVar
[2m2025-07-29T01:47:31.441020Z[0m [32m INFO[0m [2mexecuting::dataflow[0m[2m:[0m 976.851379ms:	Data loaded for _NormalHeap
[2m2025-07-29T01:47:31.441025Z[0m [32m INFO[0m [2mexecuting::dataflow[0m[2m:[0m 976.856458ms:	Data loaded for _StringConstant
[2m2025-07-29T01:47:31.441051Z[0m [32m INFO[0m [2mexecuting::dataflow[0m[2m:[0m 976.882117ms:	Data loaded for _AssignHeapAllocation
[2m2025-07-29T01:47:31.441063Z[0m [32m INFO[0m [2mexecuting::dataflow[0m[2m:[0m 976.894039ms:	Data loaded for _AssignLocal
[2m2025-07-29T01:47:31.441101Z[0m [32m INFO[0m [2mexecuting::dataflow[0m[2m:[0m 976.93186ms:	Data loaded for _AssignCast
[2m2025-07-29T01:47:31.441108Z[0m [32m INFO[0m [2mexecuting::dataflow[0m[2m:[0m 976.938673ms:	Data loaded for _Field
[2m2025-07-29T01:47:31.441114Z[0m [32m INFO[0m [2mexecuting::dataflow[0m[2m:[0m 976.945466ms:	Data loaded for _StaticMethodInvocation
[2m2025-07-29T01:47:31.441137Z[0m [32m INFO[0m [2mexecuting::dataflow[0m[2m:[0m 976.968139ms:	Data loaded for _SpecialMethodInvocation
[2m2025-07-29T01:47:31.441150Z[0m [32m INFO[0m [2mexecuting::dataflow[0m[2m:[0m 976.981193ms:	Data loaded for _VirtualMethodInvocation
[2m2025-07-29T01:47:31.441162Z[0m [32m INFO[0m [2mexecuting::dataflow[0m[2m:[0m 976.993176ms:	Data loaded for _Method
[2m2025-07-29T01:47:31.441170Z[0m [32m INFO[0m [2mexecuting::dataflow[0m[2m:[0m 977.001181ms:	Data loaded for Method_Descriptor
[2m2025-07-29T01:47:31.441176Z[0m [32m INFO[0m [2mexecuting::dataflow[0m[2m:[0m 977.007443ms:	Data loaded for _StoreInstanceField
[2m2025-07-29T01:47:31.441208Z[0m [32m INFO[0m [2mexecuting::dataflow[0m[2m:[0m 977.039072ms:	Data loaded for _LoadInstanceField
[2m2025-07-29T01:47:31.441218Z[0m [32m INFO[0m [2mexecuting::dataflow[0m[2m:[0m 977.04881ms:	Data loaded for _StoreStaticField
[2m2025-07-29T01:47:31.441279Z[0m [32m INFO[0m [2mexecuting::dataflow[0m[2m:[0m 977.110186ms:	Data loaded for _LoadStaticField
[2m2025-07-29T01:47:31.441304Z[0m [32m INFO[0m [2mexecuting::dataflow[0m[2m:[0m 977.135183ms:	Data loaded for _StoreArrayIndex
[2m2025-07-29T01:47:31.441318Z[0m [32m INFO[0m [2mexecuting::dataflow[0m[2m:[0m 977.148829ms:	Data loaded for _LoadArrayIndex
[2m2025-07-29T01:47:31.441326Z[0m [32m INFO[0m [2mexecuting::dataflow[0m[2m:[0m 977.156663ms:	Data loaded for _Return
[2m2025-07-29T01:47:32.126448Z[0m [32m INFO[0m [2mreading::inspect[0m[2m:[0m Delta of (recursive) [Superinterface]: ((), (), 19822)
[2m2025-07-29T01:47:32.127016Z[0m [32m INFO[0m [2mreading::inspect[0m[2m:[0m Delta of (recursive) [Subclass]: ((), (), 26793)
[2m2025-07-29T01:49:12.698557Z[0m [32m INFO[0m [2mreading::inspect[0m[2m:[0m Delta of (recursive) [SubtypeOf]: ((), (), 71243)
[2m2025-07-29T01:51:55.768920Z[0m [32m INFO[0m [2mreading::inspect[0m[2m:[0m Delta of (recursive) [MethodLookup]: ((), (), 576058)
[2m2025-07-29T01:52:08.184952Z[0m [32m INFO[0m [2mreading::inspect[0m[2m:[0m Delta of (recursive) [VarPointsTo]: ((), (), 5156430)
[2m2025-07-29T01:52:08.185115Z[0m [32m INFO[0m [2mreading::inspect[0m[2m:[0m Delta of (recursive) [ArrayIndexPointsTo]: ((), (), 61089)
[2m2025-07-29T01:52:08.185142Z[0m [32m INFO[0m [2mreading::inspect[0m[2m:[0m Delta of (recursive) [Assign]: ((), (), 55484)
[2m2025-07-29T01:52:08.185156Z[0m [32m INFO[0m [2mreading::inspect[0m[2m:[0m Delta of (recursive) [CallGraphEdge]: ((), (), 26136)
[2m2025-07-29T01:52:08.185165Z[0m [32m INFO[0m [2mreading::inspect[0m[2m:[0m Delta of (recursive) [InitializedClass]: ((), (), 1322)
[2m2025-07-29T01:52:08.185174Z[0m [32m INFO[0m [2mreading::inspect[0m[2m:[0m Delta of (recursive) [InstanceFieldPointsTo]: ((), (), 2250115)
[2m2025-07-29T01:52:08.185188Z[0m [32m INFO[0m [2mreading::inspect[0m[2m:[0m Delta of (recursive) [Reachable]: ((), (), 5895)
[2m2025-07-29T01:52:08.185199Z[0m [32m INFO[0m [2mreading::inspect[0m[2m:[0m Delta of (recursive) [StaticFieldPointsTo]: ((), (), 2593)
[2m2025-07-29T01:52:08.196376Z[0m [32m INFO[0m [2mexecuting::dataflow[0m[2m:[0m 277.732192372s:	Dataflow executed
[2m2025-07-29T01:52:08.226956Z[0m [32m INFO[0m [2mexecuting[0m[2m:[0m success query
