[2m2025-07-29T02:42:09.212820Z[0m [32m INFO[0m [2mexecuting::dataflow[0m[2m:[0m 235.327258ms:	Dataflow assembled
[2m2025-07-29T02:42:09.407707Z[0m [32m INFO[0m [2mexecuting::dataflow[0m[2m:[0m 430.22819ms:	Data loaded for Arch_memory_access
[2m2025-07-29T02:42:09.407756Z[0m [32m INFO[0m [2mexecuting::dataflow[0m[2m:[0m 430.283123ms:	Data loaded for Arch_reg_reg_arithmetic_operation
[2m2025-07-29T02:42:09.407766Z[0m [32m INFO[0m [2mexecuting::dataflow[0m[2m:[0m 430.293363ms:	Data loaded for Arch_return_reg
[2m2025-07-29T02:42:09.407778Z[0m [32m INFO[0m [2mexecuting::dataflow[0m[2m:[0m 430.305686ms:	Data loaded for Block_next
[2m2025-07-29T02:42:09.407788Z[0m [32m INFO[0m [2mexecuting::dataflow[0m[2m:[0m 430.315905ms:	Data loaded for Block_last_instruction
[2m2025-07-29T02:42:09.407798Z[0m [32m INFO[0m [2mexecuting::dataflow[0m[2m:[0m 430.325223ms:	Data loaded for Code_in_block
[2m2025-07-29T02:42:09.407807Z[0m [32m INFO[0m [2mexecuting::dataflow[0m[2m:[0m 430.334771ms:	Data loaded for Direct_call
[2m2025-07-29T02:42:09.407817Z[0m [32m INFO[0m [2mexecuting::dataflow[0m[2m:[0m 430.344579ms:	Data loaded for May_fallthrough
[2m2025-07-29T02:42:09.407834Z[0m [32m INFO[0m [2mexecuting::dataflow[0m[2m:[0m 430.361491ms:	Data loaded for Reg_def_use_block_last_def
[2m2025-07-29T02:42:09.407858Z[0m [32m INFO[0m [2mexecuting::dataflow[0m[2m:[0m 430.384604ms:	Data loaded for Reg_def_use_defined_in_block
[2m2025-07-29T02:42:09.407874Z[0m [32m INFO[0m [2mexecuting::dataflow[0m[2m:[0m 430.401055ms:	Data loaded for Reg_def_use_flow_def
[2m2025-07-29T02:42:09.407885Z[0m [32m INFO[0m [2mexecuting::dataflow[0m[2m:[0m 430.412437ms:	Data loaded for Reg_def_use_live_var_def
[2m2025-07-29T02:42:09.407896Z[0m [32m INFO[0m [2mexecuting::dataflow[0m[2m:[0m 430.423768ms:	Data loaded for Reg_def_use_ref_in_block
[2m2025-07-29T02:42:09.407907Z[0m [32m INFO[0m [2mexecuting::dataflow[0m[2m:[0m 430.434218ms:	Data loaded for Reg_def_use_return_block_end
[2m2025-07-29T02:42:09.407918Z[0m [32m INFO[0m [2mexecuting::dataflow[0m[2m:[0m 430.445008ms:	Data loaded for Reg_def_use_used
[2m2025-07-29T02:42:09.407933Z[0m [32m INFO[0m [2mexecuting::dataflow[0m[2m:[0m 430.459986ms:	Data loaded for Reg_def_use_used_in_block
[2m2025-07-29T02:42:09.407945Z[0m [32m INFO[0m [2mexecuting::dataflow[0m[2m:[0m 430.47259ms:	Data loaded for Reg_used_for
[2m2025-07-29T02:42:09.407957Z[0m [32m INFO[0m [2mexecuting::dataflow[0m[2m:[0m 430.483841ms:	Data loaded for Relative_jump_table_entry_candidate
[2m2025-07-29T02:42:09.407966Z[0m [32m INFO[0m [2mexecuting::dataflow[0m[2m:[0m 430.49373ms:	Data loaded for Stack_def_use_def
[2m2025-07-29T02:42:09.407977Z[0m [32m INFO[0m [2mexecuting::dataflow[0m[2m:[0m 430.50465ms:	Data loaded for Stack_def_use_defined_in_block
[2m2025-07-29T02:42:09.407987Z[0m [32m INFO[0m [2mexecuting::dataflow[0m[2m:[0m 430.513988ms:	Data loaded for Stack_def_use_live_var_def
[2m2025-07-29T02:42:09.407997Z[0m [32m INFO[0m [2mexecuting::dataflow[0m[2m:[0m 430.524017ms:	Data loaded for Stack_def_use_ref_in_block
[2m2025-07-29T02:42:09.408006Z[0m [32m INFO[0m [2mexecuting::dataflow[0m[2m:[0m 430.533815ms:	Data loaded for Stack_def_use_used_in_block
[2m2025-07-29T02:42:09.408017Z[0m [32m INFO[0m [2mexecuting::dataflow[0m[2m:[0m 430.544495ms:	Data loaded for Stack_def_use_used
[2m2025-07-29T02:42:09.408045Z[0m [32m INFO[0m [2mexecuting::dataflow[0m[2m:[0m 430.572388ms:	Data loaded for Stack_def_use_live_var_used
[2m2025-07-29T02:42:09.408053Z[0m [32m INFO[0m [2mexecuting::dataflow[0m[2m:[0m 430.580303ms:	Data loaded for Jump_table_start
[2m2025-07-29T02:42:09.408061Z[0m [32m INFO[0m [2mexecuting::dataflow[0m[2m:[0m 430.587997ms:	Data loaded for def_used_for_address_0
[2m2025-07-29T02:42:09.408068Z[0m [32m INFO[0m [2mexecuting::dataflow[0m[2m:[0m 430.595672ms:	Data loaded for Stack_def_use_block_last_def
[2m2025-07-29T02:42:14.457579Z[0m [32m INFO[0m [2mreading::inspect[0m[2m:[0m Delta of (recursive) [Reg_def_use_def_used]: ((), (), 65950)
[2m2025-07-29T02:42:14.457725Z[0m [32m INFO[0m [2mreading::inspect[0m[2m:[0m Delta of (recursive) [Reg_def_use_live_var_at_block_end]: ((), (), 84775)
[2m2025-07-29T02:42:14.457801Z[0m [32m INFO[0m [2mreading::inspect[0m[2m:[0m Delta of (recursive) [Reg_def_use_live_var_at_prior_used]: ((), (), 46552)
[2m2025-07-29T02:42:14.457891Z[0m [32m INFO[0m [2mreading::inspect[0m[2m:[0m Delta of (recursive) [Reg_def_use_live_var_used]: ((), (), 41186)
[2m2025-07-29T02:42:14.457929Z[0m [32m INFO[0m [2mreading::inspect[0m[2m:[0m Delta of (recursive) [Reg_def_use_return_val_used]: ((), (), 4442)
[2m2025-07-29T02:42:14.948747Z[0m [32m INFO[0m [2mreading::inspect[0m[2m:[0m Delta of (recursive) [Stack_def_use_live_var_at_block_end]: ((), (), 21236205)
[2m2025-07-29T02:42:23.191928Z[0m [32m INFO[0m [2mreading::inspect[0m[2m:[0m Delta of (recursive) [Stack_def_use_def_used]: ((), (), 2065369)
[2m2025-07-29T02:42:23.266350Z[0m [32m INFO[0m [2mreading::inspect[0m[2m:[0m Delta of (recursive) [Def_used_for_address]: ((), (), 10299)
[2m2025-07-29T02:42:23.272541Z[0m [32m INFO[0m [2mreading::inspect[0m[2m:[0m Size of (non-recursive) Reg_reg_arithmetic_operation_defs: ((), (), 117)
[2m2025-07-29T02:42:23.284272Z[0m [32m INFO[0m [2mexecuting::dataflow[0m[2m:[0m 14.306707836s:	Dataflow executed
[2m2025-07-29T02:42:23.311151Z[0m [32m INFO[0m [2mexecuting[0m[2m:[0m success query
