[2m2025-07-29T02:43:54.584008Z[0m [32m INFO[0m [2mexecuting::dataflow[0m[2m:[0m 120.969084ms:	Dataflow assembled
[2m2025-07-29T02:43:54.775671Z[0m [32m INFO[0m [2mexecuting::dataflow[0m[2m:[0m 312.637589ms:	Data loaded for Arch_memory_access
[2m2025-07-29T02:43:54.775755Z[0m [32m INFO[0m [2mexecuting::dataflow[0m[2m:[0m 312.73377ms:	Data loaded for Arch_reg_reg_arithmetic_operation
[2m2025-07-29T02:43:54.775767Z[0m [32m INFO[0m [2mexecuting::dataflow[0m[2m:[0m 312.745973ms:	Data loaded for Arch_return_reg
[2m2025-07-29T02:43:54.775781Z[0m [32m INFO[0m [2mexecuting::dataflow[0m[2m:[0m 312.760581ms:	Data loaded for Block_next
[2m2025-07-29T02:43:54.775792Z[0m [32m INFO[0m [2mexecuting::dataflow[0m[2m:[0m 312.771121ms:	Data loaded for Block_last_instruction
[2m2025-07-29T02:43:54.775801Z[0m [32m INFO[0m [2mexecuting::dataflow[0m[2m:[0m 312.780108ms:	Data loaded for Code_in_block
[2m2025-07-29T02:43:54.775810Z[0m [32m INFO[0m [2mexecuting::dataflow[0m[2m:[0m 312.788914ms:	Data loaded for Direct_call
[2m2025-07-29T02:43:54.775819Z[0m [32m INFO[0m [2mexecuting::dataflow[0m[2m:[0m 312.797611ms:	Data loaded for May_fallthrough
[2m2025-07-29T02:43:54.775830Z[0m [32m INFO[0m [2mexecuting::dataflow[0m[2m:[0m 312.809413ms:	Data loaded for Reg_def_use_block_last_def
[2m2025-07-29T02:43:54.775846Z[0m [32m INFO[0m [2mexecuting::dataflow[0m[2m:[0m 312.825283ms:	Data loaded for Reg_def_use_defined_in_block
[2m2025-07-29T02:43:54.775856Z[0m [32m INFO[0m [2mexecuting::dataflow[0m[2m:[0m 312.835542ms:	Data loaded for Reg_def_use_flow_def
[2m2025-07-29T02:43:54.775865Z[0m [32m INFO[0m [2mexecuting::dataflow[0m[2m:[0m 312.843828ms:	Data loaded for Reg_def_use_live_var_def
[2m2025-07-29T02:43:54.775873Z[0m [32m INFO[0m [2mexecuting::dataflow[0m[2m:[0m 312.851863ms:	Data loaded for Reg_def_use_ref_in_block
[2m2025-07-29T02:43:54.775886Z[0m [32m INFO[0m [2mexecuting::dataflow[0m[2m:[0m 312.864837ms:	Data loaded for Reg_def_use_return_block_end
[2m2025-07-29T02:43:54.775895Z[0m [32m INFO[0m [2mexecuting::dataflow[0m[2m:[0m 312.874185ms:	Data loaded for Reg_def_use_used
[2m2025-07-29T02:43:54.775910Z[0m [32m INFO[0m [2mexecuting::dataflow[0m[2m:[0m 312.889133ms:	Data loaded for Reg_def_use_used_in_block
[2m2025-07-29T02:43:54.775918Z[0m [32m INFO[0m [2mexecuting::dataflow[0m[2m:[0m 312.897609ms:	Data loaded for Reg_used_for
[2m2025-07-29T02:43:54.775928Z[0m [32m INFO[0m [2mexecuting::dataflow[0m[2m:[0m 312.906876ms:	Data loaded for Relative_jump_table_entry_candidate
[2m2025-07-29T02:43:54.775935Z[0m [32m INFO[0m [2mexecuting::dataflow[0m[2m:[0m 312.914571ms:	Data loaded for Stack_def_use_def
[2m2025-07-29T02:43:54.775946Z[0m [32m INFO[0m [2mexecuting::dataflow[0m[2m:[0m 312.925421ms:	Data loaded for Stack_def_use_defined_in_block
[2m2025-07-29T02:43:54.775956Z[0m [32m INFO[0m [2mexecuting::dataflow[0m[2m:[0m 312.934809ms:	Data loaded for Stack_def_use_live_var_def
[2m2025-07-29T02:43:54.775964Z[0m [32m INFO[0m [2mexecuting::dataflow[0m[2m:[0m 312.943225ms:	Data loaded for Stack_def_use_ref_in_block
[2m2025-07-29T02:43:54.775973Z[0m [32m INFO[0m [2mexecuting::dataflow[0m[2m:[0m 312.952252ms:	Data loaded for Stack_def_use_used_in_block
[2m2025-07-29T02:43:54.775981Z[0m [32m INFO[0m [2mexecuting::dataflow[0m[2m:[0m 312.960718ms:	Data loaded for Stack_def_use_used
[2m2025-07-29T02:43:54.776002Z[0m [32m INFO[0m [2mexecuting::dataflow[0m[2m:[0m 312.980976ms:	Data loaded for Stack_def_use_live_var_used
[2m2025-07-29T02:43:54.776011Z[0m [32m INFO[0m [2mexecuting::dataflow[0m[2m:[0m 312.990634ms:	Data loaded for Jump_table_start
[2m2025-07-29T02:43:54.776020Z[0m [32m INFO[0m [2mexecuting::dataflow[0m[2m:[0m 312.999521ms:	Data loaded for def_used_for_address_0
[2m2025-07-29T02:43:54.776028Z[0m [32m INFO[0m [2mexecuting::dataflow[0m[2m:[0m 313.007686ms:	Data loaded for Stack_def_use_block_last_def
[2m2025-07-29T02:43:58.788566Z[0m [32m INFO[0m [2mreading::inspect[0m[2m:[0m Delta of (recursive) [Reg_def_use_def_used]: ((), (), 65950)
[2m2025-07-29T02:43:58.788680Z[0m [32m INFO[0m [2mreading::inspect[0m[2m:[0m Delta of (recursive) [Reg_def_use_live_var_at_block_end]: ((), (), 84775)
[2m2025-07-29T02:43:58.788709Z[0m [32m INFO[0m [2mreading::inspect[0m[2m:[0m Delta of (recursive) [Reg_def_use_live_var_at_prior_used]: ((), (), 46552)
[2m2025-07-29T02:43:58.788790Z[0m [32m INFO[0m [2mreading::inspect[0m[2m:[0m Delta of (recursive) [Reg_def_use_live_var_used]: ((), (), 41186)
[2m2025-07-29T02:43:58.788828Z[0m [32m INFO[0m [2mreading::inspect[0m[2m:[0m Delta of (recursive) [Reg_def_use_return_val_used]: ((), (), 4442)
[2m2025-07-29T02:43:59.658919Z[0m [32m INFO[0m [2mreading::inspect[0m[2m:[0m Delta of (recursive) [Stack_def_use_live_var_at_block_end]: ((), (), 21236205)
[2m2025-07-29T02:44:08.240606Z[0m [32m INFO[0m [2mreading::inspect[0m[2m:[0m Delta of (recursive) [Stack_def_use_def_used]: ((), (), 2065369)
[2m2025-07-29T02:44:08.267959Z[0m [32m INFO[0m [2mreading::inspect[0m[2m:[0m Delta of (recursive) [Def_used_for_address]: ((), (), 10299)
[2m2025-07-29T02:44:08.271345Z[0m [32m INFO[0m [2mreading::inspect[0m[2m:[0m Size of (non-recursive) Reg_reg_arithmetic_operation_defs: ((), (), 117)
[2m2025-07-29T02:44:08.271651Z[0m [32m INFO[0m [2mexecuting::dataflow[0m[2m:[0m 13.80861549s:	Dataflow executed
[2m2025-07-29T02:44:08.281618Z[0m [32m INFO[0m [2mexecuting[0m[2m:[0m success query
