[2m2025-07-29T02:41:50.413425Z[0m [32m INFO[0m [2mexecuting::dataflow[0m[2m:[0m 104.625035ms:	Dataflow assembled
[2m2025-07-29T02:41:50.572465Z[0m [32m INFO[0m [2mexecuting::dataflow[0m[2m:[0m 263.673309ms:	Data loaded for Arch_memory_access
[2m2025-07-29T02:41:50.572524Z[0m [32m INFO[0m [2mexecuting::dataflow[0m[2m:[0m 263.741637ms:	Data loaded for Arch_reg_reg_arithmetic_operation
[2m2025-07-29T02:41:50.572539Z[0m [32m INFO[0m [2mexecuting::dataflow[0m[2m:[0m 263.756876ms:	Data loaded for Arch_return_reg
[2m2025-07-29T02:41:50.572557Z[0m [32m INFO[0m [2mexecuting::dataflow[0m[2m:[0m 263.774198ms:	Data loaded for Block_next
[2m2025-07-29T02:41:50.572566Z[0m [32m INFO[0m [2mexecuting::dataflow[0m[2m:[0m 263.783366ms:	Data loaded for Block_last_instruction
[2m2025-07-29T02:41:50.572578Z[0m [32m INFO[0m [2mexecuting::dataflow[0m[2m:[0m 263.795829ms:	Data loaded for Code_in_block
[2m2025-07-29T02:41:50.572587Z[0m [32m INFO[0m [2mexecuting::dataflow[0m[2m:[0m 263.804295ms:	Data loaded for Direct_call
[2m2025-07-29T02:41:50.572594Z[0m [32m INFO[0m [2mexecuting::dataflow[0m[2m:[0m 263.811008ms:	Data loaded for May_fallthrough
[2m2025-07-29T02:41:50.572603Z[0m [32m INFO[0m [2mexecuting::dataflow[0m[2m:[0m 263.820325ms:	Data loaded for Reg_def_use_block_last_def
[2m2025-07-29T02:41:50.572617Z[0m [32m INFO[0m [2mexecuting::dataflow[0m[2m:[0m 263.834843ms:	Data loaded for Reg_def_use_defined_in_block
[2m2025-07-29T02:41:50.572632Z[0m [32m INFO[0m [2mexecuting::dataflow[0m[2m:[0m 263.84951ms:	Data loaded for Reg_def_use_flow_def
[2m2025-07-29T02:41:50.572639Z[0m [32m INFO[0m [2mexecuting::dataflow[0m[2m:[0m 263.856483ms:	Data loaded for Reg_def_use_live_var_def
[2m2025-07-29T02:41:50.572647Z[0m [32m INFO[0m [2mexecuting::dataflow[0m[2m:[0m 263.864348ms:	Data loaded for Reg_def_use_ref_in_block
[2m2025-07-29T02:41:50.572654Z[0m [32m INFO[0m [2mexecuting::dataflow[0m[2m:[0m 263.871341ms:	Data loaded for Reg_def_use_return_block_end
[2m2025-07-29T02:41:50.572660Z[0m [32m INFO[0m [2mexecuting::dataflow[0m[2m:[0m 263.877833ms:	Data loaded for Reg_def_use_used
[2m2025-07-29T02:41:50.572675Z[0m [32m INFO[0m [2mexecuting::dataflow[0m[2m:[0m 263.892241ms:	Data loaded for Reg_def_use_used_in_block
[2m2025-07-29T02:41:50.572681Z[0m [32m INFO[0m [2mexecuting::dataflow[0m[2m:[0m 263.898813ms:	Data loaded for Reg_used_for
[2m2025-07-29T02:41:50.572693Z[0m [32m INFO[0m [2mexecuting::dataflow[0m[2m:[0m 263.910174ms:	Data loaded for Relative_jump_table_entry_candidate
[2m2025-07-29T02:41:50.572699Z[0m [32m INFO[0m [2mexecuting::dataflow[0m[2m:[0m 263.916586ms:	Data loaded for Stack_def_use_def
[2m2025-07-29T02:41:50.572706Z[0m [32m INFO[0m [2mexecuting::dataflow[0m[2m:[0m 263.923049ms:	Data loaded for Stack_def_use_defined_in_block
[2m2025-07-29T02:41:50.572712Z[0m [32m INFO[0m [2mexecuting::dataflow[0m[2m:[0m 263.929531ms:	Data loaded for Stack_def_use_live_var_def
[2m2025-07-29T02:41:50.572720Z[0m [32m INFO[0m [2mexecuting::dataflow[0m[2m:[0m 263.936955ms:	Data loaded for Stack_def_use_ref_in_block
[2m2025-07-29T02:41:50.572731Z[0m [32m INFO[0m [2mexecuting::dataflow[0m[2m:[0m 263.948857ms:	Data loaded for Stack_def_use_used_in_block
[2m2025-07-29T02:41:50.572738Z[0m [32m INFO[0m [2mexecuting::dataflow[0m[2m:[0m 263.955329ms:	Data loaded for Stack_def_use_used
[2m2025-07-29T02:41:50.572768Z[0m [32m INFO[0m [2mexecuting::dataflow[0m[2m:[0m 263.985576ms:	Data loaded for Stack_def_use_live_var_used
[2m2025-07-29T02:41:50.572775Z[0m [32m INFO[0m [2mexecuting::dataflow[0m[2m:[0m 263.992008ms:	Data loaded for Jump_table_start
[2m2025-07-29T02:41:50.572781Z[0m [32m INFO[0m [2mexecuting::dataflow[0m[2m:[0m 263.99823ms:	Data loaded for def_used_for_address_0
[2m2025-07-29T02:41:50.572788Z[0m [32m INFO[0m [2mexecuting::dataflow[0m[2m:[0m 264.005404ms:	Data loaded for Stack_def_use_block_last_def
[2m2025-07-29T02:41:54.444538Z[0m [32m INFO[0m [2mreading::inspect[0m[2m:[0m Delta of (recursive) [Reg_def_use_return_val_used]: ((), (), 4442)
[2m2025-07-29T02:41:54.445418Z[0m [32m INFO[0m [2mreading::inspect[0m[2m:[0m Delta of (recursive) [Reg_def_use_def_used]: ((), (), 65950)
[2m2025-07-29T02:41:54.445443Z[0m [32m INFO[0m [2mreading::inspect[0m[2m:[0m Delta of (recursive) [Reg_def_use_live_var_at_block_end]: ((), (), 84775)
[2m2025-07-29T02:41:54.445454Z[0m [32m INFO[0m [2mreading::inspect[0m[2m:[0m Delta of (recursive) [Reg_def_use_live_var_at_prior_used]: ((), (), 46552)
[2m2025-07-29T02:41:54.445466Z[0m [32m INFO[0m [2mreading::inspect[0m[2m:[0m Delta of (recursive) [Reg_def_use_live_var_used]: ((), (), 41186)
[2m2025-07-29T02:41:55.326693Z[0m [32m INFO[0m [2mreading::inspect[0m[2m:[0m Delta of (recursive) [Stack_def_use_live_var_at_block_end]: ((), (), 21236205)
[2m2025-07-29T02:42:03.734742Z[0m [32m INFO[0m [2mreading::inspect[0m[2m:[0m Delta of (recursive) [Stack_def_use_def_used]: ((), (), 2065369)
[2m2025-07-29T02:42:03.759726Z[0m [32m INFO[0m [2mreading::inspect[0m[2m:[0m Delta of (recursive) [Def_used_for_address]: ((), (), 10299)
[2m2025-07-29T02:42:03.762494Z[0m [32m INFO[0m [2mreading::inspect[0m[2m:[0m Size of (non-recursive) Reg_reg_arithmetic_operation_defs: ((), (), 117)
[2m2025-07-29T02:42:03.762869Z[0m [32m INFO[0m [2mexecuting::dataflow[0m[2m:[0m 13.454025862s:	Dataflow executed
[2m2025-07-29T02:42:03.774689Z[0m [32m INFO[0m [2mexecuting[0m[2m:[0m success query
