[2m2025-07-29T02:40:14.048679Z[0m [32m INFO[0m [2mexecuting::dataflow[0m[2m:[0m 101.635539ms:	Dataflow assembled
[2m2025-07-29T02:40:14.240276Z[0m [32m INFO[0m [2mexecuting::dataflow[0m[2m:[0m 293.242324ms:	Data loaded for Arch_memory_access
[2m2025-07-29T02:40:14.240351Z[0m [32m INFO[0m [2mexecuting::dataflow[0m[2m:[0m 293.325681ms:	Data loaded for Arch_reg_reg_arithmetic_operation
[2m2025-07-29T02:40:14.240359Z[0m [32m INFO[0m [2mexecuting::dataflow[0m[2m:[0m 293.334557ms:	Data loaded for Arch_return_reg
[2m2025-07-29T02:40:14.240370Z[0m [32m INFO[0m [2mexecuting::dataflow[0m[2m:[0m 293.345278ms:	Data loaded for Block_next
[2m2025-07-29T02:40:14.240378Z[0m [32m INFO[0m [2mexecuting::dataflow[0m[2m:[0m 293.352972ms:	Data loaded for Block_last_instruction
[2m2025-07-29T02:40:14.240390Z[0m [32m INFO[0m [2mexecuting::dataflow[0m[2m:[0m 293.364744ms:	Data loaded for Code_in_block
[2m2025-07-29T02:40:14.240397Z[0m [32m INFO[0m [2mexecuting::dataflow[0m[2m:[0m 293.372599ms:	Data loaded for Direct_call
[2m2025-07-29T02:40:14.240405Z[0m [32m INFO[0m [2mexecuting::dataflow[0m[2m:[0m 293.380063ms:	Data loaded for May_fallthrough
[2m2025-07-29T02:40:14.240414Z[0m [32m INFO[0m [2mexecuting::dataflow[0m[2m:[0m 293.389761ms:	Data loaded for Reg_def_use_block_last_def
[2m2025-07-29T02:40:14.240429Z[0m [32m INFO[0m [2mexecuting::dataflow[0m[2m:[0m 293.404008ms:	Data loaded for Reg_def_use_defined_in_block
[2m2025-07-29T02:40:14.240437Z[0m [32m INFO[0m [2mexecuting::dataflow[0m[2m:[0m 293.412284ms:	Data loaded for Reg_def_use_flow_def
[2m2025-07-29T02:40:14.240444Z[0m [32m INFO[0m [2mexecuting::dataflow[0m[2m:[0m 293.419648ms:	Data loaded for Reg_def_use_live_var_def
[2m2025-07-29T02:40:14.240452Z[0m [32m INFO[0m [2mexecuting::dataflow[0m[2m:[0m 293.427252ms:	Data loaded for Reg_def_use_ref_in_block
[2m2025-07-29T02:40:14.240460Z[0m [32m INFO[0m [2mexecuting::dataflow[0m[2m:[0m 293.435247ms:	Data loaded for Reg_def_use_return_block_end
[2m2025-07-29T02:40:14.240468Z[0m [32m INFO[0m [2mexecuting::dataflow[0m[2m:[0m 293.442821ms:	Data loaded for Reg_def_use_used
[2m2025-07-29T02:40:14.240481Z[0m [32m INFO[0m [2mexecuting::dataflow[0m[2m:[0m 293.455946ms:	Data loaded for Reg_def_use_used_in_block
[2m2025-07-29T02:40:14.240488Z[0m [32m INFO[0m [2mexecuting::dataflow[0m[2m:[0m 293.46331ms:	Data loaded for Reg_used_for
[2m2025-07-29T02:40:14.240496Z[0m [32m INFO[0m [2mexecuting::dataflow[0m[2m:[0m 293.470894ms:	Data loaded for Relative_jump_table_entry_candidate
[2m2025-07-29T02:40:14.240509Z[0m [32m INFO[0m [2mexecuting::dataflow[0m[2m:[0m 293.484189ms:	Data loaded for Stack_def_use_def
[2m2025-07-29T02:40:14.240516Z[0m [32m INFO[0m [2mexecuting::dataflow[0m[2m:[0m 293.491413ms:	Data loaded for Stack_def_use_defined_in_block
[2m2025-07-29T02:40:14.240523Z[0m [32m INFO[0m [2mexecuting::dataflow[0m[2m:[0m 293.498726ms:	Data loaded for Stack_def_use_live_var_def
[2m2025-07-29T02:40:14.240531Z[0m [32m INFO[0m [2mexecuting::dataflow[0m[2m:[0m 293.50597ms:	Data loaded for Stack_def_use_ref_in_block
[2m2025-07-29T02:40:14.240539Z[0m [32m INFO[0m [2mexecuting::dataflow[0m[2m:[0m 293.513895ms:	Data loaded for Stack_def_use_used_in_block
[2m2025-07-29T02:40:14.240548Z[0m [32m INFO[0m [2mexecuting::dataflow[0m[2m:[0m 293.523623ms:	Data loaded for Stack_def_use_used
[2m2025-07-29T02:40:14.240569Z[0m [32m INFO[0m [2mexecuting::dataflow[0m[2m:[0m 293.544392ms:	Data loaded for Stack_def_use_live_var_used
[2m2025-07-29T02:40:14.240578Z[0m [32m INFO[0m [2mexecuting::dataflow[0m[2m:[0m 293.553159ms:	Data loaded for Jump_table_start
[2m2025-07-29T02:40:14.240586Z[0m [32m INFO[0m [2mexecuting::dataflow[0m[2m:[0m 293.561555ms:	Data loaded for def_used_for_address_0
[2m2025-07-29T02:40:14.240594Z[0m [32m INFO[0m [2mexecuting::dataflow[0m[2m:[0m 293.56958ms:	Data loaded for Stack_def_use_block_last_def
[2m2025-07-29T02:40:18.087113Z[0m [32m INFO[0m [2mreading::inspect[0m[2m:[0m Delta of (recursive) [Reg_def_use_live_var_used]: ((), (), 41186)
[2m2025-07-29T02:40:18.087880Z[0m [32m INFO[0m [2mreading::inspect[0m[2m:[0m Delta of (recursive) [Reg_def_use_return_val_used]: ((), (), 4442)
[2m2025-07-29T02:40:18.088755Z[0m [32m INFO[0m [2mreading::inspect[0m[2m:[0m Delta of (recursive) [Reg_def_use_def_used]: ((), (), 65950)
[2m2025-07-29T02:40:18.088779Z[0m [32m INFO[0m [2mreading::inspect[0m[2m:[0m Delta of (recursive) [Reg_def_use_live_var_at_block_end]: ((), (), 84775)
[2m2025-07-29T02:40:18.088792Z[0m [32m INFO[0m [2mreading::inspect[0m[2m:[0m Delta of (recursive) [Reg_def_use_live_var_at_prior_used]: ((), (), 46552)
[2m2025-07-29T02:40:19.112110Z[0m [32m INFO[0m [2mreading::inspect[0m[2m:[0m Delta of (recursive) [Stack_def_use_live_var_at_block_end]: ((), (), 21236205)
[2m2025-07-29T02:40:28.770152Z[0m [32m INFO[0m [2mreading::inspect[0m[2m:[0m Delta of (recursive) [Stack_def_use_def_used]: ((), (), 2065369)
[2m2025-07-29T02:40:28.806675Z[0m [32m INFO[0m [2mreading::inspect[0m[2m:[0m Delta of (recursive) [Def_used_for_address]: ((), (), 10299)
[2m2025-07-29T02:40:28.810561Z[0m [32m INFO[0m [2mreading::inspect[0m[2m:[0m Size of (non-recursive) Reg_reg_arithmetic_operation_defs: ((), (), 117)
[2m2025-07-29T02:40:28.810866Z[0m [32m INFO[0m [2mexecuting::dataflow[0m[2m:[0m 14.863821943s:	Dataflow executed
[2m2025-07-29T02:40:28.824151Z[0m [32m INFO[0m [2mexecuting[0m[2m:[0m success query
