[2m2025-07-29T02:47:01.827793Z[0m [32m INFO[0m [2mexecuting::dataflow[0m[2m:[0m 115.620084ms:	Dataflow assembled
[2m2025-07-29T02:47:02.023048Z[0m [32m INFO[0m [2mexecuting::dataflow[0m[2m:[0m 310.881387ms:	Data loaded for Arch_memory_access
[2m2025-07-29T02:47:02.023125Z[0m [32m INFO[0m [2mexecuting::dataflow[0m[2m:[0m 310.96848ms:	Data loaded for Arch_reg_reg_arithmetic_operation
[2m2025-07-29T02:47:02.023134Z[0m [32m INFO[0m [2mexecuting::dataflow[0m[2m:[0m 310.977848ms:	Data loaded for Arch_return_reg
[2m2025-07-29T02:47:02.023146Z[0m [32m INFO[0m [2mexecuting::dataflow[0m[2m:[0m 310.990412ms:	Data loaded for Block_next
[2m2025-07-29T02:47:02.023155Z[0m [32m INFO[0m [2mexecuting::dataflow[0m[2m:[0m 310.998697ms:	Data loaded for Block_last_instruction
[2m2025-07-29T02:47:02.023162Z[0m [32m INFO[0m [2mexecuting::dataflow[0m[2m:[0m 311.00567ms:	Data loaded for Code_in_block
[2m2025-07-29T02:47:02.023170Z[0m [32m INFO[0m [2mexecuting::dataflow[0m[2m:[0m 311.013786ms:	Data loaded for Direct_call
[2m2025-07-29T02:47:02.023177Z[0m [32m INFO[0m [2mexecuting::dataflow[0m[2m:[0m 311.020709ms:	Data loaded for May_fallthrough
[2m2025-07-29T02:47:02.023187Z[0m [32m INFO[0m [2mexecuting::dataflow[0m[2m:[0m 311.030908ms:	Data loaded for Reg_def_use_block_last_def
[2m2025-07-29T02:47:02.023202Z[0m [32m INFO[0m [2mexecuting::dataflow[0m[2m:[0m 311.045576ms:	Data loaded for Reg_def_use_defined_in_block
[2m2025-07-29T02:47:02.023210Z[0m [32m INFO[0m [2mexecuting::dataflow[0m[2m:[0m 311.054372ms:	Data loaded for Reg_def_use_flow_def
[2m2025-07-29T02:47:02.023218Z[0m [32m INFO[0m [2mexecuting::dataflow[0m[2m:[0m 311.061706ms:	Data loaded for Reg_def_use_live_var_def
[2m2025-07-29T02:47:02.023225Z[0m [32m INFO[0m [2mexecuting::dataflow[0m[2m:[0m 311.06937ms:	Data loaded for Reg_def_use_ref_in_block
[2m2025-07-29T02:47:02.023233Z[0m [32m INFO[0m [2mexecuting::dataflow[0m[2m:[0m 311.076945ms:	Data loaded for Reg_def_use_return_block_end
[2m2025-07-29T02:47:02.023239Z[0m [32m INFO[0m [2mexecuting::dataflow[0m[2m:[0m 311.083497ms:	Data loaded for Reg_def_use_used
[2m2025-07-29T02:47:02.023253Z[0m [32m INFO[0m [2mexecuting::dataflow[0m[2m:[0m 311.096972ms:	Data loaded for Reg_def_use_used_in_block
[2m2025-07-29T02:47:02.023260Z[0m [32m INFO[0m [2mexecuting::dataflow[0m[2m:[0m 311.103645ms:	Data loaded for Reg_used_for
[2m2025-07-29T02:47:02.023268Z[0m [32m INFO[0m [2mexecuting::dataflow[0m[2m:[0m 311.11167ms:	Data loaded for Relative_jump_table_entry_candidate
[2m2025-07-29T02:47:02.023274Z[0m [32m INFO[0m [2mexecuting::dataflow[0m[2m:[0m 311.118373ms:	Data loaded for Stack_def_use_def
[2m2025-07-29T02:47:02.023281Z[0m [32m INFO[0m [2mexecuting::dataflow[0m[2m:[0m 311.125456ms:	Data loaded for Stack_def_use_defined_in_block
[2m2025-07-29T02:47:02.023288Z[0m [32m INFO[0m [2mexecuting::dataflow[0m[2m:[0m 311.132229ms:	Data loaded for Stack_def_use_live_var_def
[2m2025-07-29T02:47:02.023296Z[0m [32m INFO[0m [2mexecuting::dataflow[0m[2m:[0m 311.139923ms:	Data loaded for Stack_def_use_ref_in_block
[2m2025-07-29T02:47:02.023304Z[0m [32m INFO[0m [2mexecuting::dataflow[0m[2m:[0m 311.147848ms:	Data loaded for Stack_def_use_used_in_block
[2m2025-07-29T02:47:02.023311Z[0m [32m INFO[0m [2mexecuting::dataflow[0m[2m:[0m 311.155002ms:	Data loaded for Stack_def_use_used
[2m2025-07-29T02:47:02.023328Z[0m [32m INFO[0m [2mexecuting::dataflow[0m[2m:[0m 311.172114ms:	Data loaded for Stack_def_use_live_var_used
[2m2025-07-29T02:47:02.023335Z[0m [32m INFO[0m [2mexecuting::dataflow[0m[2m:[0m 311.178907ms:	Data loaded for Jump_table_start
[2m2025-07-29T02:47:02.023341Z[0m [32m INFO[0m [2mexecuting::dataflow[0m[2m:[0m 311.185369ms:	Data loaded for def_used_for_address_0
[2m2025-07-29T02:47:02.023348Z[0m [32m INFO[0m [2mexecuting::dataflow[0m[2m:[0m 311.192041ms:	Data loaded for Stack_def_use_block_last_def
[2m2025-07-29T02:47:06.054299Z[0m [32m INFO[0m [2mreading::inspect[0m[2m:[0m Delta of (recursive) [Reg_def_use_def_used]: ((), (), 65950)
[2m2025-07-29T02:47:06.054414Z[0m [32m INFO[0m [2mreading::inspect[0m[2m:[0m Delta of (recursive) [Reg_def_use_live_var_at_block_end]: ((), (), 84775)
[2m2025-07-29T02:47:06.054460Z[0m [32m INFO[0m [2mreading::inspect[0m[2m:[0m Delta of (recursive) [Reg_def_use_live_var_at_prior_used]: ((), (), 46552)
[2m2025-07-29T02:47:06.054502Z[0m [32m INFO[0m [2mreading::inspect[0m[2m:[0m Delta of (recursive) [Reg_def_use_live_var_used]: ((), (), 41186)
[2m2025-07-29T02:47:06.054541Z[0m [32m INFO[0m [2mreading::inspect[0m[2m:[0m Delta of (recursive) [Reg_def_use_return_val_used]: ((), (), 4442)
[2m2025-07-29T02:47:07.111986Z[0m [32m INFO[0m [2mreading::inspect[0m[2m:[0m Delta of (recursive) [Stack_def_use_live_var_at_block_end]: ((), (), 21236205)
[2m2025-07-29T02:47:16.474448Z[0m [32m INFO[0m [2mreading::inspect[0m[2m:[0m Delta of (recursive) [Stack_def_use_def_used]: ((), (), 2065369)
[2m2025-07-29T02:47:16.503338Z[0m [32m INFO[0m [2mreading::inspect[0m[2m:[0m Delta of (recursive) [Def_used_for_address]: ((), (), 10299)
[2m2025-07-29T02:47:16.505814Z[0m [32m INFO[0m [2mreading::inspect[0m[2m:[0m Size of (non-recursive) Reg_reg_arithmetic_operation_defs: ((), (), 117)
[2m2025-07-29T02:47:16.509161Z[0m [32m INFO[0m [2mexecuting::dataflow[0m[2m:[0m 14.796964449s:	Dataflow executed
[2m2025-07-29T02:47:16.519934Z[0m [32m INFO[0m [2mexecuting[0m[2m:[0m success query
