[2m2025-07-29T02:45:25.202879Z[0m [32m INFO[0m [2mexecuting::dataflow[0m[2m:[0m 97.781231ms:	Dataflow assembled
[2m2025-07-29T02:45:25.398529Z[0m [32m INFO[0m [2mexecuting::dataflow[0m[2m:[0m 293.438852ms:	Data loaded for Arch_memory_access
[2m2025-07-29T02:45:25.398598Z[0m [32m INFO[0m [2mexecuting::dataflow[0m[2m:[0m 293.517981ms:	Data loaded for Arch_reg_reg_arithmetic_operation
[2m2025-07-29T02:45:25.398614Z[0m [32m INFO[0m [2mexecuting::dataflow[0m[2m:[0m 293.534362ms:	Data loaded for Arch_return_reg
[2m2025-07-29T02:45:25.398635Z[0m [32m INFO[0m [2mexecuting::dataflow[0m[2m:[0m 293.555742ms:	Data loaded for Block_next
[2m2025-07-29T02:45:25.398646Z[0m [32m INFO[0m [2mexecuting::dataflow[0m[2m:[0m 293.566161ms:	Data loaded for Block_last_instruction
[2m2025-07-29T02:45:25.398659Z[0m [32m INFO[0m [2mexecuting::dataflow[0m[2m:[0m 293.579306ms:	Data loaded for Code_in_block
[2m2025-07-29T02:45:25.398668Z[0m [32m INFO[0m [2mexecuting::dataflow[0m[2m:[0m 293.588003ms:	Data loaded for Direct_call
[2m2025-07-29T02:45:25.398675Z[0m [32m INFO[0m [2mexecuting::dataflow[0m[2m:[0m 293.595216ms:	Data loaded for May_fallthrough
[2m2025-07-29T02:45:25.398685Z[0m [32m INFO[0m [2mexecuting::dataflow[0m[2m:[0m 293.605065ms:	Data loaded for Reg_def_use_block_last_def
[2m2025-07-29T02:45:25.398699Z[0m [32m INFO[0m [2mexecuting::dataflow[0m[2m:[0m 293.619392ms:	Data loaded for Reg_def_use_defined_in_block
[2m2025-07-29T02:45:25.398710Z[0m [32m INFO[0m [2mexecuting::dataflow[0m[2m:[0m 293.629901ms:	Data loaded for Reg_def_use_flow_def
[2m2025-07-29T02:45:25.398717Z[0m [32m INFO[0m [2mexecuting::dataflow[0m[2m:[0m 293.637165ms:	Data loaded for Reg_def_use_live_var_def
[2m2025-07-29T02:45:25.398724Z[0m [32m INFO[0m [2mexecuting::dataflow[0m[2m:[0m 293.644138ms:	Data loaded for Reg_def_use_ref_in_block
[2m2025-07-29T02:45:25.398732Z[0m [32m INFO[0m [2mexecuting::dataflow[0m[2m:[0m 293.651883ms:	Data loaded for Reg_def_use_return_block_end
[2m2025-07-29T02:45:25.398738Z[0m [32m INFO[0m [2mexecuting::dataflow[0m[2m:[0m 293.658165ms:	Data loaded for Reg_def_use_used
[2m2025-07-29T02:45:25.398751Z[0m [32m INFO[0m [2mexecuting::dataflow[0m[2m:[0m 293.67174ms:	Data loaded for Reg_def_use_used_in_block
[2m2025-07-29T02:45:25.398758Z[0m [32m INFO[0m [2mexecuting::dataflow[0m[2m:[0m 293.678142ms:	Data loaded for Reg_used_for
[2m2025-07-29T02:45:25.398769Z[0m [32m INFO[0m [2mexecuting::dataflow[0m[2m:[0m 293.689484ms:	Data loaded for Relative_jump_table_entry_candidate
[2m2025-07-29T02:45:25.398776Z[0m [32m INFO[0m [2mexecuting::dataflow[0m[2m:[0m 293.696557ms:	Data loaded for Stack_def_use_def
[2m2025-07-29T02:45:25.398783Z[0m [32m INFO[0m [2mexecuting::dataflow[0m[2m:[0m 293.703049ms:	Data loaded for Stack_def_use_defined_in_block
[2m2025-07-29T02:45:25.398790Z[0m [32m INFO[0m [2mexecuting::dataflow[0m[2m:[0m 293.709922ms:	Data loaded for Stack_def_use_live_var_def
[2m2025-07-29T02:45:25.398797Z[0m [32m INFO[0m [2mexecuting::dataflow[0m[2m:[0m 293.717005ms:	Data loaded for Stack_def_use_ref_in_block
[2m2025-07-29T02:45:25.398810Z[0m [32m INFO[0m [2mexecuting::dataflow[0m[2m:[0m 293.73003ms:	Data loaded for Stack_def_use_used_in_block
[2m2025-07-29T02:45:25.398817Z[0m [32m INFO[0m [2mexecuting::dataflow[0m[2m:[0m 293.737073ms:	Data loaded for Stack_def_use_used
[2m2025-07-29T02:45:25.398839Z[0m [32m INFO[0m [2mexecuting::dataflow[0m[2m:[0m 293.758934ms:	Data loaded for Stack_def_use_live_var_used
[2m2025-07-29T02:45:25.398845Z[0m [32m INFO[0m [2mexecuting::dataflow[0m[2m:[0m 293.765657ms:	Data loaded for Jump_table_start
[2m2025-07-29T02:45:25.398852Z[0m [32m INFO[0m [2mexecuting::dataflow[0m[2m:[0m 293.772189ms:	Data loaded for def_used_for_address_0
[2m2025-07-29T02:45:25.398859Z[0m [32m INFO[0m [2mexecuting::dataflow[0m[2m:[0m 293.779753ms:	Data loaded for Stack_def_use_block_last_def
[2m2025-07-29T02:45:29.613104Z[0m [32m INFO[0m [2mreading::inspect[0m[2m:[0m Delta of (recursive) [Reg_def_use_live_var_at_prior_used]: ((), (), 46552)
[2m2025-07-29T02:45:29.613788Z[0m [32m INFO[0m [2mreading::inspect[0m[2m:[0m Delta of (recursive) [Reg_def_use_live_var_used]: ((), (), 41186)
[2m2025-07-29T02:45:29.613832Z[0m [32m INFO[0m [2mreading::inspect[0m[2m:[0m Delta of (recursive) [Reg_def_use_return_val_used]: ((), (), 4442)
[2m2025-07-29T02:45:29.614602Z[0m [32m INFO[0m [2mreading::inspect[0m[2m:[0m Delta of (recursive) [Reg_def_use_def_used]: ((), (), 65950)
[2m2025-07-29T02:45:29.614622Z[0m [32m INFO[0m [2mreading::inspect[0m[2m:[0m Delta of (recursive) [Reg_def_use_live_var_at_block_end]: ((), (), 84775)
[2m2025-07-29T02:45:30.667984Z[0m [32m INFO[0m [2mreading::inspect[0m[2m:[0m Delta of (recursive) [Stack_def_use_live_var_at_block_end]: ((), (), 21236205)
[2m2025-07-29T02:45:41.027494Z[0m [32m INFO[0m [2mreading::inspect[0m[2m:[0m Delta of (recursive) [Stack_def_use_def_used]: ((), (), 2065369)
[2m2025-07-29T02:45:41.053876Z[0m [32m INFO[0m [2mreading::inspect[0m[2m:[0m Delta of (recursive) [Def_used_for_address]: ((), (), 10299)
[2m2025-07-29T02:45:41.057220Z[0m [32m INFO[0m [2mreading::inspect[0m[2m:[0m Size of (non-recursive) Reg_reg_arithmetic_operation_defs: ((), (), 117)
[2m2025-07-29T02:45:41.060063Z[0m [32m INFO[0m [2mexecuting::dataflow[0m[2m:[0m 15.95495842s:	Dataflow executed
[2m2025-07-29T02:45:41.070270Z[0m [32m INFO[0m [2mexecuting[0m[2m:[0m success query
