[2m2025-07-29T02:39:42.816866Z[0m [32m INFO[0m [2mexecuting::dataflow[0m[2m:[0m 239.085685ms:	Dataflow assembled
[2m2025-07-29T02:39:43.016439Z[0m [32m INFO[0m [2mexecuting::dataflow[0m[2m:[0m 438.672009ms:	Data loaded for Arch_memory_access
[2m2025-07-29T02:39:43.016487Z[0m [32m INFO[0m [2mexecuting::dataflow[0m[2m:[0m 438.72565ms:	Data loaded for Arch_reg_reg_arithmetic_operation
[2m2025-07-29T02:39:43.016498Z[0m [32m INFO[0m [2mexecuting::dataflow[0m[2m:[0m 438.73622ms:	Data loaded for Arch_return_reg
[2m2025-07-29T02:39:43.016511Z[0m [32m INFO[0m [2mexecuting::dataflow[0m[2m:[0m 438.749134ms:	Data loaded for Block_next
[2m2025-07-29T02:39:43.016520Z[0m [32m INFO[0m [2mexecuting::dataflow[0m[2m:[0m 438.758712ms:	Data loaded for Block_last_instruction
[2m2025-07-29T02:39:43.016529Z[0m [32m INFO[0m [2mexecuting::dataflow[0m[2m:[0m 438.767088ms:	Data loaded for Code_in_block
[2m2025-07-29T02:39:43.016537Z[0m [32m INFO[0m [2mexecuting::dataflow[0m[2m:[0m 438.775704ms:	Data loaded for Direct_call
[2m2025-07-29T02:39:43.016545Z[0m [32m INFO[0m [2mexecuting::dataflow[0m[2m:[0m 438.783188ms:	Data loaded for May_fallthrough
[2m2025-07-29T02:39:43.016558Z[0m [32m INFO[0m [2mexecuting::dataflow[0m[2m:[0m 438.796022ms:	Data loaded for Reg_def_use_block_last_def
[2m2025-07-29T02:39:43.016572Z[0m [32m INFO[0m [2mexecuting::dataflow[0m[2m:[0m 438.81059ms:	Data loaded for Reg_def_use_defined_in_block
[2m2025-07-29T02:39:43.016581Z[0m [32m INFO[0m [2mexecuting::dataflow[0m[2m:[0m 438.819196ms:	Data loaded for Reg_def_use_flow_def
[2m2025-07-29T02:39:43.016588Z[0m [32m INFO[0m [2mexecuting::dataflow[0m[2m:[0m 438.826299ms:	Data loaded for Reg_def_use_live_var_def
[2m2025-07-29T02:39:43.016595Z[0m [32m INFO[0m [2mexecuting::dataflow[0m[2m:[0m 438.833773ms:	Data loaded for Reg_def_use_ref_in_block
[2m2025-07-29T02:39:43.016603Z[0m [32m INFO[0m [2mexecuting::dataflow[0m[2m:[0m 438.840967ms:	Data loaded for Reg_def_use_return_block_end
[2m2025-07-29T02:39:43.016609Z[0m [32m INFO[0m [2mexecuting::dataflow[0m[2m:[0m 438.84779ms:	Data loaded for Reg_def_use_used
[2m2025-07-29T02:39:43.016623Z[0m [32m INFO[0m [2mexecuting::dataflow[0m[2m:[0m 438.861115ms:	Data loaded for Reg_def_use_used_in_block
[2m2025-07-29T02:39:43.016629Z[0m [32m INFO[0m [2mexecuting::dataflow[0m[2m:[0m 438.867637ms:	Data loaded for Reg_used_for
[2m2025-07-29T02:39:43.016638Z[0m [32m INFO[0m [2mexecuting::dataflow[0m[2m:[0m 438.876865ms:	Data loaded for Relative_jump_table_entry_candidate
[2m2025-07-29T02:39:43.016645Z[0m [32m INFO[0m [2mexecuting::dataflow[0m[2m:[0m 438.883697ms:	Data loaded for Stack_def_use_def
[2m2025-07-29T02:39:43.016652Z[0m [32m INFO[0m [2mexecuting::dataflow[0m[2m:[0m 438.8905ms:	Data loaded for Stack_def_use_defined_in_block
[2m2025-07-29T02:39:43.016659Z[0m [32m INFO[0m [2mexecuting::dataflow[0m[2m:[0m 438.897433ms:	Data loaded for Stack_def_use_live_var_def
[2m2025-07-29T02:39:43.016667Z[0m [32m INFO[0m [2mexecuting::dataflow[0m[2m:[0m 438.905198ms:	Data loaded for Stack_def_use_ref_in_block
[2m2025-07-29T02:39:43.016676Z[0m [32m INFO[0m [2mexecuting::dataflow[0m[2m:[0m 438.914335ms:	Data loaded for Stack_def_use_used_in_block
[2m2025-07-29T02:39:43.016683Z[0m [32m INFO[0m [2mexecuting::dataflow[0m[2m:[0m 438.920948ms:	Data loaded for Stack_def_use_used
[2m2025-07-29T02:39:43.016710Z[0m [32m INFO[0m [2mexecuting::dataflow[0m[2m:[0m 438.94864ms:	Data loaded for Stack_def_use_live_var_used
[2m2025-07-29T02:39:43.016717Z[0m [32m INFO[0m [2mexecuting::dataflow[0m[2m:[0m 438.955673ms:	Data loaded for Jump_table_start
[2m2025-07-29T02:39:43.016724Z[0m [32m INFO[0m [2mexecuting::dataflow[0m[2m:[0m 438.962746ms:	Data loaded for def_used_for_address_0
[2m2025-07-29T02:39:43.016731Z[0m [32m INFO[0m [2mexecuting::dataflow[0m[2m:[0m 438.969459ms:	Data loaded for Stack_def_use_block_last_def
[2m2025-07-29T02:39:48.100404Z[0m [32m INFO[0m [2mreading::inspect[0m[2m:[0m Delta of (recursive) [Reg_def_use_def_used]: ((), (), 65950)
[2m2025-07-29T02:39:48.100515Z[0m [32m INFO[0m [2mreading::inspect[0m[2m:[0m Delta of (recursive) [Reg_def_use_live_var_at_block_end]: ((), (), 84775)
[2m2025-07-29T02:39:48.100568Z[0m [32m INFO[0m [2mreading::inspect[0m[2m:[0m Delta of (recursive) [Reg_def_use_live_var_at_prior_used]: ((), (), 46552)
[2m2025-07-29T02:39:48.100603Z[0m [32m INFO[0m [2mreading::inspect[0m[2m:[0m Delta of (recursive) [Reg_def_use_live_var_used]: ((), (), 41186)
[2m2025-07-29T02:39:48.100637Z[0m [32m INFO[0m [2mreading::inspect[0m[2m:[0m Delta of (recursive) [Reg_def_use_return_val_used]: ((), (), 4442)
[2m2025-07-29T02:39:48.525389Z[0m [32m INFO[0m [2mreading::inspect[0m[2m:[0m Delta of (recursive) [Stack_def_use_live_var_at_block_end]: ((), (), 21236205)
[2m2025-07-29T02:39:58.677715Z[0m [32m INFO[0m [2mreading::inspect[0m[2m:[0m Delta of (recursive) [Stack_def_use_def_used]: ((), (), 2065369)
[2m2025-07-29T02:39:58.761938Z[0m [32m INFO[0m [2mreading::inspect[0m[2m:[0m Delta of (recursive) [Def_used_for_address]: ((), (), 10299)
[2m2025-07-29T02:39:58.773162Z[0m [32m INFO[0m [2mreading::inspect[0m[2m:[0m Size of (non-recursive) Reg_reg_arithmetic_operation_defs: ((), (), 117)
[2m2025-07-29T02:39:58.780847Z[0m [32m INFO[0m [2mexecuting::dataflow[0m[2m:[0m 16.203037614s:	Dataflow executed
[2m2025-07-29T02:39:58.852064Z[0m [32m INFO[0m [2mexecuting[0m[2m:[0m success query
