[2m2025-07-29T02:39:22.451188Z[0m [32m INFO[0m [2mexecuting::dataflow[0m[2m:[0m 124.980247ms:	Dataflow assembled
[2m2025-07-29T02:39:22.641859Z[0m [32m INFO[0m [2mexecuting::dataflow[0m[2m:[0m 315.667302ms:	Data loaded for Arch_memory_access
[2m2025-07-29T02:39:22.641908Z[0m [32m INFO[0m [2mexecuting::dataflow[0m[2m:[0m 315.721945ms:	Data loaded for Arch_reg_reg_arithmetic_operation
[2m2025-07-29T02:39:22.641931Z[0m [32m INFO[0m [2mexecuting::dataflow[0m[2m:[0m 315.74579ms:	Data loaded for Arch_return_reg
[2m2025-07-29T02:39:22.641946Z[0m [32m INFO[0m [2mexecuting::dataflow[0m[2m:[0m 315.760067ms:	Data loaded for Block_next
[2m2025-07-29T02:39:22.641955Z[0m [32m INFO[0m [2mexecuting::dataflow[0m[2m:[0m 315.768954ms:	Data loaded for Block_last_instruction
[2m2025-07-29T02:39:22.641967Z[0m [32m INFO[0m [2mexecuting::dataflow[0m[2m:[0m 315.781447ms:	Data loaded for Code_in_block
[2m2025-07-29T02:39:22.641976Z[0m [32m INFO[0m [2mexecuting::dataflow[0m[2m:[0m 315.790013ms:	Data loaded for Direct_call
[2m2025-07-29T02:39:22.641984Z[0m [32m INFO[0m [2mexecuting::dataflow[0m[2m:[0m 315.798349ms:	Data loaded for May_fallthrough
[2m2025-07-29T02:39:22.641995Z[0m [32m INFO[0m [2mexecuting::dataflow[0m[2m:[0m 315.809069ms:	Data loaded for Reg_def_use_block_last_def
[2m2025-07-29T02:39:22.642011Z[0m [32m INFO[0m [2mexecuting::dataflow[0m[2m:[0m 315.825049ms:	Data loaded for Reg_def_use_defined_in_block
[2m2025-07-29T02:39:22.642020Z[0m [32m INFO[0m [2mexecuting::dataflow[0m[2m:[0m 315.834076ms:	Data loaded for Reg_def_use_flow_def
[2m2025-07-29T02:39:22.642028Z[0m [32m INFO[0m [2mexecuting::dataflow[0m[2m:[0m 315.842021ms:	Data loaded for Reg_def_use_live_var_def
[2m2025-07-29T02:39:22.642036Z[0m [32m INFO[0m [2mexecuting::dataflow[0m[2m:[0m 315.850126ms:	Data loaded for Reg_def_use_ref_in_block
[2m2025-07-29T02:39:22.642044Z[0m [32m INFO[0m [2mexecuting::dataflow[0m[2m:[0m 315.858111ms:	Data loaded for Reg_def_use_return_block_end
[2m2025-07-29T02:39:22.642051Z[0m [32m INFO[0m [2mexecuting::dataflow[0m[2m:[0m 315.865245ms:	Data loaded for Reg_def_use_used
[2m2025-07-29T02:39:22.642064Z[0m [32m INFO[0m [2mexecuting::dataflow[0m[2m:[0m 315.87874ms:	Data loaded for Reg_def_use_used_in_block
[2m2025-07-29T02:39:22.642072Z[0m [32m INFO[0m [2mexecuting::dataflow[0m[2m:[0m 315.886305ms:	Data loaded for Reg_used_for
[2m2025-07-29T02:39:22.642080Z[0m [32m INFO[0m [2mexecuting::dataflow[0m[2m:[0m 315.89452ms:	Data loaded for Relative_jump_table_entry_candidate
[2m2025-07-29T02:39:22.642087Z[0m [32m INFO[0m [2mexecuting::dataflow[0m[2m:[0m 315.901313ms:	Data loaded for Stack_def_use_def
[2m2025-07-29T02:39:22.642094Z[0m [32m INFO[0m [2mexecuting::dataflow[0m[2m:[0m 315.908717ms:	Data loaded for Stack_def_use_defined_in_block
[2m2025-07-29T02:39:22.642101Z[0m [32m INFO[0m [2mexecuting::dataflow[0m[2m:[0m 315.91569ms:	Data loaded for Stack_def_use_live_var_def
[2m2025-07-29T02:39:22.642109Z[0m [32m INFO[0m [2mexecuting::dataflow[0m[2m:[0m 315.923665ms:	Data loaded for Stack_def_use_ref_in_block
[2m2025-07-29T02:39:22.642118Z[0m [32m INFO[0m [2mexecuting::dataflow[0m[2m:[0m 315.932161ms:	Data loaded for Stack_def_use_used_in_block
[2m2025-07-29T02:39:22.642125Z[0m [32m INFO[0m [2mexecuting::dataflow[0m[2m:[0m 315.939364ms:	Data loaded for Stack_def_use_used
[2m2025-07-29T02:39:22.642142Z[0m [32m INFO[0m [2mexecuting::dataflow[0m[2m:[0m 315.956386ms:	Data loaded for Stack_def_use_live_var_used
[2m2025-07-29T02:39:22.642149Z[0m [32m INFO[0m [2mexecuting::dataflow[0m[2m:[0m 315.9635ms:	Data loaded for Jump_table_start
[2m2025-07-29T02:39:22.642156Z[0m [32m INFO[0m [2mexecuting::dataflow[0m[2m:[0m 315.970273ms:	Data loaded for def_used_for_address_0
[2m2025-07-29T02:39:22.642164Z[0m [32m INFO[0m [2mexecuting::dataflow[0m[2m:[0m 315.978728ms:	Data loaded for Stack_def_use_block_last_def
[2m2025-07-29T02:39:26.744161Z[0m [32m INFO[0m [2mreading::inspect[0m[2m:[0m Delta of (recursive) [Reg_def_use_live_var_at_block_end]: ((), (), 84775)
[2m2025-07-29T02:39:26.744293Z[0m [32m INFO[0m [2mreading::inspect[0m[2m:[0m Delta of (recursive) [Reg_def_use_live_var_at_prior_used]: ((), (), 46552)
[2m2025-07-29T02:39:26.744340Z[0m [32m INFO[0m [2mreading::inspect[0m[2m:[0m Delta of (recursive) [Reg_def_use_live_var_used]: ((), (), 41186)
[2m2025-07-29T02:39:26.744382Z[0m [32m INFO[0m [2mreading::inspect[0m[2m:[0m Delta of (recursive) [Reg_def_use_return_val_used]: ((), (), 4442)
[2m2025-07-29T02:39:26.745370Z[0m [32m INFO[0m [2mreading::inspect[0m[2m:[0m Delta of (recursive) [Reg_def_use_def_used]: ((), (), 65950)
[2m2025-07-29T02:39:27.643664Z[0m [32m INFO[0m [2mreading::inspect[0m[2m:[0m Delta of (recursive) [Stack_def_use_live_var_at_block_end]: ((), (), 21236205)
[2m2025-07-29T02:39:37.340385Z[0m [32m INFO[0m [2mreading::inspect[0m[2m:[0m Delta of (recursive) [Stack_def_use_def_used]: ((), (), 2065369)
[2m2025-07-29T02:39:37.368453Z[0m [32m INFO[0m [2mreading::inspect[0m[2m:[0m Delta of (recursive) [Def_used_for_address]: ((), (), 10299)
[2m2025-07-29T02:39:37.371171Z[0m [32m INFO[0m [2mreading::inspect[0m[2m:[0m Size of (non-recursive) Reg_reg_arithmetic_operation_defs: ((), (), 117)
[2m2025-07-29T02:39:37.372842Z[0m [32m INFO[0m [2mexecuting::dataflow[0m[2m:[0m 15.045999331s:	Dataflow executed
[2m2025-07-29T02:39:37.389681Z[0m [32m INFO[0m [2mexecuting[0m[2m:[0m success query
