[2m2025-07-29T02:40:57.500407Z[0m [32m INFO[0m [2mexecuting::dataflow[0m[2m:[0m 111.60936ms:	Dataflow assembled
[2m2025-07-29T02:40:57.691059Z[0m [32m INFO[0m [2mexecuting::dataflow[0m[2m:[0m 302.270153ms:	Data loaded for Arch_memory_access
[2m2025-07-29T02:40:57.691128Z[0m [32m INFO[0m [2mexecuting::dataflow[0m[2m:[0m 302.349763ms:	Data loaded for Arch_reg_reg_arithmetic_operation
[2m2025-07-29T02:40:57.691138Z[0m [32m INFO[0m [2mexecuting::dataflow[0m[2m:[0m 302.359261ms:	Data loaded for Arch_return_reg
[2m2025-07-29T02:40:57.691151Z[0m [32m INFO[0m [2mexecuting::dataflow[0m[2m:[0m 302.372776ms:	Data loaded for Block_next
[2m2025-07-29T02:40:57.691163Z[0m [32m INFO[0m [2mexecuting::dataflow[0m[2m:[0m 302.383857ms:	Data loaded for Block_last_instruction
[2m2025-07-29T02:40:57.691170Z[0m [32m INFO[0m [2mexecuting::dataflow[0m[2m:[0m 302.391672ms:	Data loaded for Code_in_block
[2m2025-07-29T02:40:57.691179Z[0m [32m INFO[0m [2mexecuting::dataflow[0m[2m:[0m 302.400298ms:	Data loaded for Direct_call
[2m2025-07-29T02:40:57.691187Z[0m [32m INFO[0m [2mexecuting::dataflow[0m[2m:[0m 302.407902ms:	Data loaded for May_fallthrough
[2m2025-07-29T02:40:57.691196Z[0m [32m INFO[0m [2mexecuting::dataflow[0m[2m:[0m 302.41742ms:	Data loaded for Reg_def_use_block_last_def
[2m2025-07-29T02:40:57.691212Z[0m [32m INFO[0m [2mexecuting::dataflow[0m[2m:[0m 302.433541ms:	Data loaded for Reg_def_use_defined_in_block
[2m2025-07-29T02:40:57.691220Z[0m [32m INFO[0m [2mexecuting::dataflow[0m[2m:[0m 302.441496ms:	Data loaded for Reg_def_use_flow_def
[2m2025-07-29T02:40:57.691227Z[0m [32m INFO[0m [2mexecuting::dataflow[0m[2m:[0m 302.448769ms:	Data loaded for Reg_def_use_live_var_def
[2m2025-07-29T02:40:57.691235Z[0m [32m INFO[0m [2mexecuting::dataflow[0m[2m:[0m 302.456353ms:	Data loaded for Reg_def_use_ref_in_block
[2m2025-07-29T02:40:57.691245Z[0m [32m INFO[0m [2mexecuting::dataflow[0m[2m:[0m 302.466232ms:	Data loaded for Reg_def_use_return_block_end
[2m2025-07-29T02:40:57.691254Z[0m [32m INFO[0m [2mexecuting::dataflow[0m[2m:[0m 302.475269ms:	Data loaded for Reg_def_use_used
[2m2025-07-29T02:40:57.691270Z[0m [32m INFO[0m [2mexecuting::dataflow[0m[2m:[0m 302.491419ms:	Data loaded for Reg_def_use_used_in_block
[2m2025-07-29T02:40:57.691278Z[0m [32m INFO[0m [2mexecuting::dataflow[0m[2m:[0m 302.499755ms:	Data loaded for Reg_used_for
[2m2025-07-29T02:40:57.691289Z[0m [32m INFO[0m [2mexecuting::dataflow[0m[2m:[0m 302.510255ms:	Data loaded for Relative_jump_table_entry_candidate
[2m2025-07-29T02:40:57.691297Z[0m [32m INFO[0m [2mexecuting::dataflow[0m[2m:[0m 302.51812ms:	Data loaded for Stack_def_use_def
[2m2025-07-29T02:40:57.691306Z[0m [32m INFO[0m [2mexecuting::dataflow[0m[2m:[0m 302.527487ms:	Data loaded for Stack_def_use_defined_in_block
[2m2025-07-29T02:40:57.691316Z[0m [32m INFO[0m [2mexecuting::dataflow[0m[2m:[0m 302.537887ms:	Data loaded for Stack_def_use_live_var_def
[2m2025-07-29T02:40:57.691326Z[0m [32m INFO[0m [2mexecuting::dataflow[0m[2m:[0m 302.547415ms:	Data loaded for Stack_def_use_ref_in_block
[2m2025-07-29T02:40:57.691336Z[0m [32m INFO[0m [2mexecuting::dataflow[0m[2m:[0m 302.556983ms:	Data loaded for Stack_def_use_used_in_block
[2m2025-07-29T02:40:57.691345Z[0m [32m INFO[0m [2mexecuting::dataflow[0m[2m:[0m 302.566471ms:	Data loaded for Stack_def_use_used
[2m2025-07-29T02:40:57.691366Z[0m [32m INFO[0m [2mexecuting::dataflow[0m[2m:[0m 302.5871ms:	Data loaded for Stack_def_use_live_var_used
[2m2025-07-29T02:40:57.691374Z[0m [32m INFO[0m [2mexecuting::dataflow[0m[2m:[0m 302.595606ms:	Data loaded for Jump_table_start
[2m2025-07-29T02:40:57.691384Z[0m [32m INFO[0m [2mexecuting::dataflow[0m[2m:[0m 302.605174ms:	Data loaded for def_used_for_address_0
[2m2025-07-29T02:40:57.691392Z[0m [32m INFO[0m [2mexecuting::dataflow[0m[2m:[0m 302.6137ms:	Data loaded for Stack_def_use_block_last_def
[2m2025-07-29T02:41:01.416660Z[0m [32m INFO[0m [2mreading::inspect[0m[2m:[0m Delta of (recursive) [Reg_def_use_live_var_at_prior_used]: ((), (), 46552)
[2m2025-07-29T02:41:01.416819Z[0m [32m INFO[0m [2mreading::inspect[0m[2m:[0m Delta of (recursive) [Reg_def_use_live_var_used]: ((), (), 41186)
[2m2025-07-29T02:41:01.416864Z[0m [32m INFO[0m [2mreading::inspect[0m[2m:[0m Delta of (recursive) [Reg_def_use_return_val_used]: ((), (), 4442)
[2m2025-07-29T02:41:01.417774Z[0m [32m INFO[0m [2mreading::inspect[0m[2m:[0m Delta of (recursive) [Reg_def_use_def_used]: ((), (), 65950)
[2m2025-07-29T02:41:01.417800Z[0m [32m INFO[0m [2mreading::inspect[0m[2m:[0m Delta of (recursive) [Reg_def_use_live_var_at_block_end]: ((), (), 84775)
[2m2025-07-29T02:41:02.434726Z[0m [32m INFO[0m [2mreading::inspect[0m[2m:[0m Delta of (recursive) [Stack_def_use_live_var_at_block_end]: ((), (), 21236205)
[2m2025-07-29T02:41:12.652095Z[0m [32m INFO[0m [2mreading::inspect[0m[2m:[0m Delta of (recursive) [Stack_def_use_def_used]: ((), (), 2065369)
[2m2025-07-29T02:41:12.677830Z[0m [32m INFO[0m [2mreading::inspect[0m[2m:[0m Delta of (recursive) [Def_used_for_address]: ((), (), 10299)
[2m2025-07-29T02:41:12.680097Z[0m [32m INFO[0m [2mreading::inspect[0m[2m:[0m Size of (non-recursive) Reg_reg_arithmetic_operation_defs: ((), (), 117)
[2m2025-07-29T02:41:12.681640Z[0m [32m INFO[0m [2mexecuting::dataflow[0m[2m:[0m 15.291688718s:	Dataflow executed
[2m2025-07-29T02:41:12.696986Z[0m [32m INFO[0m [2mexecuting[0m[2m:[0m success query
