[2m2025-07-29T02:43:35.319216Z[0m [32m INFO[0m [2mexecuting::dataflow[0m[2m:[0m 223.174032ms:	Dataflow assembled
[2m2025-07-29T02:43:35.511035Z[0m [32m INFO[0m [2mexecuting::dataflow[0m[2m:[0m 415.003992ms:	Data loaded for Arch_memory_access
[2m2025-07-29T02:43:35.511082Z[0m [32m INFO[0m [2mexecuting::dataflow[0m[2m:[0m 415.056732ms:	Data loaded for Arch_reg_reg_arithmetic_operation
[2m2025-07-29T02:43:35.511091Z[0m [32m INFO[0m [2mexecuting::dataflow[0m[2m:[0m 415.066189ms:	Data loaded for Arch_return_reg
[2m2025-07-29T02:43:35.511103Z[0m [32m INFO[0m [2mexecuting::dataflow[0m[2m:[0m 415.078102ms:	Data loaded for Block_next
[2m2025-07-29T02:43:35.511111Z[0m [32m INFO[0m [2mexecuting::dataflow[0m[2m:[0m 415.085977ms:	Data loaded for Block_last_instruction
[2m2025-07-29T02:43:35.511118Z[0m [32m INFO[0m [2mexecuting::dataflow[0m[2m:[0m 415.09301ms:	Data loaded for Code_in_block
[2m2025-07-29T02:43:35.511125Z[0m [32m INFO[0m [2mexecuting::dataflow[0m[2m:[0m 415.100304ms:	Data loaded for Direct_call
[2m2025-07-29T02:43:35.511132Z[0m [32m INFO[0m [2mexecuting::dataflow[0m[2m:[0m 415.107377ms:	Data loaded for May_fallthrough
[2m2025-07-29T02:43:35.511144Z[0m [32m INFO[0m [2mexecuting::dataflow[0m[2m:[0m 415.11977ms:	Data loaded for Reg_def_use_block_last_def
[2m2025-07-29T02:43:35.511158Z[0m [32m INFO[0m [2mexecuting::dataflow[0m[2m:[0m 415.133576ms:	Data loaded for Reg_def_use_defined_in_block
[2m2025-07-29T02:43:35.511167Z[0m [32m INFO[0m [2mexecuting::dataflow[0m[2m:[0m 415.142463ms:	Data loaded for Reg_def_use_flow_def
[2m2025-07-29T02:43:35.511174Z[0m [32m INFO[0m [2mexecuting::dataflow[0m[2m:[0m 415.149446ms:	Data loaded for Reg_def_use_live_var_def
[2m2025-07-29T02:43:35.511181Z[0m [32m INFO[0m [2mexecuting::dataflow[0m[2m:[0m 415.156549ms:	Data loaded for Reg_def_use_ref_in_block
[2m2025-07-29T02:43:35.511188Z[0m [32m INFO[0m [2mexecuting::dataflow[0m[2m:[0m 415.163122ms:	Data loaded for Reg_def_use_return_block_end
[2m2025-07-29T02:43:35.511194Z[0m [32m INFO[0m [2mexecuting::dataflow[0m[2m:[0m 415.169624ms:	Data loaded for Reg_def_use_used
[2m2025-07-29T02:43:35.511207Z[0m [32m INFO[0m [2mexecuting::dataflow[0m[2m:[0m 415.181987ms:	Data loaded for Reg_def_use_used_in_block
[2m2025-07-29T02:43:35.511213Z[0m [32m INFO[0m [2mexecuting::dataflow[0m[2m:[0m 415.18871ms:	Data loaded for Reg_used_for
[2m2025-07-29T02:43:35.511221Z[0m [32m INFO[0m [2mexecuting::dataflow[0m[2m:[0m 415.196555ms:	Data loaded for Relative_jump_table_entry_candidate
[2m2025-07-29T02:43:35.511228Z[0m [32m INFO[0m [2mexecuting::dataflow[0m[2m:[0m 415.203167ms:	Data loaded for Stack_def_use_def
[2m2025-07-29T02:43:35.511234Z[0m [32m INFO[0m [2mexecuting::dataflow[0m[2m:[0m 415.209519ms:	Data loaded for Stack_def_use_defined_in_block
[2m2025-07-29T02:43:35.511241Z[0m [32m INFO[0m [2mexecuting::dataflow[0m[2m:[0m 415.216131ms:	Data loaded for Stack_def_use_live_var_def
[2m2025-07-29T02:43:35.511248Z[0m [32m INFO[0m [2mexecuting::dataflow[0m[2m:[0m 415.223225ms:	Data loaded for Stack_def_use_ref_in_block
[2m2025-07-29T02:43:35.511256Z[0m [32m INFO[0m [2mexecuting::dataflow[0m[2m:[0m 415.230859ms:	Data loaded for Stack_def_use_used_in_block
[2m2025-07-29T02:43:35.511262Z[0m [32m INFO[0m [2mexecuting::dataflow[0m[2m:[0m 415.237622ms:	Data loaded for Stack_def_use_used
[2m2025-07-29T02:43:35.511289Z[0m [32m INFO[0m [2mexecuting::dataflow[0m[2m:[0m 415.264452ms:	Data loaded for Stack_def_use_live_var_used
[2m2025-07-29T02:43:35.511296Z[0m [32m INFO[0m [2mexecuting::dataflow[0m[2m:[0m 415.271095ms:	Data loaded for Jump_table_start
[2m2025-07-29T02:43:35.511302Z[0m [32m INFO[0m [2mexecuting::dataflow[0m[2m:[0m 415.277367ms:	Data loaded for def_used_for_address_0
[2m2025-07-29T02:43:35.511309Z[0m [32m INFO[0m [2mexecuting::dataflow[0m[2m:[0m 415.284019ms:	Data loaded for Stack_def_use_block_last_def
[2m2025-07-29T02:43:40.605945Z[0m [32m INFO[0m [2mreading::inspect[0m[2m:[0m Delta of (recursive) [Reg_def_use_def_used]: ((), (), 65950)
[2m2025-07-29T02:43:40.606786Z[0m [32m INFO[0m [2mreading::inspect[0m[2m:[0m Delta of (recursive) [Reg_def_use_live_var_at_block_end]: ((), (), 84775)
[2m2025-07-29T02:43:40.606843Z[0m [32m INFO[0m [2mreading::inspect[0m[2m:[0m Delta of (recursive) [Reg_def_use_live_var_at_prior_used]: ((), (), 46552)
[2m2025-07-29T02:43:40.606893Z[0m [32m INFO[0m [2mreading::inspect[0m[2m:[0m Delta of (recursive) [Reg_def_use_live_var_used]: ((), (), 41186)
[2m2025-07-29T02:43:40.606939Z[0m [32m INFO[0m [2mreading::inspect[0m[2m:[0m Delta of (recursive) [Reg_def_use_return_val_used]: ((), (), 4442)
[2m2025-07-29T02:43:41.066938Z[0m [32m INFO[0m [2mreading::inspect[0m[2m:[0m Delta of (recursive) [Stack_def_use_live_var_at_block_end]: ((), (), 21236205)
[2m2025-07-29T02:43:49.115177Z[0m [32m INFO[0m [2mreading::inspect[0m[2m:[0m Delta of (recursive) [Stack_def_use_def_used]: ((), (), 2065369)
[2m2025-07-29T02:43:49.199270Z[0m [32m INFO[0m [2mreading::inspect[0m[2m:[0m Delta of (recursive) [Def_used_for_address]: ((), (), 10299)
[2m2025-07-29T02:43:49.205769Z[0m [32m INFO[0m [2mreading::inspect[0m[2m:[0m Size of (non-recursive) Reg_reg_arithmetic_operation_defs: ((), (), 117)
[2m2025-07-29T02:43:49.206614Z[0m [32m INFO[0m [2mexecuting::dataflow[0m[2m:[0m 14.110353438s:	Dataflow executed
[2m2025-07-29T02:43:49.251134Z[0m [32m INFO[0m [2mexecuting[0m[2m:[0m success query
