[2m2025-07-29T03:14:52.107070Z[0m [32m INFO[0m [2mexecuting::dataflow[0m[2m:[0m 196.09846ms:	Dataflow assembled
[2m2025-07-29T03:14:52.439376Z[0m [32m INFO[0m [2mexecuting::dataflow[0m[2m:[0m 528.414274ms:	Data loaded for DirectSuperclass
[2m2025-07-29T03:14:52.439453Z[0m [32m INFO[0m [2mexecuting::dataflow[0m[2m:[0m 528.499514ms:	Data loaded for DirectSuperinterface
[2m2025-07-29T03:14:52.439462Z[0m [32m INFO[0m [2mexecuting::dataflow[0m[2m:[0m 528.508882ms:	Data loaded for MainClass
[2m2025-07-29T03:14:52.439476Z[0m [32m INFO[0m [2mexecuting::dataflow[0m[2m:[0m 528.522988ms:	Data loaded for FormalParam
[2m2025-07-29T03:14:52.439491Z[0m [32m INFO[0m [2mexecuting::dataflow[0m[2m:[0m 528.537706ms:	Data loaded for ComponentType
[2m2025-07-29T03:14:52.439502Z[0m [32m INFO[0m [2mexecuting::dataflow[0m[2m:[0m 528.549368ms:	Data loaded for AssignReturnValue
[2m2025-07-29T03:14:52.439515Z[0m [32m INFO[0m [2mexecuting::dataflow[0m[2m:[0m 528.561711ms:	Data loaded for ActualParam
[2m2025-07-29T03:14:52.439525Z[0m [32m INFO[0m [2mexecuting::dataflow[0m[2m:[0m 528.571359ms:	Data loaded for Method_Modifier
[2m2025-07-29T03:14:52.439537Z[0m [32m INFO[0m [2mexecuting::dataflow[0m[2m:[0m 528.583522ms:	Data loaded for Var_Type
[2m2025-07-29T03:14:52.439548Z[0m [32m INFO[0m [2mexecuting::dataflow[0m[2m:[0m 528.594653ms:	Data loaded for HeapAllocation_Type
[2m2025-07-29T03:14:52.439562Z[0m [32m INFO[0m [2mexecuting::dataflow[0m[2m:[0m 528.608469ms:	Data loaded for _ClassType
[2m2025-07-29T03:14:52.439587Z[0m [32m INFO[0m [2mexecuting::dataflow[0m[2m:[0m 528.633256ms:	Data loaded for _ArrayType
[2m2025-07-29T03:14:52.439601Z[0m [32m INFO[0m [2mexecuting::dataflow[0m[2m:[0m 528.648234ms:	Data loaded for _InterfaceType
[2m2025-07-29T03:14:52.439613Z[0m [32m INFO[0m [2mexecuting::dataflow[0m[2m:[0m 528.660327ms:	Data loaded for _Var_DeclaringMethod
[2m2025-07-29T03:14:52.439624Z[0m [32m INFO[0m [2mexecuting::dataflow[0m[2m:[0m 528.671017ms:	Data loaded for _ApplicationClass
[2m2025-07-29T03:14:52.439635Z[0m [32m INFO[0m [2mexecuting::dataflow[0m[2m:[0m 528.682268ms:	Data loaded for _ThisVar
[2m2025-07-29T03:14:52.439644Z[0m [32m INFO[0m [2mexecuting::dataflow[0m[2m:[0m 528.690694ms:	Data loaded for _NormalHeap
[2m2025-07-29T03:14:52.439654Z[0m [32m INFO[0m [2mexecuting::dataflow[0m[2m:[0m 528.701023ms:	Data loaded for _StringConstant
[2m2025-07-29T03:14:52.439776Z[0m [32m INFO[0m [2mexecuting::dataflow[0m[2m:[0m 528.822482ms:	Data loaded for _AssignHeapAllocation
[2m2025-07-29T03:14:52.439891Z[0m [32m INFO[0m [2mexecuting::dataflow[0m[2m:[0m 528.937649ms:	Data loaded for _AssignLocal
[2m2025-07-29T03:14:52.439917Z[0m [32m INFO[0m [2mexecuting::dataflow[0m[2m:[0m 528.964159ms:	Data loaded for _AssignCast
[2m2025-07-29T03:14:52.439927Z[0m [32m INFO[0m [2mexecuting::dataflow[0m[2m:[0m 528.973767ms:	Data loaded for _Field
[2m2025-07-29T03:14:52.439940Z[0m [32m INFO[0m [2mexecuting::dataflow[0m[2m:[0m 528.987092ms:	Data loaded for _StaticMethodInvocation
[2m2025-07-29T03:14:52.439995Z[0m [32m INFO[0m [2mexecuting::dataflow[0m[2m:[0m 529.042296ms:	Data loaded for _SpecialMethodInvocation
[2m2025-07-29T03:14:52.440021Z[0m [32m INFO[0m [2mexecuting::dataflow[0m[2m:[0m 529.068084ms:	Data loaded for _VirtualMethodInvocation
[2m2025-07-29T03:14:52.440042Z[0m [32m INFO[0m [2mexecuting::dataflow[0m[2m:[0m 529.089074ms:	Data loaded for _Method
[2m2025-07-29T03:14:52.440058Z[0m [32m INFO[0m [2mexecuting::dataflow[0m[2m:[0m 529.104884ms:	Data loaded for Method_Descriptor
[2m2025-07-29T03:14:52.440082Z[0m [32m INFO[0m [2mexecuting::dataflow[0m[2m:[0m 529.128678ms:	Data loaded for _StoreInstanceField
[2m2025-07-29T03:14:52.440184Z[0m [32m INFO[0m [2mexecuting::dataflow[0m[2m:[0m 529.23074ms:	Data loaded for _LoadInstanceField
[2m2025-07-29T03:14:52.440196Z[0m [32m INFO[0m [2mexecuting::dataflow[0m[2m:[0m 529.243224ms:	Data loaded for _StoreStaticField
[2m2025-07-29T03:14:52.440289Z[0m [32m INFO[0m [2mexecuting::dataflow[0m[2m:[0m 529.335658ms:	Data loaded for _LoadStaticField
[2m2025-07-29T03:14:52.440315Z[0m [32m INFO[0m [2mexecuting::dataflow[0m[2m:[0m 529.361687ms:	Data loaded for _StoreArrayIndex
[2m2025-07-29T03:14:52.440349Z[0m [32m INFO[0m [2mexecuting::dataflow[0m[2m:[0m 529.395992ms:	Data loaded for _LoadArrayIndex
[2m2025-07-29T03:14:52.440360Z[0m [32m INFO[0m [2mexecuting::dataflow[0m[2m:[0m 529.407283ms:	Data loaded for _Return
[2m2025-07-29T03:14:52.627006Z[0m [32m INFO[0m [2mreading::inspect[0m[2m:[0m Delta of (recursive) [Subclass]: ((), (), 8281)
[2m2025-07-29T03:14:52.628260Z[0m [32m INFO[0m [2mreading::inspect[0m[2m:[0m Delta of (recursive) [Superinterface]: ((), (), 5705)
[2m2025-07-29T03:15:06.935938Z[0m [32m INFO[0m [2mreading::inspect[0m[2m:[0m Delta of (recursive) [SubtypeOf]: ((), (), 22017)
[2m2025-07-29T03:15:22.720243Z[0m [32m INFO[0m [2mreading::inspect[0m[2m:[0m Delta of (recursive) [MethodLookup]: ((), (), 145584)
[2m2025-07-29T03:15:31.151179Z[0m [32m INFO[0m [2mreading::inspect[0m[2m:[0m Delta of (recursive) [ArrayIndexPointsTo]: ((), (), 297294)
[2m2025-07-29T03:15:31.151337Z[0m [32m INFO[0m [2mreading::inspect[0m[2m:[0m Delta of (recursive) [Assign]: ((), (), 118258)
[2m2025-07-29T03:15:31.151374Z[0m [32m INFO[0m [2mreading::inspect[0m[2m:[0m Delta of (recursive) [CallGraphEdge]: ((), (), 63141)
[2m2025-07-29T03:15:31.151431Z[0m [32m INFO[0m [2mreading::inspect[0m[2m:[0m Delta of (recursive) [InitializedClass]: ((), (), 1819)
[2m2025-07-29T03:15:31.153077Z[0m [32m INFO[0m [2mreading::inspect[0m[2m:[0m Delta of (recursive) [InstanceFieldPointsTo]: ((), (), 9896541)
[2m2025-07-29T03:15:31.159387Z[0m [32m INFO[0m [2mreading::inspect[0m[2m:[0m Delta of (recursive) [Reachable]: ((), (), 9277)
[2m2025-07-29T03:15:31.159431Z[0m [32m INFO[0m [2mreading::inspect[0m[2m:[0m Delta of (recursive) [StaticFieldPointsTo]: ((), (), 1442)
[2m2025-07-29T03:15:31.160065Z[0m [32m INFO[0m [2mreading::inspect[0m[2m:[0m Delta of (recursive) [VarPointsTo]: ((), (), 41627959)
[2m2025-07-29T03:15:31.160593Z[0m [32m INFO[0m [2mexecuting::dataflow[0m[2m:[0m 39.249611896s:	Dataflow executed
[2m2025-07-29T03:15:31.253834Z[0m [32m INFO[0m [2mexecuting[0m[2m:[0m success query
