[2m2025-07-29T02:57:06.978032Z[0m [32m INFO[0m [2mexecuting::dataflow[0m[2m:[0m 642.31756ms:	Dataflow assembled
[2m2025-07-29T02:57:07.296508Z[0m [32m INFO[0m [2mexecuting::dataflow[0m[2m:[0m 960.805899ms:	Data loaded for DirectSuperclass
[2m2025-07-29T02:57:07.296578Z[0m [32m INFO[0m [2mexecuting::dataflow[0m[2m:[0m 960.884146ms:	Data loaded for DirectSuperinterface
[2m2025-07-29T02:57:07.296587Z[0m [32m INFO[0m [2mexecuting::dataflow[0m[2m:[0m 960.892692ms:	Data loaded for MainClass
[2m2025-07-29T02:57:07.296600Z[0m [32m INFO[0m [2mexecuting::dataflow[0m[2m:[0m 960.905616ms:	Data loaded for FormalParam
[2m2025-07-29T02:57:07.296613Z[0m [32m INFO[0m [2mexecuting::dataflow[0m[2m:[0m 960.918601ms:	Data loaded for ComponentType
[2m2025-07-29T02:57:07.296621Z[0m [32m INFO[0m [2mexecuting::dataflow[0m[2m:[0m 960.926696ms:	Data loaded for AssignReturnValue
[2m2025-07-29T02:57:07.296629Z[0m [32m INFO[0m [2mexecuting::dataflow[0m[2m:[0m 960.935503ms:	Data loaded for ActualParam
[2m2025-07-29T02:57:07.296636Z[0m [32m INFO[0m [2mexecuting::dataflow[0m[2m:[0m 960.942346ms:	Data loaded for Method_Modifier
[2m2025-07-29T02:57:07.296644Z[0m [32m INFO[0m [2mexecuting::dataflow[0m[2m:[0m 960.950311ms:	Data loaded for Var_Type
[2m2025-07-29T02:57:07.296651Z[0m [32m INFO[0m [2mexecuting::dataflow[0m[2m:[0m 960.957524ms:	Data loaded for HeapAllocation_Type
[2m2025-07-29T02:57:07.296661Z[0m [32m INFO[0m [2mexecuting::dataflow[0m[2m:[0m 960.967162ms:	Data loaded for _ClassType
[2m2025-07-29T02:57:07.296677Z[0m [32m INFO[0m [2mexecuting::dataflow[0m[2m:[0m 960.982812ms:	Data loaded for _ArrayType
[2m2025-07-29T02:57:07.296687Z[0m [32m INFO[0m [2mexecuting::dataflow[0m[2m:[0m 960.99256ms:	Data loaded for _InterfaceType
[2m2025-07-29T02:57:07.296694Z[0m [32m INFO[0m [2mexecuting::dataflow[0m[2m:[0m 961.000225ms:	Data loaded for _Var_DeclaringMethod
[2m2025-07-29T02:57:07.296701Z[0m [32m INFO[0m [2mexecuting::dataflow[0m[2m:[0m 961.007328ms:	Data loaded for _ApplicationClass
[2m2025-07-29T02:57:07.296709Z[0m [32m INFO[0m [2mexecuting::dataflow[0m[2m:[0m 961.014802ms:	Data loaded for _ThisVar
[2m2025-07-29T02:57:07.296716Z[0m [32m INFO[0m [2mexecuting::dataflow[0m[2m:[0m 961.021585ms:	Data loaded for _NormalHeap
[2m2025-07-29T02:57:07.296723Z[0m [32m INFO[0m [2mexecuting::dataflow[0m[2m:[0m 961.028578ms:	Data loaded for _StringConstant
[2m2025-07-29T02:57:07.296807Z[0m [32m INFO[0m [2mexecuting::dataflow[0m[2m:[0m 961.113097ms:	Data loaded for _AssignHeapAllocation
[2m2025-07-29T02:57:07.296848Z[0m [32m INFO[0m [2mexecuting::dataflow[0m[2m:[0m 961.154254ms:	Data loaded for _AssignLocal
[2m2025-07-29T02:57:07.296868Z[0m [32m INFO[0m [2mexecuting::dataflow[0m[2m:[0m 961.174382ms:	Data loaded for _AssignCast
[2m2025-07-29T02:57:07.296876Z[0m [32m INFO[0m [2mexecuting::dataflow[0m[2m:[0m 961.182498ms:	Data loaded for _Field
[2m2025-07-29T02:57:07.296889Z[0m [32m INFO[0m [2mexecuting::dataflow[0m[2m:[0m 961.195081ms:	Data loaded for _StaticMethodInvocation
[2m2025-07-29T02:57:07.296947Z[0m [32m INFO[0m [2mexecuting::dataflow[0m[2m:[0m 961.253081ms:	Data loaded for _SpecialMethodInvocation
[2m2025-07-29T02:57:07.296992Z[0m [32m INFO[0m [2mexecuting::dataflow[0m[2m:[0m 961.298226ms:	Data loaded for _VirtualMethodInvocation
[2m2025-07-29T02:57:07.297037Z[0m [32m INFO[0m [2mexecuting::dataflow[0m[2m:[0m 961.343481ms:	Data loaded for _Method
[2m2025-07-29T02:57:07.297049Z[0m [32m INFO[0m [2mexecuting::dataflow[0m[2m:[0m 961.355083ms:	Data loaded for Method_Descriptor
[2m2025-07-29T02:57:07.297071Z[0m [32m INFO[0m [2mexecuting::dataflow[0m[2m:[0m 961.376994ms:	Data loaded for _StoreInstanceField
[2m2025-07-29T02:57:07.297151Z[0m [32m INFO[0m [2mexecuting::dataflow[0m[2m:[0m 961.456894ms:	Data loaded for _LoadInstanceField
[2m2025-07-29T02:57:07.297162Z[0m [32m INFO[0m [2mexecuting::dataflow[0m[2m:[0m 961.468195ms:	Data loaded for _StoreStaticField
[2m2025-07-29T02:57:07.297248Z[0m [32m INFO[0m [2mexecuting::dataflow[0m[2m:[0m 961.554137ms:	Data loaded for _LoadStaticField
[2m2025-07-29T02:57:07.297269Z[0m [32m INFO[0m [2mexecuting::dataflow[0m[2m:[0m 961.575237ms:	Data loaded for _StoreArrayIndex
[2m2025-07-29T02:57:07.297292Z[0m [32m INFO[0m [2mexecuting::dataflow[0m[2m:[0m 961.597719ms:	Data loaded for _LoadArrayIndex
[2m2025-07-29T02:57:07.297310Z[0m [32m INFO[0m [2mexecuting::dataflow[0m[2m:[0m 961.616284ms:	Data loaded for _Return
[2m2025-07-29T02:57:07.513499Z[0m [32m INFO[0m [2mreading::inspect[0m[2m:[0m Delta of (recursive) [Superinterface]: ((), (), 5705)
[2m2025-07-29T02:57:07.514612Z[0m [32m INFO[0m [2mreading::inspect[0m[2m:[0m Delta of (recursive) [Subclass]: ((), (), 8281)
[2m2025-07-29T02:57:07.545370Z[0m [32m INFO[0m [2mreading::inspect[0m[2m:[0m Delta of (recursive) [SubtypeOf]: ((), (), 22017)
[2m2025-07-29T02:57:07.554998Z[0m [32m INFO[0m [2mreading::inspect[0m[2m:[0m Delta of (recursive) [MethodLookup]: ((), (), 145584)
[2m2025-07-29T02:57:29.952030Z[0m [32m INFO[0m [2mreading::inspect[0m[2m:[0m Delta of (recursive) [ArrayIndexPointsTo]: ((), (), 297294)
[2m2025-07-29T02:57:29.967025Z[0m [32m INFO[0m [2mreading::inspect[0m[2m:[0m Delta of (recursive) [Assign]: ((), (), 118258)
[2m2025-07-29T02:57:29.967468Z[0m [32m INFO[0m [2mreading::inspect[0m[2m:[0m Delta of (recursive) [CallGraphEdge]: ((), (), 63141)
[2m2025-07-29T02:57:29.967505Z[0m [32m INFO[0m [2mreading::inspect[0m[2m:[0m Delta of (recursive) [InitializedClass]: ((), (), 1819)
[2m2025-07-29T02:57:29.967742Z[0m [32m INFO[0m [2mreading::inspect[0m[2m:[0m Delta of (recursive) [InstanceFieldPointsTo]: ((), (), 9896541)
[2m2025-07-29T02:57:29.967777Z[0m [32m INFO[0m [2mreading::inspect[0m[2m:[0m Delta of (recursive) [Reachable]: ((), (), 9277)
[2m2025-07-29T02:57:29.967808Z[0m [32m INFO[0m [2mreading::inspect[0m[2m:[0m Delta of (recursive) [StaticFieldPointsTo]: ((), (), 1442)
[2m2025-07-29T02:57:29.970914Z[0m [32m INFO[0m [2mreading::inspect[0m[2m:[0m Delta of (recursive) [VarPointsTo]: ((), (), 41627959)
[2m2025-07-29T02:57:30.019486Z[0m [32m INFO[0m [2mexecuting::dataflow[0m[2m:[0m 23.683542488s:	Dataflow executed
[2m2025-07-29T02:57:30.084098Z[0m [32m INFO[0m [2mexecuting[0m[2m:[0m success query
