[2m2025-07-29T02:57:46.922917Z[0m [32m INFO[0m [2mexecuting::dataflow[0m[2m:[0m 196.414439ms:	Dataflow assembled
[2m2025-07-29T02:57:47.247425Z[0m [32m INFO[0m [2mexecuting::dataflow[0m[2m:[0m 520.935302ms:	Data loaded for DirectSuperclass
[2m2025-07-29T02:57:47.247480Z[0m [32m INFO[0m [2mexecuting::dataflow[0m[2m:[0m 520.996336ms:	Data loaded for DirectSuperinterface
[2m2025-07-29T02:57:47.247493Z[0m [32m INFO[0m [2mexecuting::dataflow[0m[2m:[0m 521.008499ms:	Data loaded for MainClass
[2m2025-07-29T02:57:47.247507Z[0m [32m INFO[0m [2mexecuting::dataflow[0m[2m:[0m 521.022967ms:	Data loaded for FormalParam
[2m2025-07-29T02:57:47.247522Z[0m [32m INFO[0m [2mexecuting::dataflow[0m[2m:[0m 521.037514ms:	Data loaded for ComponentType
[2m2025-07-29T02:57:47.247531Z[0m [32m INFO[0m [2mexecuting::dataflow[0m[2m:[0m 521.046561ms:	Data loaded for AssignReturnValue
[2m2025-07-29T02:57:47.247540Z[0m [32m INFO[0m [2mexecuting::dataflow[0m[2m:[0m 521.05646ms:	Data loaded for ActualParam
[2m2025-07-29T02:57:47.247548Z[0m [32m INFO[0m [2mexecuting::dataflow[0m[2m:[0m 521.064505ms:	Data loaded for Method_Modifier
[2m2025-07-29T02:57:47.247558Z[0m [32m INFO[0m [2mexecuting::dataflow[0m[2m:[0m 521.073692ms:	Data loaded for Var_Type
[2m2025-07-29T02:57:47.247566Z[0m [32m INFO[0m [2mexecuting::dataflow[0m[2m:[0m 521.081747ms:	Data loaded for HeapAllocation_Type
[2m2025-07-29T02:57:47.247579Z[0m [32m INFO[0m [2mexecuting::dataflow[0m[2m:[0m 521.094601ms:	Data loaded for _ClassType
[2m2025-07-29T02:57:47.247596Z[0m [32m INFO[0m [2mexecuting::dataflow[0m[2m:[0m 521.111924ms:	Data loaded for _ArrayType
[2m2025-07-29T02:57:47.247608Z[0m [32m INFO[0m [2mexecuting::dataflow[0m[2m:[0m 521.123907ms:	Data loaded for _InterfaceType
[2m2025-07-29T02:57:47.247618Z[0m [32m INFO[0m [2mexecuting::dataflow[0m[2m:[0m 521.134206ms:	Data loaded for _Var_DeclaringMethod
[2m2025-07-29T02:57:47.247627Z[0m [32m INFO[0m [2mexecuting::dataflow[0m[2m:[0m 521.143273ms:	Data loaded for _ApplicationClass
[2m2025-07-29T02:57:47.247637Z[0m [32m INFO[0m [2mexecuting::dataflow[0m[2m:[0m 521.152761ms:	Data loaded for _ThisVar
[2m2025-07-29T02:57:47.247645Z[0m [32m INFO[0m [2mexecuting::dataflow[0m[2m:[0m 521.161257ms:	Data loaded for _NormalHeap
[2m2025-07-29T02:57:47.247653Z[0m [32m INFO[0m [2mexecuting::dataflow[0m[2m:[0m 521.169482ms:	Data loaded for _StringConstant
[2m2025-07-29T02:57:47.247769Z[0m [32m INFO[0m [2mexecuting::dataflow[0m[2m:[0m 521.28484ms:	Data loaded for _AssignHeapAllocation
[2m2025-07-29T02:57:47.247800Z[0m [32m INFO[0m [2mexecuting::dataflow[0m[2m:[0m 521.316299ms:	Data loaded for _AssignLocal
[2m2025-07-29T02:57:47.247823Z[0m [32m INFO[0m [2mexecuting::dataflow[0m[2m:[0m 521.339152ms:	Data loaded for _AssignCast
[2m2025-07-29T02:57:47.247833Z[0m [32m INFO[0m [2mexecuting::dataflow[0m[2m:[0m 521.34862ms:	Data loaded for _Field
[2m2025-07-29T02:57:47.247845Z[0m [32m INFO[0m [2mexecuting::dataflow[0m[2m:[0m 521.360873ms:	Data loaded for _StaticMethodInvocation
[2m2025-07-29T02:57:47.247867Z[0m [32m INFO[0m [2mexecuting::dataflow[0m[2m:[0m 521.382473ms:	Data loaded for _SpecialMethodInvocation
[2m2025-07-29T02:57:47.247890Z[0m [32m INFO[0m [2mexecuting::dataflow[0m[2m:[0m 521.406308ms:	Data loaded for _VirtualMethodInvocation
[2m2025-07-29T02:57:47.247912Z[0m [32m INFO[0m [2mexecuting::dataflow[0m[2m:[0m 521.427809ms:	Data loaded for _Method
[2m2025-07-29T02:57:47.247927Z[0m [32m INFO[0m [2mexecuting::dataflow[0m[2m:[0m 521.443168ms:	Data loaded for Method_Descriptor
[2m2025-07-29T02:57:47.247950Z[0m [32m INFO[0m [2mexecuting::dataflow[0m[2m:[0m 521.46546ms:	Data loaded for _StoreInstanceField
[2m2025-07-29T02:57:47.248046Z[0m [32m INFO[0m [2mexecuting::dataflow[0m[2m:[0m 521.562352ms:	Data loaded for _LoadInstanceField
[2m2025-07-29T02:57:47.248059Z[0m [32m INFO[0m [2mexecuting::dataflow[0m[2m:[0m 521.574775ms:	Data loaded for _StoreStaticField
[2m2025-07-29T02:57:47.248144Z[0m [32m INFO[0m [2mexecuting::dataflow[0m[2m:[0m 521.659625ms:	Data loaded for _LoadStaticField
[2m2025-07-29T02:57:47.248166Z[0m [32m INFO[0m [2mexecuting::dataflow[0m[2m:[0m 521.682157ms:	Data loaded for _StoreArrayIndex
[2m2025-07-29T02:57:47.248192Z[0m [32m INFO[0m [2mexecuting::dataflow[0m[2m:[0m 521.707635ms:	Data loaded for _LoadArrayIndex
[2m2025-07-29T02:57:47.248203Z[0m [32m INFO[0m [2mexecuting::dataflow[0m[2m:[0m 521.719177ms:	Data loaded for _Return
[2m2025-07-29T02:57:47.420331Z[0m [32m INFO[0m [2mreading::inspect[0m[2m:[0m Delta of (recursive) [Subclass]: ((), (), 8281)
[2m2025-07-29T02:57:47.423042Z[0m [32m INFO[0m [2mreading::inspect[0m[2m:[0m Delta of (recursive) [Superinterface]: ((), (), 5705)
[2m2025-07-29T02:57:47.444827Z[0m [32m INFO[0m [2mreading::inspect[0m[2m:[0m Delta of (recursive) [SubtypeOf]: ((), (), 22017)
[2m2025-07-29T02:57:47.449385Z[0m [32m INFO[0m [2mreading::inspect[0m[2m:[0m Delta of (recursive) [MethodLookup]: ((), (), 145584)
TIMEOUT: Test exceeded 600 seconds limit
