[2m2025-07-29T03:17:15.131675Z[0m [32m INFO[0m [2mexecuting::dataflow[0m[2m:[0m 202.192968ms:	Dataflow assembled
[2m2025-07-29T03:17:15.457001Z[0m [32m INFO[0m [2mexecuting::dataflow[0m[2m:[0m 527.532045ms:	Data loaded for DirectSuperclass
[2m2025-07-29T03:17:15.457076Z[0m [32m INFO[0m [2mexecuting::dataflow[0m[2m:[0m 527.616103ms:	Data loaded for DirectSuperinterface
[2m2025-07-29T03:17:15.457085Z[0m [32m INFO[0m [2mexecuting::dataflow[0m[2m:[0m 527.62493ms:	Data loaded for MainClass
[2m2025-07-29T03:17:15.457099Z[0m [32m INFO[0m [2mexecuting::dataflow[0m[2m:[0m 527.639036ms:	Data loaded for FormalParam
[2m2025-07-29T03:17:15.457113Z[0m [32m INFO[0m [2mexecuting::dataflow[0m[2m:[0m 527.652542ms:	Data loaded for ComponentType
[2m2025-07-29T03:17:15.457122Z[0m [32m INFO[0m [2mexecuting::dataflow[0m[2m:[0m 527.661569ms:	Data loaded for AssignReturnValue
[2m2025-07-29T03:17:15.457132Z[0m [32m INFO[0m [2mexecuting::dataflow[0m[2m:[0m 527.671537ms:	Data loaded for ActualParam
[2m2025-07-29T03:17:15.457139Z[0m [32m INFO[0m [2mexecuting::dataflow[0m[2m:[0m 527.678821ms:	Data loaded for Method_Modifier
[2m2025-07-29T03:17:15.457148Z[0m [32m INFO[0m [2mexecuting::dataflow[0m[2m:[0m 527.688068ms:	Data loaded for Var_Type
[2m2025-07-29T03:17:15.457157Z[0m [32m INFO[0m [2mexecuting::dataflow[0m[2m:[0m 527.696715ms:	Data loaded for HeapAllocation_Type
[2m2025-07-29T03:17:15.457168Z[0m [32m INFO[0m [2mexecuting::dataflow[0m[2m:[0m 527.708056ms:	Data loaded for _ClassType
[2m2025-07-29T03:17:15.457187Z[0m [32m INFO[0m [2mexecuting::dataflow[0m[2m:[0m 527.726811ms:	Data loaded for _ArrayType
[2m2025-07-29T03:17:15.457198Z[0m [32m INFO[0m [2mexecuting::dataflow[0m[2m:[0m 527.738233ms:	Data loaded for _InterfaceType
[2m2025-07-29T03:17:15.457207Z[0m [32m INFO[0m [2mexecuting::dataflow[0m[2m:[0m 527.74712ms:	Data loaded for _Var_DeclaringMethod
[2m2025-07-29T03:17:15.457216Z[0m [32m INFO[0m [2mexecuting::dataflow[0m[2m:[0m 527.755565ms:	Data loaded for _ApplicationClass
[2m2025-07-29T03:17:15.457224Z[0m [32m INFO[0m [2mexecuting::dataflow[0m[2m:[0m 527.763971ms:	Data loaded for _ThisVar
[2m2025-07-29T03:17:15.457232Z[0m [32m INFO[0m [2mexecuting::dataflow[0m[2m:[0m 527.771856ms:	Data loaded for _NormalHeap
[2m2025-07-29T03:17:15.457241Z[0m [32m INFO[0m [2mexecuting::dataflow[0m[2m:[0m 527.780593ms:	Data loaded for _StringConstant
[2m2025-07-29T03:17:15.457339Z[0m [32m INFO[0m [2mexecuting::dataflow[0m[2m:[0m 527.879008ms:	Data loaded for _AssignHeapAllocation
[2m2025-07-29T03:17:15.457366Z[0m [32m INFO[0m [2mexecuting::dataflow[0m[2m:[0m 527.905888ms:	Data loaded for _AssignLocal
[2m2025-07-29T03:17:15.457388Z[0m [32m INFO[0m [2mexecuting::dataflow[0m[2m:[0m 527.927649ms:	Data loaded for _AssignCast
[2m2025-07-29T03:17:15.457396Z[0m [32m INFO[0m [2mexecuting::dataflow[0m[2m:[0m 527.935865ms:	Data loaded for _Field
[2m2025-07-29T03:17:15.457408Z[0m [32m INFO[0m [2mexecuting::dataflow[0m[2m:[0m 527.947857ms:	Data loaded for _StaticMethodInvocation
[2m2025-07-29T03:17:15.457431Z[0m [32m INFO[0m [2mexecuting::dataflow[0m[2m:[0m 527.970821ms:	Data loaded for _SpecialMethodInvocation
[2m2025-07-29T03:17:15.457455Z[0m [32m INFO[0m [2mexecuting::dataflow[0m[2m:[0m 527.994796ms:	Data loaded for _VirtualMethodInvocation
[2m2025-07-29T03:17:15.457476Z[0m [32m INFO[0m [2mexecuting::dataflow[0m[2m:[0m 528.016086ms:	Data loaded for _Method
[2m2025-07-29T03:17:15.457490Z[0m [32m INFO[0m [2mexecuting::dataflow[0m[2m:[0m 528.030283ms:	Data loaded for Method_Descriptor
[2m2025-07-29T03:17:15.457513Z[0m [32m INFO[0m [2mexecuting::dataflow[0m[2m:[0m 528.052775ms:	Data loaded for _StoreInstanceField
[2m2025-07-29T03:17:15.457579Z[0m [32m INFO[0m [2mexecuting::dataflow[0m[2m:[0m 528.118659ms:	Data loaded for _LoadInstanceField
[2m2025-07-29T03:17:15.457590Z[0m [32m INFO[0m [2mexecuting::dataflow[0m[2m:[0m 528.130201ms:	Data loaded for _StoreStaticField
[2m2025-07-29T03:17:15.457674Z[0m [32m INFO[0m [2mexecuting::dataflow[0m[2m:[0m 528.213367ms:	Data loaded for _LoadStaticField
[2m2025-07-29T03:17:15.457699Z[0m [32m INFO[0m [2mexecuting::dataflow[0m[2m:[0m 528.239236ms:	Data loaded for _StoreArrayIndex
[2m2025-07-29T03:17:15.457720Z[0m [32m INFO[0m [2mexecuting::dataflow[0m[2m:[0m 528.259554ms:	Data loaded for _LoadArrayIndex
[2m2025-07-29T03:17:15.457731Z[0m [32m INFO[0m [2mexecuting::dataflow[0m[2m:[0m 528.270535ms:	Data loaded for _Return
[2m2025-07-29T03:17:15.647487Z[0m [32m INFO[0m [2mreading::inspect[0m[2m:[0m Delta of (recursive) [Subclass]: ((), (), 8281)
[2m2025-07-29T03:17:15.650205Z[0m [32m INFO[0m [2mreading::inspect[0m[2m:[0m Delta of (recursive) [Superinterface]: ((), (), 5705)
[2m2025-07-29T03:17:30.737876Z[0m [32m INFO[0m [2mreading::inspect[0m[2m:[0m Delta of (recursive) [SubtypeOf]: ((), (), 22017)
[2m2025-07-29T03:17:45.985247Z[0m [32m INFO[0m [2mreading::inspect[0m[2m:[0m Delta of (recursive) [MethodLookup]: ((), (), 145584)
[2m2025-07-29T03:17:54.304224Z[0m [32m INFO[0m [2mreading::inspect[0m[2m:[0m Delta of (recursive) [ArrayIndexPointsTo]: ((), (), 297294)
[2m2025-07-29T03:17:54.304842Z[0m [32m INFO[0m [2mreading::inspect[0m[2m:[0m Delta of (recursive) [Assign]: ((), (), 118258)
[2m2025-07-29T03:17:54.304963Z[0m [32m INFO[0m [2mreading::inspect[0m[2m:[0m Delta of (recursive) [CallGraphEdge]: ((), (), 63141)
[2m2025-07-29T03:17:54.305128Z[0m [32m INFO[0m [2mreading::inspect[0m[2m:[0m Delta of (recursive) [InitializedClass]: ((), (), 1819)
[2m2025-07-29T03:17:54.306654Z[0m [32m INFO[0m [2mreading::inspect[0m[2m:[0m Delta of (recursive) [InstanceFieldPointsTo]: ((), (), 9896541)
[2m2025-07-29T03:17:54.306717Z[0m [32m INFO[0m [2mreading::inspect[0m[2m:[0m Delta of (recursive) [Reachable]: ((), (), 9277)
[2m2025-07-29T03:17:54.306753Z[0m [32m INFO[0m [2mreading::inspect[0m[2m:[0m Delta of (recursive) [StaticFieldPointsTo]: ((), (), 1442)
[2m2025-07-29T03:17:54.313102Z[0m [32m INFO[0m [2mreading::inspect[0m[2m:[0m Delta of (recursive) [VarPointsTo]: ((), (), 41627959)
[2m2025-07-29T03:17:54.339164Z[0m [32m INFO[0m [2mexecuting::dataflow[0m[2m:[0m 39.394674412s:	Dataflow executed
[2m2025-07-29T03:17:54.634380Z[0m [32m INFO[0m [2mexecuting[0m[2m:[0m success query
