[2m2025-07-29T03:13:54.289725Z[0m [32m INFO[0m [2mexecuting::dataflow[0m[2m:[0m 202.787091ms:	Dataflow assembled
[2m2025-07-29T03:13:54.697767Z[0m [32m INFO[0m [2mexecuting::dataflow[0m[2m:[0m 610.841422ms:	Data loaded for DirectSuperclass
[2m2025-07-29T03:13:54.697833Z[0m [32m INFO[0m [2mexecuting::dataflow[0m[2m:[0m 610.91502ms:	Data loaded for DirectSuperinterface
[2m2025-07-29T03:13:54.697846Z[0m [32m INFO[0m [2mexecuting::dataflow[0m[2m:[0m 610.928425ms:	Data loaded for MainClass
[2m2025-07-29T03:13:54.697862Z[0m [32m INFO[0m [2mexecuting::dataflow[0m[2m:[0m 610.944145ms:	Data loaded for FormalParam
[2m2025-07-29T03:13:54.697873Z[0m [32m INFO[0m [2mexecuting::dataflow[0m[2m:[0m 610.955506ms:	Data loaded for ComponentType
[2m2025-07-29T03:13:54.697880Z[0m [32m INFO[0m [2mexecuting::dataflow[0m[2m:[0m 610.96268ms:	Data loaded for AssignReturnValue
[2m2025-07-29T03:13:54.697889Z[0m [32m INFO[0m [2mexecuting::dataflow[0m[2m:[0m 610.971647ms:	Data loaded for ActualParam
[2m2025-07-29T03:13:54.697896Z[0m [32m INFO[0m [2mexecuting::dataflow[0m[2m:[0m 610.978369ms:	Data loaded for Method_Modifier
[2m2025-07-29T03:13:54.697904Z[0m [32m INFO[0m [2mexecuting::dataflow[0m[2m:[0m 610.986194ms:	Data loaded for Var_Type
[2m2025-07-29T03:13:54.697920Z[0m [32m INFO[0m [2mexecuting::dataflow[0m[2m:[0m 611.001944ms:	Data loaded for HeapAllocation_Type
[2m2025-07-29T03:13:54.697933Z[0m [32m INFO[0m [2mexecuting::dataflow[0m[2m:[0m 611.015149ms:	Data loaded for _ClassType
[2m2025-07-29T03:13:54.697947Z[0m [32m INFO[0m [2mexecuting::dataflow[0m[2m:[0m 611.029786ms:	Data loaded for _ArrayType
[2m2025-07-29T03:13:54.697957Z[0m [32m INFO[0m [2mexecuting::dataflow[0m[2m:[0m 611.039194ms:	Data loaded for _InterfaceType
[2m2025-07-29T03:13:54.697964Z[0m [32m INFO[0m [2mexecuting::dataflow[0m[2m:[0m 611.046938ms:	Data loaded for _Var_DeclaringMethod
[2m2025-07-29T03:13:54.697971Z[0m [32m INFO[0m [2mexecuting::dataflow[0m[2m:[0m 611.053892ms:	Data loaded for _ApplicationClass
[2m2025-07-29T03:13:54.697979Z[0m [32m INFO[0m [2mexecuting::dataflow[0m[2m:[0m 611.060995ms:	Data loaded for _ThisVar
[2m2025-07-29T03:13:54.697985Z[0m [32m INFO[0m [2mexecuting::dataflow[0m[2m:[0m 611.067377ms:	Data loaded for _NormalHeap
[2m2025-07-29T03:13:54.697992Z[0m [32m INFO[0m [2mexecuting::dataflow[0m[2m:[0m 611.07454ms:	Data loaded for _StringConstant
[2m2025-07-29T03:13:54.698070Z[0m [32m INFO[0m [2mexecuting::dataflow[0m[2m:[0m 611.152678ms:	Data loaded for _AssignHeapAllocation
[2m2025-07-29T03:13:54.698120Z[0m [32m INFO[0m [2mexecuting::dataflow[0m[2m:[0m 611.202702ms:	Data loaded for _AssignLocal
[2m2025-07-29T03:13:54.698141Z[0m [32m INFO[0m [2mexecuting::dataflow[0m[2m:[0m 611.223441ms:	Data loaded for _AssignCast
[2m2025-07-29T03:13:54.698150Z[0m [32m INFO[0m [2mexecuting::dataflow[0m[2m:[0m 611.232939ms:	Data loaded for _Field
[2m2025-07-29T03:13:54.698162Z[0m [32m INFO[0m [2mexecuting::dataflow[0m[2m:[0m 611.244751ms:	Data loaded for _StaticMethodInvocation
[2m2025-07-29T03:13:54.698199Z[0m [32m INFO[0m [2mexecuting::dataflow[0m[2m:[0m 611.281109ms:	Data loaded for _SpecialMethodInvocation
[2m2025-07-29T03:13:54.698220Z[0m [32m INFO[0m [2mexecuting::dataflow[0m[2m:[0m 611.302459ms:	Data loaded for _VirtualMethodInvocation
[2m2025-07-29T03:13:54.698243Z[0m [32m INFO[0m [2mexecuting::dataflow[0m[2m:[0m 611.325423ms:	Data loaded for _Method
[2m2025-07-29T03:13:54.698256Z[0m [32m INFO[0m [2mexecuting::dataflow[0m[2m:[0m 611.338587ms:	Data loaded for Method_Descriptor
[2m2025-07-29T03:13:54.698277Z[0m [32m INFO[0m [2mexecuting::dataflow[0m[2m:[0m 611.359517ms:	Data loaded for _StoreInstanceField
[2m2025-07-29T03:13:54.698352Z[0m [32m INFO[0m [2mexecuting::dataflow[0m[2m:[0m 611.434358ms:	Data loaded for _LoadInstanceField
[2m2025-07-29T03:13:54.698361Z[0m [32m INFO[0m [2mexecuting::dataflow[0m[2m:[0m 611.443535ms:	Data loaded for _StoreStaticField
[2m2025-07-29T03:13:54.698424Z[0m [32m INFO[0m [2mexecuting::dataflow[0m[2m:[0m 611.506904ms:	Data loaded for _LoadStaticField
[2m2025-07-29T03:13:54.698439Z[0m [32m INFO[0m [2mexecuting::dataflow[0m[2m:[0m 611.521261ms:	Data loaded for _StoreArrayIndex
[2m2025-07-29T03:13:54.698450Z[0m [32m INFO[0m [2mexecuting::dataflow[0m[2m:[0m 611.532192ms:	Data loaded for _LoadArrayIndex
[2m2025-07-29T03:13:54.698459Z[0m [32m INFO[0m [2mexecuting::dataflow[0m[2m:[0m 611.54176ms:	Data loaded for _Return
[2m2025-07-29T03:13:54.818926Z[0m [32m INFO[0m [2mreading::inspect[0m[2m:[0m Delta of (recursive) [Subclass]: ((), (), 8281)
[2m2025-07-29T03:13:54.820195Z[0m [32m INFO[0m [2mreading::inspect[0m[2m:[0m Delta of (recursive) [Superinterface]: ((), (), 5705)
[2m2025-07-29T03:13:54.841638Z[0m [32m INFO[0m [2mreading::inspect[0m[2m:[0m Delta of (recursive) [SubtypeOf]: ((), (), 22017)
[2m2025-07-29T03:13:54.844264Z[0m [32m INFO[0m [2mreading::inspect[0m[2m:[0m Delta of (recursive) [MethodLookup]: ((), (), 145584)
[2m2025-07-29T03:14:12.035991Z[0m [32m INFO[0m [2mreading::inspect[0m[2m:[0m Delta of (recursive) [InstanceFieldPointsTo]: ((), (), 9896541)
[2m2025-07-29T03:14:12.036072Z[0m [32m INFO[0m [2mreading::inspect[0m[2m:[0m Delta of (recursive) [Reachable]: ((), (), 9277)
[2m2025-07-29T03:14:12.036101Z[0m [32m INFO[0m [2mreading::inspect[0m[2m:[0m Delta of (recursive) [StaticFieldPointsTo]: ((), (), 1442)
[2m2025-07-29T03:14:12.036595Z[0m [32m INFO[0m [2mreading::inspect[0m[2m:[0m Delta of (recursive) [VarPointsTo]: ((), (), 41627959)
[2m2025-07-29T03:14:12.036702Z[0m [32m INFO[0m [2mreading::inspect[0m[2m:[0m Delta of (recursive) [ArrayIndexPointsTo]: ((), (), 297294)
[2m2025-07-29T03:14:12.036721Z[0m [32m INFO[0m [2mreading::inspect[0m[2m:[0m Delta of (recursive) [Assign]: ((), (), 118258)
[2m2025-07-29T03:14:12.036731Z[0m [32m INFO[0m [2mreading::inspect[0m[2m:[0m Delta of (recursive) [CallGraphEdge]: ((), (), 63141)
[2m2025-07-29T03:14:12.036741Z[0m [32m INFO[0m [2mreading::inspect[0m[2m:[0m Delta of (recursive) [InitializedClass]: ((), (), 1819)
[2m2025-07-29T03:14:12.065494Z[0m [32m INFO[0m [2mexecuting::dataflow[0m[2m:[0m 17.977907309s:	Dataflow executed
[2m2025-07-29T03:14:12.187874Z[0m [32m INFO[0m [2mexecuting[0m[2m:[0m success query
