[2m2025-07-29T02:48:27.136294Z[0m [32m INFO[0m [2mexecuting::dataflow[0m[2m:[0m 675.734685ms:	Dataflow assembled
[2m2025-07-29T02:48:27.445651Z[0m [32m INFO[0m [2mexecuting::dataflow[0m[2m:[0m 985.107119ms:	Data loaded for DirectSuperclass
[2m2025-07-29T02:48:27.445702Z[0m [32m INFO[0m [2mexecuting::dataflow[0m[2m:[0m 985.164527ms:	Data loaded for DirectSuperinterface
[2m2025-07-29T02:48:27.445711Z[0m [32m INFO[0m [2mexecuting::dataflow[0m[2m:[0m 985.174045ms:	Data loaded for MainClass
[2m2025-07-29T02:48:27.445721Z[0m [32m INFO[0m [2mexecuting::dataflow[0m[2m:[0m 985.184013ms:	Data loaded for FormalParam
[2m2025-07-29T02:48:27.445735Z[0m [32m INFO[0m [2mexecuting::dataflow[0m[2m:[0m 985.197829ms:	Data loaded for ComponentType
[2m2025-07-29T02:48:27.445743Z[0m [32m INFO[0m [2mexecuting::dataflow[0m[2m:[0m 985.206155ms:	Data loaded for AssignReturnValue
[2m2025-07-29T02:48:27.445752Z[0m [32m INFO[0m [2mexecuting::dataflow[0m[2m:[0m 985.215282ms:	Data loaded for ActualParam
[2m2025-07-29T02:48:27.445760Z[0m [32m INFO[0m [2mexecuting::dataflow[0m[2m:[0m 985.222837ms:	Data loaded for Method_Modifier
[2m2025-07-29T02:48:27.445769Z[0m [32m INFO[0m [2mexecuting::dataflow[0m[2m:[0m 985.232044ms:	Data loaded for Var_Type
[2m2025-07-29T02:48:27.445778Z[0m [32m INFO[0m [2mexecuting::dataflow[0m[2m:[0m 985.24056ms:	Data loaded for HeapAllocation_Type
[2m2025-07-29T02:48:27.445789Z[0m [32m INFO[0m [2mexecuting::dataflow[0m[2m:[0m 985.251651ms:	Data loaded for _ClassType
[2m2025-07-29T02:48:27.445805Z[0m [32m INFO[0m [2mexecuting::dataflow[0m[2m:[0m 985.268432ms:	Data loaded for _ArrayType
[2m2025-07-29T02:48:27.445816Z[0m [32m INFO[0m [2mexecuting::dataflow[0m[2m:[0m 985.279203ms:	Data loaded for _InterfaceType
[2m2025-07-29T02:48:27.445825Z[0m [32m INFO[0m [2mexecuting::dataflow[0m[2m:[0m 985.28836ms:	Data loaded for _Var_DeclaringMethod
[2m2025-07-29T02:48:27.445834Z[0m [32m INFO[0m [2mexecuting::dataflow[0m[2m:[0m 985.296615ms:	Data loaded for _ApplicationClass
[2m2025-07-29T02:48:27.445841Z[0m [32m INFO[0m [2mexecuting::dataflow[0m[2m:[0m 985.30449ms:	Data loaded for _ThisVar
[2m2025-07-29T02:48:27.445849Z[0m [32m INFO[0m [2mexecuting::dataflow[0m[2m:[0m 985.312054ms:	Data loaded for _NormalHeap
[2m2025-07-29T02:48:27.445857Z[0m [32m INFO[0m [2mexecuting::dataflow[0m[2m:[0m 985.319969ms:	Data loaded for _StringConstant
[2m2025-07-29T02:48:27.445890Z[0m [32m INFO[0m [2mexecuting::dataflow[0m[2m:[0m 985.353482ms:	Data loaded for _AssignHeapAllocation
[2m2025-07-29T02:48:27.445925Z[0m [32m INFO[0m [2mexecuting::dataflow[0m[2m:[0m 985.387567ms:	Data loaded for _AssignLocal
[2m2025-07-29T02:48:27.445948Z[0m [32m INFO[0m [2mexecuting::dataflow[0m[2m:[0m 985.41066ms:	Data loaded for _AssignCast
[2m2025-07-29T02:48:27.445956Z[0m [32m INFO[0m [2mexecuting::dataflow[0m[2m:[0m 985.419166ms:	Data loaded for _Field
[2m2025-07-29T02:48:27.445968Z[0m [32m INFO[0m [2mexecuting::dataflow[0m[2m:[0m 985.431329ms:	Data loaded for _StaticMethodInvocation
[2m2025-07-29T02:48:27.445991Z[0m [32m INFO[0m [2mexecuting::dataflow[0m[2m:[0m 985.454252ms:	Data loaded for _SpecialMethodInvocation
[2m2025-07-29T02:48:27.446014Z[0m [32m INFO[0m [2mexecuting::dataflow[0m[2m:[0m 985.477145ms:	Data loaded for _VirtualMethodInvocation
[2m2025-07-29T02:48:27.446034Z[0m [32m INFO[0m [2mexecuting::dataflow[0m[2m:[0m 985.496582ms:	Data loaded for _Method
[2m2025-07-29T02:48:27.446045Z[0m [32m INFO[0m [2mexecuting::dataflow[0m[2m:[0m 985.507823ms:	Data loaded for Method_Descriptor
[2m2025-07-29T02:48:27.446066Z[0m [32m INFO[0m [2mexecuting::dataflow[0m[2m:[0m 985.529053ms:	Data loaded for _StoreInstanceField
[2m2025-07-29T02:48:27.446104Z[0m [32m INFO[0m [2mexecuting::dataflow[0m[2m:[0m 985.566664ms:	Data loaded for _LoadInstanceField
[2m2025-07-29T02:48:27.446114Z[0m [32m INFO[0m [2mexecuting::dataflow[0m[2m:[0m 985.577223ms:	Data loaded for _StoreStaticField
[2m2025-07-29T02:48:27.446165Z[0m [32m INFO[0m [2mexecuting::dataflow[0m[2m:[0m 985.627719ms:	Data loaded for _LoadStaticField
[2m2025-07-29T02:48:27.446180Z[0m [32m INFO[0m [2mexecuting::dataflow[0m[2m:[0m 985.643138ms:	Data loaded for _StoreArrayIndex
[2m2025-07-29T02:48:27.446192Z[0m [32m INFO[0m [2mexecuting::dataflow[0m[2m:[0m 985.654719ms:	Data loaded for _LoadArrayIndex
[2m2025-07-29T02:48:27.446203Z[0m [32m INFO[0m [2mexecuting::dataflow[0m[2m:[0m 985.666031ms:	Data loaded for _Return
[2m2025-07-29T02:48:27.706592Z[0m [32m INFO[0m [2mreading::inspect[0m[2m:[0m Delta of (recursive) [Superinterface]: ((), (), 5705)
[2m2025-07-29T02:48:27.707286Z[0m [32m INFO[0m [2mreading::inspect[0m[2m:[0m Delta of (recursive) [Subclass]: ((), (), 8281)
[2m2025-07-29T02:48:27.738186Z[0m [32m INFO[0m [2mreading::inspect[0m[2m:[0m Delta of (recursive) [SubtypeOf]: ((), (), 22017)
[2m2025-07-29T02:48:27.744001Z[0m [32m INFO[0m [2mreading::inspect[0m[2m:[0m Delta of (recursive) [MethodLookup]: ((), (), 145584)
[2m2025-07-29T02:48:53.587314Z[0m [32m INFO[0m [2mreading::inspect[0m[2m:[0m Delta of (recursive) [VarPointsTo]: ((), (), 41627959)
[2m2025-07-29T02:48:53.587474Z[0m [32m INFO[0m [2mreading::inspect[0m[2m:[0m Delta of (recursive) [ArrayIndexPointsTo]: ((), (), 297294)
[2m2025-07-29T02:48:53.587491Z[0m [32m INFO[0m [2mreading::inspect[0m[2m:[0m Delta of (recursive) [Assign]: ((), (), 118258)
[2m2025-07-29T02:48:53.587506Z[0m [32m INFO[0m [2mreading::inspect[0m[2m:[0m Delta of (recursive) [CallGraphEdge]: ((), (), 63141)
[2m2025-07-29T02:48:53.587517Z[0m [32m INFO[0m [2mreading::inspect[0m[2m:[0m Delta of (recursive) [InitializedClass]: ((), (), 1819)
[2m2025-07-29T02:48:53.587529Z[0m [32m INFO[0m [2mreading::inspect[0m[2m:[0m Delta of (recursive) [InstanceFieldPointsTo]: ((), (), 9896541)
[2m2025-07-29T02:48:53.587541Z[0m [32m INFO[0m [2mreading::inspect[0m[2m:[0m Delta of (recursive) [Reachable]: ((), (), 9277)
[2m2025-07-29T02:48:53.587557Z[0m [32m INFO[0m [2mreading::inspect[0m[2m:[0m Delta of (recursive) [StaticFieldPointsTo]: ((), (), 1442)
[2m2025-07-29T02:48:53.622038Z[0m [32m INFO[0m [2mexecuting::dataflow[0m[2m:[0m 27.161106112s:	Dataflow executed
[2m2025-07-29T02:48:53.739531Z[0m [32m INFO[0m [2mexecuting[0m[2m:[0m success query
