[2m2025-07-29T03:15:37.263127Z[0m [32m INFO[0m [2mexecuting::dataflow[0m[2m:[0m 656.519766ms:	Dataflow assembled
[2m2025-07-29T03:15:37.575272Z[0m [32m INFO[0m [2mexecuting::dataflow[0m[2m:[0m 968.677615ms:	Data loaded for DirectSuperclass
[2m2025-07-29T03:15:37.575321Z[0m [32m INFO[0m [2mexecuting::dataflow[0m[2m:[0m 968.733259ms:	Data loaded for DirectSuperinterface
[2m2025-07-29T03:15:37.575333Z[0m [32m INFO[0m [2mexecuting::dataflow[0m[2m:[0m 968.74439ms:	Data loaded for MainClass
[2m2025-07-29T03:15:37.575348Z[0m [32m INFO[0m [2mexecuting::dataflow[0m[2m:[0m 968.76036ms:	Data loaded for FormalParam
[2m2025-07-29T03:15:37.575360Z[0m [32m INFO[0m [2mexecuting::dataflow[0m[2m:[0m 968.772113ms:	Data loaded for ComponentType
[2m2025-07-29T03:15:37.575368Z[0m [32m INFO[0m [2mexecuting::dataflow[0m[2m:[0m 968.779907ms:	Data loaded for AssignReturnValue
[2m2025-07-29T03:15:37.575377Z[0m [32m INFO[0m [2mexecuting::dataflow[0m[2m:[0m 968.788564ms:	Data loaded for ActualParam
[2m2025-07-29T03:15:37.575383Z[0m [32m INFO[0m [2mexecuting::dataflow[0m[2m:[0m 968.795026ms:	Data loaded for Method_Modifier
[2m2025-07-29T03:15:37.575392Z[0m [32m INFO[0m [2mexecuting::dataflow[0m[2m:[0m 968.803502ms:	Data loaded for Var_Type
[2m2025-07-29T03:15:37.575399Z[0m [32m INFO[0m [2mexecuting::dataflow[0m[2m:[0m 968.810966ms:	Data loaded for HeapAllocation_Type
[2m2025-07-29T03:15:37.575410Z[0m [32m INFO[0m [2mexecuting::dataflow[0m[2m:[0m 968.821766ms:	Data loaded for _ClassType
[2m2025-07-29T03:15:37.575425Z[0m [32m INFO[0m [2mexecuting::dataflow[0m[2m:[0m 968.836714ms:	Data loaded for _ArrayType
[2m2025-07-29T03:15:37.575435Z[0m [32m INFO[0m [2mexecuting::dataflow[0m[2m:[0m 968.846442ms:	Data loaded for _InterfaceType
[2m2025-07-29T03:15:37.575442Z[0m [32m INFO[0m [2mexecuting::dataflow[0m[2m:[0m 968.853957ms:	Data loaded for _Var_DeclaringMethod
[2m2025-07-29T03:15:37.575450Z[0m [32m INFO[0m [2mexecuting::dataflow[0m[2m:[0m 968.861551ms:	Data loaded for _ApplicationClass
[2m2025-07-29T03:15:37.575457Z[0m [32m INFO[0m [2mexecuting::dataflow[0m[2m:[0m 968.869205ms:	Data loaded for _ThisVar
[2m2025-07-29T03:15:37.575464Z[0m [32m INFO[0m [2mexecuting::dataflow[0m[2m:[0m 968.875687ms:	Data loaded for _NormalHeap
[2m2025-07-29T03:15:37.575471Z[0m [32m INFO[0m [2mexecuting::dataflow[0m[2m:[0m 968.882991ms:	Data loaded for _StringConstant
[2m2025-07-29T03:15:37.575542Z[0m [32m INFO[0m [2mexecuting::dataflow[0m[2m:[0m 968.953935ms:	Data loaded for _AssignHeapAllocation
[2m2025-07-29T03:15:37.575582Z[0m [32m INFO[0m [2mexecuting::dataflow[0m[2m:[0m 968.99414ms:	Data loaded for _AssignLocal
[2m2025-07-29T03:15:37.575603Z[0m [32m INFO[0m [2mexecuting::dataflow[0m[2m:[0m 969.014479ms:	Data loaded for _AssignCast
[2m2025-07-29T03:15:37.575611Z[0m [32m INFO[0m [2mexecuting::dataflow[0m[2m:[0m 969.023215ms:	Data loaded for _Field
[2m2025-07-29T03:15:37.575623Z[0m [32m INFO[0m [2mexecuting::dataflow[0m[2m:[0m 969.035138ms:	Data loaded for _StaticMethodInvocation
[2m2025-07-29T03:15:37.575676Z[0m [32m INFO[0m [2mexecuting::dataflow[0m[2m:[0m 969.088147ms:	Data loaded for _SpecialMethodInvocation
[2m2025-07-29T03:15:37.575721Z[0m [32m INFO[0m [2mexecuting::dataflow[0m[2m:[0m 969.133312ms:	Data loaded for _VirtualMethodInvocation
[2m2025-07-29T03:15:37.575743Z[0m [32m INFO[0m [2mexecuting::dataflow[0m[2m:[0m 969.154532ms:	Data loaded for _Method
[2m2025-07-29T03:15:37.575753Z[0m [32m INFO[0m [2mexecuting::dataflow[0m[2m:[0m 969.164992ms:	Data loaded for Method_Descriptor
[2m2025-07-29T03:15:37.575773Z[0m [32m INFO[0m [2mexecuting::dataflow[0m[2m:[0m 969.18506ms:	Data loaded for _StoreInstanceField
[2m2025-07-29T03:15:37.575856Z[0m [32m INFO[0m [2mexecuting::dataflow[0m[2m:[0m 969.267886ms:	Data loaded for _LoadInstanceField
[2m2025-07-29T03:15:37.575867Z[0m [32m INFO[0m [2mexecuting::dataflow[0m[2m:[0m 969.278536ms:	Data loaded for _StoreStaticField
[2m2025-07-29T03:15:37.575931Z[0m [32m INFO[0m [2mexecuting::dataflow[0m[2m:[0m 969.343127ms:	Data loaded for _LoadStaticField
[2m2025-07-29T03:15:37.575950Z[0m [32m INFO[0m [2mexecuting::dataflow[0m[2m:[0m 969.362303ms:	Data loaded for _StoreArrayIndex
[2m2025-07-29T03:15:37.575975Z[0m [32m INFO[0m [2mexecuting::dataflow[0m[2m:[0m 969.386739ms:	Data loaded for _LoadArrayIndex
[2m2025-07-29T03:15:37.575990Z[0m [32m INFO[0m [2mexecuting::dataflow[0m[2m:[0m 969.401527ms:	Data loaded for _Return
[2m2025-07-29T03:15:37.840702Z[0m [32m INFO[0m [2mreading::inspect[0m[2m:[0m Delta of (recursive) [Superinterface]: ((), (), 5705)
[2m2025-07-29T03:15:37.842657Z[0m [32m INFO[0m [2mreading::inspect[0m[2m:[0m Delta of (recursive) [Subclass]: ((), (), 8281)
[2m2025-07-29T03:15:37.876278Z[0m [32m INFO[0m [2mreading::inspect[0m[2m:[0m Delta of (recursive) [SubtypeOf]: ((), (), 22017)
[2m2025-07-29T03:15:37.883831Z[0m [32m INFO[0m [2mreading::inspect[0m[2m:[0m Delta of (recursive) [MethodLookup]: ((), (), 145584)
[2m2025-07-29T03:15:58.386261Z[0m [32m INFO[0m [2mreading::inspect[0m[2m:[0m Delta of (recursive) [ArrayIndexPointsTo]: ((), (), 297294)
[2m2025-07-29T03:15:58.386370Z[0m [32m INFO[0m [2mreading::inspect[0m[2m:[0m Delta of (recursive) [Assign]: ((), (), 118258)
[2m2025-07-29T03:15:58.386410Z[0m [32m INFO[0m [2mreading::inspect[0m[2m:[0m Delta of (recursive) [CallGraphEdge]: ((), (), 63141)
[2m2025-07-29T03:15:58.386460Z[0m [32m INFO[0m [2mreading::inspect[0m[2m:[0m Delta of (recursive) [InitializedClass]: ((), (), 1819)
[2m2025-07-29T03:15:58.386667Z[0m [32m INFO[0m [2mreading::inspect[0m[2m:[0m Delta of (recursive) [InstanceFieldPointsTo]: ((), (), 9896541)
[2m2025-07-29T03:15:58.386697Z[0m [32m INFO[0m [2mreading::inspect[0m[2m:[0m Delta of (recursive) [Reachable]: ((), (), 9277)
[2m2025-07-29T03:15:58.386730Z[0m [32m INFO[0m [2mreading::inspect[0m[2m:[0m Delta of (recursive) [StaticFieldPointsTo]: ((), (), 1442)
[2m2025-07-29T03:15:58.389496Z[0m [32m INFO[0m [2mreading::inspect[0m[2m:[0m Delta of (recursive) [VarPointsTo]: ((), (), 41627959)
[2m2025-07-29T03:15:58.456181Z[0m [32m INFO[0m [2mexecuting::dataflow[0m[2m:[0m 21.849470956s:	Dataflow executed
[2m2025-07-29T03:15:58.577602Z[0m [32m INFO[0m [2mexecuting[0m[2m:[0m success query
