[2m2025-07-29T03:14:18.148975Z[0m [32m INFO[0m [2mexecuting::dataflow[0m[2m:[0m 642.250753ms:	Dataflow assembled
[2m2025-07-29T03:14:18.458767Z[0m [32m INFO[0m [2mexecuting::dataflow[0m[2m:[0m 952.048652ms:	Data loaded for DirectSuperclass
[2m2025-07-29T03:14:18.458842Z[0m [32m INFO[0m [2mexecuting::dataflow[0m[2m:[0m 952.133852ms:	Data loaded for DirectSuperinterface
[2m2025-07-29T03:14:18.458850Z[0m [32m INFO[0m [2mexecuting::dataflow[0m[2m:[0m 952.142548ms:	Data loaded for MainClass
[2m2025-07-29T03:14:18.458865Z[0m [32m INFO[0m [2mexecuting::dataflow[0m[2m:[0m 952.157547ms:	Data loaded for FormalParam
[2m2025-07-29T03:14:18.458878Z[0m [32m INFO[0m [2mexecuting::dataflow[0m[2m:[0m 952.170551ms:	Data loaded for ComponentType
[2m2025-07-29T03:14:18.458886Z[0m [32m INFO[0m [2mexecuting::dataflow[0m[2m:[0m 952.178075ms:	Data loaded for AssignReturnValue
[2m2025-07-29T03:14:18.458894Z[0m [32m INFO[0m [2mexecuting::dataflow[0m[2m:[0m 952.186651ms:	Data loaded for ActualParam
[2m2025-07-29T03:14:18.458901Z[0m [32m INFO[0m [2mexecuting::dataflow[0m[2m:[0m 952.193514ms:	Data loaded for Method_Modifier
[2m2025-07-29T03:14:18.458909Z[0m [32m INFO[0m [2mexecuting::dataflow[0m[2m:[0m 952.201199ms:	Data loaded for Var_Type
[2m2025-07-29T03:14:18.458916Z[0m [32m INFO[0m [2mexecuting::dataflow[0m[2m:[0m 952.207962ms:	Data loaded for HeapAllocation_Type
[2m2025-07-29T03:14:18.458926Z[0m [32m INFO[0m [2mexecuting::dataflow[0m[2m:[0m 952.21782ms:	Data loaded for _ClassType
[2m2025-07-29T03:14:18.458964Z[0m [32m INFO[0m [2mexecuting::dataflow[0m[2m:[0m 952.256252ms:	Data loaded for _ArrayType
[2m2025-07-29T03:14:18.458973Z[0m [32m INFO[0m [2mexecuting::dataflow[0m[2m:[0m 952.26575ms:	Data loaded for _InterfaceType
[2m2025-07-29T03:14:18.458981Z[0m [32m INFO[0m [2mexecuting::dataflow[0m[2m:[0m 952.273505ms:	Data loaded for _Var_DeclaringMethod
[2m2025-07-29T03:14:18.458988Z[0m [32m INFO[0m [2mexecuting::dataflow[0m[2m:[0m 952.280658ms:	Data loaded for _ApplicationClass
[2m2025-07-29T03:14:18.458995Z[0m [32m INFO[0m [2mexecuting::dataflow[0m[2m:[0m 952.287802ms:	Data loaded for _ThisVar
[2m2025-07-29T03:14:18.459002Z[0m [32m INFO[0m [2mexecuting::dataflow[0m[2m:[0m 952.294284ms:	Data loaded for _NormalHeap
[2m2025-07-29T03:14:18.459009Z[0m [32m INFO[0m [2mexecuting::dataflow[0m[2m:[0m 952.301237ms:	Data loaded for _StringConstant
[2m2025-07-29T03:14:18.459078Z[0m [32m INFO[0m [2mexecuting::dataflow[0m[2m:[0m 952.370247ms:	Data loaded for _AssignHeapAllocation
[2m2025-07-29T03:14:18.459102Z[0m [32m INFO[0m [2mexecuting::dataflow[0m[2m:[0m 952.393801ms:	Data loaded for _AssignLocal
[2m2025-07-29T03:14:18.459122Z[0m [32m INFO[0m [2mexecuting::dataflow[0m[2m:[0m 952.414621ms:	Data loaded for _AssignCast
[2m2025-07-29T03:14:18.459130Z[0m [32m INFO[0m [2mexecuting::dataflow[0m[2m:[0m 952.422816ms:	Data loaded for _Field
[2m2025-07-29T03:14:18.459142Z[0m [32m INFO[0m [2mexecuting::dataflow[0m[2m:[0m 952.433817ms:	Data loaded for _StaticMethodInvocation
[2m2025-07-29T03:14:18.459189Z[0m [32m INFO[0m [2mexecuting::dataflow[0m[2m:[0m 952.481326ms:	Data loaded for _SpecialMethodInvocation
[2m2025-07-29T03:14:18.459229Z[0m [32m INFO[0m [2mexecuting::dataflow[0m[2m:[0m 952.521652ms:	Data loaded for _VirtualMethodInvocation
[2m2025-07-29T03:14:18.459250Z[0m [32m INFO[0m [2mexecuting::dataflow[0m[2m:[0m 952.54204ms:	Data loaded for _Method
[2m2025-07-29T03:14:18.459260Z[0m [32m INFO[0m [2mexecuting::dataflow[0m[2m:[0m 952.55266ms:	Data loaded for Method_Descriptor
[2m2025-07-29T03:14:18.459282Z[0m [32m INFO[0m [2mexecuting::dataflow[0m[2m:[0m 952.574732ms:	Data loaded for _StoreInstanceField
[2m2025-07-29T03:14:18.459375Z[0m [32m INFO[0m [2mexecuting::dataflow[0m[2m:[0m 952.666976ms:	Data loaded for _LoadInstanceField
[2m2025-07-29T03:14:18.459385Z[0m [32m INFO[0m [2mexecuting::dataflow[0m[2m:[0m 952.677315ms:	Data loaded for _StoreStaticField
[2m2025-07-29T03:14:18.459459Z[0m [32m INFO[0m [2mexecuting::dataflow[0m[2m:[0m 952.751525ms:	Data loaded for _LoadStaticField
[2m2025-07-29T03:14:18.459478Z[0m [32m INFO[0m [2mexecuting::dataflow[0m[2m:[0m 952.769959ms:	Data loaded for _StoreArrayIndex
[2m2025-07-29T03:14:18.459498Z[0m [32m INFO[0m [2mexecuting::dataflow[0m[2m:[0m 952.790087ms:	Data loaded for _LoadArrayIndex
[2m2025-07-29T03:14:18.459513Z[0m [32m INFO[0m [2mexecuting::dataflow[0m[2m:[0m 952.805025ms:	Data loaded for _Return
[2m2025-07-29T03:14:18.828932Z[0m [32m INFO[0m [2mreading::inspect[0m[2m:[0m Delta of (recursive) [Superinterface]: ((), (), 5705)
[2m2025-07-29T03:14:18.832475Z[0m [32m INFO[0m [2mreading::inspect[0m[2m:[0m Delta of (recursive) [Subclass]: ((), (), 8281)
[2m2025-07-29T03:14:18.865007Z[0m [32m INFO[0m [2mreading::inspect[0m[2m:[0m Delta of (recursive) [SubtypeOf]: ((), (), 22017)
[2m2025-07-29T03:14:18.872397Z[0m [32m INFO[0m [2mreading::inspect[0m[2m:[0m Delta of (recursive) [MethodLookup]: ((), (), 145584)
[2m2025-07-29T03:14:46.390665Z[0m [32m INFO[0m [2mreading::inspect[0m[2m:[0m Delta of (recursive) [ArrayIndexPointsTo]: ((), (), 297294)
[2m2025-07-29T03:14:46.394778Z[0m [32m INFO[0m [2mreading::inspect[0m[2m:[0m Delta of (recursive) [Assign]: ((), (), 118258)
[2m2025-07-29T03:14:46.394811Z[0m [32m INFO[0m [2mreading::inspect[0m[2m:[0m Delta of (recursive) [CallGraphEdge]: ((), (), 63141)
[2m2025-07-29T03:14:46.394846Z[0m [32m INFO[0m [2mreading::inspect[0m[2m:[0m Delta of (recursive) [InitializedClass]: ((), (), 1819)
[2m2025-07-29T03:14:46.395028Z[0m [32m INFO[0m [2mreading::inspect[0m[2m:[0m Delta of (recursive) [InstanceFieldPointsTo]: ((), (), 9896541)
[2m2025-07-29T03:14:46.395055Z[0m [32m INFO[0m [2mreading::inspect[0m[2m:[0m Delta of (recursive) [Reachable]: ((), (), 9277)
[2m2025-07-29T03:14:46.395079Z[0m [32m INFO[0m [2mreading::inspect[0m[2m:[0m Delta of (recursive) [StaticFieldPointsTo]: ((), (), 1442)
[2m2025-07-29T03:14:46.395579Z[0m [32m INFO[0m [2mreading::inspect[0m[2m:[0m Delta of (recursive) [VarPointsTo]: ((), (), 41627959)
[2m2025-07-29T03:14:46.471528Z[0m [32m INFO[0m [2mexecuting::dataflow[0m[2m:[0m 28.964800069s:	Dataflow executed
[2m2025-07-29T03:14:46.594533Z[0m [32m INFO[0m [2mexecuting[0m[2m:[0m success query
