[2m2025-07-29T03:28:47.098979Z[0m [32m INFO[0m [2mexecuting::dataflow[0m[2m:[0m 634.408726ms:	Dataflow assembled
[2m2025-07-29T03:28:47.424925Z[0m [32m INFO[0m [2mexecuting::dataflow[0m[2m:[0m 960.366776ms:	Data loaded for DirectSuperclass
[2m2025-07-29T03:28:47.425002Z[0m [32m INFO[0m [2mexecuting::dataflow[0m[2m:[0m 960.453479ms:	Data loaded for DirectSuperinterface
[2m2025-07-29T03:28:47.425010Z[0m [32m INFO[0m [2mexecuting::dataflow[0m[2m:[0m 960.461725ms:	Data loaded for MainClass
[2m2025-07-29T03:28:47.425025Z[0m [32m INFO[0m [2mexecuting::dataflow[0m[2m:[0m 960.477054ms:	Data loaded for FormalParam
[2m2025-07-29T03:28:47.425039Z[0m [32m INFO[0m [2mexecuting::dataflow[0m[2m:[0m 960.490329ms:	Data loaded for ComponentType
[2m2025-07-29T03:28:47.425046Z[0m [32m INFO[0m [2mexecuting::dataflow[0m[2m:[0m 960.497823ms:	Data loaded for AssignReturnValue
[2m2025-07-29T03:28:47.425055Z[0m [32m INFO[0m [2mexecuting::dataflow[0m[2m:[0m 960.506549ms:	Data loaded for ActualParam
[2m2025-07-29T03:28:47.425062Z[0m [32m INFO[0m [2mexecuting::dataflow[0m[2m:[0m 960.513683ms:	Data loaded for Method_Modifier
[2m2025-07-29T03:28:47.425070Z[0m [32m INFO[0m [2mexecuting::dataflow[0m[2m:[0m 960.521828ms:	Data loaded for Var_Type
[2m2025-07-29T03:28:47.425078Z[0m [32m INFO[0m [2mexecuting::dataflow[0m[2m:[0m 960.529623ms:	Data loaded for HeapAllocation_Type
[2m2025-07-29T03:28:47.425088Z[0m [32m INFO[0m [2mexecuting::dataflow[0m[2m:[0m 960.539752ms:	Data loaded for _ClassType
[2m2025-07-29T03:28:47.425103Z[0m [32m INFO[0m [2mexecuting::dataflow[0m[2m:[0m 960.554981ms:	Data loaded for _ArrayType
[2m2025-07-29T03:28:47.425114Z[0m [32m INFO[0m [2mexecuting::dataflow[0m[2m:[0m 960.565641ms:	Data loaded for _InterfaceType
[2m2025-07-29T03:28:47.425123Z[0m [32m INFO[0m [2mexecuting::dataflow[0m[2m:[0m 960.574858ms:	Data loaded for _Var_DeclaringMethod
[2m2025-07-29T03:28:47.425131Z[0m [32m INFO[0m [2mexecuting::dataflow[0m[2m:[0m 960.582402ms:	Data loaded for _ApplicationClass
[2m2025-07-29T03:28:47.425139Z[0m [32m INFO[0m [2mexecuting::dataflow[0m[2m:[0m 960.590397ms:	Data loaded for _ThisVar
[2m2025-07-29T03:28:47.425146Z[0m [32m INFO[0m [2mexecuting::dataflow[0m[2m:[0m 960.597571ms:	Data loaded for _NormalHeap
[2m2025-07-29T03:28:47.425154Z[0m [32m INFO[0m [2mexecuting::dataflow[0m[2m:[0m 960.605315ms:	Data loaded for _StringConstant
[2m2025-07-29T03:28:47.425186Z[0m [32m INFO[0m [2mexecuting::dataflow[0m[2m:[0m 960.638117ms:	Data loaded for _AssignHeapAllocation
[2m2025-07-29T03:28:47.425211Z[0m [32m INFO[0m [2mexecuting::dataflow[0m[2m:[0m 960.662413ms:	Data loaded for _AssignLocal
[2m2025-07-29T03:28:47.425232Z[0m [32m INFO[0m [2mexecuting::dataflow[0m[2m:[0m 960.683282ms:	Data loaded for _AssignCast
[2m2025-07-29T03:28:47.425240Z[0m [32m INFO[0m [2mexecuting::dataflow[0m[2m:[0m 960.691347ms:	Data loaded for _Field
[2m2025-07-29T03:28:47.425255Z[0m [32m INFO[0m [2mexecuting::dataflow[0m[2m:[0m 960.706856ms:	Data loaded for _StaticMethodInvocation
[2m2025-07-29T03:28:47.425299Z[0m [32m INFO[0m [2mexecuting::dataflow[0m[2m:[0m 960.750749ms:	Data loaded for _SpecialMethodInvocation
[2m2025-07-29T03:28:47.425346Z[0m [32m INFO[0m [2mexecuting::dataflow[0m[2m:[0m 960.797687ms:	Data loaded for _VirtualMethodInvocation
[2m2025-07-29T03:28:47.425381Z[0m [32m INFO[0m [2mexecuting::dataflow[0m[2m:[0m 960.832944ms:	Data loaded for _Method
[2m2025-07-29T03:28:47.425392Z[0m [32m INFO[0m [2mexecuting::dataflow[0m[2m:[0m 960.843704ms:	Data loaded for Method_Descriptor
[2m2025-07-29T03:28:47.425412Z[0m [32m INFO[0m [2mexecuting::dataflow[0m[2m:[0m 960.864132ms:	Data loaded for _StoreInstanceField
[2m2025-07-29T03:28:47.425494Z[0m [32m INFO[0m [2mexecuting::dataflow[0m[2m:[0m 960.945456ms:	Data loaded for _LoadInstanceField
[2m2025-07-29T03:28:47.425505Z[0m [32m INFO[0m [2mexecuting::dataflow[0m[2m:[0m 960.956737ms:	Data loaded for _StoreStaticField
[2m2025-07-29T03:28:47.425582Z[0m [32m INFO[0m [2mexecuting::dataflow[0m[2m:[0m 961.033501ms:	Data loaded for _LoadStaticField
[2m2025-07-29T03:28:47.425603Z[0m [32m INFO[0m [2mexecuting::dataflow[0m[2m:[0m 961.054691ms:	Data loaded for _StoreArrayIndex
[2m2025-07-29T03:28:47.425622Z[0m [32m INFO[0m [2mexecuting::dataflow[0m[2m:[0m 961.073797ms:	Data loaded for _LoadArrayIndex
[2m2025-07-29T03:28:47.425637Z[0m [32m INFO[0m [2mexecuting::dataflow[0m[2m:[0m 961.088254ms:	Data loaded for _Return
[2m2025-07-29T03:28:47.686261Z[0m [32m INFO[0m [2mreading::inspect[0m[2m:[0m Delta of (recursive) [Superinterface]: ((), (), 5705)
[2m2025-07-29T03:28:47.689986Z[0m [32m INFO[0m [2mreading::inspect[0m[2m:[0m Delta of (recursive) [Subclass]: ((), (), 8281)
[2m2025-07-29T03:28:47.722132Z[0m [32m INFO[0m [2mreading::inspect[0m[2m:[0m Delta of (recursive) [SubtypeOf]: ((), (), 22017)
[2m2025-07-29T03:28:47.729511Z[0m [32m INFO[0m [2mreading::inspect[0m[2m:[0m Delta of (recursive) [MethodLookup]: ((), (), 145584)
[2m2025-07-29T03:31:41.529701Z[0m [32m INFO[0m [2mreading::inspect[0m[2m:[0m Delta of (recursive) [VarPointsTo]: ((), (), 41627959)
[2m2025-07-29T03:31:41.530372Z[0m [32m INFO[0m [2mreading::inspect[0m[2m:[0m Delta of (recursive) [ArrayIndexPointsTo]: ((), (), 297294)
[2m2025-07-29T03:31:41.530398Z[0m [32m INFO[0m [2mreading::inspect[0m[2m:[0m Delta of (recursive) [Assign]: ((), (), 118258)
[2m2025-07-29T03:31:41.530408Z[0m [32m INFO[0m [2mreading::inspect[0m[2m:[0m Delta of (recursive) [CallGraphEdge]: ((), (), 63141)
[2m2025-07-29T03:31:41.530420Z[0m [32m INFO[0m [2mreading::inspect[0m[2m:[0m Delta of (recursive) [InitializedClass]: ((), (), 1819)
[2m2025-07-29T03:31:41.530430Z[0m [32m INFO[0m [2mreading::inspect[0m[2m:[0m Delta of (recursive) [InstanceFieldPointsTo]: ((), (), 9896541)
[2m2025-07-29T03:31:41.530441Z[0m [32m INFO[0m [2mreading::inspect[0m[2m:[0m Delta of (recursive) [Reachable]: ((), (), 9277)
[2m2025-07-29T03:31:41.530453Z[0m [32m INFO[0m [2mreading::inspect[0m[2m:[0m Delta of (recursive) [StaticFieldPointsTo]: ((), (), 1442)
[2m2025-07-29T03:31:41.574235Z[0m [32m INFO[0m [2mexecuting::dataflow[0m[2m:[0m 175.107445982s:	Dataflow executed
[2m2025-07-29T03:31:41.632410Z[0m [32m INFO[0m [2mexecuting[0m[2m:[0m success query
