[2m2025-07-29T03:13:14.943741Z[0m [32m INFO[0m [2mexecuting::dataflow[0m[2m:[0m 665.424067ms:	Dataflow assembled
[2m2025-07-29T03:13:15.171071Z[0m [32m INFO[0m [2mexecuting::dataflow[0m[2m:[0m 892.766831ms:	Data loaded for DirectSuperclass
[2m2025-07-29T03:13:15.171135Z[0m [32m INFO[0m [2mexecuting::dataflow[0m[2m:[0m 892.838586ms:	Data loaded for DirectSuperinterface
[2m2025-07-29T03:13:15.171145Z[0m [32m INFO[0m [2mexecuting::dataflow[0m[2m:[0m 892.848926ms:	Data loaded for MainClass
[2m2025-07-29T03:13:15.171162Z[0m [32m INFO[0m [2mexecuting::dataflow[0m[2m:[0m 892.865557ms:	Data loaded for FormalParam
[2m2025-07-29T03:13:15.171172Z[0m [32m INFO[0m [2mexecuting::dataflow[0m[2m:[0m 892.876137ms:	Data loaded for ComponentType
[2m2025-07-29T03:13:15.171179Z[0m [32m INFO[0m [2mexecuting::dataflow[0m[2m:[0m 892.88315ms:	Data loaded for AssignReturnValue
[2m2025-07-29T03:13:15.171186Z[0m [32m INFO[0m [2mexecuting::dataflow[0m[2m:[0m 892.890013ms:	Data loaded for ActualParam
[2m2025-07-29T03:13:15.171192Z[0m [32m INFO[0m [2mexecuting::dataflow[0m[2m:[0m 892.896175ms:	Data loaded for Method_Modifier
[2m2025-07-29T03:13:15.171199Z[0m [32m INFO[0m [2mexecuting::dataflow[0m[2m:[0m 892.902667ms:	Data loaded for Var_Type
[2m2025-07-29T03:13:15.171204Z[0m [32m INFO[0m [2mexecuting::dataflow[0m[2m:[0m 892.907857ms:	Data loaded for HeapAllocation_Type
[2m2025-07-29T03:13:15.171212Z[0m [32m INFO[0m [2mexecuting::dataflow[0m[2m:[0m 892.916192ms:	Data loaded for _ClassType
[2m2025-07-29T03:13:15.171223Z[0m [32m INFO[0m [2mexecuting::dataflow[0m[2m:[0m 892.926632ms:	Data loaded for _ArrayType
[2m2025-07-29T03:13:15.171230Z[0m [32m INFO[0m [2mexecuting::dataflow[0m[2m:[0m 892.933655ms:	Data loaded for _InterfaceType
[2m2025-07-29T03:13:15.171235Z[0m [32m INFO[0m [2mexecuting::dataflow[0m[2m:[0m 892.939206ms:	Data loaded for _Var_DeclaringMethod
[2m2025-07-29T03:13:15.171241Z[0m [32m INFO[0m [2mexecuting::dataflow[0m[2m:[0m 892.944546ms:	Data loaded for _ApplicationClass
[2m2025-07-29T03:13:15.171246Z[0m [32m INFO[0m [2mexecuting::dataflow[0m[2m:[0m 892.950116ms:	Data loaded for _ThisVar
[2m2025-07-29T03:13:15.171251Z[0m [32m INFO[0m [2mexecuting::dataflow[0m[2m:[0m 892.955045ms:	Data loaded for _NormalHeap
[2m2025-07-29T03:13:15.171257Z[0m [32m INFO[0m [2mexecuting::dataflow[0m[2m:[0m 892.960746ms:	Data loaded for _StringConstant
[2m2025-07-29T03:13:15.171317Z[0m [32m INFO[0m [2mexecuting::dataflow[0m[2m:[0m 893.020749ms:	Data loaded for _AssignHeapAllocation
[2m2025-07-29T03:13:15.171350Z[0m [32m INFO[0m [2mexecuting::dataflow[0m[2m:[0m 893.053861ms:	Data loaded for _AssignLocal
[2m2025-07-29T03:13:15.171372Z[0m [32m INFO[0m [2mexecuting::dataflow[0m[2m:[0m 893.075242ms:	Data loaded for _AssignCast
[2m2025-07-29T03:13:15.171379Z[0m [32m INFO[0m [2mexecuting::dataflow[0m[2m:[0m 893.083056ms:	Data loaded for _Field
[2m2025-07-29T03:13:15.171388Z[0m [32m INFO[0m [2mexecuting::dataflow[0m[2m:[0m 893.091843ms:	Data loaded for _StaticMethodInvocation
[2m2025-07-29T03:13:15.171429Z[0m [32m INFO[0m [2mexecuting::dataflow[0m[2m:[0m 893.13277ms:	Data loaded for _SpecialMethodInvocation
[2m2025-07-29T03:13:15.171466Z[0m [32m INFO[0m [2mexecuting::dataflow[0m[2m:[0m 893.169629ms:	Data loaded for _VirtualMethodInvocation
[2m2025-07-29T03:13:15.171486Z[0m [32m INFO[0m [2mexecuting::dataflow[0m[2m:[0m 893.190108ms:	Data loaded for _Method
[2m2025-07-29T03:13:15.171493Z[0m [32m INFO[0m [2mexecuting::dataflow[0m[2m:[0m 893.197101ms:	Data loaded for Method_Descriptor
[2m2025-07-29T03:13:15.171510Z[0m [32m INFO[0m [2mexecuting::dataflow[0m[2m:[0m 893.213412ms:	Data loaded for _StoreInstanceField
[2m2025-07-29T03:13:15.171579Z[0m [32m INFO[0m [2mexecuting::dataflow[0m[2m:[0m 893.282652ms:	Data loaded for _LoadInstanceField
[2m2025-07-29T03:13:15.171587Z[0m [32m INFO[0m [2mexecuting::dataflow[0m[2m:[0m 893.290336ms:	Data loaded for _StoreStaticField
[2m2025-07-29T03:13:15.171668Z[0m [32m INFO[0m [2mexecuting::dataflow[0m[2m:[0m 893.371189ms:	Data loaded for _LoadStaticField
[2m2025-07-29T03:13:15.171683Z[0m [32m INFO[0m [2mexecuting::dataflow[0m[2m:[0m 893.386497ms:	Data loaded for _StoreArrayIndex
[2m2025-07-29T03:13:15.171702Z[0m [32m INFO[0m [2mexecuting::dataflow[0m[2m:[0m 893.405523ms:	Data loaded for _LoadArrayIndex
[2m2025-07-29T03:13:15.171716Z[0m [32m INFO[0m [2mexecuting::dataflow[0m[2m:[0m 893.420031ms:	Data loaded for _Return
[2m2025-07-29T03:13:15.567745Z[0m [32m INFO[0m [2mreading::inspect[0m[2m:[0m Delta of (recursive) [Subclass]: ((), (), 8281)
[2m2025-07-29T03:13:15.568318Z[0m [32m INFO[0m [2mreading::inspect[0m[2m:[0m Delta of (recursive) [Superinterface]: ((), (), 5705)
[2m2025-07-29T03:13:15.602062Z[0m [32m INFO[0m [2mreading::inspect[0m[2m:[0m Delta of (recursive) [SubtypeOf]: ((), (), 22017)
[2m2025-07-29T03:13:15.606691Z[0m [32m INFO[0m [2mreading::inspect[0m[2m:[0m Delta of (recursive) [MethodLookup]: ((), (), 145584)
[2m2025-07-29T03:13:37.046945Z[0m [32m INFO[0m [2mreading::inspect[0m[2m:[0m Delta of (recursive) [ArrayIndexPointsTo]: ((), (), 297294)
[2m2025-07-29T03:13:37.047049Z[0m [32m INFO[0m [2mreading::inspect[0m[2m:[0m Delta of (recursive) [Assign]: ((), (), 118258)
[2m2025-07-29T03:13:37.047092Z[0m [32m INFO[0m [2mreading::inspect[0m[2m:[0m Delta of (recursive) [CallGraphEdge]: ((), (), 63141)
[2m2025-07-29T03:13:37.047131Z[0m [32m INFO[0m [2mreading::inspect[0m[2m:[0m Delta of (recursive) [InitializedClass]: ((), (), 1819)
[2m2025-07-29T03:13:37.047704Z[0m [32m INFO[0m [2mreading::inspect[0m[2m:[0m Delta of (recursive) [InstanceFieldPointsTo]: ((), (), 9896541)
[2m2025-07-29T03:13:37.047731Z[0m [32m INFO[0m [2mreading::inspect[0m[2m:[0m Delta of (recursive) [Reachable]: ((), (), 9277)
[2m2025-07-29T03:13:37.047755Z[0m [32m INFO[0m [2mreading::inspect[0m[2m:[0m Delta of (recursive) [StaticFieldPointsTo]: ((), (), 1442)
[2m2025-07-29T03:13:37.050134Z[0m [32m INFO[0m [2mreading::inspect[0m[2m:[0m Delta of (recursive) [VarPointsTo]: ((), (), 41627959)
[2m2025-07-29T03:13:37.073389Z[0m [32m INFO[0m [2mexecuting::dataflow[0m[2m:[0m 22.795006721s:	Dataflow executed
[2m2025-07-29T03:13:37.170474Z[0m [32m INFO[0m [2mexecuting[0m[2m:[0m success query
