[2m2025-07-29T02:49:44.644300Z[0m [32m INFO[0m [2mexecuting::dataflow[0m[2m:[0m 644.77641ms:	Dataflow assembled
[2m2025-07-29T02:49:44.968114Z[0m [32m INFO[0m [2mexecuting::dataflow[0m[2m:[0m 968.601389ms:	Data loaded for DirectSuperclass
[2m2025-07-29T02:49:44.968185Z[0m [32m INFO[0m [2mexecuting::dataflow[0m[2m:[0m 968.680948ms:	Data loaded for DirectSuperinterface
[2m2025-07-29T02:49:44.968194Z[0m [32m INFO[0m [2mexecuting::dataflow[0m[2m:[0m 968.689795ms:	Data loaded for MainClass
[2m2025-07-29T02:49:44.968204Z[0m [32m INFO[0m [2mexecuting::dataflow[0m[2m:[0m 968.700145ms:	Data loaded for FormalParam
[2m2025-07-29T02:49:44.968217Z[0m [32m INFO[0m [2mexecuting::dataflow[0m[2m:[0m 968.71343ms:	Data loaded for ComponentType
[2m2025-07-29T02:49:44.968225Z[0m [32m INFO[0m [2mexecuting::dataflow[0m[2m:[0m 968.721174ms:	Data loaded for AssignReturnValue
[2m2025-07-29T02:49:44.968234Z[0m [32m INFO[0m [2mexecuting::dataflow[0m[2m:[0m 968.729951ms:	Data loaded for ActualParam
[2m2025-07-29T02:49:44.968241Z[0m [32m INFO[0m [2mexecuting::dataflow[0m[2m:[0m 968.736954ms:	Data loaded for Method_Modifier
[2m2025-07-29T02:49:44.968250Z[0m [32m INFO[0m [2mexecuting::dataflow[0m[2m:[0m 968.746121ms:	Data loaded for Var_Type
[2m2025-07-29T02:49:44.968257Z[0m [32m INFO[0m [2mexecuting::dataflow[0m[2m:[0m 968.753415ms:	Data loaded for HeapAllocation_Type
[2m2025-07-29T02:49:44.968268Z[0m [32m INFO[0m [2mexecuting::dataflow[0m[2m:[0m 968.764335ms:	Data loaded for _ClassType
[2m2025-07-29T02:49:44.968283Z[0m [32m INFO[0m [2mexecuting::dataflow[0m[2m:[0m 968.779263ms:	Data loaded for _ArrayType
[2m2025-07-29T02:49:44.968294Z[0m [32m INFO[0m [2mexecuting::dataflow[0m[2m:[0m 968.790364ms:	Data loaded for _InterfaceType
[2m2025-07-29T02:49:44.968303Z[0m [32m INFO[0m [2mexecuting::dataflow[0m[2m:[0m 968.79882ms:	Data loaded for _Var_DeclaringMethod
[2m2025-07-29T02:49:44.968310Z[0m [32m INFO[0m [2mexecuting::dataflow[0m[2m:[0m 968.806214ms:	Data loaded for _ApplicationClass
[2m2025-07-29T02:49:44.968318Z[0m [32m INFO[0m [2mexecuting::dataflow[0m[2m:[0m 968.814099ms:	Data loaded for _ThisVar
[2m2025-07-29T02:49:44.968325Z[0m [32m INFO[0m [2mexecuting::dataflow[0m[2m:[0m 968.821403ms:	Data loaded for _NormalHeap
[2m2025-07-29T02:49:44.968333Z[0m [32m INFO[0m [2mexecuting::dataflow[0m[2m:[0m 968.828777ms:	Data loaded for _StringConstant
[2m2025-07-29T02:49:44.968421Z[0m [32m INFO[0m [2mexecuting::dataflow[0m[2m:[0m 968.917454ms:	Data loaded for _AssignHeapAllocation
[2m2025-07-29T02:49:44.968466Z[0m [32m INFO[0m [2mexecuting::dataflow[0m[2m:[0m 968.962158ms:	Data loaded for _AssignLocal
[2m2025-07-29T02:49:44.968488Z[0m [32m INFO[0m [2mexecuting::dataflow[0m[2m:[0m 968.984349ms:	Data loaded for _AssignCast
[2m2025-07-29T02:49:44.968497Z[0m [32m INFO[0m [2mexecuting::dataflow[0m[2m:[0m 968.992876ms:	Data loaded for _Field
[2m2025-07-29T02:49:44.968509Z[0m [32m INFO[0m [2mexecuting::dataflow[0m[2m:[0m 969.00572ms:	Data loaded for _StaticMethodInvocation
[2m2025-07-29T02:49:44.968571Z[0m [32m INFO[0m [2mexecuting::dataflow[0m[2m:[0m 969.067266ms:	Data loaded for _SpecialMethodInvocation
[2m2025-07-29T02:49:44.968627Z[0m [32m INFO[0m [2mexecuting::dataflow[0m[2m:[0m 969.1228ms:	Data loaded for _VirtualMethodInvocation
[2m2025-07-29T02:49:44.968662Z[0m [32m INFO[0m [2mexecuting::dataflow[0m[2m:[0m 969.158357ms:	Data loaded for _Method
[2m2025-07-29T02:49:44.968674Z[0m [32m INFO[0m [2mexecuting::dataflow[0m[2m:[0m 969.170199ms:	Data loaded for Method_Descriptor
[2m2025-07-29T02:49:44.968695Z[0m [32m INFO[0m [2mexecuting::dataflow[0m[2m:[0m 969.191109ms:	Data loaded for _StoreInstanceField
[2m2025-07-29T02:49:44.968793Z[0m [32m INFO[0m [2mexecuting::dataflow[0m[2m:[0m 969.288812ms:	Data loaded for _LoadInstanceField
[2m2025-07-29T02:49:44.968804Z[0m [32m INFO[0m [2mexecuting::dataflow[0m[2m:[0m 969.300675ms:	Data loaded for _StoreStaticField
[2m2025-07-29T02:49:44.968886Z[0m [32m INFO[0m [2mexecuting::dataflow[0m[2m:[0m 969.381808ms:	Data loaded for _LoadStaticField
[2m2025-07-29T02:49:44.968907Z[0m [32m INFO[0m [2mexecuting::dataflow[0m[2m:[0m 969.402937ms:	Data loaded for _StoreArrayIndex
[2m2025-07-29T02:49:44.968929Z[0m [32m INFO[0m [2mexecuting::dataflow[0m[2m:[0m 969.42555ms:	Data loaded for _LoadArrayIndex
[2m2025-07-29T02:49:44.968947Z[0m [32m INFO[0m [2mexecuting::dataflow[0m[2m:[0m 969.442722ms:	Data loaded for _Return
[2m2025-07-29T02:49:45.208649Z[0m [32m INFO[0m [2mreading::inspect[0m[2m:[0m Delta of (recursive) [Superinterface]: ((), (), 5705)
[2m2025-07-29T02:49:45.210298Z[0m [32m INFO[0m [2mreading::inspect[0m[2m:[0m Delta of (recursive) [Subclass]: ((), (), 8281)
[2m2025-07-29T02:49:45.239790Z[0m [32m INFO[0m [2mreading::inspect[0m[2m:[0m Delta of (recursive) [SubtypeOf]: ((), (), 22017)
[2m2025-07-29T02:49:45.245133Z[0m [32m INFO[0m [2mreading::inspect[0m[2m:[0m Delta of (recursive) [MethodLookup]: ((), (), 145584)
[2m2025-07-29T02:50:06.020052Z[0m [32m INFO[0m [2mreading::inspect[0m[2m:[0m Delta of (recursive) [ArrayIndexPointsTo]: ((), (), 297294)
[2m2025-07-29T02:50:06.027142Z[0m [32m INFO[0m [2mreading::inspect[0m[2m:[0m Delta of (recursive) [Assign]: ((), (), 118258)
[2m2025-07-29T02:50:06.057329Z[0m [32m INFO[0m [2mreading::inspect[0m[2m:[0m Delta of (recursive) [CallGraphEdge]: ((), (), 63141)
[2m2025-07-29T02:50:06.059051Z[0m [32m INFO[0m [2mreading::inspect[0m[2m:[0m Delta of (recursive) [InitializedClass]: ((), (), 1819)
[2m2025-07-29T02:50:06.059227Z[0m [32m INFO[0m [2mreading::inspect[0m[2m:[0m Delta of (recursive) [InstanceFieldPointsTo]: ((), (), 9896541)
[2m2025-07-29T02:50:06.059265Z[0m [32m INFO[0m [2mreading::inspect[0m[2m:[0m Delta of (recursive) [Reachable]: ((), (), 9277)
[2m2025-07-29T02:50:06.059296Z[0m [32m INFO[0m [2mreading::inspect[0m[2m:[0m Delta of (recursive) [StaticFieldPointsTo]: ((), (), 1442)
[2m2025-07-29T02:50:06.063703Z[0m [32m INFO[0m [2mreading::inspect[0m[2m:[0m Delta of (recursive) [VarPointsTo]: ((), (), 41627959)
[2m2025-07-29T02:50:06.089191Z[0m [32m INFO[0m [2mexecuting::dataflow[0m[2m:[0m 22.089664439s:	Dataflow executed
[2m2025-07-29T02:50:06.199861Z[0m [32m INFO[0m [2mexecuting[0m[2m:[0m success query
