[2m2025-07-29T02:48:59.248818Z[0m [32m INFO[0m [2mexecuting::dataflow[0m[2m:[0m 188.735448ms:	Dataflow assembled
[2m2025-07-29T02:48:59.576226Z[0m [32m INFO[0m [2mexecuting::dataflow[0m[2m:[0m 516.156389ms:	Data loaded for DirectSuperclass
[2m2025-07-29T02:48:59.576302Z[0m [32m INFO[0m [2mexecuting::dataflow[0m[2m:[0m 516.239475ms:	Data loaded for DirectSuperinterface
[2m2025-07-29T02:48:59.576311Z[0m [32m INFO[0m [2mexecuting::dataflow[0m[2m:[0m 516.249003ms:	Data loaded for MainClass
[2m2025-07-29T02:48:59.576323Z[0m [32m INFO[0m [2mexecuting::dataflow[0m[2m:[0m 516.261026ms:	Data loaded for FormalParam
[2m2025-07-29T02:48:59.576338Z[0m [32m INFO[0m [2mexecuting::dataflow[0m[2m:[0m 516.275533ms:	Data loaded for ComponentType
[2m2025-07-29T02:48:59.576346Z[0m [32m INFO[0m [2mexecuting::dataflow[0m[2m:[0m 516.28441ms:	Data loaded for AssignReturnValue
[2m2025-07-29T02:48:59.576356Z[0m [32m INFO[0m [2mexecuting::dataflow[0m[2m:[0m 516.294218ms:	Data loaded for ActualParam
[2m2025-07-29T02:48:59.576364Z[0m [32m INFO[0m [2mexecuting::dataflow[0m[2m:[0m 516.302484ms:	Data loaded for Method_Modifier
[2m2025-07-29T02:48:59.576374Z[0m [32m INFO[0m [2mexecuting::dataflow[0m[2m:[0m 516.311741ms:	Data loaded for Var_Type
[2m2025-07-29T02:48:59.576382Z[0m [32m INFO[0m [2mexecuting::dataflow[0m[2m:[0m 516.320357ms:	Data loaded for HeapAllocation_Type
[2m2025-07-29T02:48:59.576393Z[0m [32m INFO[0m [2mexecuting::dataflow[0m[2m:[0m 516.331047ms:	Data loaded for _ClassType
[2m2025-07-29T02:48:59.576412Z[0m [32m INFO[0m [2mexecuting::dataflow[0m[2m:[0m 516.350133ms:	Data loaded for _ArrayType
[2m2025-07-29T02:48:59.576424Z[0m [32m INFO[0m [2mexecuting::dataflow[0m[2m:[0m 516.362497ms:	Data loaded for _InterfaceType
[2m2025-07-29T02:48:59.576435Z[0m [32m INFO[0m [2mexecuting::dataflow[0m[2m:[0m 516.372596ms:	Data loaded for _Var_DeclaringMethod
[2m2025-07-29T02:48:59.576443Z[0m [32m INFO[0m [2mexecuting::dataflow[0m[2m:[0m 516.381422ms:	Data loaded for _ApplicationClass
[2m2025-07-29T02:48:59.576452Z[0m [32m INFO[0m [2mexecuting::dataflow[0m[2m:[0m 516.390119ms:	Data loaded for _ThisVar
[2m2025-07-29T02:48:59.576460Z[0m [32m INFO[0m [2mexecuting::dataflow[0m[2m:[0m 516.397963ms:	Data loaded for _NormalHeap
[2m2025-07-29T02:48:59.576468Z[0m [32m INFO[0m [2mexecuting::dataflow[0m[2m:[0m 516.405878ms:	Data loaded for _StringConstant
[2m2025-07-29T02:48:59.576573Z[0m [32m INFO[0m [2mexecuting::dataflow[0m[2m:[0m 516.510746ms:	Data loaded for _AssignHeapAllocation
[2m2025-07-29T02:48:59.576599Z[0m [32m INFO[0m [2mexecuting::dataflow[0m[2m:[0m 516.536725ms:	Data loaded for _AssignLocal
[2m2025-07-29T02:48:59.576622Z[0m [32m INFO[0m [2mexecuting::dataflow[0m[2m:[0m 516.559517ms:	Data loaded for _AssignCast
[2m2025-07-29T02:48:59.576630Z[0m [32m INFO[0m [2mexecuting::dataflow[0m[2m:[0m 516.568033ms:	Data loaded for _Field
[2m2025-07-29T02:48:59.576643Z[0m [32m INFO[0m [2mexecuting::dataflow[0m[2m:[0m 516.580627ms:	Data loaded for _StaticMethodInvocation
[2m2025-07-29T02:48:59.576666Z[0m [32m INFO[0m [2mexecuting::dataflow[0m[2m:[0m 516.603901ms:	Data loaded for _SpecialMethodInvocation
[2m2025-07-29T02:48:59.576690Z[0m [32m INFO[0m [2mexecuting::dataflow[0m[2m:[0m 516.627816ms:	Data loaded for _VirtualMethodInvocation
[2m2025-07-29T02:48:59.576710Z[0m [32m INFO[0m [2mexecuting::dataflow[0m[2m:[0m 516.648124ms:	Data loaded for _Method
[2m2025-07-29T02:48:59.576724Z[0m [32m INFO[0m [2mexecuting::dataflow[0m[2m:[0m 516.661539ms:	Data loaded for Method_Descriptor
[2m2025-07-29T02:48:59.576746Z[0m [32m INFO[0m [2mexecuting::dataflow[0m[2m:[0m 516.683721ms:	Data loaded for _StoreInstanceField
[2m2025-07-29T02:48:59.576833Z[0m [32m INFO[0m [2mexecuting::dataflow[0m[2m:[0m 516.770274ms:	Data loaded for _LoadInstanceField
[2m2025-07-29T02:48:59.576849Z[0m [32m INFO[0m [2mexecuting::dataflow[0m[2m:[0m 516.787276ms:	Data loaded for _StoreStaticField
[2m2025-07-29T02:48:59.576952Z[0m [32m INFO[0m [2mexecuting::dataflow[0m[2m:[0m 516.889448ms:	Data loaded for _LoadStaticField
[2m2025-07-29T02:48:59.576989Z[0m [32m INFO[0m [2mexecuting::dataflow[0m[2m:[0m 516.925857ms:	Data loaded for _StoreArrayIndex
[2m2025-07-29T02:48:59.577023Z[0m [32m INFO[0m [2mexecuting::dataflow[0m[2m:[0m 516.960853ms:	Data loaded for _LoadArrayIndex
[2m2025-07-29T02:48:59.577034Z[0m [32m INFO[0m [2mexecuting::dataflow[0m[2m:[0m 516.972505ms:	Data loaded for _Return
[2m2025-07-29T02:48:59.806291Z[0m [32m INFO[0m [2mreading::inspect[0m[2m:[0m Delta of (recursive) [Subclass]: ((), (), 8281)
[2m2025-07-29T02:48:59.809275Z[0m [32m INFO[0m [2mreading::inspect[0m[2m:[0m Delta of (recursive) [Superinterface]: ((), (), 5705)
[2m2025-07-29T02:49:14.258624Z[0m [32m INFO[0m [2mreading::inspect[0m[2m:[0m Delta of (recursive) [SubtypeOf]: ((), (), 22017)
[2m2025-07-29T02:49:29.669645Z[0m [32m INFO[0m [2mreading::inspect[0m[2m:[0m Delta of (recursive) [MethodLookup]: ((), (), 145584)
[2m2025-07-29T02:49:38.636211Z[0m [32m INFO[0m [2mreading::inspect[0m[2m:[0m Delta of (recursive) [ArrayIndexPointsTo]: ((), (), 297294)
[2m2025-07-29T02:49:38.636754Z[0m [32m INFO[0m [2mreading::inspect[0m[2m:[0m Delta of (recursive) [Assign]: ((), (), 118258)
[2m2025-07-29T02:49:38.636786Z[0m [32m INFO[0m [2mreading::inspect[0m[2m:[0m Delta of (recursive) [CallGraphEdge]: ((), (), 63141)
[2m2025-07-29T02:49:38.636849Z[0m [32m INFO[0m [2mreading::inspect[0m[2m:[0m Delta of (recursive) [InitializedClass]: ((), (), 1819)
[2m2025-07-29T02:49:38.639743Z[0m [32m INFO[0m [2mreading::inspect[0m[2m:[0m Delta of (recursive) [InstanceFieldPointsTo]: ((), (), 9896541)
[2m2025-07-29T02:49:38.639805Z[0m [32m INFO[0m [2mreading::inspect[0m[2m:[0m Delta of (recursive) [Reachable]: ((), (), 9277)
[2m2025-07-29T02:49:38.639828Z[0m [32m INFO[0m [2mreading::inspect[0m[2m:[0m Delta of (recursive) [StaticFieldPointsTo]: ((), (), 1442)
[2m2025-07-29T02:49:38.667873Z[0m [32m INFO[0m [2mreading::inspect[0m[2m:[0m Delta of (recursive) [VarPointsTo]: ((), (), 41627959)
[2m2025-07-29T02:49:38.669871Z[0m [32m INFO[0m [2mexecuting::dataflow[0m[2m:[0m 39.609482519s:	Dataflow executed
[2m2025-07-29T02:49:38.750572Z[0m [32m INFO[0m [2mexecuting[0m[2m:[0m success query
