[2m2025-07-29T02:52:39.233048Z[0m [32m INFO[0m [2mexecuting::dataflow[0m[2m:[0m 195.588822ms:	Dataflow assembled
[2m2025-07-29T02:52:39.556528Z[0m [32m INFO[0m [2mexecuting::dataflow[0m[2m:[0m 519.079167ms:	Data loaded for DirectSuperclass
[2m2025-07-29T02:52:39.556621Z[0m [32m INFO[0m [2mexecuting::dataflow[0m[2m:[0m 519.184655ms:	Data loaded for DirectSuperinterface
[2m2025-07-29T02:52:39.556635Z[0m [32m INFO[0m [2mexecuting::dataflow[0m[2m:[0m 519.198702ms:	Data loaded for MainClass
[2m2025-07-29T02:52:39.556654Z[0m [32m INFO[0m [2mexecuting::dataflow[0m[2m:[0m 519.217377ms:	Data loaded for FormalParam
[2m2025-07-29T02:52:39.556669Z[0m [32m INFO[0m [2mexecuting::dataflow[0m[2m:[0m 519.232175ms:	Data loaded for ComponentType
[2m2025-07-29T02:52:39.556677Z[0m [32m INFO[0m [2mexecuting::dataflow[0m[2m:[0m 519.24046ms:	Data loaded for AssignReturnValue
[2m2025-07-29T02:52:39.556686Z[0m [32m INFO[0m [2mexecuting::dataflow[0m[2m:[0m 519.249848ms:	Data loaded for ActualParam
[2m2025-07-29T02:52:39.556693Z[0m [32m INFO[0m [2mexecuting::dataflow[0m[2m:[0m 519.256701ms:	Data loaded for Method_Modifier
[2m2025-07-29T02:52:39.556702Z[0m [32m INFO[0m [2mexecuting::dataflow[0m[2m:[0m 519.265297ms:	Data loaded for Var_Type
[2m2025-07-29T02:52:39.556711Z[0m [32m INFO[0m [2mexecuting::dataflow[0m[2m:[0m 519.274535ms:	Data loaded for HeapAllocation_Type
[2m2025-07-29T02:52:39.556723Z[0m [32m INFO[0m [2mexecuting::dataflow[0m[2m:[0m 519.287008ms:	Data loaded for _ClassType
[2m2025-07-29T02:52:39.556742Z[0m [32m INFO[0m [2mexecuting::dataflow[0m[2m:[0m 519.305303ms:	Data loaded for _ArrayType
[2m2025-07-29T02:52:39.556752Z[0m [32m INFO[0m [2mexecuting::dataflow[0m[2m:[0m 519.315472ms:	Data loaded for _InterfaceType
[2m2025-07-29T02:52:39.556760Z[0m [32m INFO[0m [2mexecuting::dataflow[0m[2m:[0m 519.323938ms:	Data loaded for _Var_DeclaringMethod
[2m2025-07-29T02:52:39.556769Z[0m [32m INFO[0m [2mexecuting::dataflow[0m[2m:[0m 519.332313ms:	Data loaded for _ApplicationClass
[2m2025-07-29T02:52:39.556777Z[0m [32m INFO[0m [2mexecuting::dataflow[0m[2m:[0m 519.340298ms:	Data loaded for _ThisVar
[2m2025-07-29T02:52:39.556784Z[0m [32m INFO[0m [2mexecuting::dataflow[0m[2m:[0m 519.347702ms:	Data loaded for _NormalHeap
[2m2025-07-29T02:52:39.556796Z[0m [32m INFO[0m [2mexecuting::dataflow[0m[2m:[0m 519.359414ms:	Data loaded for _StringConstant
[2m2025-07-29T02:52:39.556892Z[0m [32m INFO[0m [2mexecuting::dataflow[0m[2m:[0m 519.455475ms:	Data loaded for _AssignHeapAllocation
[2m2025-07-29T02:52:39.556926Z[0m [32m INFO[0m [2mexecuting::dataflow[0m[2m:[0m 519.489239ms:	Data loaded for _AssignLocal
[2m2025-07-29T02:52:39.556947Z[0m [32m INFO[0m [2mexecuting::dataflow[0m[2m:[0m 519.510429ms:	Data loaded for _AssignCast
[2m2025-07-29T02:52:39.556960Z[0m [32m INFO[0m [2mexecuting::dataflow[0m[2m:[0m 519.523924ms:	Data loaded for _Field
[2m2025-07-29T02:52:39.556975Z[0m [32m INFO[0m [2mexecuting::dataflow[0m[2m:[0m 519.538301ms:	Data loaded for _StaticMethodInvocation
[2m2025-07-29T02:52:39.556997Z[0m [32m INFO[0m [2mexecuting::dataflow[0m[2m:[0m 519.560924ms:	Data loaded for _SpecialMethodInvocation
[2m2025-07-29T02:52:39.557022Z[0m [32m INFO[0m [2mexecuting::dataflow[0m[2m:[0m 519.58543ms:	Data loaded for _VirtualMethodInvocation
[2m2025-07-29T02:52:39.557046Z[0m [32m INFO[0m [2mexecuting::dataflow[0m[2m:[0m 519.609124ms:	Data loaded for _Method
[2m2025-07-29T02:52:39.557064Z[0m [32m INFO[0m [2mexecuting::dataflow[0m[2m:[0m 519.627098ms:	Data loaded for Method_Descriptor
[2m2025-07-29T02:52:39.557085Z[0m [32m INFO[0m [2mexecuting::dataflow[0m[2m:[0m 519.648929ms:	Data loaded for _StoreInstanceField
[2m2025-07-29T02:52:39.557179Z[0m [32m INFO[0m [2mexecuting::dataflow[0m[2m:[0m 519.742175ms:	Data loaded for _LoadInstanceField
[2m2025-07-29T02:52:39.557190Z[0m [32m INFO[0m [2mexecuting::dataflow[0m[2m:[0m 519.753967ms:	Data loaded for _StoreStaticField
[2m2025-07-29T02:52:39.557276Z[0m [32m INFO[0m [2mexecuting::dataflow[0m[2m:[0m 519.839718ms:	Data loaded for _LoadStaticField
[2m2025-07-29T02:52:39.557306Z[0m [32m INFO[0m [2mexecuting::dataflow[0m[2m:[0m 519.869074ms:	Data loaded for _StoreArrayIndex
[2m2025-07-29T02:52:39.557330Z[0m [32m INFO[0m [2mexecuting::dataflow[0m[2m:[0m 519.893409ms:	Data loaded for _LoadArrayIndex
[2m2025-07-29T02:52:39.557340Z[0m [32m INFO[0m [2mexecuting::dataflow[0m[2m:[0m 519.904049ms:	Data loaded for _Return
[2m2025-07-29T02:52:39.739700Z[0m [32m INFO[0m [2mreading::inspect[0m[2m:[0m Delta of (recursive) [Subclass]: ((), (), 8281)
[2m2025-07-29T02:52:39.741996Z[0m [32m INFO[0m [2mreading::inspect[0m[2m:[0m Delta of (recursive) [Superinterface]: ((), (), 5705)
[2m2025-07-29T02:52:53.115956Z[0m [32m INFO[0m [2mreading::inspect[0m[2m:[0m Delta of (recursive) [SubtypeOf]: ((), (), 22017)
[2m2025-07-29T02:52:56.122616Z[0m [32m INFO[0m [2mreading::inspect[0m[2m:[0m Delta of (recursive) [MethodLookup]: ((), (), 145584)
[2m2025-07-29T02:57:00.657361Z[0m [32m INFO[0m [2mreading::inspect[0m[2m:[0m Delta of (recursive) [VarPointsTo]: ((), (), 41627959)
[2m2025-07-29T02:57:00.657514Z[0m [32m INFO[0m [2mreading::inspect[0m[2m:[0m Delta of (recursive) [ArrayIndexPointsTo]: ((), (), 297294)
[2m2025-07-29T02:57:00.657528Z[0m [32m INFO[0m [2mreading::inspect[0m[2m:[0m Delta of (recursive) [Assign]: ((), (), 118258)
[2m2025-07-29T02:57:00.657538Z[0m [32m INFO[0m [2mreading::inspect[0m[2m:[0m Delta of (recursive) [CallGraphEdge]: ((), (), 63141)
[2m2025-07-29T02:57:00.657548Z[0m [32m INFO[0m [2mreading::inspect[0m[2m:[0m Delta of (recursive) [InitializedClass]: ((), (), 1819)
[2m2025-07-29T02:57:00.657558Z[0m [32m INFO[0m [2mreading::inspect[0m[2m:[0m Delta of (recursive) [InstanceFieldPointsTo]: ((), (), 9896541)
[2m2025-07-29T02:57:00.657568Z[0m [32m INFO[0m [2mreading::inspect[0m[2m:[0m Delta of (recursive) [Reachable]: ((), (), 9277)
[2m2025-07-29T02:57:00.657582Z[0m [32m INFO[0m [2mreading::inspect[0m[2m:[0m Delta of (recursive) [StaticFieldPointsTo]: ((), (), 1442)
[2m2025-07-29T02:57:00.677219Z[0m [32m INFO[0m [2mexecuting::dataflow[0m[2m:[0m 261.639210507s:	Dataflow executed
[2m2025-07-29T02:57:00.696402Z[0m [32m INFO[0m [2mexecuting[0m[2m:[0m success query
