[2m2025-07-29T03:12:28.052135Z[0m [32m INFO[0m [2mexecuting::dataflow[0m[2m:[0m 211.336586ms:	Dataflow assembled
[2m2025-07-29T03:12:28.376351Z[0m [32m INFO[0m [2mexecuting::dataflow[0m[2m:[0m 535.567937ms:	Data loaded for DirectSuperclass
[2m2025-07-29T03:12:28.376405Z[0m [32m INFO[0m [2mexecuting::dataflow[0m[2m:[0m 535.62793ms:	Data loaded for DirectSuperinterface
[2m2025-07-29T03:12:28.376417Z[0m [32m INFO[0m [2mexecuting::dataflow[0m[2m:[0m 535.639923ms:	Data loaded for MainClass
[2m2025-07-29T03:12:28.376433Z[0m [32m INFO[0m [2mexecuting::dataflow[0m[2m:[0m 535.656264ms:	Data loaded for FormalParam
[2m2025-07-29T03:12:28.376447Z[0m [32m INFO[0m [2mexecuting::dataflow[0m[2m:[0m 535.67038ms:	Data loaded for ComponentType
[2m2025-07-29T03:12:28.376456Z[0m [32m INFO[0m [2mexecuting::dataflow[0m[2m:[0m 535.679006ms:	Data loaded for AssignReturnValue
[2m2025-07-29T03:12:28.376465Z[0m [32m INFO[0m [2mexecuting::dataflow[0m[2m:[0m 535.688244ms:	Data loaded for ActualParam
[2m2025-07-29T03:12:28.376474Z[0m [32m INFO[0m [2mexecuting::dataflow[0m[2m:[0m 535.69702ms:	Data loaded for Method_Modifier
[2m2025-07-29T03:12:28.376483Z[0m [32m INFO[0m [2mexecuting::dataflow[0m[2m:[0m 535.706017ms:	Data loaded for Var_Type
[2m2025-07-29T03:12:28.376491Z[0m [32m INFO[0m [2mexecuting::dataflow[0m[2m:[0m 535.714163ms:	Data loaded for HeapAllocation_Type
[2m2025-07-29T03:12:28.376503Z[0m [32m INFO[0m [2mexecuting::dataflow[0m[2m:[0m 535.726235ms:	Data loaded for _ClassType
[2m2025-07-29T03:12:28.376523Z[0m [32m INFO[0m [2mexecuting::dataflow[0m[2m:[0m 535.745962ms:	Data loaded for _ArrayType
[2m2025-07-29T03:12:28.376533Z[0m [32m INFO[0m [2mexecuting::dataflow[0m[2m:[0m 535.756512ms:	Data loaded for _InterfaceType
[2m2025-07-29T03:12:28.376543Z[0m [32m INFO[0m [2mexecuting::dataflow[0m[2m:[0m 535.76615ms:	Data loaded for _Var_DeclaringMethod
[2m2025-07-29T03:12:28.376551Z[0m [32m INFO[0m [2mexecuting::dataflow[0m[2m:[0m 535.774276ms:	Data loaded for _ApplicationClass
[2m2025-07-29T03:12:28.376560Z[0m [32m INFO[0m [2mexecuting::dataflow[0m[2m:[0m 535.783613ms:	Data loaded for _ThisVar
[2m2025-07-29T03:12:28.376568Z[0m [32m INFO[0m [2mexecuting::dataflow[0m[2m:[0m 535.791558ms:	Data loaded for _NormalHeap
[2m2025-07-29T03:12:28.376576Z[0m [32m INFO[0m [2mexecuting::dataflow[0m[2m:[0m 535.799313ms:	Data loaded for _StringConstant
[2m2025-07-29T03:12:28.376683Z[0m [32m INFO[0m [2mexecuting::dataflow[0m[2m:[0m 535.906014ms:	Data loaded for _AssignHeapAllocation
[2m2025-07-29T03:12:28.376716Z[0m [32m INFO[0m [2mexecuting::dataflow[0m[2m:[0m 535.938986ms:	Data loaded for _AssignLocal
[2m2025-07-29T03:12:28.376744Z[0m [32m INFO[0m [2mexecuting::dataflow[0m[2m:[0m 535.96762ms:	Data loaded for _AssignCast
[2m2025-07-29T03:12:28.376756Z[0m [32m INFO[0m [2mexecuting::dataflow[0m[2m:[0m 535.978781ms:	Data loaded for _Field
[2m2025-07-29T03:12:28.376769Z[0m [32m INFO[0m [2mexecuting::dataflow[0m[2m:[0m 535.992637ms:	Data loaded for _StaticMethodInvocation
[2m2025-07-29T03:12:28.376793Z[0m [32m INFO[0m [2mexecuting::dataflow[0m[2m:[0m 536.016301ms:	Data loaded for _SpecialMethodInvocation
[2m2025-07-29T03:12:28.376818Z[0m [32m INFO[0m [2mexecuting::dataflow[0m[2m:[0m 536.041579ms:	Data loaded for _VirtualMethodInvocation
[2m2025-07-29T03:12:28.376841Z[0m [32m INFO[0m [2mexecuting::dataflow[0m[2m:[0m 536.064392ms:	Data loaded for _Method
[2m2025-07-29T03:12:28.376856Z[0m [32m INFO[0m [2mexecuting::dataflow[0m[2m:[0m 536.07914ms:	Data loaded for Method_Descriptor
[2m2025-07-29T03:12:28.376881Z[0m [32m INFO[0m [2mexecuting::dataflow[0m[2m:[0m 536.103846ms:	Data loaded for _StoreInstanceField
[2m2025-07-29T03:12:28.376960Z[0m [32m INFO[0m [2mexecuting::dataflow[0m[2m:[0m 536.182945ms:	Data loaded for _LoadInstanceField
[2m2025-07-29T03:12:28.376972Z[0m [32m INFO[0m [2mexecuting::dataflow[0m[2m:[0m 536.195048ms:	Data loaded for _StoreStaticField
[2m2025-07-29T03:12:28.377039Z[0m [32m INFO[0m [2mexecuting::dataflow[0m[2m:[0m 536.262475ms:	Data loaded for _LoadStaticField
[2m2025-07-29T03:12:28.377063Z[0m [32m INFO[0m [2mexecuting::dataflow[0m[2m:[0m 536.285919ms:	Data loaded for _StoreArrayIndex
[2m2025-07-29T03:12:28.377086Z[0m [32m INFO[0m [2mexecuting::dataflow[0m[2m:[0m 536.309463ms:	Data loaded for _LoadArrayIndex
[2m2025-07-29T03:12:28.377097Z[0m [32m INFO[0m [2mexecuting::dataflow[0m[2m:[0m 536.320494ms:	Data loaded for _Return
[2m2025-07-29T03:12:28.548956Z[0m [32m INFO[0m [2mreading::inspect[0m[2m:[0m Delta of (recursive) [Subclass]: ((), (), 8281)
[2m2025-07-29T03:12:28.550508Z[0m [32m INFO[0m [2mreading::inspect[0m[2m:[0m Delta of (recursive) [Superinterface]: ((), (), 5705)
[2m2025-07-29T03:12:43.509805Z[0m [32m INFO[0m [2mreading::inspect[0m[2m:[0m Delta of (recursive) [SubtypeOf]: ((), (), 22017)
[2m2025-07-29T03:12:43.870052Z[0m [32m INFO[0m [2mreading::inspect[0m[2m:[0m Delta of (recursive) [MethodLookup]: ((), (), 145584)
[2m2025-07-29T03:13:08.768005Z[0m [32m INFO[0m [2mreading::inspect[0m[2m:[0m Delta of (recursive) [InstanceFieldPointsTo]: ((), (), 9896541)
[2m2025-07-29T03:13:08.768144Z[0m [32m INFO[0m [2mreading::inspect[0m[2m:[0m Delta of (recursive) [Reachable]: ((), (), 9277)
[2m2025-07-29T03:13:08.768191Z[0m [32m INFO[0m [2mreading::inspect[0m[2m:[0m Delta of (recursive) [StaticFieldPointsTo]: ((), (), 1442)
[2m2025-07-29T03:13:08.769694Z[0m [32m INFO[0m [2mreading::inspect[0m[2m:[0m Delta of (recursive) [VarPointsTo]: ((), (), 41627959)
[2m2025-07-29T03:13:08.769865Z[0m [32m INFO[0m [2mreading::inspect[0m[2m:[0m Delta of (recursive) [ArrayIndexPointsTo]: ((), (), 297294)
[2m2025-07-29T03:13:08.769886Z[0m [32m INFO[0m [2mreading::inspect[0m[2m:[0m Delta of (recursive) [Assign]: ((), (), 118258)
[2m2025-07-29T03:13:08.769897Z[0m [32m INFO[0m [2mreading::inspect[0m[2m:[0m Delta of (recursive) [CallGraphEdge]: ((), (), 63141)
[2m2025-07-29T03:13:08.769907Z[0m [32m INFO[0m [2mreading::inspect[0m[2m:[0m Delta of (recursive) [InitializedClass]: ((), (), 1819)
[2m2025-07-29T03:13:08.770624Z[0m [32m INFO[0m [2mexecuting::dataflow[0m[2m:[0m 40.929818488s:	Dataflow executed
[2m2025-07-29T03:13:09.030723Z[0m [32m INFO[0m [2mexecuting[0m[2m:[0m success query
