[2m2025-07-29T03:32:31.680108Z[0m [32m INFO[0m [2mexecuting::dataflow[0m[2m:[0m 623.731964ms:	Dataflow assembled
[2m2025-07-29T03:32:32.001147Z[0m [32m INFO[0m [2mexecuting::dataflow[0m[2m:[0m 944.780361ms:	Data loaded for DirectSuperclass
[2m2025-07-29T03:32:32.001221Z[0m [32m INFO[0m [2mexecuting::dataflow[0m[2m:[0m 944.864841ms:	Data loaded for DirectSuperinterface
[2m2025-07-29T03:32:32.001230Z[0m [32m INFO[0m [2mexecuting::dataflow[0m[2m:[0m 944.874599ms:	Data loaded for MainClass
[2m2025-07-29T03:32:32.001242Z[0m [32m INFO[0m [2mexecuting::dataflow[0m[2m:[0m 944.886561ms:	Data loaded for FormalParam
[2m2025-07-29T03:32:32.001256Z[0m [32m INFO[0m [2mexecuting::dataflow[0m[2m:[0m 944.900067ms:	Data loaded for ComponentType
[2m2025-07-29T03:32:32.001264Z[0m [32m INFO[0m [2mexecuting::dataflow[0m[2m:[0m 944.908443ms:	Data loaded for AssignReturnValue
[2m2025-07-29T03:32:32.001273Z[0m [32m INFO[0m [2mexecuting::dataflow[0m[2m:[0m 944.917039ms:	Data loaded for ActualParam
[2m2025-07-29T03:32:32.001280Z[0m [32m INFO[0m [2mexecuting::dataflow[0m[2m:[0m 944.924763ms:	Data loaded for Method_Modifier
[2m2025-07-29T03:32:32.001290Z[0m [32m INFO[0m [2mexecuting::dataflow[0m[2m:[0m 944.933921ms:	Data loaded for Var_Type
[2m2025-07-29T03:32:32.001297Z[0m [32m INFO[0m [2mexecuting::dataflow[0m[2m:[0m 944.941886ms:	Data loaded for HeapAllocation_Type
[2m2025-07-29T03:32:32.001307Z[0m [32m INFO[0m [2mexecuting::dataflow[0m[2m:[0m 944.951704ms:	Data loaded for _ClassType
[2m2025-07-29T03:32:32.001322Z[0m [32m INFO[0m [2mexecuting::dataflow[0m[2m:[0m 944.966352ms:	Data loaded for _ArrayType
[2m2025-07-29T03:32:32.001332Z[0m [32m INFO[0m [2mexecuting::dataflow[0m[2m:[0m 944.976731ms:	Data loaded for _InterfaceType
[2m2025-07-29T03:32:32.001341Z[0m [32m INFO[0m [2mexecuting::dataflow[0m[2m:[0m 944.985127ms:	Data loaded for _Var_DeclaringMethod
[2m2025-07-29T03:32:32.001349Z[0m [32m INFO[0m [2mexecuting::dataflow[0m[2m:[0m 944.992962ms:	Data loaded for _ApplicationClass
[2m2025-07-29T03:32:32.001356Z[0m [32m INFO[0m [2mexecuting::dataflow[0m[2m:[0m 945.000416ms:	Data loaded for _ThisVar
[2m2025-07-29T03:32:32.001363Z[0m [32m INFO[0m [2mexecuting::dataflow[0m[2m:[0m 945.006918ms:	Data loaded for _NormalHeap
[2m2025-07-29T03:32:32.001371Z[0m [32m INFO[0m [2mexecuting::dataflow[0m[2m:[0m 945.015765ms:	Data loaded for _StringConstant
[2m2025-07-29T03:32:32.001441Z[0m [32m INFO[0m [2mexecuting::dataflow[0m[2m:[0m 945.085546ms:	Data loaded for _AssignHeapAllocation
[2m2025-07-29T03:32:32.001490Z[0m [32m INFO[0m [2mexecuting::dataflow[0m[2m:[0m 945.134017ms:	Data loaded for _AssignLocal
[2m2025-07-29T03:32:32.001512Z[0m [32m INFO[0m [2mexecuting::dataflow[0m[2m:[0m 945.156399ms:	Data loaded for _AssignCast
[2m2025-07-29T03:32:32.001521Z[0m [32m INFO[0m [2mexecuting::dataflow[0m[2m:[0m 945.165086ms:	Data loaded for _Field
[2m2025-07-29T03:32:32.001534Z[0m [32m INFO[0m [2mexecuting::dataflow[0m[2m:[0m 945.178842ms:	Data loaded for _StaticMethodInvocation
[2m2025-07-29T03:32:32.001595Z[0m [32m INFO[0m [2mexecuting::dataflow[0m[2m:[0m 945.239035ms:	Data loaded for _SpecialMethodInvocation
[2m2025-07-29T03:32:32.001647Z[0m [32m INFO[0m [2mexecuting::dataflow[0m[2m:[0m 945.291103ms:	Data loaded for _VirtualMethodInvocation
[2m2025-07-29T03:32:32.001668Z[0m [32m INFO[0m [2mexecuting::dataflow[0m[2m:[0m 945.311982ms:	Data loaded for _Method
[2m2025-07-29T03:32:32.001680Z[0m [32m INFO[0m [2mexecuting::dataflow[0m[2m:[0m 945.323955ms:	Data loaded for Method_Descriptor
[2m2025-07-29T03:32:32.001701Z[0m [32m INFO[0m [2mexecuting::dataflow[0m[2m:[0m 945.345736ms:	Data loaded for _StoreInstanceField
[2m2025-07-29T03:32:32.001809Z[0m [32m INFO[0m [2mexecuting::dataflow[0m[2m:[0m 945.453338ms:	Data loaded for _LoadInstanceField
[2m2025-07-29T03:32:32.001822Z[0m [32m INFO[0m [2mexecuting::dataflow[0m[2m:[0m 945.466173ms:	Data loaded for _StoreStaticField
[2m2025-07-29T03:32:32.001906Z[0m [32m INFO[0m [2mexecuting::dataflow[0m[2m:[0m 945.54994ms:	Data loaded for _LoadStaticField
[2m2025-07-29T03:32:32.001948Z[0m [32m INFO[0m [2mexecuting::dataflow[0m[2m:[0m 945.59232ms:	Data loaded for _StoreArrayIndex
[2m2025-07-29T03:32:32.001975Z[0m [32m INFO[0m [2mexecuting::dataflow[0m[2m:[0m 945.619882ms:	Data loaded for _LoadArrayIndex
[2m2025-07-29T03:32:32.001994Z[0m [32m INFO[0m [2mexecuting::dataflow[0m[2m:[0m 945.638727ms:	Data loaded for _Return
[2m2025-07-29T03:32:32.252778Z[0m [32m INFO[0m [2mreading::inspect[0m[2m:[0m Delta of (recursive) [Superinterface]: ((), (), 5705)
[2m2025-07-29T03:32:32.253861Z[0m [32m INFO[0m [2mreading::inspect[0m[2m:[0m Delta of (recursive) [Subclass]: ((), (), 8281)
[2m2025-07-29T03:32:32.289324Z[0m [32m INFO[0m [2mreading::inspect[0m[2m:[0m Delta of (recursive) [SubtypeOf]: ((), (), 22017)
[2m2025-07-29T03:32:32.294088Z[0m [32m INFO[0m [2mreading::inspect[0m[2m:[0m Delta of (recursive) [MethodLookup]: ((), (), 145584)
[2m2025-07-29T03:32:54.224997Z[0m [32m INFO[0m [2mreading::inspect[0m[2m:[0m Delta of (recursive) [ArrayIndexPointsTo]: ((), (), 297294)
[2m2025-07-29T03:32:54.242790Z[0m [32m INFO[0m [2mreading::inspect[0m[2m:[0m Delta of (recursive) [Assign]: ((), (), 118258)
[2m2025-07-29T03:32:54.243505Z[0m [32m INFO[0m [2mreading::inspect[0m[2m:[0m Delta of (recursive) [CallGraphEdge]: ((), (), 63141)
[2m2025-07-29T03:32:54.243542Z[0m [32m INFO[0m [2mreading::inspect[0m[2m:[0m Delta of (recursive) [InitializedClass]: ((), (), 1819)
[2m2025-07-29T03:32:54.243793Z[0m [32m INFO[0m [2mreading::inspect[0m[2m:[0m Delta of (recursive) [InstanceFieldPointsTo]: ((), (), 9896541)
[2m2025-07-29T03:32:54.243825Z[0m [32m INFO[0m [2mreading::inspect[0m[2m:[0m Delta of (recursive) [Reachable]: ((), (), 9277)
[2m2025-07-29T03:32:54.243850Z[0m [32m INFO[0m [2mreading::inspect[0m[2m:[0m Delta of (recursive) [StaticFieldPointsTo]: ((), (), 1442)
[2m2025-07-29T03:32:54.244406Z[0m [32m INFO[0m [2mreading::inspect[0m[2m:[0m Delta of (recursive) [VarPointsTo]: ((), (), 41627959)
[2m2025-07-29T03:32:54.292847Z[0m [32m INFO[0m [2mexecuting::dataflow[0m[2m:[0m 23.236432858s:	Dataflow executed
[2m2025-07-29T03:32:54.348825Z[0m [32m INFO[0m [2mexecuting[0m[2m:[0m success query
