[2m2025-07-29T03:36:09.964750Z[0m [32m INFO[0m [2mexecuting::dataflow[0m[2m:[0m 249.605032ms:	Dataflow assembled
[2m2025-07-29T03:36:10.576357Z[0m [32m INFO[0m [2mexecuting::dataflow[0m[2m:[0m 861.233388ms:	Data loaded for DirectSuperclass
[2m2025-07-29T03:36:10.576408Z[0m [32m INFO[0m [2mexecuting::dataflow[0m[2m:[0m 861.290165ms:	Data loaded for DirectSuperinterface
[2m2025-07-29T03:36:10.576416Z[0m [32m INFO[0m [2mexecuting::dataflow[0m[2m:[0m 861.298861ms:	Data loaded for MainClass
[2m2025-07-29T03:36:10.576426Z[0m [32m INFO[0m [2mexecuting::dataflow[0m[2m:[0m 861.308669ms:	Data loaded for FormalParam
[2m2025-07-29T03:36:10.576437Z[0m [32m INFO[0m [2mexecuting::dataflow[0m[2m:[0m 861.319039ms:	Data loaded for ComponentType
[2m2025-07-29T03:36:10.576445Z[0m [32m INFO[0m [2mexecuting::dataflow[0m[2m:[0m 861.327284ms:	Data loaded for AssignReturnValue
[2m2025-07-29T03:36:10.576453Z[0m [32m INFO[0m [2mexecuting::dataflow[0m[2m:[0m 861.33536ms:	Data loaded for ActualParam
[2m2025-07-29T03:36:10.576460Z[0m [32m INFO[0m [2mexecuting::dataflow[0m[2m:[0m 861.342673ms:	Data loaded for Method_Modifier
[2m2025-07-29T03:36:10.576470Z[0m [32m INFO[0m [2mexecuting::dataflow[0m[2m:[0m 861.352422ms:	Data loaded for Var_Type
[2m2025-07-29T03:36:10.576479Z[0m [32m INFO[0m [2mexecuting::dataflow[0m[2m:[0m 861.360908ms:	Data loaded for HeapAllocation_Type
[2m2025-07-29T03:36:10.576489Z[0m [32m INFO[0m [2mexecuting::dataflow[0m[2m:[0m 861.371167ms:	Data loaded for _ClassType
[2m2025-07-29T03:36:10.576500Z[0m [32m INFO[0m [2mexecuting::dataflow[0m[2m:[0m 861.382348ms:	Data loaded for _ArrayType
[2m2025-07-29T03:36:10.576510Z[0m [32m INFO[0m [2mexecuting::dataflow[0m[2m:[0m 861.392397ms:	Data loaded for _InterfaceType
[2m2025-07-29T03:36:10.576518Z[0m [32m INFO[0m [2mexecuting::dataflow[0m[2m:[0m 861.400222ms:	Data loaded for _Var_DeclaringMethod
[2m2025-07-29T03:36:10.576525Z[0m [32m INFO[0m [2mexecuting::dataflow[0m[2m:[0m 861.407586ms:	Data loaded for _ApplicationClass
[2m2025-07-29T03:36:10.576534Z[0m [32m INFO[0m [2mexecuting::dataflow[0m[2m:[0m 861.415881ms:	Data loaded for _ThisVar
[2m2025-07-29T03:36:10.576541Z[0m [32m INFO[0m [2mexecuting::dataflow[0m[2m:[0m 861.423135ms:	Data loaded for _NormalHeap
[2m2025-07-29T03:36:10.576583Z[0m [32m INFO[0m [2mexecuting::dataflow[0m[2m:[0m 861.464984ms:	Data loaded for _StringConstant
[2m2025-07-29T03:36:10.576617Z[0m [32m INFO[0m [2mexecuting::dataflow[0m[2m:[0m 861.498847ms:	Data loaded for _AssignHeapAllocation
[2m2025-07-29T03:36:10.576627Z[0m [32m INFO[0m [2mexecuting::dataflow[0m[2m:[0m 861.509427ms:	Data loaded for _AssignLocal
[2m2025-07-29T03:36:10.576655Z[0m [32m INFO[0m [2mexecuting::dataflow[0m[2m:[0m 861.53743ms:	Data loaded for _AssignCast
[2m2025-07-29T03:36:10.576664Z[0m [32m INFO[0m [2mexecuting::dataflow[0m[2m:[0m 861.545956ms:	Data loaded for _Field
[2m2025-07-29T03:36:10.576679Z[0m [32m INFO[0m [2mexecuting::dataflow[0m[2m:[0m 861.561125ms:	Data loaded for _StaticMethodInvocation
[2m2025-07-29T03:36:10.576691Z[0m [32m INFO[0m [2mexecuting::dataflow[0m[2m:[0m 861.573538ms:	Data loaded for _SpecialMethodInvocation
[2m2025-07-29T03:36:10.576720Z[0m [32m INFO[0m [2mexecuting::dataflow[0m[2m:[0m 861.602402ms:	Data loaded for _VirtualMethodInvocation
[2m2025-07-29T03:36:10.576734Z[0m [32m INFO[0m [2mexecuting::dataflow[0m[2m:[0m 861.616058ms:	Data loaded for _Method
[2m2025-07-29T03:36:10.576761Z[0m [32m INFO[0m [2mexecuting::dataflow[0m[2m:[0m 861.643149ms:	Data loaded for Method_Descriptor
[2m2025-07-29T03:36:10.576793Z[0m [32m INFO[0m [2mexecuting::dataflow[0m[2m:[0m 861.67555ms:	Data loaded for _StoreInstanceField
[2m2025-07-29T03:36:10.576827Z[0m [32m INFO[0m [2mexecuting::dataflow[0m[2m:[0m 861.709855ms:	Data loaded for _LoadInstanceField
[2m2025-07-29T03:36:10.576839Z[0m [32m INFO[0m [2mexecuting::dataflow[0m[2m:[0m 861.721567ms:	Data loaded for _StoreStaticField
[2m2025-07-29T03:36:10.576894Z[0m [32m INFO[0m [2mexecuting::dataflow[0m[2m:[0m 861.776059ms:	Data loaded for _LoadStaticField
[2m2025-07-29T03:36:10.576908Z[0m [32m INFO[0m [2mexecuting::dataflow[0m[2m:[0m 861.790216ms:	Data loaded for _StoreArrayIndex
[2m2025-07-29T03:36:10.576922Z[0m [32m INFO[0m [2mexecuting::dataflow[0m[2m:[0m 861.804553ms:	Data loaded for _LoadArrayIndex
[2m2025-07-29T03:36:10.576935Z[0m [32m INFO[0m [2mexecuting::dataflow[0m[2m:[0m 861.817517ms:	Data loaded for _Return
[2m2025-07-29T03:36:10.850470Z[0m [32m INFO[0m [2mreading::inspect[0m[2m:[0m Delta of (recursive) [Superinterface]: ((), (), 12562)
[2m2025-07-29T03:36:10.850575Z[0m [32m INFO[0m [2mreading::inspect[0m[2m:[0m Delta of (recursive) [Subclass]: ((), (), 15793)
[2m2025-07-29T03:36:46.008744Z[0m [32m INFO[0m [2mreading::inspect[0m[2m:[0m Delta of (recursive) [SubtypeOf]: ((), (), 41551)
[2m2025-07-29T03:37:44.187586Z[0m [32m INFO[0m [2mreading::inspect[0m[2m:[0m Delta of (recursive) [MethodLookup]: ((), (), 355148)
[2m2025-07-29T03:37:51.068097Z[0m [32m INFO[0m [2mreading::inspect[0m[2m:[0m Delta of (recursive) [ArrayIndexPointsTo]: ((), (), 21216)
[2m2025-07-29T03:37:51.081457Z[0m [32m INFO[0m [2mreading::inspect[0m[2m:[0m Delta of (recursive) [Assign]: ((), (), 45066)
[2m2025-07-29T03:37:51.081500Z[0m [32m INFO[0m [2mreading::inspect[0m[2m:[0m Delta of (recursive) [CallGraphEdge]: ((), (), 20419)
[2m2025-07-29T03:37:51.081534Z[0m [32m INFO[0m [2mreading::inspect[0m[2m:[0m Delta of (recursive) [InitializedClass]: ((), (), 990)
[2m2025-07-29T03:37:51.081590Z[0m [32m INFO[0m [2mreading::inspect[0m[2m:[0m Delta of (recursive) [InstanceFieldPointsTo]: ((), (), 1444699)
[2m2025-07-29T03:37:51.081619Z[0m [32m INFO[0m [2mreading::inspect[0m[2m:[0m Delta of (recursive) [Reachable]: ((), (), 4416)
[2m2025-07-29T03:37:51.081652Z[0m [32m INFO[0m [2mreading::inspect[0m[2m:[0m Delta of (recursive) [StaticFieldPointsTo]: ((), (), 2304)
[2m2025-07-29T03:37:51.081708Z[0m [32m INFO[0m [2mreading::inspect[0m[2m:[0m Delta of (recursive) [VarPointsTo]: ((), (), 2867913)
[2m2025-07-29T03:37:51.087105Z[0m [32m INFO[0m [2mexecuting::dataflow[0m[2m:[0m 101.367256994s:	Dataflow executed
[2m2025-07-29T03:37:51.184650Z[0m [32m INFO[0m [2mexecuting[0m[2m:[0m success query
