[2m2025-07-29T03:35:55.972765Z[0m [32m INFO[0m [2mexecuting::dataflow[0m[2m:[0m 701.730381ms:	Dataflow assembled
[2m2025-07-29T03:35:56.582066Z[0m [32m INFO[0m [2mexecuting::dataflow[0m[2m:[0m 1.311044522s:	Data loaded for DirectSuperclass
[2m2025-07-29T03:35:56.582118Z[0m [32m INFO[0m [2mexecuting::dataflow[0m[2m:[0m 1.311102571s:	Data loaded for DirectSuperinterface
[2m2025-07-29T03:35:56.582127Z[0m [32m INFO[0m [2mexecuting::dataflow[0m[2m:[0m 1.311111949s:	Data loaded for MainClass
[2m2025-07-29T03:35:56.582140Z[0m [32m INFO[0m [2mexecuting::dataflow[0m[2m:[0m 1.311124352s:	Data loaded for FormalParam
[2m2025-07-29T03:35:56.582151Z[0m [32m INFO[0m [2mexecuting::dataflow[0m[2m:[0m 1.311135172s:	Data loaded for ComponentType
[2m2025-07-29T03:35:56.582159Z[0m [32m INFO[0m [2mexecuting::dataflow[0m[2m:[0m 1.311143749s:	Data loaded for AssignReturnValue
[2m2025-07-29T03:35:56.582168Z[0m [32m INFO[0m [2mexecuting::dataflow[0m[2m:[0m 1.311152285s:	Data loaded for ActualParam
[2m2025-07-29T03:35:56.582176Z[0m [32m INFO[0m [2mexecuting::dataflow[0m[2m:[0m 1.311160801s:	Data loaded for Method_Modifier
[2m2025-07-29T03:35:56.582186Z[0m [32m INFO[0m [2mexecuting::dataflow[0m[2m:[0m 1.31117081s:	Data loaded for Var_Type
[2m2025-07-29T03:35:56.582195Z[0m [32m INFO[0m [2mexecuting::dataflow[0m[2m:[0m 1.311179636s:	Data loaded for HeapAllocation_Type
[2m2025-07-29T03:35:56.582206Z[0m [32m INFO[0m [2mexecuting::dataflow[0m[2m:[0m 1.311190567s:	Data loaded for _ClassType
[2m2025-07-29T03:35:56.582218Z[0m [32m INFO[0m [2mexecuting::dataflow[0m[2m:[0m 1.311202269s:	Data loaded for _ArrayType
[2m2025-07-29T03:35:56.582228Z[0m [32m INFO[0m [2mexecuting::dataflow[0m[2m:[0m 1.311212869s:	Data loaded for _InterfaceType
[2m2025-07-29T03:35:56.582237Z[0m [32m INFO[0m [2mexecuting::dataflow[0m[2m:[0m 1.311221595s:	Data loaded for _Var_DeclaringMethod
[2m2025-07-29T03:35:56.582245Z[0m [32m INFO[0m [2mexecuting::dataflow[0m[2m:[0m 1.31122942s:	Data loaded for _ApplicationClass
[2m2025-07-29T03:35:56.582253Z[0m [32m INFO[0m [2mexecuting::dataflow[0m[2m:[0m 1.311237215s:	Data loaded for _ThisVar
[2m2025-07-29T03:35:56.582260Z[0m [32m INFO[0m [2mexecuting::dataflow[0m[2m:[0m 1.311244689s:	Data loaded for _NormalHeap
[2m2025-07-29T03:35:56.582267Z[0m [32m INFO[0m [2mexecuting::dataflow[0m[2m:[0m 1.311251952s:	Data loaded for _StringConstant
[2m2025-07-29T03:35:56.582295Z[0m [32m INFO[0m [2mexecuting::dataflow[0m[2m:[0m 1.311279434s:	Data loaded for _AssignHeapAllocation
[2m2025-07-29T03:35:56.582305Z[0m [32m INFO[0m [2mexecuting::dataflow[0m[2m:[0m 1.311289423s:	Data loaded for _AssignLocal
[2m2025-07-29T03:35:56.582368Z[0m [32m INFO[0m [2mexecuting::dataflow[0m[2m:[0m 1.311352151s:	Data loaded for _AssignCast
[2m2025-07-29T03:35:56.582377Z[0m [32m INFO[0m [2mexecuting::dataflow[0m[2m:[0m 1.311361218s:	Data loaded for _Field
[2m2025-07-29T03:35:56.582399Z[0m [32m INFO[0m [2mexecuting::dataflow[0m[2m:[0m 1.311383901s:	Data loaded for _StaticMethodInvocation
[2m2025-07-29T03:35:56.582408Z[0m [32m INFO[0m [2mexecuting::dataflow[0m[2m:[0m 1.311393038s:	Data loaded for _SpecialMethodInvocation
[2m2025-07-29T03:35:56.582461Z[0m [32m INFO[0m [2mexecuting::dataflow[0m[2m:[0m 1.311445797s:	Data loaded for _VirtualMethodInvocation
[2m2025-07-29T03:35:56.582475Z[0m [32m INFO[0m [2mexecuting::dataflow[0m[2m:[0m 1.311459523s:	Data loaded for _Method
[2m2025-07-29T03:35:56.582496Z[0m [32m INFO[0m [2mexecuting::dataflow[0m[2m:[0m 1.311480853s:	Data loaded for Method_Descriptor
[2m2025-07-29T03:35:56.582573Z[0m [32m INFO[0m [2mexecuting::dataflow[0m[2m:[0m 1.311557718s:	Data loaded for _StoreInstanceField
[2m2025-07-29T03:35:56.582640Z[0m [32m INFO[0m [2mexecuting::dataflow[0m[2m:[0m 1.311624684s:	Data loaded for _LoadInstanceField
[2m2025-07-29T03:35:56.582652Z[0m [32m INFO[0m [2mexecuting::dataflow[0m[2m:[0m 1.311636216s:	Data loaded for _StoreStaticField
[2m2025-07-29T03:35:56.582712Z[0m [32m INFO[0m [2mexecuting::dataflow[0m[2m:[0m 1.311695878s:	Data loaded for _LoadStaticField
[2m2025-07-29T03:35:56.582738Z[0m [32m INFO[0m [2mexecuting::dataflow[0m[2m:[0m 1.311722107s:	Data loaded for _StoreArrayIndex
[2m2025-07-29T03:35:56.582770Z[0m [32m INFO[0m [2mexecuting::dataflow[0m[2m:[0m 1.311754298s:	Data loaded for _LoadArrayIndex
[2m2025-07-29T03:35:56.582800Z[0m [32m INFO[0m [2mexecuting::dataflow[0m[2m:[0m 1.311784204s:	Data loaded for _Return
[2m2025-07-29T03:35:56.945690Z[0m [32m INFO[0m [2mreading::inspect[0m[2m:[0m Delta of (recursive) [Subclass]: ((), (), 15793)
[2m2025-07-29T03:35:56.951556Z[0m [32m INFO[0m [2mreading::inspect[0m[2m:[0m Delta of (recursive) [Superinterface]: ((), (), 12562)
[2m2025-07-29T03:35:56.993453Z[0m [32m INFO[0m [2mreading::inspect[0m[2m:[0m Delta of (recursive) [SubtypeOf]: ((), (), 41551)
[2m2025-07-29T03:35:57.003105Z[0m [32m INFO[0m [2mreading::inspect[0m[2m:[0m Delta of (recursive) [MethodLookup]: ((), (), 355148)
[2m2025-07-29T03:36:04.159677Z[0m [32m INFO[0m [2mreading::inspect[0m[2m:[0m Delta of (recursive) [ArrayIndexPointsTo]: ((), (), 21216)
[2m2025-07-29T03:36:04.159807Z[0m [32m INFO[0m [2mreading::inspect[0m[2m:[0m Delta of (recursive) [Assign]: ((), (), 45066)
[2m2025-07-29T03:36:04.159917Z[0m [32m INFO[0m [2mreading::inspect[0m[2m:[0m Delta of (recursive) [CallGraphEdge]: ((), (), 20419)
[2m2025-07-29T03:36:04.159984Z[0m [32m INFO[0m [2mreading::inspect[0m[2m:[0m Delta of (recursive) [InitializedClass]: ((), (), 990)
[2m2025-07-29T03:36:04.160097Z[0m [32m INFO[0m [2mreading::inspect[0m[2m:[0m Delta of (recursive) [InstanceFieldPointsTo]: ((), (), 1444699)
[2m2025-07-29T03:36:04.160146Z[0m [32m INFO[0m [2mreading::inspect[0m[2m:[0m Delta of (recursive) [Reachable]: ((), (), 4416)
[2m2025-07-29T03:36:04.160187Z[0m [32m INFO[0m [2mreading::inspect[0m[2m:[0m Delta of (recursive) [StaticFieldPointsTo]: ((), (), 2304)
[2m2025-07-29T03:36:04.160259Z[0m [32m INFO[0m [2mreading::inspect[0m[2m:[0m Delta of (recursive) [VarPointsTo]: ((), (), 2867913)
[2m2025-07-29T03:36:04.163069Z[0m [32m INFO[0m [2mexecuting::dataflow[0m[2m:[0m 8.892044022s:	Dataflow executed
[2m2025-07-29T03:36:04.368500Z[0m [32m INFO[0m [2mexecuting[0m[2m:[0m success query
