[2m2025-07-29T03:50:44.355142Z[0m [32m INFO[0m [2mexecuting::dataflow[0m[2m:[0m 648.740453ms:	Dataflow assembled
[2m2025-07-29T03:50:44.967772Z[0m [32m INFO[0m [2mexecuting::dataflow[0m[2m:[0m 1.26138514s:	Data loaded for DirectSuperclass
[2m2025-07-29T03:50:44.967827Z[0m [32m INFO[0m [2mexecuting::dataflow[0m[2m:[0m 1.261446405s:	Data loaded for DirectSuperinterface
[2m2025-07-29T03:50:44.967837Z[0m [32m INFO[0m [2mexecuting::dataflow[0m[2m:[0m 1.261457116s:	Data loaded for MainClass
[2m2025-07-29T03:50:44.967850Z[0m [32m INFO[0m [2mexecuting::dataflow[0m[2m:[0m 1.26146985s:	Data loaded for FormalParam
[2m2025-07-29T03:50:44.967861Z[0m [32m INFO[0m [2mexecuting::dataflow[0m[2m:[0m 1.261481041s:	Data loaded for ComponentType
[2m2025-07-29T03:50:44.967869Z[0m [32m INFO[0m [2mexecuting::dataflow[0m[2m:[0m 1.261489206s:	Data loaded for AssignReturnValue
[2m2025-07-29T03:50:44.967878Z[0m [32m INFO[0m [2mexecuting::dataflow[0m[2m:[0m 1.261497542s:	Data loaded for ActualParam
[2m2025-07-29T03:50:44.967885Z[0m [32m INFO[0m [2mexecuting::dataflow[0m[2m:[0m 1.261504605s:	Data loaded for Method_Modifier
[2m2025-07-29T03:50:44.967894Z[0m [32m INFO[0m [2mexecuting::dataflow[0m[2m:[0m 1.261514253s:	Data loaded for Var_Type
[2m2025-07-29T03:50:44.967903Z[0m [32m INFO[0m [2mexecuting::dataflow[0m[2m:[0m 1.261522599s:	Data loaded for HeapAllocation_Type
[2m2025-07-29T03:50:44.967923Z[0m [32m INFO[0m [2mexecuting::dataflow[0m[2m:[0m 1.261542807s:	Data loaded for _ClassType
[2m2025-07-29T03:50:44.967936Z[0m [32m INFO[0m [2mexecuting::dataflow[0m[2m:[0m 1.261556092s:	Data loaded for _ArrayType
[2m2025-07-29T03:50:44.967948Z[0m [32m INFO[0m [2mexecuting::dataflow[0m[2m:[0m 1.261567754s:	Data loaded for _InterfaceType
[2m2025-07-29T03:50:44.967956Z[0m [32m INFO[0m [2mexecuting::dataflow[0m[2m:[0m 1.261575979s:	Data loaded for _Var_DeclaringMethod
[2m2025-07-29T03:50:44.967964Z[0m [32m INFO[0m [2mexecuting::dataflow[0m[2m:[0m 1.261583974s:	Data loaded for _ApplicationClass
[2m2025-07-29T03:50:44.967972Z[0m [32m INFO[0m [2mexecuting::dataflow[0m[2m:[0m 1.261591829s:	Data loaded for _ThisVar
[2m2025-07-29T03:50:44.967979Z[0m [32m INFO[0m [2mexecuting::dataflow[0m[2m:[0m 1.261599123s:	Data loaded for _NormalHeap
[2m2025-07-29T03:50:44.967987Z[0m [32m INFO[0m [2mexecuting::dataflow[0m[2m:[0m 1.261606777s:	Data loaded for _StringConstant
[2m2025-07-29T03:50:44.968017Z[0m [32m INFO[0m [2mexecuting::dataflow[0m[2m:[0m 1.261636704s:	Data loaded for _AssignHeapAllocation
[2m2025-07-29T03:50:44.968029Z[0m [32m INFO[0m [2mexecuting::dataflow[0m[2m:[0m 1.261648265s:	Data loaded for _AssignLocal
[2m2025-07-29T03:50:44.968106Z[0m [32m INFO[0m [2mexecuting::dataflow[0m[2m:[0m 1.26172517s:	Data loaded for _AssignCast
[2m2025-07-29T03:50:44.968117Z[0m [32m INFO[0m [2mexecuting::dataflow[0m[2m:[0m 1.261736682s:	Data loaded for _Field
[2m2025-07-29T03:50:44.968142Z[0m [32m INFO[0m [2mexecuting::dataflow[0m[2m:[0m 1.261761789s:	Data loaded for _StaticMethodInvocation
[2m2025-07-29T03:50:44.968154Z[0m [32m INFO[0m [2mexecuting::dataflow[0m[2m:[0m 1.261774082s:	Data loaded for _SpecialMethodInvocation
[2m2025-07-29T03:50:44.968215Z[0m [32m INFO[0m [2mexecuting::dataflow[0m[2m:[0m 1.261834716s:	Data loaded for _VirtualMethodInvocation
[2m2025-07-29T03:50:44.968229Z[0m [32m INFO[0m [2mexecuting::dataflow[0m[2m:[0m 1.261849053s:	Data loaded for _Method
[2m2025-07-29T03:50:44.968249Z[0m [32m INFO[0m [2mexecuting::dataflow[0m[2m:[0m 1.26186838s:	Data loaded for Method_Descriptor
[2m2025-07-29T03:50:44.968328Z[0m [32m INFO[0m [2mexecuting::dataflow[0m[2m:[0m 1.261947729s:	Data loaded for _StoreInstanceField
[2m2025-07-29T03:50:44.968405Z[0m [32m INFO[0m [2mexecuting::dataflow[0m[2m:[0m 1.262024684s:	Data loaded for _LoadInstanceField
[2m2025-07-29T03:50:44.968417Z[0m [32m INFO[0m [2mexecuting::dataflow[0m[2m:[0m 1.262037198s:	Data loaded for _StoreStaticField
[2m2025-07-29T03:50:44.968479Z[0m [32m INFO[0m [2mexecuting::dataflow[0m[2m:[0m 1.262099174s:	Data loaded for _LoadStaticField
[2m2025-07-29T03:50:44.968493Z[0m [32m INFO[0m [2mexecuting::dataflow[0m[2m:[0m 1.26211263s:	Data loaded for _StoreArrayIndex
[2m2025-07-29T03:50:44.968529Z[0m [32m INFO[0m [2mexecuting::dataflow[0m[2m:[0m 1.262149148s:	Data loaded for _LoadArrayIndex
[2m2025-07-29T03:50:44.968564Z[0m [32m INFO[0m [2mexecuting::dataflow[0m[2m:[0m 1.262183353s:	Data loaded for _Return
[2m2025-07-29T03:50:45.309037Z[0m [32m INFO[0m [2mreading::inspect[0m[2m:[0m Delta of (recursive) [Subclass]: ((), (), 15793)
[2m2025-07-29T03:50:45.317243Z[0m [32m INFO[0m [2mreading::inspect[0m[2m:[0m Delta of (recursive) [Superinterface]: ((), (), 12562)
[2m2025-07-29T03:50:45.361791Z[0m [32m INFO[0m [2mreading::inspect[0m[2m:[0m Delta of (recursive) [SubtypeOf]: ((), (), 41551)
[2m2025-07-29T03:50:45.370798Z[0m [32m INFO[0m [2mreading::inspect[0m[2m:[0m Delta of (recursive) [MethodLookup]: ((), (), 355148)
[2m2025-07-29T03:50:52.287229Z[0m [32m INFO[0m [2mreading::inspect[0m[2m:[0m Delta of (recursive) [ArrayIndexPointsTo]: ((), (), 21216)
[2m2025-07-29T03:50:52.287318Z[0m [32m INFO[0m [2mreading::inspect[0m[2m:[0m Delta of (recursive) [Assign]: ((), (), 45066)
[2m2025-07-29T03:50:52.287381Z[0m [32m INFO[0m [2mreading::inspect[0m[2m:[0m Delta of (recursive) [CallGraphEdge]: ((), (), 20419)
[2m2025-07-29T03:50:52.287466Z[0m [32m INFO[0m [2mreading::inspect[0m[2m:[0m Delta of (recursive) [InitializedClass]: ((), (), 990)
[2m2025-07-29T03:50:52.287589Z[0m [32m INFO[0m [2mreading::inspect[0m[2m:[0m Delta of (recursive) [InstanceFieldPointsTo]: ((), (), 1444699)
[2m2025-07-29T03:50:52.287686Z[0m [32m INFO[0m [2mreading::inspect[0m[2m:[0m Delta of (recursive) [Reachable]: ((), (), 4416)
[2m2025-07-29T03:50:52.287758Z[0m [32m INFO[0m [2mreading::inspect[0m[2m:[0m Delta of (recursive) [StaticFieldPointsTo]: ((), (), 2304)
[2m2025-07-29T03:50:52.287936Z[0m [32m INFO[0m [2mreading::inspect[0m[2m:[0m Delta of (recursive) [VarPointsTo]: ((), (), 2867913)
[2m2025-07-29T03:50:52.289216Z[0m [32m INFO[0m [2mexecuting::dataflow[0m[2m:[0m 8.58282564s:	Dataflow executed
[2m2025-07-29T03:50:52.455741Z[0m [32m INFO[0m [2mexecuting[0m[2m:[0m success query
