[2m2025-07-29T03:46:16.867424Z[0m [32m INFO[0m [2mexecuting::dataflow[0m[2m:[0m 181.461385ms:	Dataflow assembled
[2m2025-07-29T03:46:17.474082Z[0m [32m INFO[0m [2mexecuting::dataflow[0m[2m:[0m 788.127078ms:	Data loaded for DirectSuperclass
[2m2025-07-29T03:46:17.474152Z[0m [32m INFO[0m [2mexecuting::dataflow[0m[2m:[0m 788.206437ms:	Data loaded for DirectSuperinterface
[2m2025-07-29T03:46:17.474160Z[0m [32m INFO[0m [2mexecuting::dataflow[0m[2m:[0m 788.214723ms:	Data loaded for MainClass
[2m2025-07-29T03:46:17.474175Z[0m [32m INFO[0m [2mexecuting::dataflow[0m[2m:[0m 788.22937ms:	Data loaded for FormalParam
[2m2025-07-29T03:46:17.474185Z[0m [32m INFO[0m [2mexecuting::dataflow[0m[2m:[0m 788.239118ms:	Data loaded for ComponentType
[2m2025-07-29T03:46:17.474194Z[0m [32m INFO[0m [2mexecuting::dataflow[0m[2m:[0m 788.248857ms:	Data loaded for AssignReturnValue
[2m2025-07-29T03:46:17.474203Z[0m [32m INFO[0m [2mexecuting::dataflow[0m[2m:[0m 788.257333ms:	Data loaded for ActualParam
[2m2025-07-29T03:46:17.474210Z[0m [32m INFO[0m [2mexecuting::dataflow[0m[2m:[0m 788.264606ms:	Data loaded for Method_Modifier
[2m2025-07-29T03:46:17.474220Z[0m [32m INFO[0m [2mexecuting::dataflow[0m[2m:[0m 788.274154ms:	Data loaded for Var_Type
[2m2025-07-29T03:46:17.474227Z[0m [32m INFO[0m [2mexecuting::dataflow[0m[2m:[0m 788.281889ms:	Data loaded for HeapAllocation_Type
[2m2025-07-29T03:46:17.474237Z[0m [32m INFO[0m [2mexecuting::dataflow[0m[2m:[0m 788.291587ms:	Data loaded for _ClassType
[2m2025-07-29T03:46:17.474248Z[0m [32m INFO[0m [2mexecuting::dataflow[0m[2m:[0m 788.302638ms:	Data loaded for _ArrayType
[2m2025-07-29T03:46:17.474257Z[0m [32m INFO[0m [2mexecuting::dataflow[0m[2m:[0m 788.312046ms:	Data loaded for _InterfaceType
[2m2025-07-29T03:46:17.474266Z[0m [32m INFO[0m [2mexecuting::dataflow[0m[2m:[0m 788.320221ms:	Data loaded for _Var_DeclaringMethod
[2m2025-07-29T03:46:17.474273Z[0m [32m INFO[0m [2mexecuting::dataflow[0m[2m:[0m 788.327926ms:	Data loaded for _ApplicationClass
[2m2025-07-29T03:46:17.474281Z[0m [32m INFO[0m [2mexecuting::dataflow[0m[2m:[0m 788.335831ms:	Data loaded for _ThisVar
[2m2025-07-29T03:46:17.474289Z[0m [32m INFO[0m [2mexecuting::dataflow[0m[2m:[0m 788.343124ms:	Data loaded for _NormalHeap
[2m2025-07-29T03:46:17.474297Z[0m [32m INFO[0m [2mexecuting::dataflow[0m[2m:[0m 788.35137ms:	Data loaded for _StringConstant
[2m2025-07-29T03:46:17.474311Z[0m [32m INFO[0m [2mexecuting::dataflow[0m[2m:[0m 788.365476ms:	Data loaded for _AssignHeapAllocation
[2m2025-07-29T03:46:17.474320Z[0m [32m INFO[0m [2mexecuting::dataflow[0m[2m:[0m 788.374974ms:	Data loaded for _AssignLocal
[2m2025-07-29T03:46:17.474350Z[0m [32m INFO[0m [2mexecuting::dataflow[0m[2m:[0m 788.404149ms:	Data loaded for _AssignCast
[2m2025-07-29T03:46:17.474357Z[0m [32m INFO[0m [2mexecuting::dataflow[0m[2m:[0m 788.411783ms:	Data loaded for _Field
[2m2025-07-29T03:46:17.474371Z[0m [32m INFO[0m [2mexecuting::dataflow[0m[2m:[0m 788.425349ms:	Data loaded for _StaticMethodInvocation
[2m2025-07-29T03:46:17.474380Z[0m [32m INFO[0m [2mexecuting::dataflow[0m[2m:[0m 788.434256ms:	Data loaded for _SpecialMethodInvocation
[2m2025-07-29T03:46:17.474410Z[0m [32m INFO[0m [2mexecuting::dataflow[0m[2m:[0m 788.464443ms:	Data loaded for _VirtualMethodInvocation
[2m2025-07-29T03:46:17.474424Z[0m [32m INFO[0m [2mexecuting::dataflow[0m[2m:[0m 788.4789ms:	Data loaded for _Method
[2m2025-07-29T03:46:17.474443Z[0m [32m INFO[0m [2mexecuting::dataflow[0m[2m:[0m 788.497645ms:	Data loaded for Method_Descriptor
[2m2025-07-29T03:46:17.474477Z[0m [32m INFO[0m [2mexecuting::dataflow[0m[2m:[0m 788.531409ms:	Data loaded for _StoreInstanceField
[2m2025-07-29T03:46:17.474512Z[0m [32m INFO[0m [2mexecuting::dataflow[0m[2m:[0m 788.566374ms:	Data loaded for _LoadInstanceField
[2m2025-07-29T03:46:17.474524Z[0m [32m INFO[0m [2mexecuting::dataflow[0m[2m:[0m 788.578297ms:	Data loaded for _StoreStaticField
[2m2025-07-29T03:46:17.474592Z[0m [32m INFO[0m [2mexecuting::dataflow[0m[2m:[0m 788.646125ms:	Data loaded for _LoadStaticField
[2m2025-07-29T03:46:17.474605Z[0m [32m INFO[0m [2mexecuting::dataflow[0m[2m:[0m 788.659239ms:	Data loaded for _StoreArrayIndex
[2m2025-07-29T03:46:17.474638Z[0m [32m INFO[0m [2mexecuting::dataflow[0m[2m:[0m 788.692562ms:	Data loaded for _LoadArrayIndex
[2m2025-07-29T03:46:17.474651Z[0m [32m INFO[0m [2mexecuting::dataflow[0m[2m:[0m 788.705226ms:	Data loaded for _Return
[2m2025-07-29T03:46:17.807928Z[0m [32m INFO[0m [2mreading::inspect[0m[2m:[0m Delta of (recursive) [Superinterface]: ((), (), 12562)
[2m2025-07-29T03:46:17.818277Z[0m [32m INFO[0m [2mreading::inspect[0m[2m:[0m Delta of (recursive) [Subclass]: ((), (), 15793)
[2m2025-07-29T03:46:52.615090Z[0m [32m INFO[0m [2mreading::inspect[0m[2m:[0m Delta of (recursive) [SubtypeOf]: ((), (), 41551)
[2m2025-07-29T03:47:50.130222Z[0m [32m INFO[0m [2mreading::inspect[0m[2m:[0m Delta of (recursive) [MethodLookup]: ((), (), 355148)
[2m2025-07-29T03:47:54.710711Z[0m [32m INFO[0m [2mreading::inspect[0m[2m:[0m Delta of (recursive) [ArrayIndexPointsTo]: ((), (), 21216)
[2m2025-07-29T03:47:54.710808Z[0m [32m INFO[0m [2mreading::inspect[0m[2m:[0m Delta of (recursive) [Assign]: ((), (), 45066)
[2m2025-07-29T03:47:54.710831Z[0m [32m INFO[0m [2mreading::inspect[0m[2m:[0m Delta of (recursive) [CallGraphEdge]: ((), (), 20419)
[2m2025-07-29T03:47:54.710900Z[0m [32m INFO[0m [2mreading::inspect[0m[2m:[0m Delta of (recursive) [InitializedClass]: ((), (), 990)
[2m2025-07-29T03:47:54.710957Z[0m [32m INFO[0m [2mreading::inspect[0m[2m:[0m Delta of (recursive) [InstanceFieldPointsTo]: ((), (), 1444699)
[2m2025-07-29T03:47:54.710987Z[0m [32m INFO[0m [2mreading::inspect[0m[2m:[0m Delta of (recursive) [Reachable]: ((), (), 4416)
[2m2025-07-29T03:47:54.711015Z[0m [32m INFO[0m [2mreading::inspect[0m[2m:[0m Delta of (recursive) [StaticFieldPointsTo]: ((), (), 2304)
[2m2025-07-29T03:47:54.711087Z[0m [32m INFO[0m [2mreading::inspect[0m[2m:[0m Delta of (recursive) [VarPointsTo]: ((), (), 2867913)
[2m2025-07-29T03:47:54.731766Z[0m [32m INFO[0m [2mexecuting::dataflow[0m[2m:[0m 98.031223158s:	Dataflow executed
[2m2025-07-29T03:47:54.827988Z[0m [32m INFO[0m [2mexecuting[0m[2m:[0m success query
