[2m2025-07-29T03:43:30.408379Z[0m [32m INFO[0m [2mexecuting::dataflow[0m[2m:[0m 662.089882ms:	Dataflow assembled
[2m2025-07-29T03:43:31.005533Z[0m [32m INFO[0m [2mexecuting::dataflow[0m[2m:[0m 1.25926099s:	Data loaded for DirectSuperclass
[2m2025-07-29T03:43:31.005594Z[0m [32m INFO[0m [2mexecuting::dataflow[0m[2m:[0m 1.259328427s:	Data loaded for DirectSuperinterface
[2m2025-07-29T03:43:31.005606Z[0m [32m INFO[0m [2mexecuting::dataflow[0m[2m:[0m 1.259340269s:	Data loaded for MainClass
[2m2025-07-29T03:43:31.005620Z[0m [32m INFO[0m [2mexecuting::dataflow[0m[2m:[0m 1.259354256s:	Data loaded for FormalParam
[2m2025-07-29T03:43:31.005631Z[0m [32m INFO[0m [2mexecuting::dataflow[0m[2m:[0m 1.259365527s:	Data loaded for ComponentType
[2m2025-07-29T03:43:31.005639Z[0m [32m INFO[0m [2mexecuting::dataflow[0m[2m:[0m 1.259374183s:	Data loaded for AssignReturnValue
[2m2025-07-29T03:43:31.005649Z[0m [32m INFO[0m [2mexecuting::dataflow[0m[2m:[0m 1.25938334s:	Data loaded for ActualParam
[2m2025-07-29T03:43:31.005657Z[0m [32m INFO[0m [2mexecuting::dataflow[0m[2m:[0m 1.259391205s:	Data loaded for Method_Modifier
[2m2025-07-29T03:43:31.005666Z[0m [32m INFO[0m [2mexecuting::dataflow[0m[2m:[0m 1.259400913s:	Data loaded for Var_Type
[2m2025-07-29T03:43:31.005675Z[0m [32m INFO[0m [2mexecuting::dataflow[0m[2m:[0m 1.25940959s:	Data loaded for HeapAllocation_Type
[2m2025-07-29T03:43:31.005687Z[0m [32m INFO[0m [2mexecuting::dataflow[0m[2m:[0m 1.259421943s:	Data loaded for _ClassType
[2m2025-07-29T03:43:31.005700Z[0m [32m INFO[0m [2mexecuting::dataflow[0m[2m:[0m 1.259434737s:	Data loaded for _ArrayType
[2m2025-07-29T03:43:31.005710Z[0m [32m INFO[0m [2mexecuting::dataflow[0m[2m:[0m 1.259445117s:	Data loaded for _InterfaceType
[2m2025-07-29T03:43:31.005719Z[0m [32m INFO[0m [2mexecuting::dataflow[0m[2m:[0m 1.259453633s:	Data loaded for _Var_DeclaringMethod
[2m2025-07-29T03:43:31.005727Z[0m [32m INFO[0m [2mexecuting::dataflow[0m[2m:[0m 1.259462018s:	Data loaded for _ApplicationClass
[2m2025-07-29T03:43:31.005736Z[0m [32m INFO[0m [2mexecuting::dataflow[0m[2m:[0m 1.259470935s:	Data loaded for _ThisVar
[2m2025-07-29T03:43:31.005744Z[0m [32m INFO[0m [2mexecuting::dataflow[0m[2m:[0m 1.259478379s:	Data loaded for _NormalHeap
[2m2025-07-29T03:43:31.005752Z[0m [32m INFO[0m [2mexecuting::dataflow[0m[2m:[0m 1.259486685s:	Data loaded for _StringConstant
[2m2025-07-29T03:43:31.005790Z[0m [32m INFO[0m [2mexecuting::dataflow[0m[2m:[0m 1.259524947s:	Data loaded for _AssignHeapAllocation
[2m2025-07-29T03:43:31.005803Z[0m [32m INFO[0m [2mexecuting::dataflow[0m[2m:[0m 1.25953723s:	Data loaded for _AssignLocal
[2m2025-07-29T03:43:31.005831Z[0m [32m INFO[0m [2mexecuting::dataflow[0m[2m:[0m 1.259565623s:	Data loaded for _AssignCast
[2m2025-07-29T03:43:31.005842Z[0m [32m INFO[0m [2mexecuting::dataflow[0m[2m:[0m 1.259577105s:	Data loaded for _Field
[2m2025-07-29T03:43:31.005857Z[0m [32m INFO[0m [2mexecuting::dataflow[0m[2m:[0m 1.259591362s:	Data loaded for _StaticMethodInvocation
[2m2025-07-29T03:43:31.005867Z[0m [32m INFO[0m [2mexecuting::dataflow[0m[2m:[0m 1.259601621s:	Data loaded for _SpecialMethodInvocation
[2m2025-07-29T03:43:31.005896Z[0m [32m INFO[0m [2mexecuting::dataflow[0m[2m:[0m 1.259630295s:	Data loaded for _VirtualMethodInvocation
[2m2025-07-29T03:43:31.005923Z[0m [32m INFO[0m [2mexecuting::dataflow[0m[2m:[0m 1.259657767s:	Data loaded for _Method
[2m2025-07-29T03:43:31.005946Z[0m [32m INFO[0m [2mexecuting::dataflow[0m[2m:[0m 1.259680329s:	Data loaded for Method_Descriptor
[2m2025-07-29T03:43:31.005978Z[0m [32m INFO[0m [2mexecuting::dataflow[0m[2m:[0m 1.25971236s:	Data loaded for _StoreInstanceField
[2m2025-07-29T03:43:31.006011Z[0m [32m INFO[0m [2mexecuting::dataflow[0m[2m:[0m 1.259745923s:	Data loaded for _LoadInstanceField
[2m2025-07-29T03:43:31.006023Z[0m [32m INFO[0m [2mexecuting::dataflow[0m[2m:[0m 1.259757304s:	Data loaded for _StoreStaticField
[2m2025-07-29T03:43:31.006077Z[0m [32m INFO[0m [2mexecuting::dataflow[0m[2m:[0m 1.259811025s:	Data loaded for _LoadStaticField
[2m2025-07-29T03:43:31.006101Z[0m [32m INFO[0m [2mexecuting::dataflow[0m[2m:[0m 1.259835181s:	Data loaded for _StoreArrayIndex
[2m2025-07-29T03:43:31.006115Z[0m [32m INFO[0m [2mexecuting::dataflow[0m[2m:[0m 1.259849929s:	Data loaded for _LoadArrayIndex
[2m2025-07-29T03:43:31.006129Z[0m [32m INFO[0m [2mexecuting::dataflow[0m[2m:[0m 1.259863484s:	Data loaded for _Return
[2m2025-07-29T03:43:31.365222Z[0m [32m INFO[0m [2mreading::inspect[0m[2m:[0m Delta of (recursive) [Subclass]: ((), (), 15793)
[2m2025-07-29T03:43:31.370444Z[0m [32m INFO[0m [2mreading::inspect[0m[2m:[0m Delta of (recursive) [Superinterface]: ((), (), 12562)
[2m2025-07-29T03:43:31.414019Z[0m [32m INFO[0m [2mreading::inspect[0m[2m:[0m Delta of (recursive) [SubtypeOf]: ((), (), 41551)
[2m2025-07-29T03:43:31.417597Z[0m [32m INFO[0m [2mreading::inspect[0m[2m:[0m Delta of (recursive) [MethodLookup]: ((), (), 355148)
[2m2025-07-29T03:43:37.948951Z[0m [32m INFO[0m [2mreading::inspect[0m[2m:[0m Delta of (recursive) [ArrayIndexPointsTo]: ((), (), 21216)
[2m2025-07-29T03:43:37.949075Z[0m [32m INFO[0m [2mreading::inspect[0m[2m:[0m Delta of (recursive) [Assign]: ((), (), 45066)
[2m2025-07-29T03:43:37.949180Z[0m [32m INFO[0m [2mreading::inspect[0m[2m:[0m Delta of (recursive) [CallGraphEdge]: ((), (), 20419)
[2m2025-07-29T03:43:37.949241Z[0m [32m INFO[0m [2mreading::inspect[0m[2m:[0m Delta of (recursive) [InitializedClass]: ((), (), 990)
[2m2025-07-29T03:43:37.949353Z[0m [32m INFO[0m [2mreading::inspect[0m[2m:[0m Delta of (recursive) [InstanceFieldPointsTo]: ((), (), 1444699)
[2m2025-07-29T03:43:37.949407Z[0m [32m INFO[0m [2mreading::inspect[0m[2m:[0m Delta of (recursive) [Reachable]: ((), (), 4416)
[2m2025-07-29T03:43:37.949458Z[0m [32m INFO[0m [2mreading::inspect[0m[2m:[0m Delta of (recursive) [StaticFieldPointsTo]: ((), (), 2304)
[2m2025-07-29T03:43:37.949554Z[0m [32m INFO[0m [2mreading::inspect[0m[2m:[0m Delta of (recursive) [VarPointsTo]: ((), (), 2867913)
[2m2025-07-29T03:43:37.968296Z[0m [32m INFO[0m [2mexecuting::dataflow[0m[2m:[0m 8.221315792s:	Dataflow executed
[2m2025-07-29T03:43:38.103981Z[0m [32m INFO[0m [2mexecuting[0m[2m:[0m success query
