[2m2025-07-29T03:48:00.734089Z[0m [32m INFO[0m [2mexecuting::dataflow[0m[2m:[0m 658.676663ms:	Dataflow assembled
[2m2025-07-29T03:48:01.068574Z[0m [32m INFO[0m [2mexecuting::dataflow[0m[2m:[0m 993.163972ms:	Data loaded for DirectSuperclass
[2m2025-07-29T03:48:01.068654Z[0m [32m INFO[0m [2mexecuting::dataflow[0m[2m:[0m 993.259161ms:	Data loaded for DirectSuperinterface
[2m2025-07-29T03:48:01.068661Z[0m [32m INFO[0m [2mexecuting::dataflow[0m[2m:[0m 993.266034ms:	Data loaded for MainClass
[2m2025-07-29T03:48:01.068672Z[0m [32m INFO[0m [2mexecuting::dataflow[0m[2m:[0m 993.276944ms:	Data loaded for FormalParam
[2m2025-07-29T03:48:01.068680Z[0m [32m INFO[0m [2mexecuting::dataflow[0m[2m:[0m 993.2851ms:	Data loaded for ComponentType
[2m2025-07-29T03:48:01.068686Z[0m [32m INFO[0m [2mexecuting::dataflow[0m[2m:[0m 993.290961ms:	Data loaded for AssignReturnValue
[2m2025-07-29T03:48:01.068692Z[0m [32m INFO[0m [2mexecuting::dataflow[0m[2m:[0m 993.297353ms:	Data loaded for ActualParam
[2m2025-07-29T03:48:01.068698Z[0m [32m INFO[0m [2mexecuting::dataflow[0m[2m:[0m 993.302973ms:	Data loaded for Method_Modifier
[2m2025-07-29T03:48:01.068704Z[0m [32m INFO[0m [2mexecuting::dataflow[0m[2m:[0m 993.309426ms:	Data loaded for Var_Type
[2m2025-07-29T03:48:01.068710Z[0m [32m INFO[0m [2mexecuting::dataflow[0m[2m:[0m 993.314936ms:	Data loaded for HeapAllocation_Type
[2m2025-07-29T03:48:01.068727Z[0m [32m INFO[0m [2mexecuting::dataflow[0m[2m:[0m 993.331768ms:	Data loaded for _ClassType
[2m2025-07-29T03:48:01.068735Z[0m [32m INFO[0m [2mexecuting::dataflow[0m[2m:[0m 993.339773ms:	Data loaded for _ArrayType
[2m2025-07-29T03:48:01.068742Z[0m [32m INFO[0m [2mexecuting::dataflow[0m[2m:[0m 993.347567ms:	Data loaded for _InterfaceType
[2m2025-07-29T03:48:01.068748Z[0m [32m INFO[0m [2mexecuting::dataflow[0m[2m:[0m 993.353479ms:	Data loaded for _Var_DeclaringMethod
[2m2025-07-29T03:48:01.068754Z[0m [32m INFO[0m [2mexecuting::dataflow[0m[2m:[0m 993.359089ms:	Data loaded for _ApplicationClass
[2m2025-07-29T03:48:01.068760Z[0m [32m INFO[0m [2mexecuting::dataflow[0m[2m:[0m 993.36515ms:	Data loaded for _ThisVar
[2m2025-07-29T03:48:01.068765Z[0m [32m INFO[0m [2mexecuting::dataflow[0m[2m:[0m 993.37029ms:	Data loaded for _NormalHeap
[2m2025-07-29T03:48:01.068771Z[0m [32m INFO[0m [2mexecuting::dataflow[0m[2m:[0m 993.37577ms:	Data loaded for _StringConstant
[2m2025-07-29T03:48:01.068792Z[0m [32m INFO[0m [2mexecuting::dataflow[0m[2m:[0m 993.39666ms:	Data loaded for _AssignHeapAllocation
[2m2025-07-29T03:48:01.068798Z[0m [32m INFO[0m [2mexecuting::dataflow[0m[2m:[0m 993.403302ms:	Data loaded for _AssignLocal
[2m2025-07-29T03:48:01.068846Z[0m [32m INFO[0m [2mexecuting::dataflow[0m[2m:[0m 993.451583ms:	Data loaded for _AssignCast
[2m2025-07-29T03:48:01.068853Z[0m [32m INFO[0m [2mexecuting::dataflow[0m[2m:[0m 993.458015ms:	Data loaded for _Field
[2m2025-07-29T03:48:01.068872Z[0m [32m INFO[0m [2mexecuting::dataflow[0m[2m:[0m 993.477101ms:	Data loaded for _StaticMethodInvocation
[2m2025-07-29T03:48:01.068879Z[0m [32m INFO[0m [2mexecuting::dataflow[0m[2m:[0m 993.484175ms:	Data loaded for _SpecialMethodInvocation
[2m2025-07-29T03:48:01.068923Z[0m [32m INFO[0m [2mexecuting::dataflow[0m[2m:[0m 993.527827ms:	Data loaded for _VirtualMethodInvocation
[2m2025-07-29T03:48:01.068932Z[0m [32m INFO[0m [2mexecuting::dataflow[0m[2m:[0m 993.537425ms:	Data loaded for _Method
[2m2025-07-29T03:48:01.068946Z[0m [32m INFO[0m [2mexecuting::dataflow[0m[2m:[0m 993.55099ms:	Data loaded for Method_Descriptor
[2m2025-07-29T03:48:01.069001Z[0m [32m INFO[0m [2mexecuting::dataflow[0m[2m:[0m 993.606485ms:	Data loaded for _StoreInstanceField
[2m2025-07-29T03:48:01.069048Z[0m [32m INFO[0m [2mexecuting::dataflow[0m[2m:[0m 993.652722ms:	Data loaded for _LoadInstanceField
[2m2025-07-29T03:48:01.069056Z[0m [32m INFO[0m [2mexecuting::dataflow[0m[2m:[0m 993.660847ms:	Data loaded for _StoreStaticField
[2m2025-07-29T03:48:01.069124Z[0m [32m INFO[0m [2mexecuting::dataflow[0m[2m:[0m 993.729556ms:	Data loaded for _LoadStaticField
[2m2025-07-29T03:48:01.069134Z[0m [32m INFO[0m [2mexecuting::dataflow[0m[2m:[0m 993.739225ms:	Data loaded for _StoreArrayIndex
[2m2025-07-29T03:48:01.069153Z[0m [32m INFO[0m [2mexecuting::dataflow[0m[2m:[0m 993.758321ms:	Data loaded for _LoadArrayIndex
[2m2025-07-29T03:48:01.069176Z[0m [32m INFO[0m [2mexecuting::dataflow[0m[2m:[0m 993.780773ms:	Data loaded for _Return
[2m2025-07-29T03:48:01.678728Z[0m [32m INFO[0m [2mreading::inspect[0m[2m:[0m Delta of (recursive) [Subclass]: ((), (), 15793)
[2m2025-07-29T03:48:01.689659Z[0m [32m INFO[0m [2mreading::inspect[0m[2m:[0m Delta of (recursive) [Superinterface]: ((), (), 12562)
[2m2025-07-29T03:48:01.734529Z[0m [32m INFO[0m [2mreading::inspect[0m[2m:[0m Delta of (recursive) [SubtypeOf]: ((), (), 41551)
[2m2025-07-29T03:48:01.738185Z[0m [32m INFO[0m [2mreading::inspect[0m[2m:[0m Delta of (recursive) [MethodLookup]: ((), (), 355148)
[2m2025-07-29T03:48:08.119945Z[0m [32m INFO[0m [2mreading::inspect[0m[2m:[0m Delta of (recursive) [ArrayIndexPointsTo]: ((), (), 21216)
[2m2025-07-29T03:48:08.120010Z[0m [32m INFO[0m [2mreading::inspect[0m[2m:[0m Delta of (recursive) [Assign]: ((), (), 45066)
[2m2025-07-29T03:48:08.120036Z[0m [32m INFO[0m [2mreading::inspect[0m[2m:[0m Delta of (recursive) [CallGraphEdge]: ((), (), 20419)
[2m2025-07-29T03:48:08.120053Z[0m [32m INFO[0m [2mreading::inspect[0m[2m:[0m Delta of (recursive) [InitializedClass]: ((), (), 990)
[2m2025-07-29T03:48:08.120068Z[0m [32m INFO[0m [2mreading::inspect[0m[2m:[0m Delta of (recursive) [InstanceFieldPointsTo]: ((), (), 1444699)
[2m2025-07-29T03:48:08.120083Z[0m [32m INFO[0m [2mreading::inspect[0m[2m:[0m Delta of (recursive) [Reachable]: ((), (), 4416)
[2m2025-07-29T03:48:08.120097Z[0m [32m INFO[0m [2mreading::inspect[0m[2m:[0m Delta of (recursive) [StaticFieldPointsTo]: ((), (), 2304)
[2m2025-07-29T03:48:08.120111Z[0m [32m INFO[0m [2mreading::inspect[0m[2m:[0m Delta of (recursive) [VarPointsTo]: ((), (), 2867913)
[2m2025-07-29T03:48:08.166433Z[0m [32m INFO[0m [2mexecuting::dataflow[0m[2m:[0m 8.091019584s:	Dataflow executed
[2m2025-07-29T03:48:08.307511Z[0m [32m INFO[0m [2mexecuting[0m[2m:[0m success query
