[2m2025-07-29T03:50:57.989688Z[0m [32m INFO[0m [2mexecuting::dataflow[0m[2m:[0m 176.328845ms:	Dataflow assembled
[2m2025-07-29T03:50:58.604362Z[0m [32m INFO[0m [2mexecuting::dataflow[0m[2m:[0m 791.015976ms:	Data loaded for DirectSuperclass
[2m2025-07-29T03:50:58.604435Z[0m [32m INFO[0m [2mexecuting::dataflow[0m[2m:[0m 791.096939ms:	Data loaded for DirectSuperinterface
[2m2025-07-29T03:50:58.604444Z[0m [32m INFO[0m [2mexecuting::dataflow[0m[2m:[0m 791.106366ms:	Data loaded for MainClass
[2m2025-07-29T03:50:58.604456Z[0m [32m INFO[0m [2mexecuting::dataflow[0m[2m:[0m 791.117517ms:	Data loaded for FormalParam
[2m2025-07-29T03:50:58.604467Z[0m [32m INFO[0m [2mexecuting::dataflow[0m[2m:[0m 791.12948ms:	Data loaded for ComponentType
[2m2025-07-29T03:50:58.604476Z[0m [32m INFO[0m [2mexecuting::dataflow[0m[2m:[0m 791.137796ms:	Data loaded for AssignReturnValue
[2m2025-07-29T03:50:58.604485Z[0m [32m INFO[0m [2mexecuting::dataflow[0m[2m:[0m 791.146772ms:	Data loaded for ActualParam
[2m2025-07-29T03:50:58.604492Z[0m [32m INFO[0m [2mexecuting::dataflow[0m[2m:[0m 791.154247ms:	Data loaded for Method_Modifier
[2m2025-07-29T03:50:58.604502Z[0m [32m INFO[0m [2mexecuting::dataflow[0m[2m:[0m 791.164015ms:	Data loaded for Var_Type
[2m2025-07-29T03:50:58.604511Z[0m [32m INFO[0m [2mexecuting::dataflow[0m[2m:[0m 791.172902ms:	Data loaded for HeapAllocation_Type
[2m2025-07-29T03:50:58.604522Z[0m [32m INFO[0m [2mexecuting::dataflow[0m[2m:[0m 791.183702ms:	Data loaded for _ClassType
[2m2025-07-29T03:50:58.604534Z[0m [32m INFO[0m [2mexecuting::dataflow[0m[2m:[0m 791.196456ms:	Data loaded for _ArrayType
[2m2025-07-29T03:50:58.604545Z[0m [32m INFO[0m [2mexecuting::dataflow[0m[2m:[0m 791.207296ms:	Data loaded for _InterfaceType
[2m2025-07-29T03:50:58.604553Z[0m [32m INFO[0m [2mexecuting::dataflow[0m[2m:[0m 791.215171ms:	Data loaded for _Var_DeclaringMethod
[2m2025-07-29T03:50:58.604561Z[0m [32m INFO[0m [2mexecuting::dataflow[0m[2m:[0m 791.222886ms:	Data loaded for _ApplicationClass
[2m2025-07-29T03:50:58.604570Z[0m [32m INFO[0m [2mexecuting::dataflow[0m[2m:[0m 791.231813ms:	Data loaded for _ThisVar
[2m2025-07-29T03:50:58.604577Z[0m [32m INFO[0m [2mexecuting::dataflow[0m[2m:[0m 791.239186ms:	Data loaded for _NormalHeap
[2m2025-07-29T03:50:58.604586Z[0m [32m INFO[0m [2mexecuting::dataflow[0m[2m:[0m 791.247572ms:	Data loaded for _StringConstant
[2m2025-07-29T03:50:58.604602Z[0m [32m INFO[0m [2mexecuting::dataflow[0m[2m:[0m 791.263592ms:	Data loaded for _AssignHeapAllocation
[2m2025-07-29T03:50:58.604613Z[0m [32m INFO[0m [2mexecuting::dataflow[0m[2m:[0m 791.274904ms:	Data loaded for _AssignLocal
[2m2025-07-29T03:50:58.604644Z[0m [32m INFO[0m [2mexecuting::dataflow[0m[2m:[0m 791.306243ms:	Data loaded for _AssignCast
[2m2025-07-29T03:50:58.604653Z[0m [32m INFO[0m [2mexecuting::dataflow[0m[2m:[0m 791.315129ms:	Data loaded for _Field
[2m2025-07-29T03:50:58.604669Z[0m [32m INFO[0m [2mexecuting::dataflow[0m[2m:[0m 791.330649ms:	Data loaded for _StaticMethodInvocation
[2m2025-07-29T03:50:58.604680Z[0m [32m INFO[0m [2mexecuting::dataflow[0m[2m:[0m 791.34178ms:	Data loaded for _SpecialMethodInvocation
[2m2025-07-29T03:50:58.604711Z[0m [32m INFO[0m [2mexecuting::dataflow[0m[2m:[0m 791.373119ms:	Data loaded for _VirtualMethodInvocation
[2m2025-07-29T03:50:58.604725Z[0m [32m INFO[0m [2mexecuting::dataflow[0m[2m:[0m 791.387015ms:	Data loaded for _Method
[2m2025-07-29T03:50:58.604755Z[0m [32m INFO[0m [2mexecuting::dataflow[0m[2m:[0m 791.416851ms:	Data loaded for Method_Descriptor
[2m2025-07-29T03:50:58.604788Z[0m [32m INFO[0m [2mexecuting::dataflow[0m[2m:[0m 791.450264ms:	Data loaded for _StoreInstanceField
[2m2025-07-29T03:50:58.604824Z[0m [32m INFO[0m [2mexecuting::dataflow[0m[2m:[0m 791.48568ms:	Data loaded for _LoadInstanceField
[2m2025-07-29T03:50:58.604836Z[0m [32m INFO[0m [2mexecuting::dataflow[0m[2m:[0m 791.498414ms:	Data loaded for _StoreStaticField
[2m2025-07-29T03:50:58.604909Z[0m [32m INFO[0m [2mexecuting::dataflow[0m[2m:[0m 791.57041ms:	Data loaded for _LoadStaticField
[2m2025-07-29T03:50:58.604924Z[0m [32m INFO[0m [2mexecuting::dataflow[0m[2m:[0m 791.58616ms:	Data loaded for _StoreArrayIndex
[2m2025-07-29T03:50:58.604957Z[0m [32m INFO[0m [2mexecuting::dataflow[0m[2m:[0m 791.619302ms:	Data loaded for _LoadArrayIndex
[2m2025-07-29T03:50:58.604971Z[0m [32m INFO[0m [2mexecuting::dataflow[0m[2m:[0m 791.632567ms:	Data loaded for _Return
[2m2025-07-29T03:50:58.898759Z[0m [32m INFO[0m [2mreading::inspect[0m[2m:[0m Delta of (recursive) [Subclass]: ((), (), 15793)
[2m2025-07-29T03:50:58.900358Z[0m [32m INFO[0m [2mreading::inspect[0m[2m:[0m Delta of (recursive) [Superinterface]: ((), (), 12562)
[2m2025-07-29T03:51:40.136752Z[0m [32m INFO[0m [2mreading::inspect[0m[2m:[0m Delta of (recursive) [SubtypeOf]: ((), (), 41551)
[2m2025-07-29T03:52:16.486447Z[0m [32m INFO[0m [2mreading::inspect[0m[2m:[0m Delta of (recursive) [MethodLookup]: ((), (), 355148)
[2m2025-07-29T03:52:42.593803Z[0m [32m INFO[0m [2mreading::inspect[0m[2m:[0m Delta of (recursive) [ArrayIndexPointsTo]: ((), (), 21216)
[2m2025-07-29T03:52:42.593903Z[0m [32m INFO[0m [2mreading::inspect[0m[2m:[0m Delta of (recursive) [Assign]: ((), (), 45066)
[2m2025-07-29T03:52:42.593970Z[0m [32m INFO[0m [2mreading::inspect[0m[2m:[0m Delta of (recursive) [CallGraphEdge]: ((), (), 20419)
[2m2025-07-29T03:52:42.594020Z[0m [32m INFO[0m [2mreading::inspect[0m[2m:[0m Delta of (recursive) [InitializedClass]: ((), (), 990)
[2m2025-07-29T03:52:42.594094Z[0m [32m INFO[0m [2mreading::inspect[0m[2m:[0m Delta of (recursive) [InstanceFieldPointsTo]: ((), (), 1444699)
[2m2025-07-29T03:52:42.594134Z[0m [32m INFO[0m [2mreading::inspect[0m[2m:[0m Delta of (recursive) [Reachable]: ((), (), 4416)
[2m2025-07-29T03:52:42.594167Z[0m [32m INFO[0m [2mreading::inspect[0m[2m:[0m Delta of (recursive) [StaticFieldPointsTo]: ((), (), 2304)
[2m2025-07-29T03:52:42.594236Z[0m [32m INFO[0m [2mreading::inspect[0m[2m:[0m Delta of (recursive) [VarPointsTo]: ((), (), 2867913)
[2m2025-07-29T03:52:42.605084Z[0m [32m INFO[0m [2mexecuting::dataflow[0m[2m:[0m 104.79131427s:	Dataflow executed
[2m2025-07-29T03:52:42.626688Z[0m [32m INFO[0m [2mexecuting[0m[2m:[0m success query
