[2m2025-07-29T03:38:18.718172Z[0m [32m INFO[0m [2mexecuting::dataflow[0m[2m:[0m 181.827692ms:	Dataflow assembled
[2m2025-07-29T03:38:19.330226Z[0m [32m INFO[0m [2mexecuting::dataflow[0m[2m:[0m 793.892893ms:	Data loaded for DirectSuperclass
[2m2025-07-29T03:38:19.330315Z[0m [32m INFO[0m [2mexecuting::dataflow[0m[2m:[0m 793.993462ms:	Data loaded for DirectSuperinterface
[2m2025-07-29T03:38:19.330324Z[0m [32m INFO[0m [2mexecuting::dataflow[0m[2m:[0m 794.002018ms:	Data loaded for MainClass
[2m2025-07-29T03:38:19.330344Z[0m [32m INFO[0m [2mexecuting::dataflow[0m[2m:[0m 794.021756ms:	Data loaded for FormalParam
[2m2025-07-29T03:38:19.330354Z[0m [32m INFO[0m [2mexecuting::dataflow[0m[2m:[0m 794.031654ms:	Data loaded for ComponentType
[2m2025-07-29T03:38:19.330362Z[0m [32m INFO[0m [2mexecuting::dataflow[0m[2m:[0m 794.0401ms:	Data loaded for AssignReturnValue
[2m2025-07-29T03:38:19.330370Z[0m [32m INFO[0m [2mexecuting::dataflow[0m[2m:[0m 794.048336ms:	Data loaded for ActualParam
[2m2025-07-29T03:38:19.330378Z[0m [32m INFO[0m [2mexecuting::dataflow[0m[2m:[0m 794.05575ms:	Data loaded for Method_Modifier
[2m2025-07-29T03:38:19.330386Z[0m [32m INFO[0m [2mexecuting::dataflow[0m[2m:[0m 794.064125ms:	Data loaded for Var_Type
[2m2025-07-29T03:38:19.330394Z[0m [32m INFO[0m [2mexecuting::dataflow[0m[2m:[0m 794.0717ms:	Data loaded for HeapAllocation_Type
[2m2025-07-29T03:38:19.330403Z[0m [32m INFO[0m [2mexecuting::dataflow[0m[2m:[0m 794.081498ms:	Data loaded for _ClassType
[2m2025-07-29T03:38:19.330415Z[0m [32m INFO[0m [2mexecuting::dataflow[0m[2m:[0m 794.09304ms:	Data loaded for _ArrayType
[2m2025-07-29T03:38:19.330425Z[0m [32m INFO[0m [2mexecuting::dataflow[0m[2m:[0m 794.102878ms:	Data loaded for _InterfaceType
[2m2025-07-29T03:38:19.330433Z[0m [32m INFO[0m [2mexecuting::dataflow[0m[2m:[0m 794.110793ms:	Data loaded for _Var_DeclaringMethod
[2m2025-07-29T03:38:19.330440Z[0m [32m INFO[0m [2mexecuting::dataflow[0m[2m:[0m 794.118267ms:	Data loaded for _ApplicationClass
[2m2025-07-29T03:38:19.330448Z[0m [32m INFO[0m [2mexecuting::dataflow[0m[2m:[0m 794.125741ms:	Data loaded for _ThisVar
[2m2025-07-29T03:38:19.330456Z[0m [32m INFO[0m [2mexecuting::dataflow[0m[2m:[0m 794.134027ms:	Data loaded for _NormalHeap
[2m2025-07-29T03:38:19.330464Z[0m [32m INFO[0m [2mexecuting::dataflow[0m[2m:[0m 794.141842ms:	Data loaded for _StringConstant
[2m2025-07-29T03:38:19.330480Z[0m [32m INFO[0m [2mexecuting::dataflow[0m[2m:[0m 794.157631ms:	Data loaded for _AssignHeapAllocation
[2m2025-07-29T03:38:19.330489Z[0m [32m INFO[0m [2mexecuting::dataflow[0m[2m:[0m 794.167129ms:	Data loaded for _AssignLocal
[2m2025-07-29T03:38:19.330519Z[0m [32m INFO[0m [2mexecuting::dataflow[0m[2m:[0m 794.197226ms:	Data loaded for _AssignCast
[2m2025-07-29T03:38:19.330527Z[0m [32m INFO[0m [2mexecuting::dataflow[0m[2m:[0m 794.20489ms:	Data loaded for _Field
[2m2025-07-29T03:38:19.330542Z[0m [32m INFO[0m [2mexecuting::dataflow[0m[2m:[0m 794.220009ms:	Data loaded for _StaticMethodInvocation
[2m2025-07-29T03:38:19.330552Z[0m [32m INFO[0m [2mexecuting::dataflow[0m[2m:[0m 794.230028ms:	Data loaded for _SpecialMethodInvocation
[2m2025-07-29T03:38:19.330584Z[0m [32m INFO[0m [2mexecuting::dataflow[0m[2m:[0m 794.262369ms:	Data loaded for _VirtualMethodInvocation
[2m2025-07-29T03:38:19.330598Z[0m [32m INFO[0m [2mexecuting::dataflow[0m[2m:[0m 794.275624ms:	Data loaded for _Method
[2m2025-07-29T03:38:19.330625Z[0m [32m INFO[0m [2mexecuting::dataflow[0m[2m:[0m 794.302845ms:	Data loaded for Method_Descriptor
[2m2025-07-29T03:38:19.330658Z[0m [32m INFO[0m [2mexecuting::dataflow[0m[2m:[0m 794.335937ms:	Data loaded for _StoreInstanceField
[2m2025-07-29T03:38:19.330692Z[0m [32m INFO[0m [2mexecuting::dataflow[0m[2m:[0m 794.369821ms:	Data loaded for _LoadInstanceField
[2m2025-07-29T03:38:19.330706Z[0m [32m INFO[0m [2mexecuting::dataflow[0m[2m:[0m 794.383637ms:	Data loaded for _StoreStaticField
[2m2025-07-29T03:38:19.330785Z[0m [32m INFO[0m [2mexecuting::dataflow[0m[2m:[0m 794.462505ms:	Data loaded for _LoadStaticField
[2m2025-07-29T03:38:19.330821Z[0m [32m INFO[0m [2mexecuting::dataflow[0m[2m:[0m 794.499245ms:	Data loaded for _StoreArrayIndex
[2m2025-07-29T03:38:19.330852Z[0m [32m INFO[0m [2mexecuting::dataflow[0m[2m:[0m 794.530163ms:	Data loaded for _LoadArrayIndex
[2m2025-07-29T03:38:19.330867Z[0m [32m INFO[0m [2mexecuting::dataflow[0m[2m:[0m 794.54491ms:	Data loaded for _Return
[2m2025-07-29T03:38:19.588481Z[0m [32m INFO[0m [2mreading::inspect[0m[2m:[0m Delta of (recursive) [Superinterface]: ((), (), 12562)
[2m2025-07-29T03:38:19.588609Z[0m [32m INFO[0m [2mreading::inspect[0m[2m:[0m Delta of (recursive) [Subclass]: ((), (), 15793)
[2m2025-07-29T03:38:19.614480Z[0m [32m INFO[0m [2mreading::inspect[0m[2m:[0m Delta of (recursive) [SubtypeOf]: ((), (), 41551)
[2m2025-07-29T03:38:19.619405Z[0m [32m INFO[0m [2mreading::inspect[0m[2m:[0m Delta of (recursive) [MethodLookup]: ((), (), 355148)
[2m2025-07-29T03:40:48.768031Z[0m [32m INFO[0m [2mreading::inspect[0m[2m:[0m Delta of (recursive) [ArrayIndexPointsTo]: ((), (), 21216)
[2m2025-07-29T03:40:48.768205Z[0m [32m INFO[0m [2mreading::inspect[0m[2m:[0m Delta of (recursive) [Assign]: ((), (), 45066)
[2m2025-07-29T03:40:48.768247Z[0m [32m INFO[0m [2mreading::inspect[0m[2m:[0m Delta of (recursive) [CallGraphEdge]: ((), (), 20419)
[2m2025-07-29T03:40:48.768464Z[0m [32m INFO[0m [2mreading::inspect[0m[2m:[0m Delta of (recursive) [InitializedClass]: ((), (), 990)
[2m2025-07-29T03:40:48.768616Z[0m [32m INFO[0m [2mreading::inspect[0m[2m:[0m Delta of (recursive) [InstanceFieldPointsTo]: ((), (), 1444699)
[2m2025-07-29T03:40:48.768683Z[0m [32m INFO[0m [2mreading::inspect[0m[2m:[0m Delta of (recursive) [Reachable]: ((), (), 4416)
[2m2025-07-29T03:40:48.768789Z[0m [32m INFO[0m [2mreading::inspect[0m[2m:[0m Delta of (recursive) [StaticFieldPointsTo]: ((), (), 2304)
[2m2025-07-29T03:40:48.768906Z[0m [32m INFO[0m [2mreading::inspect[0m[2m:[0m Delta of (recursive) [VarPointsTo]: ((), (), 2867913)
[2m2025-07-29T03:40:48.770958Z[0m [32m INFO[0m [2mexecuting::dataflow[0m[2m:[0m 150.233116269s:	Dataflow executed
[2m2025-07-29T03:40:48.787070Z[0m [32m INFO[0m [2mexecuting[0m[2m:[0m success query
