[2m2025-07-29T03:35:45.717361Z[0m [32m INFO[0m [2mexecuting::dataflow[0m[2m:[0m 193.554499ms:	Dataflow assembled
[2m2025-07-29T03:35:46.336610Z[0m [32m INFO[0m [2mexecuting::dataflow[0m[2m:[0m 812.815836ms:	Data loaded for DirectSuperclass
[2m2025-07-29T03:35:46.336666Z[0m [32m INFO[0m [2mexecuting::dataflow[0m[2m:[0m 812.879646ms:	Data loaded for DirectSuperinterface
[2m2025-07-29T03:35:46.336679Z[0m [32m INFO[0m [2mexecuting::dataflow[0m[2m:[0m 812.892921ms:	Data loaded for MainClass
[2m2025-07-29T03:35:46.336694Z[0m [32m INFO[0m [2mexecuting::dataflow[0m[2m:[0m 812.907809ms:	Data loaded for FormalParam
[2m2025-07-29T03:35:46.336705Z[0m [32m INFO[0m [2mexecuting::dataflow[0m[2m:[0m 812.919682ms:	Data loaded for ComponentType
[2m2025-07-29T03:35:46.336714Z[0m [32m INFO[0m [2mexecuting::dataflow[0m[2m:[0m 812.928137ms:	Data loaded for AssignReturnValue
[2m2025-07-29T03:35:46.336722Z[0m [32m INFO[0m [2mexecuting::dataflow[0m[2m:[0m 812.936092ms:	Data loaded for ActualParam
[2m2025-07-29T03:35:46.336729Z[0m [32m INFO[0m [2mexecuting::dataflow[0m[2m:[0m 812.943536ms:	Data loaded for Method_Modifier
[2m2025-07-29T03:35:46.336739Z[0m [32m INFO[0m [2mexecuting::dataflow[0m[2m:[0m 812.952954ms:	Data loaded for Var_Type
[2m2025-07-29T03:35:46.336747Z[0m [32m INFO[0m [2mexecuting::dataflow[0m[2m:[0m 812.960899ms:	Data loaded for HeapAllocation_Type
[2m2025-07-29T03:35:46.336759Z[0m [32m INFO[0m [2mexecuting::dataflow[0m[2m:[0m 812.972852ms:	Data loaded for _ClassType
[2m2025-07-29T03:35:46.336772Z[0m [32m INFO[0m [2mexecuting::dataflow[0m[2m:[0m 812.986357ms:	Data loaded for _ArrayType
[2m2025-07-29T03:35:46.336784Z[0m [32m INFO[0m [2mexecuting::dataflow[0m[2m:[0m 812.997959ms:	Data loaded for _InterfaceType
[2m2025-07-29T03:35:46.336792Z[0m [32m INFO[0m [2mexecuting::dataflow[0m[2m:[0m 813.006735ms:	Data loaded for _Var_DeclaringMethod
[2m2025-07-29T03:35:46.336801Z[0m [32m INFO[0m [2mexecuting::dataflow[0m[2m:[0m 813.014941ms:	Data loaded for _ApplicationClass
[2m2025-07-29T03:35:46.336809Z[0m [32m INFO[0m [2mexecuting::dataflow[0m[2m:[0m 813.023557ms:	Data loaded for _ThisVar
[2m2025-07-29T03:35:46.336817Z[0m [32m INFO[0m [2mexecuting::dataflow[0m[2m:[0m 813.030841ms:	Data loaded for _NormalHeap
[2m2025-07-29T03:35:46.336826Z[0m [32m INFO[0m [2mexecuting::dataflow[0m[2m:[0m 813.040329ms:	Data loaded for _StringConstant
[2m2025-07-29T03:35:46.336846Z[0m [32m INFO[0m [2mexecuting::dataflow[0m[2m:[0m 813.060406ms:	Data loaded for _AssignHeapAllocation
[2m2025-07-29T03:35:46.336859Z[0m [32m INFO[0m [2mexecuting::dataflow[0m[2m:[0m 813.07293ms:	Data loaded for _AssignLocal
[2m2025-07-29T03:35:46.336890Z[0m [32m INFO[0m [2mexecuting::dataflow[0m[2m:[0m 813.103878ms:	Data loaded for _AssignCast
[2m2025-07-29T03:35:46.336900Z[0m [32m INFO[0m [2mexecuting::dataflow[0m[2m:[0m 813.114428ms:	Data loaded for _Field
[2m2025-07-29T03:35:46.336915Z[0m [32m INFO[0m [2mexecuting::dataflow[0m[2m:[0m 813.129326ms:	Data loaded for _StaticMethodInvocation
[2m2025-07-29T03:35:46.336925Z[0m [32m INFO[0m [2mexecuting::dataflow[0m[2m:[0m 813.138884ms:	Data loaded for _SpecialMethodInvocation
[2m2025-07-29T03:35:46.336954Z[0m [32m INFO[0m [2mexecuting::dataflow[0m[2m:[0m 813.168269ms:	Data loaded for _VirtualMethodInvocation
[2m2025-07-29T03:35:46.336970Z[0m [32m INFO[0m [2mexecuting::dataflow[0m[2m:[0m 813.183969ms:	Data loaded for _Method
[2m2025-07-29T03:35:46.336997Z[0m [32m INFO[0m [2mexecuting::dataflow[0m[2m:[0m 813.21097ms:	Data loaded for Method_Descriptor
[2m2025-07-29T03:35:46.337029Z[0m [32m INFO[0m [2mexecuting::dataflow[0m[2m:[0m 813.243361ms:	Data loaded for _StoreInstanceField
[2m2025-07-29T03:35:46.337062Z[0m [32m INFO[0m [2mexecuting::dataflow[0m[2m:[0m 813.276623ms:	Data loaded for _LoadInstanceField
[2m2025-07-29T03:35:46.337075Z[0m [32m INFO[0m [2mexecuting::dataflow[0m[2m:[0m 813.289047ms:	Data loaded for _StoreStaticField
[2m2025-07-29T03:35:46.337131Z[0m [32m INFO[0m [2mexecuting::dataflow[0m[2m:[0m 813.344862ms:	Data loaded for _LoadStaticField
[2m2025-07-29T03:35:46.337145Z[0m [32m INFO[0m [2mexecuting::dataflow[0m[2m:[0m 813.359359ms:	Data loaded for _StoreArrayIndex
[2m2025-07-29T03:35:46.337181Z[0m [32m INFO[0m [2mexecuting::dataflow[0m[2m:[0m 813.395638ms:	Data loaded for _LoadArrayIndex
[2m2025-07-29T03:35:46.337194Z[0m [32m INFO[0m [2mexecuting::dataflow[0m[2m:[0m 813.408612ms:	Data loaded for _Return
[2m2025-07-29T03:35:46.599853Z[0m [32m INFO[0m [2mreading::inspect[0m[2m:[0m Delta of (recursive) [Subclass]: ((), (), 15793)
[2m2025-07-29T03:35:46.601185Z[0m [32m INFO[0m [2mreading::inspect[0m[2m:[0m Delta of (recursive) [Superinterface]: ((), (), 12562)
[2m2025-07-29T03:35:46.625874Z[0m [32m INFO[0m [2mreading::inspect[0m[2m:[0m Delta of (recursive) [SubtypeOf]: ((), (), 41551)
[2m2025-07-29T03:35:46.632459Z[0m [32m INFO[0m [2mreading::inspect[0m[2m:[0m Delta of (recursive) [MethodLookup]: ((), (), 355148)
[2m2025-07-29T03:35:49.979160Z[0m [32m INFO[0m [2mreading::inspect[0m[2m:[0m Delta of (recursive) [InstanceFieldPointsTo]: ((), (), 1444699)
[2m2025-07-29T03:35:49.979261Z[0m [32m INFO[0m [2mreading::inspect[0m[2m:[0m Delta of (recursive) [Reachable]: ((), (), 4416)
[2m2025-07-29T03:35:49.979302Z[0m [32m INFO[0m [2mreading::inspect[0m[2m:[0m Delta of (recursive) [StaticFieldPointsTo]: ((), (), 2304)
[2m2025-07-29T03:35:49.979378Z[0m [32m INFO[0m [2mreading::inspect[0m[2m:[0m Delta of (recursive) [VarPointsTo]: ((), (), 2867913)
[2m2025-07-29T03:35:49.979488Z[0m [32m INFO[0m [2mreading::inspect[0m[2m:[0m Delta of (recursive) [ArrayIndexPointsTo]: ((), (), 21216)
[2m2025-07-29T03:35:49.979502Z[0m [32m INFO[0m [2mreading::inspect[0m[2m:[0m Delta of (recursive) [Assign]: ((), (), 45066)
[2m2025-07-29T03:35:49.979514Z[0m [32m INFO[0m [2mreading::inspect[0m[2m:[0m Delta of (recursive) [CallGraphEdge]: ((), (), 20419)
[2m2025-07-29T03:35:49.979525Z[0m [32m INFO[0m [2mreading::inspect[0m[2m:[0m Delta of (recursive) [InitializedClass]: ((), (), 990)
[2m2025-07-29T03:35:49.987808Z[0m [32m INFO[0m [2mexecuting::dataflow[0m[2m:[0m 4.464014101s:	Dataflow executed
[2m2025-07-29T03:35:49.989327Z[0m [32m INFO[0m [2mexecuting[0m[2m:[0m success query
