[2m2025-07-29T03:41:18.578542Z[0m [32m INFO[0m [2mexecuting::dataflow[0m[2m:[0m 191.437969ms:	Dataflow assembled
[2m2025-07-29T03:41:19.192024Z[0m [32m INFO[0m [2mexecuting::dataflow[0m[2m:[0m 804.939004ms:	Data loaded for DirectSuperclass
[2m2025-07-29T03:41:19.192083Z[0m [32m INFO[0m [2mexecuting::dataflow[0m[2m:[0m 805.005198ms:	Data loaded for DirectSuperinterface
[2m2025-07-29T03:41:19.192095Z[0m [32m INFO[0m [2mexecuting::dataflow[0m[2m:[0m 805.017061ms:	Data loaded for MainClass
[2m2025-07-29T03:41:19.192108Z[0m [32m INFO[0m [2mexecuting::dataflow[0m[2m:[0m 805.030727ms:	Data loaded for FormalParam
[2m2025-07-29T03:41:19.192120Z[0m [32m INFO[0m [2mexecuting::dataflow[0m[2m:[0m 805.042188ms:	Data loaded for ComponentType
[2m2025-07-29T03:41:19.192128Z[0m [32m INFO[0m [2mexecuting::dataflow[0m[2m:[0m 805.050404ms:	Data loaded for AssignReturnValue
[2m2025-07-29T03:41:19.192136Z[0m [32m INFO[0m [2mexecuting::dataflow[0m[2m:[0m 805.058369ms:	Data loaded for ActualParam
[2m2025-07-29T03:41:19.192143Z[0m [32m INFO[0m [2mexecuting::dataflow[0m[2m:[0m 805.065452ms:	Data loaded for Method_Modifier
[2m2025-07-29T03:41:19.192152Z[0m [32m INFO[0m [2mexecuting::dataflow[0m[2m:[0m 805.074599ms:	Data loaded for Var_Type
[2m2025-07-29T03:41:19.192160Z[0m [32m INFO[0m [2mexecuting::dataflow[0m[2m:[0m 805.082634ms:	Data loaded for HeapAllocation_Type
[2m2025-07-29T03:41:19.192173Z[0m [32m INFO[0m [2mexecuting::dataflow[0m[2m:[0m 805.095769ms:	Data loaded for _ClassType
[2m2025-07-29T03:41:19.192185Z[0m [32m INFO[0m [2mexecuting::dataflow[0m[2m:[0m 805.107762ms:	Data loaded for _ArrayType
[2m2025-07-29T03:41:19.192196Z[0m [32m INFO[0m [2mexecuting::dataflow[0m[2m:[0m 805.118191ms:	Data loaded for _InterfaceType
[2m2025-07-29T03:41:19.192205Z[0m [32m INFO[0m [2mexecuting::dataflow[0m[2m:[0m 805.127419ms:	Data loaded for _Var_DeclaringMethod
[2m2025-07-29T03:41:19.192213Z[0m [32m INFO[0m [2mexecuting::dataflow[0m[2m:[0m 805.135263ms:	Data loaded for _ApplicationClass
[2m2025-07-29T03:41:19.192221Z[0m [32m INFO[0m [2mexecuting::dataflow[0m[2m:[0m 805.143609ms:	Data loaded for _ThisVar
[2m2025-07-29T03:41:19.192228Z[0m [32m INFO[0m [2mexecuting::dataflow[0m[2m:[0m 805.150923ms:	Data loaded for _NormalHeap
[2m2025-07-29T03:41:19.192238Z[0m [32m INFO[0m [2mexecuting::dataflow[0m[2m:[0m 805.16015ms:	Data loaded for _StringConstant
[2m2025-07-29T03:41:19.192257Z[0m [32m INFO[0m [2mexecuting::dataflow[0m[2m:[0m 805.179346ms:	Data loaded for _AssignHeapAllocation
[2m2025-07-29T03:41:19.192269Z[0m [32m INFO[0m [2mexecuting::dataflow[0m[2m:[0m 805.191299ms:	Data loaded for _AssignLocal
[2m2025-07-29T03:41:19.192299Z[0m [32m INFO[0m [2mexecuting::dataflow[0m[2m:[0m 805.221125ms:	Data loaded for _AssignCast
[2m2025-07-29T03:41:19.192310Z[0m [32m INFO[0m [2mexecuting::dataflow[0m[2m:[0m 805.232166ms:	Data loaded for _Field
[2m2025-07-29T03:41:19.192325Z[0m [32m INFO[0m [2mexecuting::dataflow[0m[2m:[0m 805.247244ms:	Data loaded for _StaticMethodInvocation
[2m2025-07-29T03:41:19.192336Z[0m [32m INFO[0m [2mexecuting::dataflow[0m[2m:[0m 805.258696ms:	Data loaded for _SpecialMethodInvocation
[2m2025-07-29T03:41:19.192371Z[0m [32m INFO[0m [2mexecuting::dataflow[0m[2m:[0m 805.293912ms:	Data loaded for _VirtualMethodInvocation
[2m2025-07-29T03:41:19.192389Z[0m [32m INFO[0m [2mexecuting::dataflow[0m[2m:[0m 805.311906ms:	Data loaded for _Method
[2m2025-07-29T03:41:19.192415Z[0m [32m INFO[0m [2mexecuting::dataflow[0m[2m:[0m 805.337945ms:	Data loaded for Method_Descriptor
[2m2025-07-29T03:41:19.192449Z[0m [32m INFO[0m [2mexecuting::dataflow[0m[2m:[0m 805.371668ms:	Data loaded for _StoreInstanceField
[2m2025-07-29T03:41:19.192483Z[0m [32m INFO[0m [2mexecuting::dataflow[0m[2m:[0m 805.405251ms:	Data loaded for _LoadInstanceField
[2m2025-07-29T03:41:19.192496Z[0m [32m INFO[0m [2mexecuting::dataflow[0m[2m:[0m 805.418156ms:	Data loaded for _StoreStaticField
[2m2025-07-29T03:41:19.192560Z[0m [32m INFO[0m [2mexecuting::dataflow[0m[2m:[0m 805.482828ms:	Data loaded for _LoadStaticField
[2m2025-07-29T03:41:19.192576Z[0m [32m INFO[0m [2mexecuting::dataflow[0m[2m:[0m 805.498337ms:	Data loaded for _StoreArrayIndex
[2m2025-07-29T03:41:19.192611Z[0m [32m INFO[0m [2mexecuting::dataflow[0m[2m:[0m 805.533212ms:	Data loaded for _LoadArrayIndex
[2m2025-07-29T03:41:19.192624Z[0m [32m INFO[0m [2mexecuting::dataflow[0m[2m:[0m 805.546477ms:	Data loaded for _Return
[2m2025-07-29T03:41:19.496428Z[0m [32m INFO[0m [2mreading::inspect[0m[2m:[0m Delta of (recursive) [Superinterface]: ((), (), 12562)
[2m2025-07-29T03:41:19.496535Z[0m [32m INFO[0m [2mreading::inspect[0m[2m:[0m Delta of (recursive) [Subclass]: ((), (), 15793)
[2m2025-07-29T03:41:57.661299Z[0m [32m INFO[0m [2mreading::inspect[0m[2m:[0m Delta of (recursive) [SubtypeOf]: ((), (), 41551)
[2m2025-07-29T03:42:54.771829Z[0m [32m INFO[0m [2mreading::inspect[0m[2m:[0m Delta of (recursive) [MethodLookup]: ((), (), 355148)
[2m2025-07-29T03:42:59.960604Z[0m [32m INFO[0m [2mreading::inspect[0m[2m:[0m Delta of (recursive) [ArrayIndexPointsTo]: ((), (), 21216)
[2m2025-07-29T03:42:59.960732Z[0m [32m INFO[0m [2mreading::inspect[0m[2m:[0m Delta of (recursive) [Assign]: ((), (), 45066)
[2m2025-07-29T03:42:59.960912Z[0m [32m INFO[0m [2mreading::inspect[0m[2m:[0m Delta of (recursive) [CallGraphEdge]: ((), (), 20419)
[2m2025-07-29T03:42:59.960949Z[0m [32m INFO[0m [2mreading::inspect[0m[2m:[0m Delta of (recursive) [InitializedClass]: ((), (), 990)
[2m2025-07-29T03:42:59.961022Z[0m [32m INFO[0m [2mreading::inspect[0m[2m:[0m Delta of (recursive) [InstanceFieldPointsTo]: ((), (), 1444699)
[2m2025-07-29T03:42:59.961053Z[0m [32m INFO[0m [2mreading::inspect[0m[2m:[0m Delta of (recursive) [Reachable]: ((), (), 4416)
[2m2025-07-29T03:42:59.961085Z[0m [32m INFO[0m [2mreading::inspect[0m[2m:[0m Delta of (recursive) [StaticFieldPointsTo]: ((), (), 2304)
[2m2025-07-29T03:42:59.961155Z[0m [32m INFO[0m [2mreading::inspect[0m[2m:[0m Delta of (recursive) [VarPointsTo]: ((), (), 2867913)
[2m2025-07-29T03:42:59.971594Z[0m [32m INFO[0m [2mexecuting::dataflow[0m[2m:[0m 101.583963018s:	Dataflow executed
[2m2025-07-29T03:42:59.991588Z[0m [32m INFO[0m [2mexecuting[0m[2m:[0m success query
