[2m2025-07-29T03:33:22.734871Z[0m [32m INFO[0m [2mexecuting::dataflow[0m[2m:[0m 682.698233ms:	Dataflow assembled
[2m2025-07-29T03:33:23.344172Z[0m [32m INFO[0m [2mexecuting::dataflow[0m[2m:[0m 1.292016581s:	Data loaded for DirectSuperclass
[2m2025-07-29T03:33:23.344230Z[0m [32m INFO[0m [2mexecuting::dataflow[0m[2m:[0m 1.2920798s:	Data loaded for DirectSuperinterface
[2m2025-07-29T03:33:23.344242Z[0m [32m INFO[0m [2mexecuting::dataflow[0m[2m:[0m 1.292092333s:	Data loaded for MainClass
[2m2025-07-29T03:33:23.344256Z[0m [32m INFO[0m [2mexecuting::dataflow[0m[2m:[0m 1.29210641s:	Data loaded for FormalParam
[2m2025-07-29T03:33:23.344268Z[0m [32m INFO[0m [2mexecuting::dataflow[0m[2m:[0m 1.292118512s:	Data loaded for ComponentType
[2m2025-07-29T03:33:23.344278Z[0m [32m INFO[0m [2mexecuting::dataflow[0m[2m:[0m 1.29212791s:	Data loaded for AssignReturnValue
[2m2025-07-29T03:33:23.344287Z[0m [32m INFO[0m [2mexecuting::dataflow[0m[2m:[0m 1.292136977s:	Data loaded for ActualParam
[2m2025-07-29T03:33:23.344295Z[0m [32m INFO[0m [2mexecuting::dataflow[0m[2m:[0m 1.292145223s:	Data loaded for Method_Modifier
[2m2025-07-29T03:33:23.344305Z[0m [32m INFO[0m [2mexecuting::dataflow[0m[2m:[0m 1.292155262s:	Data loaded for Var_Type
[2m2025-07-29T03:33:23.344314Z[0m [32m INFO[0m [2mexecuting::dataflow[0m[2m:[0m 1.292164198s:	Data loaded for HeapAllocation_Type
[2m2025-07-29T03:33:23.344335Z[0m [32m INFO[0m [2mexecuting::dataflow[0m[2m:[0m 1.292185739s:	Data loaded for _ClassType
[2m2025-07-29T03:33:23.344349Z[0m [32m INFO[0m [2mexecuting::dataflow[0m[2m:[0m 1.292199204s:	Data loaded for _ArrayType
[2m2025-07-29T03:33:23.344361Z[0m [32m INFO[0m [2mexecuting::dataflow[0m[2m:[0m 1.292210976s:	Data loaded for _InterfaceType
[2m2025-07-29T03:33:23.344369Z[0m [32m INFO[0m [2mexecuting::dataflow[0m[2m:[0m 1.292219743s:	Data loaded for _Var_DeclaringMethod
[2m2025-07-29T03:33:23.344377Z[0m [32m INFO[0m [2mexecuting::dataflow[0m[2m:[0m 1.292227628s:	Data loaded for _ApplicationClass
[2m2025-07-29T03:33:23.344386Z[0m [32m INFO[0m [2mexecuting::dataflow[0m[2m:[0m 1.292236495s:	Data loaded for _ThisVar
[2m2025-07-29T03:33:23.344394Z[0m [32m INFO[0m [2mexecuting::dataflow[0m[2m:[0m 1.292244249s:	Data loaded for _NormalHeap
[2m2025-07-29T03:33:23.344403Z[0m [32m INFO[0m [2mexecuting::dataflow[0m[2m:[0m 1.292253106s:	Data loaded for _StringConstant
[2m2025-07-29T03:33:23.344437Z[0m [32m INFO[0m [2mexecuting::dataflow[0m[2m:[0m 1.292287621s:	Data loaded for _AssignHeapAllocation
[2m2025-07-29T03:33:23.344451Z[0m [32m INFO[0m [2mexecuting::dataflow[0m[2m:[0m 1.292300806s:	Data loaded for _AssignLocal
[2m2025-07-29T03:33:23.344485Z[0m [32m INFO[0m [2mexecuting::dataflow[0m[2m:[0m 1.292335591s:	Data loaded for _AssignCast
[2m2025-07-29T03:33:23.344497Z[0m [32m INFO[0m [2mexecuting::dataflow[0m[2m:[0m 1.292347463s:	Data loaded for _Field
[2m2025-07-29T03:33:23.344514Z[0m [32m INFO[0m [2mexecuting::dataflow[0m[2m:[0m 1.292364365s:	Data loaded for _StaticMethodInvocation
[2m2025-07-29T03:33:23.344525Z[0m [32m INFO[0m [2mexecuting::dataflow[0m[2m:[0m 1.292375626s:	Data loaded for _SpecialMethodInvocation
[2m2025-07-29T03:33:23.344562Z[0m [32m INFO[0m [2mexecuting::dataflow[0m[2m:[0m 1.292412566s:	Data loaded for _VirtualMethodInvocation
[2m2025-07-29T03:33:23.344580Z[0m [32m INFO[0m [2mexecuting::dataflow[0m[2m:[0m 1.29243038s:	Data loaded for _Method
[2m2025-07-29T03:33:23.344603Z[0m [32m INFO[0m [2mexecuting::dataflow[0m[2m:[0m 1.292453283s:	Data loaded for Method_Descriptor
[2m2025-07-29T03:33:23.344640Z[0m [32m INFO[0m [2mexecuting::dataflow[0m[2m:[0m 1.292489932s:	Data loaded for _StoreInstanceField
[2m2025-07-29T03:33:23.344679Z[0m [32m INFO[0m [2mexecuting::dataflow[0m[2m:[0m 1.292529165s:	Data loaded for _LoadInstanceField
[2m2025-07-29T03:33:23.344692Z[0m [32m INFO[0m [2mexecuting::dataflow[0m[2m:[0m 1.29254233s:	Data loaded for _StoreStaticField
[2m2025-07-29T03:33:23.344749Z[0m [32m INFO[0m [2mexecuting::dataflow[0m[2m:[0m 1.292599528s:	Data loaded for _LoadStaticField
[2m2025-07-29T03:33:23.344763Z[0m [32m INFO[0m [2mexecuting::dataflow[0m[2m:[0m 1.292612883s:	Data loaded for _StoreArrayIndex
[2m2025-07-29T03:33:23.344797Z[0m [32m INFO[0m [2mexecuting::dataflow[0m[2m:[0m 1.292647729s:	Data loaded for _LoadArrayIndex
[2m2025-07-29T03:33:23.344811Z[0m [32m INFO[0m [2mexecuting::dataflow[0m[2m:[0m 1.292661334s:	Data loaded for _Return
[2m2025-07-29T03:33:23.693291Z[0m [32m INFO[0m [2mreading::inspect[0m[2m:[0m Delta of (recursive) [Subclass]: ((), (), 15793)
[2m2025-07-29T03:33:23.698285Z[0m [32m INFO[0m [2mreading::inspect[0m[2m:[0m Delta of (recursive) [Superinterface]: ((), (), 12562)
[2m2025-07-29T03:33:23.733299Z[0m [32m INFO[0m [2mreading::inspect[0m[2m:[0m Delta of (recursive) [SubtypeOf]: ((), (), 41551)
[2m2025-07-29T03:33:23.740030Z[0m [32m INFO[0m [2mreading::inspect[0m[2m:[0m Delta of (recursive) [MethodLookup]: ((), (), 355148)
[2m2025-07-29T03:33:29.960799Z[0m [32m INFO[0m [2mreading::inspect[0m[2m:[0m Delta of (recursive) [ArrayIndexPointsTo]: ((), (), 21216)
[2m2025-07-29T03:33:29.960922Z[0m [32m INFO[0m [2mreading::inspect[0m[2m:[0m Delta of (recursive) [Assign]: ((), (), 45066)
[2m2025-07-29T03:33:29.961000Z[0m [32m INFO[0m [2mreading::inspect[0m[2m:[0m Delta of (recursive) [CallGraphEdge]: ((), (), 20419)
[2m2025-07-29T03:33:29.961058Z[0m [32m INFO[0m [2mreading::inspect[0m[2m:[0m Delta of (recursive) [InitializedClass]: ((), (), 990)
[2m2025-07-29T03:33:29.961154Z[0m [32m INFO[0m [2mreading::inspect[0m[2m:[0m Delta of (recursive) [InstanceFieldPointsTo]: ((), (), 1444699)
[2m2025-07-29T03:33:29.961201Z[0m [32m INFO[0m [2mreading::inspect[0m[2m:[0m Delta of (recursive) [Reachable]: ((), (), 4416)
[2m2025-07-29T03:33:29.961236Z[0m [32m INFO[0m [2mreading::inspect[0m[2m:[0m Delta of (recursive) [StaticFieldPointsTo]: ((), (), 2304)
[2m2025-07-29T03:33:29.961334Z[0m [32m INFO[0m [2mreading::inspect[0m[2m:[0m Delta of (recursive) [VarPointsTo]: ((), (), 2867913)
[2m2025-07-29T03:33:30.012068Z[0m [32m INFO[0m [2mexecuting::dataflow[0m[2m:[0m 7.959904009s:	Dataflow executed
[2m2025-07-29T03:33:30.085543Z[0m [32m INFO[0m [2mexecuting[0m[2m:[0m success query
