[2m2025-07-29T03:48:22.564050Z[0m [32m INFO[0m [2mexecuting::dataflow[0m[2m:[0m 201.28002ms:	Dataflow assembled
[2m2025-07-29T03:48:23.178564Z[0m [32m INFO[0m [2mexecuting::dataflow[0m[2m:[0m 815.807466ms:	Data loaded for DirectSuperclass
[2m2025-07-29T03:48:23.178620Z[0m [32m INFO[0m [2mexecuting::dataflow[0m[2m:[0m 815.870584ms:	Data loaded for DirectSuperinterface
[2m2025-07-29T03:48:23.178632Z[0m [32m INFO[0m [2mexecuting::dataflow[0m[2m:[0m 815.882757ms:	Data loaded for MainClass
[2m2025-07-29T03:48:23.178646Z[0m [32m INFO[0m [2mexecuting::dataflow[0m[2m:[0m 815.896944ms:	Data loaded for FormalParam
[2m2025-07-29T03:48:23.178657Z[0m [32m INFO[0m [2mexecuting::dataflow[0m[2m:[0m 815.908005ms:	Data loaded for ComponentType
[2m2025-07-29T03:48:23.178666Z[0m [32m INFO[0m [2mexecuting::dataflow[0m[2m:[0m 815.916531ms:	Data loaded for AssignReturnValue
[2m2025-07-29T03:48:23.178675Z[0m [32m INFO[0m [2mexecuting::dataflow[0m[2m:[0m 815.924977ms:	Data loaded for ActualParam
[2m2025-07-29T03:48:23.178681Z[0m [32m INFO[0m [2mexecuting::dataflow[0m[2m:[0m 815.93195ms:	Data loaded for Method_Modifier
[2m2025-07-29T03:48:23.178690Z[0m [32m INFO[0m [2mexecuting::dataflow[0m[2m:[0m 815.940847ms:	Data loaded for Var_Type
[2m2025-07-29T03:48:23.178699Z[0m [32m INFO[0m [2mexecuting::dataflow[0m[2m:[0m 815.949092ms:	Data loaded for HeapAllocation_Type
[2m2025-07-29T03:48:23.178710Z[0m [32m INFO[0m [2mexecuting::dataflow[0m[2m:[0m 815.960373ms:	Data loaded for _ClassType
[2m2025-07-29T03:48:23.178723Z[0m [32m INFO[0m [2mexecuting::dataflow[0m[2m:[0m 815.973067ms:	Data loaded for _ArrayType
[2m2025-07-29T03:48:23.178733Z[0m [32m INFO[0m [2mexecuting::dataflow[0m[2m:[0m 815.983116ms:	Data loaded for _InterfaceType
[2m2025-07-29T03:48:23.178741Z[0m [32m INFO[0m [2mexecuting::dataflow[0m[2m:[0m 815.991382ms:	Data loaded for _Var_DeclaringMethod
[2m2025-07-29T03:48:23.178750Z[0m [32m INFO[0m [2mexecuting::dataflow[0m[2m:[0m 816.000168ms:	Data loaded for _ApplicationClass
[2m2025-07-29T03:48:23.178759Z[0m [32m INFO[0m [2mexecuting::dataflow[0m[2m:[0m 816.008965ms:	Data loaded for _ThisVar
[2m2025-07-29T03:48:23.178767Z[0m [32m INFO[0m [2mexecuting::dataflow[0m[2m:[0m 816.01711ms:	Data loaded for _NormalHeap
[2m2025-07-29T03:48:23.178776Z[0m [32m INFO[0m [2mexecuting::dataflow[0m[2m:[0m 816.026668ms:	Data loaded for _StringConstant
[2m2025-07-29T03:48:23.178797Z[0m [32m INFO[0m [2mexecuting::dataflow[0m[2m:[0m 816.047227ms:	Data loaded for _AssignHeapAllocation
[2m2025-07-29T03:48:23.178811Z[0m [32m INFO[0m [2mexecuting::dataflow[0m[2m:[0m 816.061233ms:	Data loaded for _AssignLocal
[2m2025-07-29T03:48:23.178842Z[0m [32m INFO[0m [2mexecuting::dataflow[0m[2m:[0m 816.092753ms:	Data loaded for _AssignCast
[2m2025-07-29T03:48:23.178853Z[0m [32m INFO[0m [2mexecuting::dataflow[0m[2m:[0m 816.103643ms:	Data loaded for _Field
[2m2025-07-29T03:48:23.178869Z[0m [32m INFO[0m [2mexecuting::dataflow[0m[2m:[0m 816.119132ms:	Data loaded for _StaticMethodInvocation
[2m2025-07-29T03:48:23.178878Z[0m [32m INFO[0m [2mexecuting::dataflow[0m[2m:[0m 816.12845ms:	Data loaded for _SpecialMethodInvocation
[2m2025-07-29T03:48:23.178912Z[0m [32m INFO[0m [2mexecuting::dataflow[0m[2m:[0m 816.162173ms:	Data loaded for _VirtualMethodInvocation
[2m2025-07-29T03:48:23.178928Z[0m [32m INFO[0m [2mexecuting::dataflow[0m[2m:[0m 816.178564ms:	Data loaded for _Method
[2m2025-07-29T03:48:23.178951Z[0m [32m INFO[0m [2mexecuting::dataflow[0m[2m:[0m 816.201357ms:	Data loaded for Method_Descriptor
[2m2025-07-29T03:48:23.178984Z[0m [32m INFO[0m [2mexecuting::dataflow[0m[2m:[0m 816.233818ms:	Data loaded for _StoreInstanceField
[2m2025-07-29T03:48:23.179019Z[0m [32m INFO[0m [2mexecuting::dataflow[0m[2m:[0m 816.269425ms:	Data loaded for _LoadInstanceField
[2m2025-07-29T03:48:23.179032Z[0m [32m INFO[0m [2mexecuting::dataflow[0m[2m:[0m 816.28258ms:	Data loaded for _StoreStaticField
[2m2025-07-29T03:48:23.179091Z[0m [32m INFO[0m [2mexecuting::dataflow[0m[2m:[0m 816.341511ms:	Data loaded for _LoadStaticField
[2m2025-07-29T03:48:23.179107Z[0m [32m INFO[0m [2mexecuting::dataflow[0m[2m:[0m 816.357391ms:	Data loaded for _StoreArrayIndex
[2m2025-07-29T03:48:23.179139Z[0m [32m INFO[0m [2mexecuting::dataflow[0m[2m:[0m 816.389171ms:	Data loaded for _LoadArrayIndex
[2m2025-07-29T03:48:23.179154Z[0m [32m INFO[0m [2mexecuting::dataflow[0m[2m:[0m 816.403828ms:	Data loaded for _Return
[2m2025-07-29T03:48:23.413215Z[0m [32m INFO[0m [2mreading::inspect[0m[2m:[0m Delta of (recursive) [Superinterface]: ((), (), 12562)
[2m2025-07-29T03:48:23.413312Z[0m [32m INFO[0m [2mreading::inspect[0m[2m:[0m Delta of (recursive) [Subclass]: ((), (), 15793)
[2m2025-07-29T03:48:23.437405Z[0m [32m INFO[0m [2mreading::inspect[0m[2m:[0m Delta of (recursive) [SubtypeOf]: ((), (), 41551)
[2m2025-07-29T03:48:23.443972Z[0m [32m INFO[0m [2mreading::inspect[0m[2m:[0m Delta of (recursive) [MethodLookup]: ((), (), 355148)
[2m2025-07-29T03:50:38.338122Z[0m [32m INFO[0m [2mreading::inspect[0m[2m:[0m Delta of (recursive) [ArrayIndexPointsTo]: ((), (), 21216)
[2m2025-07-29T03:50:38.338227Z[0m [32m INFO[0m [2mreading::inspect[0m[2m:[0m Delta of (recursive) [Assign]: ((), (), 45066)
[2m2025-07-29T03:50:38.338271Z[0m [32m INFO[0m [2mreading::inspect[0m[2m:[0m Delta of (recursive) [CallGraphEdge]: ((), (), 20419)
[2m2025-07-29T03:50:38.338331Z[0m [32m INFO[0m [2mreading::inspect[0m[2m:[0m Delta of (recursive) [InitializedClass]: ((), (), 990)
[2m2025-07-29T03:50:38.338421Z[0m [32m INFO[0m [2mreading::inspect[0m[2m:[0m Delta of (recursive) [InstanceFieldPointsTo]: ((), (), 1444699)
[2m2025-07-29T03:50:38.338465Z[0m [32m INFO[0m [2mreading::inspect[0m[2m:[0m Delta of (recursive) [Reachable]: ((), (), 4416)
[2m2025-07-29T03:50:38.338494Z[0m [32m INFO[0m [2mreading::inspect[0m[2m:[0m Delta of (recursive) [StaticFieldPointsTo]: ((), (), 2304)
[2m2025-07-29T03:50:38.338573Z[0m [32m INFO[0m [2mreading::inspect[0m[2m:[0m Delta of (recursive) [VarPointsTo]: ((), (), 2867913)
[2m2025-07-29T03:50:38.345301Z[0m [32m INFO[0m [2mexecuting::dataflow[0m[2m:[0m 135.981346856s:	Dataflow executed
[2m2025-07-29T03:50:38.423798Z[0m [32m INFO[0m [2mexecuting[0m[2m:[0m success query
