[2m2025-07-29T03:33:13.567172Z[0m [32m INFO[0m [2mexecuting::dataflow[0m[2m:[0m 184.174134ms:	Dataflow assembled
[2m2025-07-29T03:33:14.286140Z[0m [32m INFO[0m [2mexecuting::dataflow[0m[2m:[0m 903.152174ms:	Data loaded for DirectSuperclass
[2m2025-07-29T03:33:14.286208Z[0m [32m INFO[0m [2mexecuting::dataflow[0m[2m:[0m 903.229439ms:	Data loaded for DirectSuperinterface
[2m2025-07-29T03:33:14.286222Z[0m [32m INFO[0m [2mexecuting::dataflow[0m[2m:[0m 903.243065ms:	Data loaded for MainClass
[2m2025-07-29T03:33:14.286238Z[0m [32m INFO[0m [2mexecuting::dataflow[0m[2m:[0m 903.258834ms:	Data loaded for FormalParam
[2m2025-07-29T03:33:14.286249Z[0m [32m INFO[0m [2mexecuting::dataflow[0m[2m:[0m 903.269905ms:	Data loaded for ComponentType
[2m2025-07-29T03:33:14.286257Z[0m [32m INFO[0m [2mexecuting::dataflow[0m[2m:[0m 903.278491ms:	Data loaded for AssignReturnValue
[2m2025-07-29T03:33:14.286266Z[0m [32m INFO[0m [2mexecuting::dataflow[0m[2m:[0m 903.286777ms:	Data loaded for ActualParam
[2m2025-07-29T03:33:14.286272Z[0m [32m INFO[0m [2mexecuting::dataflow[0m[2m:[0m 903.29351ms:	Data loaded for Method_Modifier
[2m2025-07-29T03:33:14.286281Z[0m [32m INFO[0m [2mexecuting::dataflow[0m[2m:[0m 903.302436ms:	Data loaded for Var_Type
[2m2025-07-29T03:33:14.286289Z[0m [32m INFO[0m [2mexecuting::dataflow[0m[2m:[0m 903.310462ms:	Data loaded for HeapAllocation_Type
[2m2025-07-29T03:33:14.286302Z[0m [32m INFO[0m [2mexecuting::dataflow[0m[2m:[0m 903.323105ms:	Data loaded for _ClassType
[2m2025-07-29T03:33:14.286314Z[0m [32m INFO[0m [2mexecuting::dataflow[0m[2m:[0m 903.335198ms:	Data loaded for _ArrayType
[2m2025-07-29T03:33:14.286324Z[0m [32m INFO[0m [2mexecuting::dataflow[0m[2m:[0m 903.345147ms:	Data loaded for _InterfaceType
[2m2025-07-29T03:33:14.286332Z[0m [32m INFO[0m [2mexecuting::dataflow[0m[2m:[0m 903.352911ms:	Data loaded for _Var_DeclaringMethod
[2m2025-07-29T03:33:14.286339Z[0m [32m INFO[0m [2mexecuting::dataflow[0m[2m:[0m 903.360015ms:	Data loaded for _ApplicationClass
[2m2025-07-29T03:33:14.286346Z[0m [32m INFO[0m [2mexecuting::dataflow[0m[2m:[0m 903.367098ms:	Data loaded for _ThisVar
[2m2025-07-29T03:33:14.286353Z[0m [32m INFO[0m [2mexecuting::dataflow[0m[2m:[0m 903.373761ms:	Data loaded for _NormalHeap
[2m2025-07-29T03:33:14.286361Z[0m [32m INFO[0m [2mexecuting::dataflow[0m[2m:[0m 903.381846ms:	Data loaded for _StringConstant
[2m2025-07-29T03:33:14.286378Z[0m [32m INFO[0m [2mexecuting::dataflow[0m[2m:[0m 903.399329ms:	Data loaded for _AssignHeapAllocation
[2m2025-07-29T03:33:14.286390Z[0m [32m INFO[0m [2mexecuting::dataflow[0m[2m:[0m 903.41064ms:	Data loaded for _AssignLocal
[2m2025-07-29T03:33:14.286420Z[0m [32m INFO[0m [2mexecuting::dataflow[0m[2m:[0m 903.440617ms:	Data loaded for _AssignCast
[2m2025-07-29T03:33:14.286431Z[0m [32m INFO[0m [2mexecuting::dataflow[0m[2m:[0m 903.452158ms:	Data loaded for _Field
[2m2025-07-29T03:33:14.286445Z[0m [32m INFO[0m [2mexecuting::dataflow[0m[2m:[0m 903.466395ms:	Data loaded for _StaticMethodInvocation
[2m2025-07-29T03:33:14.286455Z[0m [32m INFO[0m [2mexecuting::dataflow[0m[2m:[0m 903.475592ms:	Data loaded for _SpecialMethodInvocation
[2m2025-07-29T03:33:14.286485Z[0m [32m INFO[0m [2mexecuting::dataflow[0m[2m:[0m 903.505739ms:	Data loaded for _VirtualMethodInvocation
[2m2025-07-29T03:33:14.286498Z[0m [32m INFO[0m [2mexecuting::dataflow[0m[2m:[0m 903.519124ms:	Data loaded for _Method
[2m2025-07-29T03:33:14.286519Z[0m [32m INFO[0m [2mexecuting::dataflow[0m[2m:[0m 903.539663ms:	Data loaded for Method_Descriptor
[2m2025-07-29T03:33:14.286550Z[0m [32m INFO[0m [2mexecuting::dataflow[0m[2m:[0m 903.571553ms:	Data loaded for _StoreInstanceField
[2m2025-07-29T03:33:14.286584Z[0m [32m INFO[0m [2mexecuting::dataflow[0m[2m:[0m 903.604826ms:	Data loaded for _LoadInstanceField
[2m2025-07-29T03:33:14.286595Z[0m [32m INFO[0m [2mexecuting::dataflow[0m[2m:[0m 903.616357ms:	Data loaded for _StoreStaticField
[2m2025-07-29T03:33:14.286661Z[0m [32m INFO[0m [2mexecuting::dataflow[0m[2m:[0m 903.68171ms:	Data loaded for _LoadStaticField
[2m2025-07-29T03:33:14.286673Z[0m [32m INFO[0m [2mexecuting::dataflow[0m[2m:[0m 903.694354ms:	Data loaded for _StoreArrayIndex
[2m2025-07-29T03:33:14.286704Z[0m [32m INFO[0m [2mexecuting::dataflow[0m[2m:[0m 903.725062ms:	Data loaded for _LoadArrayIndex
[2m2025-07-29T03:33:14.286717Z[0m [32m INFO[0m [2mexecuting::dataflow[0m[2m:[0m 903.737946ms:	Data loaded for _Return
[2m2025-07-29T03:33:14.470205Z[0m [32m INFO[0m [2mreading::inspect[0m[2m:[0m Delta of (recursive) [Subclass]: ((), (), 15793)
[2m2025-07-29T03:33:14.472297Z[0m [32m INFO[0m [2mreading::inspect[0m[2m:[0m Delta of (recursive) [Superinterface]: ((), (), 12562)
[2m2025-07-29T03:33:14.497680Z[0m [32m INFO[0m [2mreading::inspect[0m[2m:[0m Delta of (recursive) [SubtypeOf]: ((), (), 41551)
[2m2025-07-29T03:33:14.502202Z[0m [32m INFO[0m [2mreading::inspect[0m[2m:[0m Delta of (recursive) [MethodLookup]: ((), (), 355148)
[2m2025-07-29T03:33:16.790570Z[0m [32m INFO[0m [2mreading::inspect[0m[2m:[0m Delta of (recursive) [InstanceFieldPointsTo]: ((), (), 1444699)
[2m2025-07-29T03:33:16.790669Z[0m [32m INFO[0m [2mreading::inspect[0m[2m:[0m Delta of (recursive) [Reachable]: ((), (), 4416)
[2m2025-07-29T03:33:16.790710Z[0m [32m INFO[0m [2mreading::inspect[0m[2m:[0m Delta of (recursive) [StaticFieldPointsTo]: ((), (), 2304)
[2m2025-07-29T03:33:16.790777Z[0m [32m INFO[0m [2mreading::inspect[0m[2m:[0m Delta of (recursive) [VarPointsTo]: ((), (), 2867913)
[2m2025-07-29T03:33:16.790873Z[0m [32m INFO[0m [2mreading::inspect[0m[2m:[0m Delta of (recursive) [ArrayIndexPointsTo]: ((), (), 21216)
[2m2025-07-29T03:33:16.790886Z[0m [32m INFO[0m [2mreading::inspect[0m[2m:[0m Delta of (recursive) [Assign]: ((), (), 45066)
[2m2025-07-29T03:33:16.790898Z[0m [32m INFO[0m [2mreading::inspect[0m[2m:[0m Delta of (recursive) [CallGraphEdge]: ((), (), 20419)
[2m2025-07-29T03:33:16.790910Z[0m [32m INFO[0m [2mreading::inspect[0m[2m:[0m Delta of (recursive) [InitializedClass]: ((), (), 990)
[2m2025-07-29T03:33:16.791730Z[0m [32m INFO[0m [2mexecuting::dataflow[0m[2m:[0m 3.408741198s:	Dataflow executed
[2m2025-07-29T03:33:16.795751Z[0m [32m INFO[0m [2mexecuting[0m[2m:[0m success query
