[2m2025-07-29T03:43:43.631696Z[0m [32m INFO[0m [2mexecuting::dataflow[0m[2m:[0m 207.173989ms:	Dataflow assembled
[2m2025-07-29T03:43:44.163891Z[0m [32m INFO[0m [2mexecuting::dataflow[0m[2m:[0m 739.383792ms:	Data loaded for DirectSuperclass
[2m2025-07-29T03:43:44.163934Z[0m [32m INFO[0m [2mexecuting::dataflow[0m[2m:[0m 739.433606ms:	Data loaded for DirectSuperinterface
[2m2025-07-29T03:43:44.163944Z[0m [32m INFO[0m [2mexecuting::dataflow[0m[2m:[0m 739.442893ms:	Data loaded for MainClass
[2m2025-07-29T03:43:44.163956Z[0m [32m INFO[0m [2mexecuting::dataflow[0m[2m:[0m 739.454826ms:	Data loaded for FormalParam
[2m2025-07-29T03:43:44.163964Z[0m [32m INFO[0m [2mexecuting::dataflow[0m[2m:[0m 739.463542ms:	Data loaded for ComponentType
[2m2025-07-29T03:43:44.163971Z[0m [32m INFO[0m [2mexecuting::dataflow[0m[2m:[0m 739.470084ms:	Data loaded for AssignReturnValue
[2m2025-07-29T03:43:44.163978Z[0m [32m INFO[0m [2mexecuting::dataflow[0m[2m:[0m 739.477208ms:	Data loaded for ActualParam
[2m2025-07-29T03:43:44.163983Z[0m [32m INFO[0m [2mexecuting::dataflow[0m[2m:[0m 739.482748ms:	Data loaded for Method_Modifier
[2m2025-07-29T03:43:44.163991Z[0m [32m INFO[0m [2mexecuting::dataflow[0m[2m:[0m 739.490222ms:	Data loaded for Var_Type
[2m2025-07-29T03:43:44.163997Z[0m [32m INFO[0m [2mexecuting::dataflow[0m[2m:[0m 739.496724ms:	Data loaded for HeapAllocation_Type
[2m2025-07-29T03:43:44.164007Z[0m [32m INFO[0m [2mexecuting::dataflow[0m[2m:[0m 739.506343ms:	Data loaded for _ClassType
[2m2025-07-29T03:43:44.164015Z[0m [32m INFO[0m [2mexecuting::dataflow[0m[2m:[0m 739.514668ms:	Data loaded for _ArrayType
[2m2025-07-29T03:43:44.164023Z[0m [32m INFO[0m [2mexecuting::dataflow[0m[2m:[0m 739.522343ms:	Data loaded for _InterfaceType
[2m2025-07-29T03:43:44.164029Z[0m [32m INFO[0m [2mexecuting::dataflow[0m[2m:[0m 739.528374ms:	Data loaded for _Var_DeclaringMethod
[2m2025-07-29T03:43:44.164035Z[0m [32m INFO[0m [2mexecuting::dataflow[0m[2m:[0m 739.534005ms:	Data loaded for _ApplicationClass
[2m2025-07-29T03:43:44.164041Z[0m [32m INFO[0m [2mexecuting::dataflow[0m[2m:[0m 739.540256ms:	Data loaded for _ThisVar
[2m2025-07-29T03:43:44.164046Z[0m [32m INFO[0m [2mexecuting::dataflow[0m[2m:[0m 739.545085ms:	Data loaded for _NormalHeap
[2m2025-07-29T03:43:44.164053Z[0m [32m INFO[0m [2mexecuting::dataflow[0m[2m:[0m 739.551938ms:	Data loaded for _StringConstant
[2m2025-07-29T03:43:44.164066Z[0m [32m INFO[0m [2mexecuting::dataflow[0m[2m:[0m 739.565023ms:	Data loaded for _AssignHeapAllocation
[2m2025-07-29T03:43:44.164074Z[0m [32m INFO[0m [2mexecuting::dataflow[0m[2m:[0m 739.573389ms:	Data loaded for _AssignLocal
[2m2025-07-29T03:43:44.164099Z[0m [32m INFO[0m [2mexecuting::dataflow[0m[2m:[0m 739.598306ms:	Data loaded for _AssignCast
[2m2025-07-29T03:43:44.164106Z[0m [32m INFO[0m [2mexecuting::dataflow[0m[2m:[0m 739.604928ms:	Data loaded for _Field
[2m2025-07-29T03:43:44.164117Z[0m [32m INFO[0m [2mexecuting::dataflow[0m[2m:[0m 739.61632ms:	Data loaded for _StaticMethodInvocation
[2m2025-07-29T03:43:44.164124Z[0m [32m INFO[0m [2mexecuting::dataflow[0m[2m:[0m 739.623182ms:	Data loaded for _SpecialMethodInvocation
[2m2025-07-29T03:43:44.164149Z[0m [32m INFO[0m [2mexecuting::dataflow[0m[2m:[0m 739.647949ms:	Data loaded for _VirtualMethodInvocation
[2m2025-07-29T03:43:44.164159Z[0m [32m INFO[0m [2mexecuting::dataflow[0m[2m:[0m 739.658389ms:	Data loaded for _Method
[2m2025-07-29T03:43:44.164180Z[0m [32m INFO[0m [2mexecuting::dataflow[0m[2m:[0m 739.679098ms:	Data loaded for Method_Descriptor
[2m2025-07-29T03:43:44.164206Z[0m [32m INFO[0m [2mexecuting::dataflow[0m[2m:[0m 739.704866ms:	Data loaded for _StoreInstanceField
[2m2025-07-29T03:43:44.164233Z[0m [32m INFO[0m [2mexecuting::dataflow[0m[2m:[0m 739.732418ms:	Data loaded for _LoadInstanceField
[2m2025-07-29T03:43:44.164242Z[0m [32m INFO[0m [2mexecuting::dataflow[0m[2m:[0m 739.740804ms:	Data loaded for _StoreStaticField
[2m2025-07-29T03:43:44.164286Z[0m [32m INFO[0m [2mexecuting::dataflow[0m[2m:[0m 739.784797ms:	Data loaded for _LoadStaticField
[2m2025-07-29T03:43:44.164296Z[0m [32m INFO[0m [2mexecuting::dataflow[0m[2m:[0m 739.795186ms:	Data loaded for _StoreArrayIndex
[2m2025-07-29T03:43:44.164319Z[0m [32m INFO[0m [2mexecuting::dataflow[0m[2m:[0m 739.818069ms:	Data loaded for _LoadArrayIndex
[2m2025-07-29T03:43:44.164328Z[0m [32m INFO[0m [2mexecuting::dataflow[0m[2m:[0m 739.827297ms:	Data loaded for _Return
[2m2025-07-29T03:43:44.520094Z[0m [32m INFO[0m [2mreading::inspect[0m[2m:[0m Delta of (recursive) [Superinterface]: ((), (), 12562)
[2m2025-07-29T03:43:44.520202Z[0m [32m INFO[0m [2mreading::inspect[0m[2m:[0m Delta of (recursive) [Subclass]: ((), (), 15793)
[2m2025-07-29T03:44:23.332040Z[0m [32m INFO[0m [2mreading::inspect[0m[2m:[0m Delta of (recursive) [SubtypeOf]: ((), (), 41551)
[2m2025-07-29T03:45:21.471994Z[0m [32m INFO[0m [2mreading::inspect[0m[2m:[0m Delta of (recursive) [MethodLookup]: ((), (), 355148)
[2m2025-07-29T03:45:25.601320Z[0m [32m INFO[0m [2mreading::inspect[0m[2m:[0m Delta of (recursive) [ArrayIndexPointsTo]: ((), (), 21216)
[2m2025-07-29T03:45:25.601514Z[0m [32m INFO[0m [2mreading::inspect[0m[2m:[0m Delta of (recursive) [Assign]: ((), (), 45066)
[2m2025-07-29T03:45:25.601714Z[0m [32m INFO[0m [2mreading::inspect[0m[2m:[0m Delta of (recursive) [CallGraphEdge]: ((), (), 20419)
[2m2025-07-29T03:45:25.601823Z[0m [32m INFO[0m [2mreading::inspect[0m[2m:[0m Delta of (recursive) [InitializedClass]: ((), (), 990)
[2m2025-07-29T03:45:25.601898Z[0m [32m INFO[0m [2mreading::inspect[0m[2m:[0m Delta of (recursive) [InstanceFieldPointsTo]: ((), (), 1444699)
[2m2025-07-29T03:45:25.601976Z[0m [32m INFO[0m [2mreading::inspect[0m[2m:[0m Delta of (recursive) [Reachable]: ((), (), 4416)
[2m2025-07-29T03:45:25.602042Z[0m [32m INFO[0m [2mreading::inspect[0m[2m:[0m Delta of (recursive) [StaticFieldPointsTo]: ((), (), 2304)
[2m2025-07-29T03:45:25.602127Z[0m [32m INFO[0m [2mreading::inspect[0m[2m:[0m Delta of (recursive) [VarPointsTo]: ((), (), 2867913)
[2m2025-07-29T03:45:25.602555Z[0m [32m INFO[0m [2mexecuting::dataflow[0m[2m:[0m 102.178034287s:	Dataflow executed
[2m2025-07-29T03:45:25.618973Z[0m [32m INFO[0m [2mexecuting[0m[2m:[0m success query
