[2m2025-07-29T03:37:57.053028Z[0m [32m INFO[0m [2mexecuting::dataflow[0m[2m:[0m 627.676089ms:	Dataflow assembled
[2m2025-07-29T03:37:57.658680Z[0m [32m INFO[0m [2mexecuting::dataflow[0m[2m:[0m 1.233340222s:	Data loaded for DirectSuperclass
[2m2025-07-29T03:37:57.658757Z[0m [32m INFO[0m [2mexecuting::dataflow[0m[2m:[0m 1.233426755s:	Data loaded for DirectSuperinterface
[2m2025-07-29T03:37:57.658770Z[0m [32m INFO[0m [2mexecuting::dataflow[0m[2m:[0m 1.233439589s:	Data loaded for MainClass
[2m2025-07-29T03:37:57.658787Z[0m [32m INFO[0m [2mexecuting::dataflow[0m[2m:[0m 1.233456621s:	Data loaded for FormalParam
[2m2025-07-29T03:37:57.658798Z[0m [32m INFO[0m [2mexecuting::dataflow[0m[2m:[0m 1.233467622s:	Data loaded for ComponentType
[2m2025-07-29T03:37:57.658806Z[0m [32m INFO[0m [2mexecuting::dataflow[0m[2m:[0m 1.233475777s:	Data loaded for AssignReturnValue
[2m2025-07-29T03:37:57.658814Z[0m [32m INFO[0m [2mexecuting::dataflow[0m[2m:[0m 1.233484133s:	Data loaded for ActualParam
[2m2025-07-29T03:37:57.658822Z[0m [32m INFO[0m [2mexecuting::dataflow[0m[2m:[0m 1.233491307s:	Data loaded for Method_Modifier
[2m2025-07-29T03:37:57.658831Z[0m [32m INFO[0m [2mexecuting::dataflow[0m[2m:[0m 1.233500374s:	Data loaded for Var_Type
[2m2025-07-29T03:37:57.658839Z[0m [32m INFO[0m [2mexecuting::dataflow[0m[2m:[0m 1.233508569s:	Data loaded for HeapAllocation_Type
[2m2025-07-29T03:37:57.658862Z[0m [32m INFO[0m [2mexecuting::dataflow[0m[2m:[0m 1.233531542s:	Data loaded for _ClassType
[2m2025-07-29T03:37:57.658874Z[0m [32m INFO[0m [2mexecuting::dataflow[0m[2m:[0m 1.233543876s:	Data loaded for _ArrayType
[2m2025-07-29T03:37:57.658885Z[0m [32m INFO[0m [2mexecuting::dataflow[0m[2m:[0m 1.233554436s:	Data loaded for _InterfaceType
[2m2025-07-29T03:37:57.658893Z[0m [32m INFO[0m [2mexecuting::dataflow[0m[2m:[0m 1.233562781s:	Data loaded for _Var_DeclaringMethod
[2m2025-07-29T03:37:57.658901Z[0m [32m INFO[0m [2mexecuting::dataflow[0m[2m:[0m 1.233570606s:	Data loaded for _ApplicationClass
[2m2025-07-29T03:37:57.658909Z[0m [32m INFO[0m [2mexecuting::dataflow[0m[2m:[0m 1.233578471s:	Data loaded for _ThisVar
[2m2025-07-29T03:37:57.658916Z[0m [32m INFO[0m [2mexecuting::dataflow[0m[2m:[0m 1.233585374s:	Data loaded for _NormalHeap
[2m2025-07-29T03:37:57.658924Z[0m [32m INFO[0m [2mexecuting::dataflow[0m[2m:[0m 1.233593679s:	Data loaded for _StringConstant
[2m2025-07-29T03:37:57.658963Z[0m [32m INFO[0m [2mexecuting::dataflow[0m[2m:[0m 1.233632352s:	Data loaded for _AssignHeapAllocation
[2m2025-07-29T03:37:57.658979Z[0m [32m INFO[0m [2mexecuting::dataflow[0m[2m:[0m 1.233648493s:	Data loaded for _AssignLocal
[2m2025-07-29T03:37:57.659053Z[0m [32m INFO[0m [2mexecuting::dataflow[0m[2m:[0m 1.233722963s:	Data loaded for _AssignCast
[2m2025-07-29T03:37:57.659066Z[0m [32m INFO[0m [2mexecuting::dataflow[0m[2m:[0m 1.233735827s:	Data loaded for _Field
[2m2025-07-29T03:37:57.659101Z[0m [32m INFO[0m [2mexecuting::dataflow[0m[2m:[0m 1.233770272s:	Data loaded for _StaticMethodInvocation
[2m2025-07-29T03:37:57.659111Z[0m [32m INFO[0m [2mexecuting::dataflow[0m[2m:[0m 1.233780231s:	Data loaded for _SpecialMethodInvocation
[2m2025-07-29T03:37:57.659174Z[0m [32m INFO[0m [2mexecuting::dataflow[0m[2m:[0m 1.2338437s:	Data loaded for _VirtualMethodInvocation
[2m2025-07-29T03:37:57.659192Z[0m [32m INFO[0m [2mexecuting::dataflow[0m[2m:[0m 1.233861333s:	Data loaded for _Method
[2m2025-07-29T03:37:57.659214Z[0m [32m INFO[0m [2mexecuting::dataflow[0m[2m:[0m 1.233884146s:	Data loaded for Method_Descriptor
[2m2025-07-29T03:37:57.659297Z[0m [32m INFO[0m [2mexecuting::dataflow[0m[2m:[0m 1.233966621s:	Data loaded for _StoreInstanceField
[2m2025-07-29T03:37:57.659369Z[0m [32m INFO[0m [2mexecuting::dataflow[0m[2m:[0m 1.234038527s:	Data loaded for _LoadInstanceField
[2m2025-07-29T03:37:57.659380Z[0m [32m INFO[0m [2mexecuting::dataflow[0m[2m:[0m 1.234049938s:	Data loaded for _StoreStaticField
[2m2025-07-29T03:37:57.659453Z[0m [32m INFO[0m [2mexecuting::dataflow[0m[2m:[0m 1.234122575s:	Data loaded for _LoadStaticField
[2m2025-07-29T03:37:57.659466Z[0m [32m INFO[0m [2mexecuting::dataflow[0m[2m:[0m 1.23413578s:	Data loaded for _StoreArrayIndex
[2m2025-07-29T03:37:57.659502Z[0m [32m INFO[0m [2mexecuting::dataflow[0m[2m:[0m 1.234171557s:	Data loaded for _LoadArrayIndex
[2m2025-07-29T03:37:57.659539Z[0m [32m INFO[0m [2mexecuting::dataflow[0m[2m:[0m 1.234208296s:	Data loaded for _Return
[2m2025-07-29T03:37:57.985665Z[0m [32m INFO[0m [2mreading::inspect[0m[2m:[0m Delta of (recursive) [Subclass]: ((), (), 15793)
[2m2025-07-29T03:37:57.992068Z[0m [32m INFO[0m [2mreading::inspect[0m[2m:[0m Delta of (recursive) [Superinterface]: ((), (), 12562)
[2m2025-07-29T03:37:58.032044Z[0m [32m INFO[0m [2mreading::inspect[0m[2m:[0m Delta of (recursive) [SubtypeOf]: ((), (), 41551)
[2m2025-07-29T03:37:58.045019Z[0m [32m INFO[0m [2mreading::inspect[0m[2m:[0m Delta of (recursive) [MethodLookup]: ((), (), 355148)
[2m2025-07-29T03:38:04.565140Z[0m [32m INFO[0m [2mreading::inspect[0m[2m:[0m Delta of (recursive) [ArrayIndexPointsTo]: ((), (), 21216)
[2m2025-07-29T03:38:04.565265Z[0m [32m INFO[0m [2mreading::inspect[0m[2m:[0m Delta of (recursive) [Assign]: ((), (), 45066)
[2m2025-07-29T03:38:04.565330Z[0m [32m INFO[0m [2mreading::inspect[0m[2m:[0m Delta of (recursive) [CallGraphEdge]: ((), (), 20419)
[2m2025-07-29T03:38:04.565417Z[0m [32m INFO[0m [2mreading::inspect[0m[2m:[0m Delta of (recursive) [InitializedClass]: ((), (), 990)
[2m2025-07-29T03:38:04.565559Z[0m [32m INFO[0m [2mreading::inspect[0m[2m:[0m Delta of (recursive) [InstanceFieldPointsTo]: ((), (), 1444699)
[2m2025-07-29T03:38:04.565610Z[0m [32m INFO[0m [2mreading::inspect[0m[2m:[0m Delta of (recursive) [Reachable]: ((), (), 4416)
[2m2025-07-29T03:38:04.565672Z[0m [32m INFO[0m [2mreading::inspect[0m[2m:[0m Delta of (recursive) [StaticFieldPointsTo]: ((), (), 2304)
[2m2025-07-29T03:38:04.565749Z[0m [32m INFO[0m [2mreading::inspect[0m[2m:[0m Delta of (recursive) [VarPointsTo]: ((), (), 2867913)
[2m2025-07-29T03:38:04.586088Z[0m [32m INFO[0m [2mexecuting::dataflow[0m[2m:[0m 8.160712708s:	Dataflow executed
[2m2025-07-29T03:38:04.732586Z[0m [32m INFO[0m [2mexecuting[0m[2m:[0m success query
