[2m2025-07-29T03:52:49.370182Z[0m [32m INFO[0m [2mexecuting::dataflow[0m[2m:[0m 658.366339ms:	Dataflow assembled
[2m2025-07-29T03:52:49.983414Z[0m [32m INFO[0m [2mexecuting::dataflow[0m[2m:[0m 1.27161536s:	Data loaded for DirectSuperclass
[2m2025-07-29T03:52:49.983470Z[0m [32m INFO[0m [2mexecuting::dataflow[0m[2m:[0m 1.271677897s:	Data loaded for DirectSuperinterface
[2m2025-07-29T03:52:49.983478Z[0m [32m INFO[0m [2mexecuting::dataflow[0m[2m:[0m 1.271686383s:	Data loaded for MainClass
[2m2025-07-29T03:52:49.983488Z[0m [32m INFO[0m [2mexecuting::dataflow[0m[2m:[0m 1.271696552s:	Data loaded for FormalParam
[2m2025-07-29T03:52:49.983499Z[0m [32m INFO[0m [2mexecuting::dataflow[0m[2m:[0m 1.271707653s:	Data loaded for ComponentType
[2m2025-07-29T03:52:49.983507Z[0m [32m INFO[0m [2mexecuting::dataflow[0m[2m:[0m 1.271715418s:	Data loaded for AssignReturnValue
[2m2025-07-29T03:52:49.983516Z[0m [32m INFO[0m [2mexecuting::dataflow[0m[2m:[0m 1.271723894s:	Data loaded for ActualParam
[2m2025-07-29T03:52:49.983524Z[0m [32m INFO[0m [2mexecuting::dataflow[0m[2m:[0m 1.27173217s:	Data loaded for Method_Modifier
[2m2025-07-29T03:52:49.983534Z[0m [32m INFO[0m [2mexecuting::dataflow[0m[2m:[0m 1.271742319s:	Data loaded for Var_Type
[2m2025-07-29T03:52:49.983543Z[0m [32m INFO[0m [2mexecuting::dataflow[0m[2m:[0m 1.271751065s:	Data loaded for HeapAllocation_Type
[2m2025-07-29T03:52:49.983553Z[0m [32m INFO[0m [2mexecuting::dataflow[0m[2m:[0m 1.271760894s:	Data loaded for _ClassType
[2m2025-07-29T03:52:49.983565Z[0m [32m INFO[0m [2mexecuting::dataflow[0m[2m:[0m 1.271772966s:	Data loaded for _ArrayType
[2m2025-07-29T03:52:49.983575Z[0m [32m INFO[0m [2mexecuting::dataflow[0m[2m:[0m 1.271783636s:	Data loaded for _InterfaceType
[2m2025-07-29T03:52:49.983584Z[0m [32m INFO[0m [2mexecuting::dataflow[0m[2m:[0m 1.271792082s:	Data loaded for _Var_DeclaringMethod
[2m2025-07-29T03:52:49.983592Z[0m [32m INFO[0m [2mexecuting::dataflow[0m[2m:[0m 1.271800097s:	Data loaded for _ApplicationClass
[2m2025-07-29T03:52:49.983600Z[0m [32m INFO[0m [2mexecuting::dataflow[0m[2m:[0m 1.271807882s:	Data loaded for _ThisVar
[2m2025-07-29T03:52:49.983607Z[0m [32m INFO[0m [2mexecuting::dataflow[0m[2m:[0m 1.271815336s:	Data loaded for _NormalHeap
[2m2025-07-29T03:52:49.983614Z[0m [32m INFO[0m [2mexecuting::dataflow[0m[2m:[0m 1.27182257s:	Data loaded for _StringConstant
[2m2025-07-29T03:52:49.983649Z[0m [32m INFO[0m [2mexecuting::dataflow[0m[2m:[0m 1.271857566s:	Data loaded for _AssignHeapAllocation
[2m2025-07-29T03:52:49.983660Z[0m [32m INFO[0m [2mexecuting::dataflow[0m[2m:[0m 1.271867915s:	Data loaded for _AssignLocal
[2m2025-07-29T03:52:49.983730Z[0m [32m INFO[0m [2mexecuting::dataflow[0m[2m:[0m 1.271938007s:	Data loaded for _AssignCast
[2m2025-07-29T03:52:49.983739Z[0m [32m INFO[0m [2mexecuting::dataflow[0m[2m:[0m 1.271946844s:	Data loaded for _Field
[2m2025-07-29T03:52:49.983764Z[0m [32m INFO[0m [2mexecuting::dataflow[0m[2m:[0m 1.271972702s:	Data loaded for _StaticMethodInvocation
[2m2025-07-29T03:52:49.983774Z[0m [32m INFO[0m [2mexecuting::dataflow[0m[2m:[0m 1.271982861s:	Data loaded for _SpecialMethodInvocation
[2m2025-07-29T03:52:49.983833Z[0m [32m INFO[0m [2mexecuting::dataflow[0m[2m:[0m 1.272041602s:	Data loaded for _VirtualMethodInvocation
[2m2025-07-29T03:52:49.983846Z[0m [32m INFO[0m [2mexecuting::dataflow[0m[2m:[0m 1.272054717s:	Data loaded for _Method
[2m2025-07-29T03:52:49.983869Z[0m [32m INFO[0m [2mexecuting::dataflow[0m[2m:[0m 1.27207768s:	Data loaded for Method_Descriptor
[2m2025-07-29T03:52:49.983952Z[0m [32m INFO[0m [2mexecuting::dataflow[0m[2m:[0m 1.272160606s:	Data loaded for _StoreInstanceField
[2m2025-07-29T03:52:49.984028Z[0m [32m INFO[0m [2mexecuting::dataflow[0m[2m:[0m 1.272235838s:	Data loaded for _LoadInstanceField
[2m2025-07-29T03:52:49.984039Z[0m [32m INFO[0m [2mexecuting::dataflow[0m[2m:[0m 1.27224762s:	Data loaded for _StoreStaticField
[2m2025-07-29T03:52:49.984100Z[0m [32m INFO[0m [2mexecuting::dataflow[0m[2m:[0m 1.272308685s:	Data loaded for _LoadStaticField
[2m2025-07-29T03:52:49.984114Z[0m [32m INFO[0m [2mexecuting::dataflow[0m[2m:[0m 1.2723222s:	Data loaded for _StoreArrayIndex
[2m2025-07-29T03:52:49.984159Z[0m [32m INFO[0m [2mexecuting::dataflow[0m[2m:[0m 1.272367255s:	Data loaded for _LoadArrayIndex
[2m2025-07-29T03:52:49.984199Z[0m [32m INFO[0m [2mexecuting::dataflow[0m[2m:[0m 1.27240719s:	Data loaded for _Return
[2m2025-07-29T03:52:50.307262Z[0m [32m INFO[0m [2mreading::inspect[0m[2m:[0m Delta of (recursive) [Subclass]: ((), (), 15793)
[2m2025-07-29T03:52:50.311411Z[0m [32m INFO[0m [2mreading::inspect[0m[2m:[0m Delta of (recursive) [Superinterface]: ((), (), 12562)
[2m2025-07-29T03:52:50.351770Z[0m [32m INFO[0m [2mreading::inspect[0m[2m:[0m Delta of (recursive) [SubtypeOf]: ((), (), 41551)
[2m2025-07-29T03:52:50.360141Z[0m [32m INFO[0m [2mreading::inspect[0m[2m:[0m Delta of (recursive) [MethodLookup]: ((), (), 355148)
[2m2025-07-29T03:52:56.580949Z[0m [32m INFO[0m [2mreading::inspect[0m[2m:[0m Delta of (recursive) [ArrayIndexPointsTo]: ((), (), 21216)
[2m2025-07-29T03:52:56.581042Z[0m [32m INFO[0m [2mreading::inspect[0m[2m:[0m Delta of (recursive) [Assign]: ((), (), 45066)
[2m2025-07-29T03:52:56.581193Z[0m [32m INFO[0m [2mreading::inspect[0m[2m:[0m Delta of (recursive) [CallGraphEdge]: ((), (), 20419)
[2m2025-07-29T03:52:56.581343Z[0m [32m INFO[0m [2mreading::inspect[0m[2m:[0m Delta of (recursive) [InitializedClass]: ((), (), 990)
[2m2025-07-29T03:52:56.581449Z[0m [32m INFO[0m [2mreading::inspect[0m[2m:[0m Delta of (recursive) [InstanceFieldPointsTo]: ((), (), 1444699)
[2m2025-07-29T03:52:56.581489Z[0m [32m INFO[0m [2mreading::inspect[0m[2m:[0m Delta of (recursive) [Reachable]: ((), (), 4416)
[2m2025-07-29T03:52:56.581537Z[0m [32m INFO[0m [2mreading::inspect[0m[2m:[0m Delta of (recursive) [StaticFieldPointsTo]: ((), (), 2304)
[2m2025-07-29T03:52:56.581606Z[0m [32m INFO[0m [2mreading::inspect[0m[2m:[0m Delta of (recursive) [VarPointsTo]: ((), (), 2867913)
[2m2025-07-29T03:52:56.582744Z[0m [32m INFO[0m [2mexecuting::dataflow[0m[2m:[0m 7.870935125s:	Dataflow executed
[2m2025-07-29T03:52:56.709402Z[0m [32m INFO[0m [2mexecuting[0m[2m:[0m success query
