[2m2025-07-29T04:02:44.797747Z[0m [32m INFO[0m [2mexecuting::dataflow[0m[2m:[0m 106.006026ms:	Dataflow assembled
[2m2025-07-29T04:02:57.428314Z[0m [32m INFO[0m [2mexecuting::dataflow[0m[2m:[0m 12.736579472s:	Data loaded for Arch_memory_access
[2m2025-07-29T04:02:57.428373Z[0m [32m INFO[0m [2mexecuting::dataflow[0m[2m:[0m 12.736643653s:	Data loaded for Arch_reg_reg_arithmetic_operation
[2m2025-07-29T04:02:57.428383Z[0m [32m INFO[0m [2mexecuting::dataflow[0m[2m:[0m 12.736653601s:	Data loaded for Arch_return_reg
[2m2025-07-29T04:02:57.428399Z[0m [32m INFO[0m [2mexecuting::dataflow[0m[2m:[0m 12.736670493s:	Data loaded for Block_next
[2m2025-07-29T04:02:57.428407Z[0m [32m INFO[0m [2mexecuting::dataflow[0m[2m:[0m 12.736678127s:	Data loaded for Block_last_instruction
[2m2025-07-29T04:02:57.428419Z[0m [32m INFO[0m [2mexecuting::dataflow[0m[2m:[0m 12.73669014s:	Data loaded for Code_in_block
[2m2025-07-29T04:02:57.428428Z[0m [32m INFO[0m [2mexecuting::dataflow[0m[2m:[0m 12.736699167s:	Data loaded for Direct_call
[2m2025-07-29T04:02:57.428433Z[0m [32m INFO[0m [2mexecuting::dataflow[0m[2m:[0m 12.736704487s:	Data loaded for May_fallthrough
[2m2025-07-29T04:02:57.428451Z[0m [32m INFO[0m [2mexecuting::dataflow[0m[2m:[0m 12.73672193s:	Data loaded for Reg_def_use_block_last_def
[2m2025-07-29T04:02:57.428469Z[0m [32m INFO[0m [2mexecuting::dataflow[0m[2m:[0m 12.736739904s:	Data loaded for Reg_def_use_defined_in_block
[2m2025-07-29T04:02:57.428478Z[0m [32m INFO[0m [2mexecuting::dataflow[0m[2m:[0m 12.736749011s:	Data loaded for Reg_def_use_flow_def
[2m2025-07-29T04:02:57.428484Z[0m [32m INFO[0m [2mexecuting::dataflow[0m[2m:[0m 12.736754782s:	Data loaded for Reg_def_use_live_var_def
[2m2025-07-29T04:02:57.428490Z[0m [32m INFO[0m [2mexecuting::dataflow[0m[2m:[0m 12.736760833s:	Data loaded for Reg_def_use_ref_in_block
[2m2025-07-29T04:02:57.428495Z[0m [32m INFO[0m [2mexecuting::dataflow[0m[2m:[0m 12.736766584s:	Data loaded for Reg_def_use_return_block_end
[2m2025-07-29T04:02:57.428501Z[0m [32m INFO[0m [2mexecuting::dataflow[0m[2m:[0m 12.736772245s:	Data loaded for Reg_def_use_used
[2m2025-07-29T04:02:57.428518Z[0m [32m INFO[0m [2mexecuting::dataflow[0m[2m:[0m 12.736788605s:	Data loaded for Reg_def_use_used_in_block
[2m2025-07-29T04:02:57.428523Z[0m [32m INFO[0m [2mexecuting::dataflow[0m[2m:[0m 12.736794226s:	Data loaded for Reg_used_for
[2m2025-07-29T04:02:57.428531Z[0m [32m INFO[0m [2mexecuting::dataflow[0m[2m:[0m 12.736802001s:	Data loaded for Relative_jump_table_entry_candidate
[2m2025-07-29T04:02:57.428536Z[0m [32m INFO[0m [2mexecuting::dataflow[0m[2m:[0m 12.736807251s:	Data loaded for Stack_def_use_def
[2m2025-07-29T04:02:57.428542Z[0m [32m INFO[0m [2mexecuting::dataflow[0m[2m:[0m 12.736812661s:	Data loaded for Stack_def_use_defined_in_block
[2m2025-07-29T04:02:57.428547Z[0m [32m INFO[0m [2mexecuting::dataflow[0m[2m:[0m 12.736817951s:	Data loaded for Stack_def_use_live_var_def
[2m2025-07-29T04:02:57.428553Z[0m [32m INFO[0m [2mexecuting::dataflow[0m[2m:[0m 12.736823641s:	Data loaded for Stack_def_use_ref_in_block
[2m2025-07-29T04:02:57.428560Z[0m [32m INFO[0m [2mexecuting::dataflow[0m[2m:[0m 12.736831446s:	Data loaded for Stack_def_use_used_in_block
[2m2025-07-29T04:02:57.428566Z[0m [32m INFO[0m [2mexecuting::dataflow[0m[2m:[0m 12.736836756s:	Data loaded for Stack_def_use_used
[2m2025-07-29T04:02:57.428604Z[0m [32m INFO[0m [2mexecuting::dataflow[0m[2m:[0m 12.736875479s:	Data loaded for Stack_def_use_live_var_used
[2m2025-07-29T04:02:57.428610Z[0m [32m INFO[0m [2mexecuting::dataflow[0m[2m:[0m 12.736880989s:	Data loaded for Jump_table_start
[2m2025-07-29T04:02:57.428615Z[0m [32m INFO[0m [2mexecuting::dataflow[0m[2m:[0m 12.736885698s:	Data loaded for def_used_for_address_0
[2m2025-07-29T04:02:57.428619Z[0m [32m INFO[0m [2mexecuting::dataflow[0m[2m:[0m 12.736890307s:	Data loaded for Stack_def_use_block_last_def
[2m2025-07-29T04:03:12.155158Z[0m [32m INFO[0m [2mreading::inspect[0m[2m:[0m Delta of (recursive) [Reg_def_use_def_used]: ((), (), 8886292)
[2m2025-07-29T04:03:12.156207Z[0m [32m INFO[0m [2mreading::inspect[0m[2m:[0m Delta of (recursive) [Reg_def_use_live_var_at_block_end]: ((), (), 17474127)
[2m2025-07-29T04:03:12.158985Z[0m [32m INFO[0m [2mreading::inspect[0m[2m:[0m Delta of (recursive) [Reg_def_use_live_var_at_prior_used]: ((), (), 4505301)
[2m2025-07-29T04:03:12.159127Z[0m [32m INFO[0m [2mreading::inspect[0m[2m:[0m Delta of (recursive) [Reg_def_use_live_var_used]: ((), (), 4460395)
[2m2025-07-29T04:03:12.159191Z[0m [32m INFO[0m [2mreading::inspect[0m[2m:[0m Delta of (recursive) [Reg_def_use_return_val_used]: ((), (), 628021)
[2m2025-07-29T04:03:12.888297Z[0m [32m INFO[0m [2mreading::inspect[0m[2m:[0m Delta of (recursive) [Stack_def_use_live_var_at_block_end]: ((), (), 37769498)
[2m2025-07-29T04:03:13.790365Z[0m [32m INFO[0m [2mreading::inspect[0m[2m:[0m Delta of (recursive) [Stack_def_use_def_used]: ((), (), 578706)
[2m2025-07-29T04:03:13.940803Z[0m [32m INFO[0m [2mreading::inspect[0m[2m:[0m Delta of (recursive) [Def_used_for_address]: ((), (), 1398119)
[2m2025-07-29T04:03:13.953398Z[0m [32m INFO[0m [2mreading::inspect[0m[2m:[0m Size of (non-recursive) Reg_reg_arithmetic_operation_defs: ((), (), 242234)
[2m2025-07-29T04:03:13.953704Z[0m [32m INFO[0m [2mexecuting::dataflow[0m[2m:[0m 29.261958364s:	Dataflow executed
[2m2025-07-29T04:03:13.977700Z[0m [32m INFO[0m [2mexecuting[0m[2m:[0m success query
