[2m2025-07-29T04:01:31.416157Z[0m [32m INFO[0m [2mexecuting::dataflow[0m[2m:[0m 233.53635ms:	Dataflow assembled
[2m2025-07-29T04:01:42.899726Z[0m [32m INFO[0m [2mexecuting::dataflow[0m[2m:[0m 11.717112162s:	Data loaded for Arch_memory_access
[2m2025-07-29T04:01:42.899776Z[0m [32m INFO[0m [2mexecuting::dataflow[0m[2m:[0m 11.717167386s:	Data loaded for Arch_reg_reg_arithmetic_operation
[2m2025-07-29T04:01:42.899785Z[0m [32m INFO[0m [2mexecuting::dataflow[0m[2m:[0m 11.717176603s:	Data loaded for Arch_return_reg
[2m2025-07-29T04:01:42.899798Z[0m [32m INFO[0m [2mexecuting::dataflow[0m[2m:[0m 11.717188746s:	Data loaded for Block_next
[2m2025-07-29T04:01:42.899806Z[0m [32m INFO[0m [2mexecuting::dataflow[0m[2m:[0m 11.717197593s:	Data loaded for Block_last_instruction
[2m2025-07-29T04:01:42.899813Z[0m [32m INFO[0m [2mexecuting::dataflow[0m[2m:[0m 11.717204005s:	Data loaded for Code_in_block
[2m2025-07-29T04:01:42.899821Z[0m [32m INFO[0m [2mexecuting::dataflow[0m[2m:[0m 11.71721197s:	Data loaded for Direct_call
[2m2025-07-29T04:01:42.899826Z[0m [32m INFO[0m [2mexecuting::dataflow[0m[2m:[0m 11.7172171s:	Data loaded for May_fallthrough
[2m2025-07-29T04:01:42.899836Z[0m [32m INFO[0m [2mexecuting::dataflow[0m[2m:[0m 11.717227068s:	Data loaded for Reg_def_use_block_last_def
[2m2025-07-29T04:01:42.899847Z[0m [32m INFO[0m [2mexecuting::dataflow[0m[2m:[0m 11.71723868s:	Data loaded for Reg_def_use_defined_in_block
[2m2025-07-29T04:01:42.899856Z[0m [32m INFO[0m [2mexecuting::dataflow[0m[2m:[0m 11.717247236s:	Data loaded for Reg_def_use_flow_def
[2m2025-07-29T04:01:42.899862Z[0m [32m INFO[0m [2mexecuting::dataflow[0m[2m:[0m 11.717253458s:	Data loaded for Reg_def_use_live_var_def
[2m2025-07-29T04:01:42.899868Z[0m [32m INFO[0m [2mexecuting::dataflow[0m[2m:[0m 11.717259139s:	Data loaded for Reg_def_use_ref_in_block
[2m2025-07-29T04:01:42.899873Z[0m [32m INFO[0m [2mexecuting::dataflow[0m[2m:[0m 11.717264649s:	Data loaded for Reg_def_use_return_block_end
[2m2025-07-29T04:01:42.899879Z[0m [32m INFO[0m [2mexecuting::dataflow[0m[2m:[0m 11.71727017s:	Data loaded for Reg_def_use_used
[2m2025-07-29T04:01:42.899888Z[0m [32m INFO[0m [2mexecuting::dataflow[0m[2m:[0m 11.717278896s:	Data loaded for Reg_def_use_used_in_block
[2m2025-07-29T04:01:42.899893Z[0m [32m INFO[0m [2mexecuting::dataflow[0m[2m:[0m 11.717283976s:	Data loaded for Reg_used_for
[2m2025-07-29T04:01:42.899899Z[0m [32m INFO[0m [2mexecuting::dataflow[0m[2m:[0m 11.717290728s:	Data loaded for Relative_jump_table_entry_candidate
[2m2025-07-29T04:01:42.899905Z[0m [32m INFO[0m [2mexecuting::dataflow[0m[2m:[0m 11.717296279s:	Data loaded for Stack_def_use_def
[2m2025-07-29T04:01:42.899910Z[0m [32m INFO[0m [2mexecuting::dataflow[0m[2m:[0m 11.717301288s:	Data loaded for Stack_def_use_defined_in_block
[2m2025-07-29T04:01:42.899915Z[0m [32m INFO[0m [2mexecuting::dataflow[0m[2m:[0m 11.717306207s:	Data loaded for Stack_def_use_live_var_def
[2m2025-07-29T04:01:42.899920Z[0m [32m INFO[0m [2mexecuting::dataflow[0m[2m:[0m 11.717311537s:	Data loaded for Stack_def_use_ref_in_block
[2m2025-07-29T04:01:42.899927Z[0m [32m INFO[0m [2mexecuting::dataflow[0m[2m:[0m 11.71731822s:	Data loaded for Stack_def_use_used_in_block
[2m2025-07-29T04:01:42.899932Z[0m [32m INFO[0m [2mexecuting::dataflow[0m[2m:[0m 11.71732363s:	Data loaded for Stack_def_use_used
[2m2025-07-29T04:01:42.899954Z[0m [32m INFO[0m [2mexecuting::dataflow[0m[2m:[0m 11.71734484s:	Data loaded for Stack_def_use_live_var_used
[2m2025-07-29T04:01:42.899959Z[0m [32m INFO[0m [2mexecuting::dataflow[0m[2m:[0m 11.71734989s:	Data loaded for Jump_table_start
[2m2025-07-29T04:01:42.899963Z[0m [32m INFO[0m [2mexecuting::dataflow[0m[2m:[0m 11.717354659s:	Data loaded for def_used_for_address_0
[2m2025-07-29T04:01:42.899968Z[0m [32m INFO[0m [2mexecuting::dataflow[0m[2m:[0m 11.717359518s:	Data loaded for Stack_def_use_block_last_def
[2m2025-07-29T04:02:01.058183Z[0m [32m INFO[0m [2mreading::inspect[0m[2m:[0m Delta of (recursive) [Stack_def_use_live_var_at_block_end]: ((), (), 37769498)
[2m2025-07-29T04:02:02.582009Z[0m [32m INFO[0m [2mreading::inspect[0m[2m:[0m Delta of (recursive) [Reg_def_use_def_used]: ((), (), 8886292)
[2m2025-07-29T04:02:02.582400Z[0m [32m INFO[0m [2mreading::inspect[0m[2m:[0m Delta of (recursive) [Reg_def_use_live_var_at_block_end]: ((), (), 17474127)
[2m2025-07-29T04:02:02.582510Z[0m [32m INFO[0m [2mreading::inspect[0m[2m:[0m Delta of (recursive) [Reg_def_use_live_var_at_prior_used]: ((), (), 4505301)
[2m2025-07-29T04:02:02.586993Z[0m [32m INFO[0m [2mreading::inspect[0m[2m:[0m Delta of (recursive) [Reg_def_use_live_var_used]: ((), (), 4460395)
[2m2025-07-29T04:02:02.587056Z[0m [32m INFO[0m [2mreading::inspect[0m[2m:[0m Delta of (recursive) [Reg_def_use_return_val_used]: ((), (), 628021)
[2m2025-07-29T04:02:02.692561Z[0m [32m INFO[0m [2mreading::inspect[0m[2m:[0m Delta of (recursive) [Stack_def_use_def_used]: ((), (), 578706)
[2m2025-07-29T04:02:03.022286Z[0m [32m INFO[0m [2mreading::inspect[0m[2m:[0m Delta of (recursive) [Def_used_for_address]: ((), (), 1398119)
[2m2025-07-29T04:02:03.046278Z[0m [32m INFO[0m [2mreading::inspect[0m[2m:[0m Size of (non-recursive) Reg_reg_arithmetic_operation_defs: ((), (), 242234)
[2m2025-07-29T04:02:03.056671Z[0m [32m INFO[0m [2mexecuting::dataflow[0m[2m:[0m 31.87405511s:	Dataflow executed
[2m2025-07-29T04:02:03.060944Z[0m [32m INFO[0m [2mexecuting[0m[2m:[0m success query
