[2m2025-07-29T04:11:30.596151Z[0m [32m INFO[0m [2mexecuting::dataflow[0m[2m:[0m 103.186316ms:	Dataflow assembled
[2m2025-07-29T04:11:41.788986Z[0m [32m INFO[0m [2mexecuting::dataflow[0m[2m:[0m 11.296031596s:	Data loaded for Arch_memory_access
[2m2025-07-29T04:11:41.789029Z[0m [32m INFO[0m [2mexecuting::dataflow[0m[2m:[0m 11.296079656s:	Data loaded for Arch_reg_reg_arithmetic_operation
[2m2025-07-29T04:11:41.789038Z[0m [32m INFO[0m [2mexecuting::dataflow[0m[2m:[0m 11.296088473s:	Data loaded for Arch_return_reg
[2m2025-07-29T04:11:41.789052Z[0m [32m INFO[0m [2mexecuting::dataflow[0m[2m:[0m 11.29610271s:	Data loaded for Block_next
[2m2025-07-29T04:11:41.789060Z[0m [32m INFO[0m [2mexecuting::dataflow[0m[2m:[0m 11.296110174s:	Data loaded for Block_last_instruction
[2m2025-07-29T04:11:41.789073Z[0m [32m INFO[0m [2mexecuting::dataflow[0m[2m:[0m 11.296123058s:	Data loaded for Code_in_block
[2m2025-07-29T04:11:41.789080Z[0m [32m INFO[0m [2mexecuting::dataflow[0m[2m:[0m 11.296130642s:	Data loaded for Direct_call
[2m2025-07-29T04:11:41.789086Z[0m [32m INFO[0m [2mexecuting::dataflow[0m[2m:[0m 11.296136042s:	Data loaded for May_fallthrough
[2m2025-07-29T04:11:41.789108Z[0m [32m INFO[0m [2mexecuting::dataflow[0m[2m:[0m 11.296158465s:	Data loaded for Reg_def_use_block_last_def
[2m2025-07-29T04:11:41.789126Z[0m [32m INFO[0m [2mexecuting::dataflow[0m[2m:[0m 11.296176629s:	Data loaded for Reg_def_use_defined_in_block
[2m2025-07-29T04:11:41.789133Z[0m [32m INFO[0m [2mexecuting::dataflow[0m[2m:[0m 11.296183712s:	Data loaded for Reg_def_use_flow_def
[2m2025-07-29T04:11:41.789140Z[0m [32m INFO[0m [2mexecuting::dataflow[0m[2m:[0m 11.296190234s:	Data loaded for Reg_def_use_live_var_def
[2m2025-07-29T04:11:41.789149Z[0m [32m INFO[0m [2mexecuting::dataflow[0m[2m:[0m 11.296199682s:	Data loaded for Reg_def_use_ref_in_block
[2m2025-07-29T04:11:41.789155Z[0m [32m INFO[0m [2mexecuting::dataflow[0m[2m:[0m 11.296205132s:	Data loaded for Reg_def_use_return_block_end
[2m2025-07-29T04:11:41.789162Z[0m [32m INFO[0m [2mexecuting::dataflow[0m[2m:[0m 11.296212446s:	Data loaded for Reg_def_use_used
[2m2025-07-29T04:11:41.789179Z[0m [32m INFO[0m [2mexecuting::dataflow[0m[2m:[0m 11.296229558s:	Data loaded for Reg_def_use_used_in_block
[2m2025-07-29T04:11:41.789185Z[0m [32m INFO[0m [2mexecuting::dataflow[0m[2m:[0m 11.296235419s:	Data loaded for Reg_used_for
[2m2025-07-29T04:11:41.789192Z[0m [32m INFO[0m [2mexecuting::dataflow[0m[2m:[0m 11.296242643s:	Data loaded for Relative_jump_table_entry_candidate
[2m2025-07-29T04:11:41.789198Z[0m [32m INFO[0m [2mexecuting::dataflow[0m[2m:[0m 11.296248264s:	Data loaded for Stack_def_use_def
[2m2025-07-29T04:11:41.789203Z[0m [32m INFO[0m [2mexecuting::dataflow[0m[2m:[0m 11.296253654s:	Data loaded for Stack_def_use_defined_in_block
[2m2025-07-29T04:11:41.789208Z[0m [32m INFO[0m [2mexecuting::dataflow[0m[2m:[0m 11.296258894s:	Data loaded for Stack_def_use_live_var_def
[2m2025-07-29T04:11:41.789214Z[0m [32m INFO[0m [2mexecuting::dataflow[0m[2m:[0m 11.296264825s:	Data loaded for Stack_def_use_ref_in_block
[2m2025-07-29T04:11:41.789221Z[0m [32m INFO[0m [2mexecuting::dataflow[0m[2m:[0m 11.296271107s:	Data loaded for Stack_def_use_used_in_block
[2m2025-07-29T04:11:41.789226Z[0m [32m INFO[0m [2mexecuting::dataflow[0m[2m:[0m 11.296276527s:	Data loaded for Stack_def_use_used
[2m2025-07-29T04:11:41.789268Z[0m [32m INFO[0m [2mexecuting::dataflow[0m[2m:[0m 11.296318416s:	Data loaded for Stack_def_use_live_var_used
[2m2025-07-29T04:11:41.789274Z[0m [32m INFO[0m [2mexecuting::dataflow[0m[2m:[0m 11.296324156s:	Data loaded for Jump_table_start
[2m2025-07-29T04:11:41.789278Z[0m [32m INFO[0m [2mexecuting::dataflow[0m[2m:[0m 11.296328865s:	Data loaded for def_used_for_address_0
[2m2025-07-29T04:11:41.789283Z[0m [32m INFO[0m [2mexecuting::dataflow[0m[2m:[0m 11.296333644s:	Data loaded for Stack_def_use_block_last_def
[2m2025-07-29T04:11:55.940084Z[0m [32m INFO[0m [2mreading::inspect[0m[2m:[0m Delta of (recursive) [Reg_def_use_def_used]: ((), (), 8886292)
[2m2025-07-29T04:11:55.942021Z[0m [32m INFO[0m [2mreading::inspect[0m[2m:[0m Delta of (recursive) [Reg_def_use_live_var_at_block_end]: ((), (), 17474127)
[2m2025-07-29T04:11:55.942783Z[0m [32m INFO[0m [2mreading::inspect[0m[2m:[0m Delta of (recursive) [Reg_def_use_live_var_at_prior_used]: ((), (), 4505301)
[2m2025-07-29T04:11:55.943416Z[0m [32m INFO[0m [2mreading::inspect[0m[2m:[0m Delta of (recursive) [Reg_def_use_live_var_used]: ((), (), 4460395)
[2m2025-07-29T04:11:55.943472Z[0m [32m INFO[0m [2mreading::inspect[0m[2m:[0m Delta of (recursive) [Reg_def_use_return_val_used]: ((), (), 628021)
[2m2025-07-29T04:11:57.005298Z[0m [32m INFO[0m [2mreading::inspect[0m[2m:[0m Delta of (recursive) [Stack_def_use_live_var_at_block_end]: ((), (), 37769498)
[2m2025-07-29T04:11:58.040827Z[0m [32m INFO[0m [2mreading::inspect[0m[2m:[0m Delta of (recursive) [Stack_def_use_def_used]: ((), (), 578706)
[2m2025-07-29T04:11:58.196420Z[0m [32m INFO[0m [2mreading::inspect[0m[2m:[0m Delta of (recursive) [Def_used_for_address]: ((), (), 1398119)
[2m2025-07-29T04:11:58.214048Z[0m [32m INFO[0m [2mreading::inspect[0m[2m:[0m Size of (non-recursive) Reg_reg_arithmetic_operation_defs: ((), (), 242234)
[2m2025-07-29T04:11:58.215772Z[0m [32m INFO[0m [2mexecuting::dataflow[0m[2m:[0m 27.721927649s:	Dataflow executed
[2m2025-07-29T04:11:58.230375Z[0m [32m INFO[0m [2mexecuting[0m[2m:[0m success query
