[2m2025-07-29T04:00:18.019499Z[0m [32m INFO[0m [2mexecuting::dataflow[0m[2m:[0m 221.548105ms:	Dataflow assembled
[2m2025-07-29T04:00:31.416319Z[0m [32m INFO[0m [2mexecuting::dataflow[0m[2m:[0m 13.618376205s:	Data loaded for Arch_memory_access
[2m2025-07-29T04:00:31.416363Z[0m [32m INFO[0m [2mexecuting::dataflow[0m[2m:[0m 13.618424737s:	Data loaded for Arch_reg_reg_arithmetic_operation
[2m2025-07-29T04:00:31.416373Z[0m [32m INFO[0m [2mexecuting::dataflow[0m[2m:[0m 13.618434225s:	Data loaded for Arch_return_reg
[2m2025-07-29T04:00:31.416387Z[0m [32m INFO[0m [2mexecuting::dataflow[0m[2m:[0m 13.618448672s:	Data loaded for Block_next
[2m2025-07-29T04:00:31.416395Z[0m [32m INFO[0m [2mexecuting::dataflow[0m[2m:[0m 13.618456476s:	Data loaded for Block_last_instruction
[2m2025-07-29T04:00:31.416401Z[0m [32m INFO[0m [2mexecuting::dataflow[0m[2m:[0m 13.618462738s:	Data loaded for Code_in_block
[2m2025-07-29T04:00:31.416410Z[0m [32m INFO[0m [2mexecuting::dataflow[0m[2m:[0m 13.618471415s:	Data loaded for Direct_call
[2m2025-07-29T04:00:31.416415Z[0m [32m INFO[0m [2mexecuting::dataflow[0m[2m:[0m 13.618476324s:	Data loaded for May_fallthrough
[2m2025-07-29T04:00:31.416430Z[0m [32m INFO[0m [2mexecuting::dataflow[0m[2m:[0m 13.618491492s:	Data loaded for Reg_def_use_block_last_def
[2m2025-07-29T04:00:31.416446Z[0m [32m INFO[0m [2mexecuting::dataflow[0m[2m:[0m 13.618506941s:	Data loaded for Reg_def_use_defined_in_block
[2m2025-07-29T04:00:31.416455Z[0m [32m INFO[0m [2mexecuting::dataflow[0m[2m:[0m 13.618516179s:	Data loaded for Reg_def_use_flow_def
[2m2025-07-29T04:00:31.416461Z[0m [32m INFO[0m [2mexecuting::dataflow[0m[2m:[0m 13.61852231s:	Data loaded for Reg_def_use_live_var_def
[2m2025-07-29T04:00:31.416467Z[0m [32m INFO[0m [2mexecuting::dataflow[0m[2m:[0m 13.618528312s:	Data loaded for Reg_def_use_ref_in_block
[2m2025-07-29T04:00:31.416473Z[0m [32m INFO[0m [2mexecuting::dataflow[0m[2m:[0m 13.618534223s:	Data loaded for Reg_def_use_return_block_end
[2m2025-07-29T04:00:31.416478Z[0m [32m INFO[0m [2mexecuting::dataflow[0m[2m:[0m 13.618539723s:	Data loaded for Reg_def_use_used
[2m2025-07-29T04:00:31.416489Z[0m [32m INFO[0m [2mexecuting::dataflow[0m[2m:[0m 13.618550143s:	Data loaded for Reg_def_use_used_in_block
[2m2025-07-29T04:00:31.416494Z[0m [32m INFO[0m [2mexecuting::dataflow[0m[2m:[0m 13.618555513s:	Data loaded for Reg_used_for
[2m2025-07-29T04:00:31.416501Z[0m [32m INFO[0m [2mexecuting::dataflow[0m[2m:[0m 13.618562646s:	Data loaded for Relative_jump_table_entry_candidate
[2m2025-07-29T04:00:31.416507Z[0m [32m INFO[0m [2mexecuting::dataflow[0m[2m:[0m 13.618568127s:	Data loaded for Stack_def_use_def
[2m2025-07-29T04:00:31.416512Z[0m [32m INFO[0m [2mexecuting::dataflow[0m[2m:[0m 13.618573366s:	Data loaded for Stack_def_use_defined_in_block
[2m2025-07-29T04:00:31.416517Z[0m [32m INFO[0m [2mexecuting::dataflow[0m[2m:[0m 13.618578777s:	Data loaded for Stack_def_use_live_var_def
[2m2025-07-29T04:00:31.416523Z[0m [32m INFO[0m [2mexecuting::dataflow[0m[2m:[0m 13.618584487s:	Data loaded for Stack_def_use_ref_in_block
[2m2025-07-29T04:00:31.416530Z[0m [32m INFO[0m [2mexecuting::dataflow[0m[2m:[0m 13.61859101s:	Data loaded for Stack_def_use_used_in_block
[2m2025-07-29T04:00:31.416535Z[0m [32m INFO[0m [2mexecuting::dataflow[0m[2m:[0m 13.61859668s:	Data loaded for Stack_def_use_used
[2m2025-07-29T04:00:31.416560Z[0m [32m INFO[0m [2mexecuting::dataflow[0m[2m:[0m 13.618621447s:	Data loaded for Stack_def_use_live_var_used
[2m2025-07-29T04:00:31.416566Z[0m [32m INFO[0m [2mexecuting::dataflow[0m[2m:[0m 13.618627278s:	Data loaded for Jump_table_start
[2m2025-07-29T04:00:31.416571Z[0m [32m INFO[0m [2mexecuting::dataflow[0m[2m:[0m 13.618632357s:	Data loaded for def_used_for_address_0
[2m2025-07-29T04:00:31.416576Z[0m [32m INFO[0m [2mexecuting::dataflow[0m[2m:[0m 13.618637637s:	Data loaded for Stack_def_use_block_last_def
[2m2025-07-29T04:00:48.643487Z[0m [32m INFO[0m [2mreading::inspect[0m[2m:[0m Delta of (recursive) [Stack_def_use_live_var_at_block_end]: ((), (), 37769498)
[2m2025-07-29T04:00:50.139365Z[0m [32m INFO[0m [2mreading::inspect[0m[2m:[0m Delta of (recursive) [Reg_def_use_def_used]: ((), (), 8886292)
[2m2025-07-29T04:00:50.139780Z[0m [32m INFO[0m [2mreading::inspect[0m[2m:[0m Delta of (recursive) [Reg_def_use_live_var_at_block_end]: ((), (), 17474127)
[2m2025-07-29T04:00:50.139896Z[0m [32m INFO[0m [2mreading::inspect[0m[2m:[0m Delta of (recursive) [Reg_def_use_live_var_at_prior_used]: ((), (), 4505301)
[2m2025-07-29T04:00:50.140048Z[0m [32m INFO[0m [2mreading::inspect[0m[2m:[0m Delta of (recursive) [Reg_def_use_live_var_used]: ((), (), 4460395)
[2m2025-07-29T04:00:50.140130Z[0m [32m INFO[0m [2mreading::inspect[0m[2m:[0m Delta of (recursive) [Reg_def_use_return_val_used]: ((), (), 628021)
[2m2025-07-29T04:00:50.254038Z[0m [32m INFO[0m [2mreading::inspect[0m[2m:[0m Delta of (recursive) [Stack_def_use_def_used]: ((), (), 578706)
[2m2025-07-29T04:00:50.612867Z[0m [32m INFO[0m [2mreading::inspect[0m[2m:[0m Delta of (recursive) [Def_used_for_address]: ((), (), 1398119)
[2m2025-07-29T04:00:50.647771Z[0m [32m INFO[0m [2mreading::inspect[0m[2m:[0m Size of (non-recursive) Reg_reg_arithmetic_operation_defs: ((), (), 242234)
[2m2025-07-29T04:00:50.651228Z[0m [32m INFO[0m [2mexecuting::dataflow[0m[2m:[0m 32.852916858s:	Dataflow executed
[2m2025-07-29T04:00:50.663871Z[0m [32m INFO[0m [2mexecuting[0m[2m:[0m success query
