[2m2025-07-29T04:03:19.418552Z[0m [32m INFO[0m [2mexecuting::dataflow[0m[2m:[0m 215.859776ms:	Dataflow assembled
[2m2025-07-29T04:03:32.112369Z[0m [32m INFO[0m [2mexecuting::dataflow[0m[2m:[0m 12.909683413s:	Data loaded for Arch_memory_access
[2m2025-07-29T04:03:32.112416Z[0m [32m INFO[0m [2mexecuting::dataflow[0m[2m:[0m 12.909735832s:	Data loaded for Arch_reg_reg_arithmetic_operation
[2m2025-07-29T04:03:32.112430Z[0m [32m INFO[0m [2mexecuting::dataflow[0m[2m:[0m 12.909749798s:	Data loaded for Arch_return_reg
[2m2025-07-29T04:03:32.112442Z[0m [32m INFO[0m [2mexecuting::dataflow[0m[2m:[0m 12.909761691s:	Data loaded for Block_next
[2m2025-07-29T04:03:32.112452Z[0m [32m INFO[0m [2mexecuting::dataflow[0m[2m:[0m 12.909772s:	Data loaded for Block_last_instruction
[2m2025-07-29T04:03:32.112458Z[0m [32m INFO[0m [2mexecuting::dataflow[0m[2m:[0m 12.909778242s:	Data loaded for Code_in_block
[2m2025-07-29T04:03:32.112467Z[0m [32m INFO[0m [2mexecuting::dataflow[0m[2m:[0m 12.909786858s:	Data loaded for Direct_call
[2m2025-07-29T04:03:32.112472Z[0m [32m INFO[0m [2mexecuting::dataflow[0m[2m:[0m 12.909792418s:	Data loaded for May_fallthrough
[2m2025-07-29T04:03:32.112488Z[0m [32m INFO[0m [2mexecuting::dataflow[0m[2m:[0m 12.909808038s:	Data loaded for Reg_def_use_block_last_def
[2m2025-07-29T04:03:32.112503Z[0m [32m INFO[0m [2mexecuting::dataflow[0m[2m:[0m 12.909823357s:	Data loaded for Reg_def_use_defined_in_block
[2m2025-07-29T04:03:32.112511Z[0m [32m INFO[0m [2mexecuting::dataflow[0m[2m:[0m 12.909831201s:	Data loaded for Reg_def_use_flow_def
[2m2025-07-29T04:03:32.112517Z[0m [32m INFO[0m [2mexecuting::dataflow[0m[2m:[0m 12.909837553s:	Data loaded for Reg_def_use_live_var_def
[2m2025-07-29T04:03:32.112524Z[0m [32m INFO[0m [2mexecuting::dataflow[0m[2m:[0m 12.909844066s:	Data loaded for Reg_def_use_ref_in_block
[2m2025-07-29T04:03:32.112530Z[0m [32m INFO[0m [2mexecuting::dataflow[0m[2m:[0m 12.909849786s:	Data loaded for Reg_def_use_return_block_end
[2m2025-07-29T04:03:32.112535Z[0m [32m INFO[0m [2mexecuting::dataflow[0m[2m:[0m 12.909855577s:	Data loaded for Reg_def_use_used
[2m2025-07-29T04:03:32.112544Z[0m [32m INFO[0m [2mexecuting::dataflow[0m[2m:[0m 12.909864284s:	Data loaded for Reg_def_use_used_in_block
[2m2025-07-29T04:03:32.112550Z[0m [32m INFO[0m [2mexecuting::dataflow[0m[2m:[0m 12.909870195s:	Data loaded for Reg_used_for
[2m2025-07-29T04:03:32.112558Z[0m [32m INFO[0m [2mexecuting::dataflow[0m[2m:[0m 12.90987828s:	Data loaded for Relative_jump_table_entry_candidate
[2m2025-07-29T04:03:32.112564Z[0m [32m INFO[0m [2mexecuting::dataflow[0m[2m:[0m 12.909883971s:	Data loaded for Stack_def_use_def
[2m2025-07-29T04:03:32.112569Z[0m [32m INFO[0m [2mexecuting::dataflow[0m[2m:[0m 12.909889381s:	Data loaded for Stack_def_use_defined_in_block
[2m2025-07-29T04:03:32.112575Z[0m [32m INFO[0m [2mexecuting::dataflow[0m[2m:[0m 12.909894881s:	Data loaded for Stack_def_use_live_var_def
[2m2025-07-29T04:03:32.112580Z[0m [32m INFO[0m [2mexecuting::dataflow[0m[2m:[0m 12.909900221s:	Data loaded for Stack_def_use_ref_in_block
[2m2025-07-29T04:03:32.112587Z[0m [32m INFO[0m [2mexecuting::dataflow[0m[2m:[0m 12.909906914s:	Data loaded for Stack_def_use_used_in_block
[2m2025-07-29T04:03:32.112592Z[0m [32m INFO[0m [2mexecuting::dataflow[0m[2m:[0m 12.909912434s:	Data loaded for Stack_def_use_used
[2m2025-07-29T04:03:32.112613Z[0m [32m INFO[0m [2mexecuting::dataflow[0m[2m:[0m 12.909932803s:	Data loaded for Stack_def_use_live_var_used
[2m2025-07-29T04:03:32.112618Z[0m [32m INFO[0m [2mexecuting::dataflow[0m[2m:[0m 12.909937982s:	Data loaded for Jump_table_start
[2m2025-07-29T04:03:32.112623Z[0m [32m INFO[0m [2mexecuting::dataflow[0m[2m:[0m 12.909942731s:	Data loaded for def_used_for_address_0
[2m2025-07-29T04:03:32.112627Z[0m [32m INFO[0m [2mexecuting::dataflow[0m[2m:[0m 12.90994741s:	Data loaded for Stack_def_use_block_last_def
[2m2025-07-29T04:03:50.704840Z[0m [32m INFO[0m [2mreading::inspect[0m[2m:[0m Delta of (recursive) [Stack_def_use_live_var_at_block_end]: ((), (), 37769498)
[2m2025-07-29T04:03:52.197398Z[0m [32m INFO[0m [2mreading::inspect[0m[2m:[0m Delta of (recursive) [Reg_def_use_def_used]: ((), (), 8886292)
[2m2025-07-29T04:03:52.197737Z[0m [32m INFO[0m [2mreading::inspect[0m[2m:[0m Delta of (recursive) [Reg_def_use_live_var_at_block_end]: ((), (), 17474127)
[2m2025-07-29T04:03:52.198039Z[0m [32m INFO[0m [2mreading::inspect[0m[2m:[0m Delta of (recursive) [Reg_def_use_live_var_at_prior_used]: ((), (), 4505301)
[2m2025-07-29T04:03:52.198170Z[0m [32m INFO[0m [2mreading::inspect[0m[2m:[0m Delta of (recursive) [Reg_def_use_live_var_used]: ((), (), 4460395)
[2m2025-07-29T04:03:52.198228Z[0m [32m INFO[0m [2mreading::inspect[0m[2m:[0m Delta of (recursive) [Reg_def_use_return_val_used]: ((), (), 628021)
[2m2025-07-29T04:03:52.302594Z[0m [32m INFO[0m [2mreading::inspect[0m[2m:[0m Delta of (recursive) [Stack_def_use_def_used]: ((), (), 578706)
[2m2025-07-29T04:03:52.543078Z[0m [32m INFO[0m [2mreading::inspect[0m[2m:[0m Delta of (recursive) [Def_used_for_address]: ((), (), 1398119)
[2m2025-07-29T04:03:52.573251Z[0m [32m INFO[0m [2mreading::inspect[0m[2m:[0m Size of (non-recursive) Reg_reg_arithmetic_operation_defs: ((), (), 242234)
[2m2025-07-29T04:03:52.574632Z[0m [32m INFO[0m [2mexecuting::dataflow[0m[2m:[0m 33.371475139s:	Dataflow executed
[2m2025-07-29T04:03:52.597154Z[0m [32m INFO[0m [2mexecuting[0m[2m:[0m success query
