[2m2025-07-29T04:10:14.766304Z[0m [32m INFO[0m [2mexecuting::dataflow[0m[2m:[0m 210.317459ms:	Dataflow assembled
[2m2025-07-29T04:10:25.192529Z[0m [32m INFO[0m [2mexecuting::dataflow[0m[2m:[0m 10.636550634s:	Data loaded for Arch_memory_access
[2m2025-07-29T04:10:25.192579Z[0m [32m INFO[0m [2mexecuting::dataflow[0m[2m:[0m 10.636606799s:	Data loaded for Arch_reg_reg_arithmetic_operation
[2m2025-07-29T04:10:25.192589Z[0m [32m INFO[0m [2mexecuting::dataflow[0m[2m:[0m 10.636617169s:	Data loaded for Arch_return_reg
[2m2025-07-29T04:10:25.192601Z[0m [32m INFO[0m [2mexecuting::dataflow[0m[2m:[0m 10.636629071s:	Data loaded for Block_next
[2m2025-07-29T04:10:25.192609Z[0m [32m INFO[0m [2mexecuting::dataflow[0m[2m:[0m 10.636636385s:	Data loaded for Block_last_instruction
[2m2025-07-29T04:10:25.192615Z[0m [32m INFO[0m [2mexecuting::dataflow[0m[2m:[0m 10.636642907s:	Data loaded for Code_in_block
[2m2025-07-29T04:10:25.192621Z[0m [32m INFO[0m [2mexecuting::dataflow[0m[2m:[0m 10.636649169s:	Data loaded for Direct_call
[2m2025-07-29T04:10:25.192628Z[0m [32m INFO[0m [2mexecuting::dataflow[0m[2m:[0m 10.636655611s:	Data loaded for May_fallthrough
[2m2025-07-29T04:10:25.192644Z[0m [32m INFO[0m [2mexecuting::dataflow[0m[2m:[0m 10.636672152s:	Data loaded for Reg_def_use_block_last_def
[2m2025-07-29T04:10:25.192690Z[0m [32m INFO[0m [2mexecuting::dataflow[0m[2m:[0m 10.636718009s:	Data loaded for Reg_def_use_defined_in_block
[2m2025-07-29T04:10:25.192699Z[0m [32m INFO[0m [2mexecuting::dataflow[0m[2m:[0m 10.636726455s:	Data loaded for Reg_def_use_flow_def
[2m2025-07-29T04:10:25.192705Z[0m [32m INFO[0m [2mexecuting::dataflow[0m[2m:[0m 10.636733077s:	Data loaded for Reg_def_use_live_var_def
[2m2025-07-29T04:10:25.192711Z[0m [32m INFO[0m [2mexecuting::dataflow[0m[2m:[0m 10.636739299s:	Data loaded for Reg_def_use_ref_in_block
[2m2025-07-29T04:10:25.192717Z[0m [32m INFO[0m [2mexecuting::dataflow[0m[2m:[0m 10.6367451s:	Data loaded for Reg_def_use_return_block_end
[2m2025-07-29T04:10:25.192733Z[0m [32m INFO[0m [2mexecuting::dataflow[0m[2m:[0m 10.636760399s:	Data loaded for Reg_def_use_used
[2m2025-07-29T04:10:25.192761Z[0m [32m INFO[0m [2mexecuting::dataflow[0m[2m:[0m 10.636788912s:	Data loaded for Reg_def_use_used_in_block
[2m2025-07-29T04:10:25.192769Z[0m [32m INFO[0m [2mexecuting::dataflow[0m[2m:[0m 10.636796797s:	Data loaded for Reg_used_for
[2m2025-07-29T04:10:25.192775Z[0m [32m INFO[0m [2mexecuting::dataflow[0m[2m:[0m 10.636803019s:	Data loaded for Relative_jump_table_entry_candidate
[2m2025-07-29T04:10:25.192781Z[0m [32m INFO[0m [2mexecuting::dataflow[0m[2m:[0m 10.636808369s:	Data loaded for Stack_def_use_def
[2m2025-07-29T04:10:25.192786Z[0m [32m INFO[0m [2mexecuting::dataflow[0m[2m:[0m 10.636813388s:	Data loaded for Stack_def_use_defined_in_block
[2m2025-07-29T04:10:25.192791Z[0m [32m INFO[0m [2mexecuting::dataflow[0m[2m:[0m 10.636819239s:	Data loaded for Stack_def_use_live_var_def
[2m2025-07-29T04:10:25.192797Z[0m [32m INFO[0m [2mexecuting::dataflow[0m[2m:[0m 10.63682518s:	Data loaded for Stack_def_use_ref_in_block
[2m2025-07-29T04:10:25.192805Z[0m [32m INFO[0m [2mexecuting::dataflow[0m[2m:[0m 10.636832675s:	Data loaded for Stack_def_use_used_in_block
[2m2025-07-29T04:10:25.192810Z[0m [32m INFO[0m [2mexecuting::dataflow[0m[2m:[0m 10.636837965s:	Data loaded for Stack_def_use_used
[2m2025-07-29T04:10:25.192879Z[0m [32m INFO[0m [2mexecuting::dataflow[0m[2m:[0m 10.636907045s:	Data loaded for Stack_def_use_live_var_used
[2m2025-07-29T04:10:25.192886Z[0m [32m INFO[0m [2mexecuting::dataflow[0m[2m:[0m 10.636913386s:	Data loaded for Jump_table_start
[2m2025-07-29T04:10:25.192891Z[0m [32m INFO[0m [2mexecuting::dataflow[0m[2m:[0m 10.636918877s:	Data loaded for def_used_for_address_0
[2m2025-07-29T04:10:25.192896Z[0m [32m INFO[0m [2mexecuting::dataflow[0m[2m:[0m 10.636923586s:	Data loaded for Stack_def_use_block_last_def
[2m2025-07-29T04:10:43.493179Z[0m [32m INFO[0m [2mreading::inspect[0m[2m:[0m Delta of (recursive) [Reg_def_use_def_used]: ((), (), 8886292)
[2m2025-07-29T04:10:43.494077Z[0m [32m INFO[0m [2mreading::inspect[0m[2m:[0m Delta of (recursive) [Reg_def_use_live_var_at_block_end]: ((), (), 17474127)
[2m2025-07-29T04:10:43.494325Z[0m [32m INFO[0m [2mreading::inspect[0m[2m:[0m Delta of (recursive) [Reg_def_use_live_var_at_prior_used]: ((), (), 4505301)
[2m2025-07-29T04:10:43.494518Z[0m [32m INFO[0m [2mreading::inspect[0m[2m:[0m Delta of (recursive) [Reg_def_use_live_var_used]: ((), (), 4460395)
[2m2025-07-29T04:10:43.494599Z[0m [32m INFO[0m [2mreading::inspect[0m[2m:[0m Delta of (recursive) [Reg_def_use_return_val_used]: ((), (), 628021)
[2m2025-07-29T04:10:44.011612Z[0m [32m INFO[0m [2mreading::inspect[0m[2m:[0m Delta of (recursive) [Stack_def_use_live_var_at_block_end]: ((), (), 37769498)
[2m2025-07-29T04:10:45.489320Z[0m [32m INFO[0m [2mreading::inspect[0m[2m:[0m Delta of (recursive) [Stack_def_use_def_used]: ((), (), 578706)
[2m2025-07-29T04:10:45.821934Z[0m [32m INFO[0m [2mreading::inspect[0m[2m:[0m Delta of (recursive) [Def_used_for_address]: ((), (), 1398119)
[2m2025-07-29T04:10:45.841834Z[0m [32m INFO[0m [2mreading::inspect[0m[2m:[0m Size of (non-recursive) Reg_reg_arithmetic_operation_defs: ((), (), 242234)
[2m2025-07-29T04:10:45.845217Z[0m [32m INFO[0m [2mexecuting::dataflow[0m[2m:[0m 31.288587571s:	Dataflow executed
[2m2025-07-29T04:10:45.865647Z[0m [32m INFO[0m [2mexecuting[0m[2m:[0m success query
