[2m2025-07-29T03:54:10.578750Z[0m [32m INFO[0m [2mexecuting::dataflow[0m[2m:[0m 107.078318ms:	Dataflow assembled
[2m2025-07-29T03:54:21.509272Z[0m [32m INFO[0m [2mexecuting::dataflow[0m[2m:[0m 11.03761299s:	Data loaded for Arch_memory_access
[2m2025-07-29T03:54:21.509313Z[0m [32m INFO[0m [2mexecuting::dataflow[0m[2m:[0m 11.037659187s:	Data loaded for Arch_reg_reg_arithmetic_operation
[2m2025-07-29T03:54:21.509323Z[0m [32m INFO[0m [2mexecuting::dataflow[0m[2m:[0m 11.037669327s:	Data loaded for Arch_return_reg
[2m2025-07-29T03:54:21.509344Z[0m [32m INFO[0m [2mexecuting::dataflow[0m[2m:[0m 11.037690416s:	Data loaded for Block_next
[2m2025-07-29T03:54:21.509353Z[0m [32m INFO[0m [2mexecuting::dataflow[0m[2m:[0m 11.037698912s:	Data loaded for Block_last_instruction
[2m2025-07-29T03:54:21.509375Z[0m [32m INFO[0m [2mexecuting::dataflow[0m[2m:[0m 11.037721064s:	Data loaded for Code_in_block
[2m2025-07-29T03:54:21.509393Z[0m [32m INFO[0m [2mexecuting::dataflow[0m[2m:[0m 11.037739479s:	Data loaded for Direct_call
[2m2025-07-29T03:54:21.509400Z[0m [32m INFO[0m [2mexecuting::dataflow[0m[2m:[0m 11.037746492s:	Data loaded for May_fallthrough
[2m2025-07-29T03:54:21.509446Z[0m [32m INFO[0m [2mexecuting::dataflow[0m[2m:[0m 11.037792468s:	Data loaded for Reg_def_use_block_last_def
[2m2025-07-29T03:54:21.509479Z[0m [32m INFO[0m [2mexecuting::dataflow[0m[2m:[0m 11.037825851s:	Data loaded for Reg_def_use_defined_in_block
[2m2025-07-29T03:54:21.509490Z[0m [32m INFO[0m [2mexecuting::dataflow[0m[2m:[0m 11.037836291s:	Data loaded for Reg_def_use_flow_def
[2m2025-07-29T03:54:21.509498Z[0m [32m INFO[0m [2mexecuting::dataflow[0m[2m:[0m 11.037844136s:	Data loaded for Reg_def_use_live_var_def
[2m2025-07-29T03:54:21.509505Z[0m [32m INFO[0m [2mexecuting::dataflow[0m[2m:[0m 11.03785185s:	Data loaded for Reg_def_use_ref_in_block
[2m2025-07-29T03:54:21.509513Z[0m [32m INFO[0m [2mexecuting::dataflow[0m[2m:[0m 11.037859184s:	Data loaded for Reg_def_use_return_block_end
[2m2025-07-29T03:54:21.509521Z[0m [32m INFO[0m [2mexecuting::dataflow[0m[2m:[0m 11.037866939s:	Data loaded for Reg_def_use_used
[2m2025-07-29T03:54:21.509541Z[0m [32m INFO[0m [2mexecuting::dataflow[0m[2m:[0m 11.037887096s:	Data loaded for Reg_def_use_used_in_block
[2m2025-07-29T03:54:21.509548Z[0m [32m INFO[0m [2mexecuting::dataflow[0m[2m:[0m 11.037894791s:	Data loaded for Reg_used_for
[2m2025-07-29T03:54:21.509557Z[0m [32m INFO[0m [2mexecuting::dataflow[0m[2m:[0m 11.037903467s:	Data loaded for Relative_jump_table_entry_candidate
[2m2025-07-29T03:54:21.509563Z[0m [32m INFO[0m [2mexecuting::dataflow[0m[2m:[0m 11.037909749s:	Data loaded for Stack_def_use_def
[2m2025-07-29T03:54:21.509570Z[0m [32m INFO[0m [2mexecuting::dataflow[0m[2m:[0m 11.037916261s:	Data loaded for Stack_def_use_defined_in_block
[2m2025-07-29T03:54:21.509577Z[0m [32m INFO[0m [2mexecuting::dataflow[0m[2m:[0m 11.037922954s:	Data loaded for Stack_def_use_live_var_def
[2m2025-07-29T03:54:21.509584Z[0m [32m INFO[0m [2mexecuting::dataflow[0m[2m:[0m 11.037930518s:	Data loaded for Stack_def_use_ref_in_block
[2m2025-07-29T03:54:21.509592Z[0m [32m INFO[0m [2mexecuting::dataflow[0m[2m:[0m 11.037938824s:	Data loaded for Stack_def_use_used_in_block
[2m2025-07-29T03:54:21.509599Z[0m [32m INFO[0m [2mexecuting::dataflow[0m[2m:[0m 11.037945096s:	Data loaded for Stack_def_use_used
[2m2025-07-29T03:54:21.509643Z[0m [32m INFO[0m [2mexecuting::dataflow[0m[2m:[0m 11.03798969s:	Data loaded for Stack_def_use_live_var_used
[2m2025-07-29T03:54:21.509657Z[0m [32m INFO[0m [2mexecuting::dataflow[0m[2m:[0m 11.038003135s:	Data loaded for Jump_table_start
[2m2025-07-29T03:54:21.509663Z[0m [32m INFO[0m [2mexecuting::dataflow[0m[2m:[0m 11.038009226s:	Data loaded for def_used_for_address_0
[2m2025-07-29T03:54:21.509668Z[0m [32m INFO[0m [2mexecuting::dataflow[0m[2m:[0m 11.038014446s:	Data loaded for Stack_def_use_block_last_def
[2m2025-07-29T03:54:37.396639Z[0m [32m INFO[0m [2mreading::inspect[0m[2m:[0m Delta of (recursive) [Reg_def_use_def_used]: ((), (), 8886292)
[2m2025-07-29T03:54:37.398971Z[0m [32m INFO[0m [2mreading::inspect[0m[2m:[0m Delta of (recursive) [Reg_def_use_live_var_at_block_end]: ((), (), 17474127)
[2m2025-07-29T03:54:37.399168Z[0m [32m INFO[0m [2mreading::inspect[0m[2m:[0m Delta of (recursive) [Reg_def_use_live_var_at_prior_used]: ((), (), 4505301)
[2m2025-07-29T03:54:37.400764Z[0m [32m INFO[0m [2mreading::inspect[0m[2m:[0m Delta of (recursive) [Reg_def_use_live_var_used]: ((), (), 4460395)
[2m2025-07-29T03:54:37.401956Z[0m [32m INFO[0m [2mreading::inspect[0m[2m:[0m Delta of (recursive) [Reg_def_use_return_val_used]: ((), (), 628021)
[2m2025-07-29T03:54:38.323295Z[0m [32m INFO[0m [2mreading::inspect[0m[2m:[0m Delta of (recursive) [Stack_def_use_live_var_at_block_end]: ((), (), 37769498)
[2m2025-07-29T03:54:39.261235Z[0m [32m INFO[0m [2mreading::inspect[0m[2m:[0m Delta of (recursive) [Stack_def_use_def_used]: ((), (), 578706)
[2m2025-07-29T03:54:39.427250Z[0m [32m INFO[0m [2mreading::inspect[0m[2m:[0m Delta of (recursive) [Def_used_for_address]: ((), (), 1398119)
[2m2025-07-29T03:54:39.440129Z[0m [32m INFO[0m [2mreading::inspect[0m[2m:[0m Size of (non-recursive) Reg_reg_arithmetic_operation_defs: ((), (), 242234)
[2m2025-07-29T03:54:39.445067Z[0m [32m INFO[0m [2mexecuting::dataflow[0m[2m:[0m 28.972772161s:	Dataflow executed
[2m2025-07-29T03:54:39.459938Z[0m [32m INFO[0m [2mexecuting[0m[2m:[0m success query
