[2m2025-07-29T04:39:07.869216Z[0m [32m INFO[0m [2mexecuting::dataflow[0m[2m:[0m 651.767893ms:	Dataflow assembled
[2m2025-07-29T04:39:08.379257Z[0m [32m INFO[0m [2mexecuting::dataflow[0m[2m:[0m 1.161818949s:	Data loaded for DirectSuperclass
[2m2025-07-29T04:39:08.379319Z[0m [32m INFO[0m [2mexecuting::dataflow[0m[2m:[0m 1.161884944s:	Data loaded for DirectSuperinterface
[2m2025-07-29T04:39:08.379328Z[0m [32m INFO[0m [2mexecuting::dataflow[0m[2m:[0m 1.161894341s:	Data loaded for MainClass
[2m2025-07-29T04:39:08.379339Z[0m [32m INFO[0m [2mexecuting::dataflow[0m[2m:[0m 1.161905222s:	Data loaded for FormalParam
[2m2025-07-29T04:39:08.379350Z[0m [32m INFO[0m [2mexecuting::dataflow[0m[2m:[0m 1.161916633s:	Data loaded for ComponentType
[2m2025-07-29T04:39:08.379359Z[0m [32m INFO[0m [2mexecuting::dataflow[0m[2m:[0m 1.161925129s:	Data loaded for AssignReturnValue
[2m2025-07-29T04:39:08.379367Z[0m [32m INFO[0m [2mexecuting::dataflow[0m[2m:[0m 1.161933234s:	Data loaded for ActualParam
[2m2025-07-29T04:39:08.379374Z[0m [32m INFO[0m [2mexecuting::dataflow[0m[2m:[0m 1.161940258s:	Data loaded for Method_Modifier
[2m2025-07-29T04:39:08.379383Z[0m [32m INFO[0m [2mexecuting::dataflow[0m[2m:[0m 1.161949094s:	Data loaded for Var_Type
[2m2025-07-29T04:39:08.379391Z[0m [32m INFO[0m [2mexecuting::dataflow[0m[2m:[0m 1.16195747s:	Data loaded for HeapAllocation_Type
[2m2025-07-29T04:39:08.379402Z[0m [32m INFO[0m [2mexecuting::dataflow[0m[2m:[0m 1.161968381s:	Data loaded for _ClassType
[2m2025-07-29T04:39:08.379413Z[0m [32m INFO[0m [2mexecuting::dataflow[0m[2m:[0m 1.161979181s:	Data loaded for _ArrayType
[2m2025-07-29T04:39:08.379424Z[0m [32m INFO[0m [2mexecuting::dataflow[0m[2m:[0m 1.161990202s:	Data loaded for _InterfaceType
[2m2025-07-29T04:39:08.379432Z[0m [32m INFO[0m [2mexecuting::dataflow[0m[2m:[0m 1.161998467s:	Data loaded for _Var_DeclaringMethod
[2m2025-07-29T04:39:08.379439Z[0m [32m INFO[0m [2mexecuting::dataflow[0m[2m:[0m 1.162005991s:	Data loaded for _ApplicationClass
[2m2025-07-29T04:39:08.379447Z[0m [32m INFO[0m [2mexecuting::dataflow[0m[2m:[0m 1.162013425s:	Data loaded for _ThisVar
[2m2025-07-29T04:39:08.379455Z[0m [32m INFO[0m [2mexecuting::dataflow[0m[2m:[0m 1.16202109s:	Data loaded for _NormalHeap
[2m2025-07-29T04:39:08.379463Z[0m [32m INFO[0m [2mexecuting::dataflow[0m[2m:[0m 1.162029946s:	Data loaded for _StringConstant
[2m2025-07-29T04:39:08.379487Z[0m [32m INFO[0m [2mexecuting::dataflow[0m[2m:[0m 1.16205312s:	Data loaded for _AssignHeapAllocation
[2m2025-07-29T04:39:08.379513Z[0m [32m INFO[0m [2mexecuting::dataflow[0m[2m:[0m 1.162079059s:	Data loaded for _AssignLocal
[2m2025-07-29T04:39:08.379543Z[0m [32m INFO[0m [2mexecuting::dataflow[0m[2m:[0m 1.162109957s:	Data loaded for _AssignCast
[2m2025-07-29T04:39:08.379553Z[0m [32m INFO[0m [2mexecuting::dataflow[0m[2m:[0m 1.162118954s:	Data loaded for _Field
[2m2025-07-29T04:39:08.379567Z[0m [32m INFO[0m [2mexecuting::dataflow[0m[2m:[0m 1.162133581s:	Data loaded for _StaticMethodInvocation
[2m2025-07-29T04:39:08.379598Z[0m [32m INFO[0m [2mexecuting::dataflow[0m[2m:[0m 1.16216445s:	Data loaded for _SpecialMethodInvocation
[2m2025-07-29T04:39:08.379631Z[0m [32m INFO[0m [2mexecuting::dataflow[0m[2m:[0m 1.162197842s:	Data loaded for _VirtualMethodInvocation
[2m2025-07-29T04:39:08.379642Z[0m [32m INFO[0m [2mexecuting::dataflow[0m[2m:[0m 1.162208382s:	Data loaded for _Method
[2m2025-07-29T04:39:08.379651Z[0m [32m INFO[0m [2mexecuting::dataflow[0m[2m:[0m 1.162217479s:	Data loaded for Method_Descriptor
[2m2025-07-29T04:39:08.379682Z[0m [32m INFO[0m [2mexecuting::dataflow[0m[2m:[0m 1.162247937s:	Data loaded for _StoreInstanceField
[2m2025-07-29T04:39:08.379709Z[0m [32m INFO[0m [2mexecuting::dataflow[0m[2m:[0m 1.162275639s:	Data loaded for _LoadInstanceField
[2m2025-07-29T04:39:08.379720Z[0m [32m INFO[0m [2mexecuting::dataflow[0m[2m:[0m 1.16228701s:	Data loaded for _StoreStaticField
[2m2025-07-29T04:39:08.379787Z[0m [32m INFO[0m [2mexecuting::dataflow[0m[2m:[0m 1.162353646s:	Data loaded for _LoadStaticField
[2m2025-07-29T04:39:08.379815Z[0m [32m INFO[0m [2mexecuting::dataflow[0m[2m:[0m 1.162381197s:	Data loaded for _StoreArrayIndex
[2m2025-07-29T04:39:08.379845Z[0m [32m INFO[0m [2mexecuting::dataflow[0m[2m:[0m 1.162411044s:	Data loaded for _LoadArrayIndex
[2m2025-07-29T04:39:08.379857Z[0m [32m INFO[0m [2mexecuting::dataflow[0m[2m:[0m 1.162423737s:	Data loaded for _Return
[2m2025-07-29T04:39:08.704355Z[0m [32m INFO[0m [2mreading::inspect[0m[2m:[0m Delta of (recursive) [Superinterface]: ((), (), 9381)
[2m2025-07-29T04:39:08.711499Z[0m [32m INFO[0m [2mreading::inspect[0m[2m:[0m Delta of (recursive) [Subclass]: ((), (), 13318)
[2m2025-07-29T04:39:08.749690Z[0m [32m INFO[0m [2mreading::inspect[0m[2m:[0m Delta of (recursive) [SubtypeOf]: ((), (), 34802)
[2m2025-07-29T04:39:08.760884Z[0m [32m INFO[0m [2mreading::inspect[0m[2m:[0m Delta of (recursive) [MethodLookup]: ((), (), 299236)
[2m2025-07-29T04:39:18.022048Z[0m [32m INFO[0m [2mreading::inspect[0m[2m:[0m Delta of (recursive) [VarPointsTo]: ((), (), 4114608)
[2m2025-07-29T04:39:18.022247Z[0m [32m INFO[0m [2mreading::inspect[0m[2m:[0m Delta of (recursive) [ArrayIndexPointsTo]: ((), (), 28253)
[2m2025-07-29T04:39:18.022268Z[0m [32m INFO[0m [2mreading::inspect[0m[2m:[0m Delta of (recursive) [Assign]: ((), (), 57122)
[2m2025-07-29T04:39:18.022284Z[0m [32m INFO[0m [2mreading::inspect[0m[2m:[0m Delta of (recursive) [CallGraphEdge]: ((), (), 27564)
[2m2025-07-29T04:39:18.022298Z[0m [32m INFO[0m [2mreading::inspect[0m[2m:[0m Delta of (recursive) [InitializedClass]: ((), (), 1328)
[2m2025-07-29T04:39:18.022313Z[0m [32m INFO[0m [2mreading::inspect[0m[2m:[0m Delta of (recursive) [InstanceFieldPointsTo]: ((), (), 3702546)
[2m2025-07-29T04:39:18.022327Z[0m [32m INFO[0m [2mreading::inspect[0m[2m:[0m Delta of (recursive) [Reachable]: ((), (), 6035)
[2m2025-07-29T04:39:18.022341Z[0m [32m INFO[0m [2mreading::inspect[0m[2m:[0m Delta of (recursive) [StaticFieldPointsTo]: ((), (), 1189)
[2m2025-07-29T04:39:18.023654Z[0m [32m INFO[0m [2mexecuting::dataflow[0m[2m:[0m 10.80620365s:	Dataflow executed
[2m2025-07-29T04:39:18.174342Z[0m [32m INFO[0m [2mexecuting[0m[2m:[0m success query
