[2m2025-07-29T04:39:32.368793Z[0m [32m INFO[0m [2mexecuting::dataflow[0m[2m:[0m 209.585328ms:	Dataflow assembled
[2m2025-07-29T04:39:32.894111Z[0m [32m INFO[0m [2mexecuting::dataflow[0m[2m:[0m 734.915629ms:	Data loaded for DirectSuperclass
[2m2025-07-29T04:39:32.894165Z[0m [32m INFO[0m [2mexecuting::dataflow[0m[2m:[0m 734.973869ms:	Data loaded for DirectSuperinterface
[2m2025-07-29T04:39:32.894176Z[0m [32m INFO[0m [2mexecuting::dataflow[0m[2m:[0m 734.985681ms:	Data loaded for MainClass
[2m2025-07-29T04:39:32.894188Z[0m [32m INFO[0m [2mexecuting::dataflow[0m[2m:[0m 734.997293ms:	Data loaded for FormalParam
[2m2025-07-29T04:39:32.894198Z[0m [32m INFO[0m [2mexecuting::dataflow[0m[2m:[0m 735.007472ms:	Data loaded for ComponentType
[2m2025-07-29T04:39:32.894206Z[0m [32m INFO[0m [2mexecuting::dataflow[0m[2m:[0m 735.015707ms:	Data loaded for AssignReturnValue
[2m2025-07-29T04:39:32.894215Z[0m [32m INFO[0m [2mexecuting::dataflow[0m[2m:[0m 735.024033ms:	Data loaded for ActualParam
[2m2025-07-29T04:39:32.894221Z[0m [32m INFO[0m [2mexecuting::dataflow[0m[2m:[0m 735.030726ms:	Data loaded for Method_Modifier
[2m2025-07-29T04:39:32.894230Z[0m [32m INFO[0m [2mexecuting::dataflow[0m[2m:[0m 735.038961ms:	Data loaded for Var_Type
[2m2025-07-29T04:39:32.894238Z[0m [32m INFO[0m [2mexecuting::dataflow[0m[2m:[0m 735.047106ms:	Data loaded for HeapAllocation_Type
[2m2025-07-29T04:39:32.894249Z[0m [32m INFO[0m [2mexecuting::dataflow[0m[2m:[0m 735.057897ms:	Data loaded for _ClassType
[2m2025-07-29T04:39:32.894258Z[0m [32m INFO[0m [2mexecuting::dataflow[0m[2m:[0m 735.067685ms:	Data loaded for _ArrayType
[2m2025-07-29T04:39:32.894269Z[0m [32m INFO[0m [2mexecuting::dataflow[0m[2m:[0m 735.078195ms:	Data loaded for _InterfaceType
[2m2025-07-29T04:39:32.894278Z[0m [32m INFO[0m [2mexecuting::dataflow[0m[2m:[0m 735.086851ms:	Data loaded for _Var_DeclaringMethod
[2m2025-07-29T04:39:32.894285Z[0m [32m INFO[0m [2mexecuting::dataflow[0m[2m:[0m 735.094646ms:	Data loaded for _ApplicationClass
[2m2025-07-29T04:39:32.894293Z[0m [32m INFO[0m [2mexecuting::dataflow[0m[2m:[0m 735.102491ms:	Data loaded for _ThisVar
[2m2025-07-29T04:39:32.894301Z[0m [32m INFO[0m [2mexecuting::dataflow[0m[2m:[0m 735.109864ms:	Data loaded for _NormalHeap
[2m2025-07-29T04:39:32.894310Z[0m [32m INFO[0m [2mexecuting::dataflow[0m[2m:[0m 735.119182ms:	Data loaded for _StringConstant
[2m2025-07-29T04:39:32.894334Z[0m [32m INFO[0m [2mexecuting::dataflow[0m[2m:[0m 735.143337ms:	Data loaded for _AssignHeapAllocation
[2m2025-07-29T04:39:32.894362Z[0m [32m INFO[0m [2mexecuting::dataflow[0m[2m:[0m 735.17119ms:	Data loaded for _AssignLocal
[2m2025-07-29T04:39:32.894392Z[0m [32m INFO[0m [2mexecuting::dataflow[0m[2m:[0m 735.200906ms:	Data loaded for _AssignCast
[2m2025-07-29T04:39:32.894402Z[0m [32m INFO[0m [2mexecuting::dataflow[0m[2m:[0m 735.211736ms:	Data loaded for _Field
[2m2025-07-29T04:39:32.894419Z[0m [32m INFO[0m [2mexecuting::dataflow[0m[2m:[0m 735.227947ms:	Data loaded for _StaticMethodInvocation
[2m2025-07-29T04:39:32.894454Z[0m [32m INFO[0m [2mexecuting::dataflow[0m[2m:[0m 735.263203ms:	Data loaded for _SpecialMethodInvocation
[2m2025-07-29T04:39:32.894471Z[0m [32m INFO[0m [2mexecuting::dataflow[0m[2m:[0m 735.280195ms:	Data loaded for _VirtualMethodInvocation
[2m2025-07-29T04:39:32.894483Z[0m [32m INFO[0m [2mexecuting::dataflow[0m[2m:[0m 735.292338ms:	Data loaded for _Method
[2m2025-07-29T04:39:32.894494Z[0m [32m INFO[0m [2mexecuting::dataflow[0m[2m:[0m 735.303268ms:	Data loaded for Method_Descriptor
[2m2025-07-29T04:39:32.894528Z[0m [32m INFO[0m [2mexecuting::dataflow[0m[2m:[0m 735.337563ms:	Data loaded for _StoreInstanceField
[2m2025-07-29T04:39:32.894556Z[0m [32m INFO[0m [2mexecuting::dataflow[0m[2m:[0m 735.365125ms:	Data loaded for _LoadInstanceField
[2m2025-07-29T04:39:32.894568Z[0m [32m INFO[0m [2mexecuting::dataflow[0m[2m:[0m 735.377087ms:	Data loaded for _StoreStaticField
[2m2025-07-29T04:39:32.894627Z[0m [32m INFO[0m [2mexecuting::dataflow[0m[2m:[0m 735.436098ms:	Data loaded for _LoadStaticField
[2m2025-07-29T04:39:32.894656Z[0m [32m INFO[0m [2mexecuting::dataflow[0m[2m:[0m 735.465744ms:	Data loaded for _StoreArrayIndex
[2m2025-07-29T04:39:32.894688Z[0m [32m INFO[0m [2mexecuting::dataflow[0m[2m:[0m 735.497564ms:	Data loaded for _LoadArrayIndex
[2m2025-07-29T04:39:32.894701Z[0m [32m INFO[0m [2mexecuting::dataflow[0m[2m:[0m 735.510609ms:	Data loaded for _Return
[2m2025-07-29T04:39:33.039476Z[0m [32m INFO[0m [2mreading::inspect[0m[2m:[0m Delta of (recursive) [Subclass]: ((), (), 13318)
[2m2025-07-29T04:39:33.045939Z[0m [32m INFO[0m [2mreading::inspect[0m[2m:[0m Delta of (recursive) [Superinterface]: ((), (), 9381)
[2m2025-07-29T04:39:33.068438Z[0m [32m INFO[0m [2mreading::inspect[0m[2m:[0m Delta of (recursive) [SubtypeOf]: ((), (), 34802)
[2m2025-07-29T04:39:33.073196Z[0m [32m INFO[0m [2mreading::inspect[0m[2m:[0m Delta of (recursive) [MethodLookup]: ((), (), 299236)
[2m2025-07-29T04:39:37.170545Z[0m [32m INFO[0m [2mreading::inspect[0m[2m:[0m Delta of (recursive) [ArrayIndexPointsTo]: ((), (), 28253)
[2m2025-07-29T04:39:37.170626Z[0m [32m INFO[0m [2mreading::inspect[0m[2m:[0m Delta of (recursive) [Assign]: ((), (), 57122)
[2m2025-07-29T04:39:37.170762Z[0m [32m INFO[0m [2mreading::inspect[0m[2m:[0m Delta of (recursive) [CallGraphEdge]: ((), (), 27564)
[2m2025-07-29T04:39:37.170923Z[0m [32m INFO[0m [2mreading::inspect[0m[2m:[0m Delta of (recursive) [InitializedClass]: ((), (), 1328)
[2m2025-07-29T04:39:37.171009Z[0m [32m INFO[0m [2mreading::inspect[0m[2m:[0m Delta of (recursive) [InstanceFieldPointsTo]: ((), (), 3702546)
[2m2025-07-29T04:39:37.171051Z[0m [32m INFO[0m [2mreading::inspect[0m[2m:[0m Delta of (recursive) [Reachable]: ((), (), 6035)
[2m2025-07-29T04:39:37.171093Z[0m [32m INFO[0m [2mreading::inspect[0m[2m:[0m Delta of (recursive) [StaticFieldPointsTo]: ((), (), 1189)
[2m2025-07-29T04:39:37.171177Z[0m [32m INFO[0m [2mreading::inspect[0m[2m:[0m Delta of (recursive) [VarPointsTo]: ((), (), 4114608)
[2m2025-07-29T04:39:37.172188Z[0m [32m INFO[0m [2mexecuting::dataflow[0m[2m:[0m 5.012988968s:	Dataflow executed
[2m2025-07-29T04:39:37.178358Z[0m [32m INFO[0m [2mexecuting[0m[2m:[0m success query
