[2m2025-07-29T04:20:25.845226Z[0m [32m INFO[0m [2mexecuting::dataflow[0m[2m:[0m 220.642968ms:	Dataflow assembled
[2m2025-07-29T04:20:26.377923Z[0m [32m INFO[0m [2mexecuting::dataflow[0m[2m:[0m 753.341477ms:	Data loaded for DirectSuperclass
[2m2025-07-29T04:20:26.377975Z[0m [32m INFO[0m [2mexecuting::dataflow[0m[2m:[0m 753.407471ms:	Data loaded for DirectSuperinterface
[2m2025-07-29T04:20:26.377985Z[0m [32m INFO[0m [2mexecuting::dataflow[0m[2m:[0m 753.418361ms:	Data loaded for MainClass
[2m2025-07-29T04:20:26.377998Z[0m [32m INFO[0m [2mexecuting::dataflow[0m[2m:[0m 753.430725ms:	Data loaded for FormalParam
[2m2025-07-29T04:20:26.378008Z[0m [32m INFO[0m [2mexecuting::dataflow[0m[2m:[0m 753.441244ms:	Data loaded for ComponentType
[2m2025-07-29T04:20:26.378017Z[0m [32m INFO[0m [2mexecuting::dataflow[0m[2m:[0m 753.44965ms:	Data loaded for AssignReturnValue
[2m2025-07-29T04:20:26.378025Z[0m [32m INFO[0m [2mexecuting::dataflow[0m[2m:[0m 753.458377ms:	Data loaded for ActualParam
[2m2025-07-29T04:20:26.378033Z[0m [32m INFO[0m [2mexecuting::dataflow[0m[2m:[0m 753.46569ms:	Data loaded for Method_Modifier
[2m2025-07-29T04:20:26.378042Z[0m [32m INFO[0m [2mexecuting::dataflow[0m[2m:[0m 753.474507ms:	Data loaded for Var_Type
[2m2025-07-29T04:20:26.378049Z[0m [32m INFO[0m [2mexecuting::dataflow[0m[2m:[0m 753.482282ms:	Data loaded for HeapAllocation_Type
[2m2025-07-29T04:20:26.378061Z[0m [32m INFO[0m [2mexecuting::dataflow[0m[2m:[0m 753.493643ms:	Data loaded for _ClassType
[2m2025-07-29T04:20:26.378071Z[0m [32m INFO[0m [2mexecuting::dataflow[0m[2m:[0m 753.504333ms:	Data loaded for _ArrayType
[2m2025-07-29T04:20:26.378081Z[0m [32m INFO[0m [2mexecuting::dataflow[0m[2m:[0m 753.514322ms:	Data loaded for _InterfaceType
[2m2025-07-29T04:20:26.378090Z[0m [32m INFO[0m [2mexecuting::dataflow[0m[2m:[0m 753.522758ms:	Data loaded for _Var_DeclaringMethod
[2m2025-07-29T04:20:26.378098Z[0m [32m INFO[0m [2mexecuting::dataflow[0m[2m:[0m 753.530573ms:	Data loaded for _ApplicationClass
[2m2025-07-29T04:20:26.378105Z[0m [32m INFO[0m [2mexecuting::dataflow[0m[2m:[0m 753.538437ms:	Data loaded for _ThisVar
[2m2025-07-29T04:20:26.378112Z[0m [32m INFO[0m [2mexecuting::dataflow[0m[2m:[0m 753.545491ms:	Data loaded for _NormalHeap
[2m2025-07-29T04:20:26.378122Z[0m [32m INFO[0m [2mexecuting::dataflow[0m[2m:[0m 753.554618ms:	Data loaded for _StringConstant
[2m2025-07-29T04:20:26.378185Z[0m [32m INFO[0m [2mexecuting::dataflow[0m[2m:[0m 753.618368ms:	Data loaded for _AssignHeapAllocation
[2m2025-07-29T04:20:26.378216Z[0m [32m INFO[0m [2mexecuting::dataflow[0m[2m:[0m 753.649096ms:	Data loaded for _AssignLocal
[2m2025-07-29T04:20:26.378249Z[0m [32m INFO[0m [2mexecuting::dataflow[0m[2m:[0m 753.681487ms:	Data loaded for _AssignCast
[2m2025-07-29T04:20:26.378259Z[0m [32m INFO[0m [2mexecuting::dataflow[0m[2m:[0m 753.692447ms:	Data loaded for _Field
[2m2025-07-29T04:20:26.378277Z[0m [32m INFO[0m [2mexecuting::dataflow[0m[2m:[0m 753.70971ms:	Data loaded for _StaticMethodInvocation
[2m2025-07-29T04:20:26.378357Z[0m [32m INFO[0m [2mexecuting::dataflow[0m[2m:[0m 753.790121ms:	Data loaded for _SpecialMethodInvocation
[2m2025-07-29T04:20:26.378375Z[0m [32m INFO[0m [2mexecuting::dataflow[0m[2m:[0m 753.808225ms:	Data loaded for _VirtualMethodInvocation
[2m2025-07-29T04:20:26.378387Z[0m [32m INFO[0m [2mexecuting::dataflow[0m[2m:[0m 753.820328ms:	Data loaded for _Method
[2m2025-07-29T04:20:26.378398Z[0m [32m INFO[0m [2mexecuting::dataflow[0m[2m:[0m 753.830878ms:	Data loaded for Method_Descriptor
[2m2025-07-29T04:20:26.378427Z[0m [32m INFO[0m [2mexecuting::dataflow[0m[2m:[0m 753.860043ms:	Data loaded for _StoreInstanceField
[2m2025-07-29T04:20:26.378794Z[0m [32m INFO[0m [2mexecuting::dataflow[0m[2m:[0m 754.226502ms:	Data loaded for _LoadInstanceField
[2m2025-07-29T04:20:26.378807Z[0m [32m INFO[0m [2mexecuting::dataflow[0m[2m:[0m 754.240368ms:	Data loaded for _StoreStaticField
[2m2025-07-29T04:20:26.378862Z[0m [32m INFO[0m [2mexecuting::dataflow[0m[2m:[0m 754.294731ms:	Data loaded for _LoadStaticField
[2m2025-07-29T04:20:26.378914Z[0m [32m INFO[0m [2mexecuting::dataflow[0m[2m:[0m 754.346759ms:	Data loaded for _StoreArrayIndex
[2m2025-07-29T04:20:26.378944Z[0m [32m INFO[0m [2mexecuting::dataflow[0m[2m:[0m 754.376956ms:	Data loaded for _LoadArrayIndex
[2m2025-07-29T04:20:26.378958Z[0m [32m INFO[0m [2mexecuting::dataflow[0m[2m:[0m 754.390481ms:	Data loaded for _Return
[2m2025-07-29T04:20:26.625197Z[0m [32m INFO[0m [2mreading::inspect[0m[2m:[0m Delta of (recursive) [Subclass]: ((), (), 13318)
[2m2025-07-29T04:20:26.630457Z[0m [32m INFO[0m [2mreading::inspect[0m[2m:[0m Delta of (recursive) [Superinterface]: ((), (), 9381)
[2m2025-07-29T04:20:26.657283Z[0m [32m INFO[0m [2mreading::inspect[0m[2m:[0m Delta of (recursive) [SubtypeOf]: ((), (), 34802)
[2m2025-07-29T04:20:26.662133Z[0m [32m INFO[0m [2mreading::inspect[0m[2m:[0m Delta of (recursive) [MethodLookup]: ((), (), 299236)
[2m2025-07-29T04:20:29.734186Z[0m [32m INFO[0m [2mreading::inspect[0m[2m:[0m Delta of (recursive) [ArrayIndexPointsTo]: ((), (), 28253)
[2m2025-07-29T04:20:29.734339Z[0m [32m INFO[0m [2mreading::inspect[0m[2m:[0m Delta of (recursive) [Assign]: ((), (), 57122)
[2m2025-07-29T04:20:29.734385Z[0m [32m INFO[0m [2mreading::inspect[0m[2m:[0m Delta of (recursive) [CallGraphEdge]: ((), (), 27564)
[2m2025-07-29T04:20:29.734434Z[0m [32m INFO[0m [2mreading::inspect[0m[2m:[0m Delta of (recursive) [InitializedClass]: ((), (), 1328)
[2m2025-07-29T04:20:29.734530Z[0m [32m INFO[0m [2mreading::inspect[0m[2m:[0m Delta of (recursive) [InstanceFieldPointsTo]: ((), (), 3702546)
[2m2025-07-29T04:20:29.734565Z[0m [32m INFO[0m [2mreading::inspect[0m[2m:[0m Delta of (recursive) [Reachable]: ((), (), 6035)
[2m2025-07-29T04:20:29.734598Z[0m [32m INFO[0m [2mreading::inspect[0m[2m:[0m Delta of (recursive) [StaticFieldPointsTo]: ((), (), 1189)
[2m2025-07-29T04:20:29.734670Z[0m [32m INFO[0m [2mreading::inspect[0m[2m:[0m Delta of (recursive) [VarPointsTo]: ((), (), 4114608)
[2m2025-07-29T04:20:29.739621Z[0m [32m INFO[0m [2mexecuting::dataflow[0m[2m:[0m 4.115045847s:	Dataflow executed
[2m2025-07-29T04:20:29.749743Z[0m [32m INFO[0m [2mexecuting[0m[2m:[0m success query
