[2m2025-07-29T04:24:31.258537Z[0m [32m INFO[0m [2mexecuting::dataflow[0m[2m:[0m 652.497569ms:	Dataflow assembled
[2m2025-07-29T04:24:31.774452Z[0m [32m INFO[0m [2mexecuting::dataflow[0m[2m:[0m 1.168425651s:	Data loaded for DirectSuperclass
[2m2025-07-29T04:24:31.774502Z[0m [32m INFO[0m [2mexecuting::dataflow[0m[2m:[0m 1.168481376s:	Data loaded for DirectSuperinterface
[2m2025-07-29T04:24:31.774510Z[0m [32m INFO[0m [2mexecuting::dataflow[0m[2m:[0m 1.168490002s:	Data loaded for MainClass
[2m2025-07-29T04:24:31.774522Z[0m [32m INFO[0m [2mexecuting::dataflow[0m[2m:[0m 1.168501404s:	Data loaded for FormalParam
[2m2025-07-29T04:24:31.774533Z[0m [32m INFO[0m [2mexecuting::dataflow[0m[2m:[0m 1.168512775s:	Data loaded for ComponentType
[2m2025-07-29T04:24:31.774541Z[0m [32m INFO[0m [2mexecuting::dataflow[0m[2m:[0m 1.16852081s:	Data loaded for AssignReturnValue
[2m2025-07-29T04:24:31.774550Z[0m [32m INFO[0m [2mexecuting::dataflow[0m[2m:[0m 1.168529897s:	Data loaded for ActualParam
[2m2025-07-29T04:24:31.774558Z[0m [32m INFO[0m [2mexecuting::dataflow[0m[2m:[0m 1.168537993s:	Data loaded for Method_Modifier
[2m2025-07-29T04:24:31.774568Z[0m [32m INFO[0m [2mexecuting::dataflow[0m[2m:[0m 1.16854724s:	Data loaded for Var_Type
[2m2025-07-29T04:24:31.774575Z[0m [32m INFO[0m [2mexecuting::dataflow[0m[2m:[0m 1.168555015s:	Data loaded for HeapAllocation_Type
[2m2025-07-29T04:24:31.774586Z[0m [32m INFO[0m [2mexecuting::dataflow[0m[2m:[0m 1.168565955s:	Data loaded for _ClassType
[2m2025-07-29T04:24:31.774598Z[0m [32m INFO[0m [2mexecuting::dataflow[0m[2m:[0m 1.168577958s:	Data loaded for _ArrayType
[2m2025-07-29T04:24:31.774610Z[0m [32m INFO[0m [2mexecuting::dataflow[0m[2m:[0m 1.168589319s:	Data loaded for _InterfaceType
[2m2025-07-29T04:24:31.774618Z[0m [32m INFO[0m [2mexecuting::dataflow[0m[2m:[0m 1.168597485s:	Data loaded for _Var_DeclaringMethod
[2m2025-07-29T04:24:31.774626Z[0m [32m INFO[0m [2mexecuting::dataflow[0m[2m:[0m 1.168605109s:	Data loaded for _ApplicationClass
[2m2025-07-29T04:24:31.774633Z[0m [32m INFO[0m [2mexecuting::dataflow[0m[2m:[0m 1.168612934s:	Data loaded for _ThisVar
[2m2025-07-29T04:24:31.774641Z[0m [32m INFO[0m [2mexecuting::dataflow[0m[2m:[0m 1.168620308s:	Data loaded for _NormalHeap
[2m2025-07-29T04:24:31.774649Z[0m [32m INFO[0m [2mexecuting::dataflow[0m[2m:[0m 1.168628904s:	Data loaded for _StringConstant
[2m2025-07-29T04:24:31.774671Z[0m [32m INFO[0m [2mexecuting::dataflow[0m[2m:[0m 1.168650745s:	Data loaded for _AssignHeapAllocation
[2m2025-07-29T04:24:31.774696Z[0m [32m INFO[0m [2mexecuting::dataflow[0m[2m:[0m 1.168675461s:	Data loaded for _AssignLocal
[2m2025-07-29T04:24:31.774724Z[0m [32m INFO[0m [2mexecuting::dataflow[0m[2m:[0m 1.168703564s:	Data loaded for _AssignCast
[2m2025-07-29T04:24:31.774733Z[0m [32m INFO[0m [2mexecuting::dataflow[0m[2m:[0m 1.168712241s:	Data loaded for _Field
[2m2025-07-29T04:24:31.774746Z[0m [32m INFO[0m [2mexecuting::dataflow[0m[2m:[0m 1.168725526s:	Data loaded for _StaticMethodInvocation
[2m2025-07-29T04:24:31.774775Z[0m [32m INFO[0m [2mexecuting::dataflow[0m[2m:[0m 1.16875435s:	Data loaded for _SpecialMethodInvocation
[2m2025-07-29T04:24:31.774809Z[0m [32m INFO[0m [2mexecuting::dataflow[0m[2m:[0m 1.168788835s:	Data loaded for _VirtualMethodInvocation
[2m2025-07-29T04:24:31.774820Z[0m [32m INFO[0m [2mexecuting::dataflow[0m[2m:[0m 1.168799385s:	Data loaded for _Method
[2m2025-07-29T04:24:31.774829Z[0m [32m INFO[0m [2mexecuting::dataflow[0m[2m:[0m 1.168808562s:	Data loaded for Method_Descriptor
[2m2025-07-29T04:24:31.774858Z[0m [32m INFO[0m [2mexecuting::dataflow[0m[2m:[0m 1.168837606s:	Data loaded for _StoreInstanceField
[2m2025-07-29T04:24:31.774884Z[0m [32m INFO[0m [2mexecuting::dataflow[0m[2m:[0m 1.168863145s:	Data loaded for _LoadInstanceField
[2m2025-07-29T04:24:31.774895Z[0m [32m INFO[0m [2mexecuting::dataflow[0m[2m:[0m 1.168874035s:	Data loaded for _StoreStaticField
[2m2025-07-29T04:24:31.774950Z[0m [32m INFO[0m [2mexecuting::dataflow[0m[2m:[0m 1.168928898s:	Data loaded for _LoadStaticField
[2m2025-07-29T04:24:31.774977Z[0m [32m INFO[0m [2mexecuting::dataflow[0m[2m:[0m 1.168956841s:	Data loaded for _StoreArrayIndex
[2m2025-07-29T04:24:31.775012Z[0m [32m INFO[0m [2mexecuting::dataflow[0m[2m:[0m 1.168991306s:	Data loaded for _LoadArrayIndex
[2m2025-07-29T04:24:31.775025Z[0m [32m INFO[0m [2mexecuting::dataflow[0m[2m:[0m 1.16900435s:	Data loaded for _Return
[2m2025-07-29T04:24:32.082224Z[0m [32m INFO[0m [2mreading::inspect[0m[2m:[0m Delta of (recursive) [Subclass]: ((), (), 13318)
[2m2025-07-29T04:24:32.084857Z[0m [32m INFO[0m [2mreading::inspect[0m[2m:[0m Delta of (recursive) [Superinterface]: ((), (), 9381)
[2m2025-07-29T04:24:32.130060Z[0m [32m INFO[0m [2mreading::inspect[0m[2m:[0m Delta of (recursive) [SubtypeOf]: ((), (), 34802)
[2m2025-07-29T04:24:32.137396Z[0m [32m INFO[0m [2mreading::inspect[0m[2m:[0m Delta of (recursive) [MethodLookup]: ((), (), 299236)
[2m2025-07-29T04:24:40.862081Z[0m [32m INFO[0m [2mreading::inspect[0m[2m:[0m Delta of (recursive) [InstanceFieldPointsTo]: ((), (), 3702546)
[2m2025-07-29T04:24:40.862176Z[0m [32m INFO[0m [2mreading::inspect[0m[2m:[0m Delta of (recursive) [Reachable]: ((), (), 6035)
[2m2025-07-29T04:24:40.862211Z[0m [32m INFO[0m [2mreading::inspect[0m[2m:[0m Delta of (recursive) [StaticFieldPointsTo]: ((), (), 1189)
[2m2025-07-29T04:24:40.862298Z[0m [32m INFO[0m [2mreading::inspect[0m[2m:[0m Delta of (recursive) [VarPointsTo]: ((), (), 4114608)
[2m2025-07-29T04:24:40.862396Z[0m [32m INFO[0m [2mreading::inspect[0m[2m:[0m Delta of (recursive) [ArrayIndexPointsTo]: ((), (), 28253)
[2m2025-07-29T04:24:40.862411Z[0m [32m INFO[0m [2mreading::inspect[0m[2m:[0m Delta of (recursive) [Assign]: ((), (), 57122)
[2m2025-07-29T04:24:40.862425Z[0m [32m INFO[0m [2mreading::inspect[0m[2m:[0m Delta of (recursive) [CallGraphEdge]: ((), (), 27564)
[2m2025-07-29T04:24:40.862436Z[0m [32m INFO[0m [2mreading::inspect[0m[2m:[0m Delta of (recursive) [InitializedClass]: ((), (), 1328)
[2m2025-07-29T04:24:40.902574Z[0m [32m INFO[0m [2mexecuting::dataflow[0m[2m:[0m 10.296543096s:	Dataflow executed
[2m2025-07-29T04:24:41.047355Z[0m [32m INFO[0m [2mexecuting[0m[2m:[0m success query
