[2m2025-07-29T04:24:55.151206Z[0m [32m INFO[0m [2mexecuting::dataflow[0m[2m:[0m 188.210499ms:	Dataflow assembled
[2m2025-07-29T04:24:55.693267Z[0m [32m INFO[0m [2mexecuting::dataflow[0m[2m:[0m 730.283364ms:	Data loaded for DirectSuperclass
[2m2025-07-29T04:24:55.693331Z[0m [32m INFO[0m [2mexecuting::dataflow[0m[2m:[0m 730.351993ms:	Data loaded for DirectSuperinterface
[2m2025-07-29T04:24:55.693342Z[0m [32m INFO[0m [2mexecuting::dataflow[0m[2m:[0m 730.362643ms:	Data loaded for MainClass
[2m2025-07-29T04:24:55.693356Z[0m [32m INFO[0m [2mexecuting::dataflow[0m[2m:[0m 730.37697ms:	Data loaded for FormalParam
[2m2025-07-29T04:24:55.693367Z[0m [32m INFO[0m [2mexecuting::dataflow[0m[2m:[0m 730.38765ms:	Data loaded for ComponentType
[2m2025-07-29T04:24:55.693376Z[0m [32m INFO[0m [2mexecuting::dataflow[0m[2m:[0m 730.396266ms:	Data loaded for AssignReturnValue
[2m2025-07-29T04:24:55.693385Z[0m [32m INFO[0m [2mexecuting::dataflow[0m[2m:[0m 730.405243ms:	Data loaded for ActualParam
[2m2025-07-29T04:24:55.693392Z[0m [32m INFO[0m [2mexecuting::dataflow[0m[2m:[0m 730.412186ms:	Data loaded for Method_Modifier
[2m2025-07-29T04:24:55.693400Z[0m [32m INFO[0m [2mexecuting::dataflow[0m[2m:[0m 730.420211ms:	Data loaded for Var_Type
[2m2025-07-29T04:24:55.693407Z[0m [32m INFO[0m [2mexecuting::dataflow[0m[2m:[0m 730.427896ms:	Data loaded for HeapAllocation_Type
[2m2025-07-29T04:24:55.693419Z[0m [32m INFO[0m [2mexecuting::dataflow[0m[2m:[0m 730.439317ms:	Data loaded for _ClassType
[2m2025-07-29T04:24:55.693429Z[0m [32m INFO[0m [2mexecuting::dataflow[0m[2m:[0m 730.449416ms:	Data loaded for _ArrayType
[2m2025-07-29T04:24:55.693439Z[0m [32m INFO[0m [2mexecuting::dataflow[0m[2m:[0m 730.459896ms:	Data loaded for _InterfaceType
[2m2025-07-29T04:24:55.693448Z[0m [32m INFO[0m [2mexecuting::dataflow[0m[2m:[0m 730.468181ms:	Data loaded for _Var_DeclaringMethod
[2m2025-07-29T04:24:55.693455Z[0m [32m INFO[0m [2mexecuting::dataflow[0m[2m:[0m 730.475836ms:	Data loaded for _ApplicationClass
[2m2025-07-29T04:24:55.693463Z[0m [32m INFO[0m [2mexecuting::dataflow[0m[2m:[0m 730.4833ms:	Data loaded for _ThisVar
[2m2025-07-29T04:24:55.693470Z[0m [32m INFO[0m [2mexecuting::dataflow[0m[2m:[0m 730.490293ms:	Data loaded for _NormalHeap
[2m2025-07-29T04:24:55.693479Z[0m [32m INFO[0m [2mexecuting::dataflow[0m[2m:[0m 730.499791ms:	Data loaded for _StringConstant
[2m2025-07-29T04:24:55.693782Z[0m [32m INFO[0m [2mexecuting::dataflow[0m[2m:[0m 730.801539ms:	Data loaded for _AssignHeapAllocation
[2m2025-07-29T04:24:55.693813Z[0m [32m INFO[0m [2mexecuting::dataflow[0m[2m:[0m 730.833579ms:	Data loaded for _AssignLocal
[2m2025-07-29T04:24:55.693844Z[0m [32m INFO[0m [2mexecuting::dataflow[0m[2m:[0m 730.863996ms:	Data loaded for _AssignCast
[2m2025-07-29T04:24:55.693854Z[0m [32m INFO[0m [2mexecuting::dataflow[0m[2m:[0m 730.874446ms:	Data loaded for _Field
[2m2025-07-29T04:24:55.693869Z[0m [32m INFO[0m [2mexecuting::dataflow[0m[2m:[0m 730.889124ms:	Data loaded for _StaticMethodInvocation
[2m2025-07-29T04:24:55.693961Z[0m [32m INFO[0m [2mexecuting::dataflow[0m[2m:[0m 730.980997ms:	Data loaded for _SpecialMethodInvocation
[2m2025-07-29T04:24:55.693980Z[0m [32m INFO[0m [2mexecuting::dataflow[0m[2m:[0m 731.000543ms:	Data loaded for _VirtualMethodInvocation
[2m2025-07-29T04:24:55.693993Z[0m [32m INFO[0m [2mexecuting::dataflow[0m[2m:[0m 731.013327ms:	Data loaded for _Method
[2m2025-07-29T04:24:55.694004Z[0m [32m INFO[0m [2mexecuting::dataflow[0m[2m:[0m 731.024478ms:	Data loaded for Method_Descriptor
[2m2025-07-29T04:24:55.694034Z[0m [32m INFO[0m [2mexecuting::dataflow[0m[2m:[0m 731.054224ms:	Data loaded for _StoreInstanceField
[2m2025-07-29T04:24:55.694062Z[0m [32m INFO[0m [2mexecuting::dataflow[0m[2m:[0m 731.082568ms:	Data loaded for _LoadInstanceField
[2m2025-07-29T04:24:55.694076Z[0m [32m INFO[0m [2mexecuting::dataflow[0m[2m:[0m 731.096344ms:	Data loaded for _StoreStaticField
[2m2025-07-29T04:24:55.694151Z[0m [32m INFO[0m [2mexecuting::dataflow[0m[2m:[0m 731.171235ms:	Data loaded for _LoadStaticField
[2m2025-07-29T04:24:55.694208Z[0m [32m INFO[0m [2mexecuting::dataflow[0m[2m:[0m 731.228312ms:	Data loaded for _StoreArrayIndex
[2m2025-07-29T04:24:55.694244Z[0m [32m INFO[0m [2mexecuting::dataflow[0m[2m:[0m 731.26439ms:	Data loaded for _LoadArrayIndex
[2m2025-07-29T04:24:55.694259Z[0m [32m INFO[0m [2mexecuting::dataflow[0m[2m:[0m 731.279859ms:	Data loaded for _Return
[2m2025-07-29T04:24:55.922531Z[0m [32m INFO[0m [2mreading::inspect[0m[2m:[0m Delta of (recursive) [Superinterface]: ((), (), 9381)
[2m2025-07-29T04:24:55.922645Z[0m [32m INFO[0m [2mreading::inspect[0m[2m:[0m Delta of (recursive) [Subclass]: ((), (), 13318)
[2m2025-07-29T04:24:55.946551Z[0m [32m INFO[0m [2mreading::inspect[0m[2m:[0m Delta of (recursive) [SubtypeOf]: ((), (), 34802)
[2m2025-07-29T04:24:55.950882Z[0m [32m INFO[0m [2mreading::inspect[0m[2m:[0m Delta of (recursive) [MethodLookup]: ((), (), 299236)
TIMEOUT: Test exceeded 600 seconds limit
