[2m2025-07-29T04:41:19.716728Z[0m [32m INFO[0m [2mexecuting::dataflow[0m[2m:[0m 629.297338ms:	Dataflow assembled
[2m2025-07-29T04:41:20.242949Z[0m [32m INFO[0m [2mexecuting::dataflow[0m[2m:[0m 1.155529377s:	Data loaded for DirectSuperclass
[2m2025-07-29T04:41:20.242999Z[0m [32m INFO[0m [2mexecuting::dataflow[0m[2m:[0m 1.155585082s:	Data loaded for DirectSuperinterface
[2m2025-07-29T04:41:20.243007Z[0m [32m INFO[0m [2mexecuting::dataflow[0m[2m:[0m 1.155592937s:	Data loaded for MainClass
[2m2025-07-29T04:41:20.243019Z[0m [32m INFO[0m [2mexecuting::dataflow[0m[2m:[0m 1.155604829s:	Data loaded for FormalParam
[2m2025-07-29T04:41:20.243029Z[0m [32m INFO[0m [2mexecuting::dataflow[0m[2m:[0m 1.155614658s:	Data loaded for ComponentType
[2m2025-07-29T04:41:20.243037Z[0m [32m INFO[0m [2mexecuting::dataflow[0m[2m:[0m 1.155622673s:	Data loaded for AssignReturnValue
[2m2025-07-29T04:41:20.243045Z[0m [32m INFO[0m [2mexecuting::dataflow[0m[2m:[0m 1.155630568s:	Data loaded for ActualParam
[2m2025-07-29T04:41:20.243052Z[0m [32m INFO[0m [2mexecuting::dataflow[0m[2m:[0m 1.155637551s:	Data loaded for Method_Modifier
[2m2025-07-29T04:41:20.243060Z[0m [32m INFO[0m [2mexecuting::dataflow[0m[2m:[0m 1.155645586s:	Data loaded for Var_Type
[2m2025-07-29T04:41:20.243068Z[0m [32m INFO[0m [2mexecuting::dataflow[0m[2m:[0m 1.155653521s:	Data loaded for HeapAllocation_Type
[2m2025-07-29T04:41:20.243078Z[0m [32m INFO[0m [2mexecuting::dataflow[0m[2m:[0m 1.155664181s:	Data loaded for _ClassType
[2m2025-07-29T04:41:20.243089Z[0m [32m INFO[0m [2mexecuting::dataflow[0m[2m:[0m 1.15567429s:	Data loaded for _ArrayType
[2m2025-07-29T04:41:20.243098Z[0m [32m INFO[0m [2mexecuting::dataflow[0m[2m:[0m 1.155683968s:	Data loaded for _InterfaceType
[2m2025-07-29T04:41:20.243106Z[0m [32m INFO[0m [2mexecuting::dataflow[0m[2m:[0m 1.155691973s:	Data loaded for _Var_DeclaringMethod
[2m2025-07-29T04:41:20.243113Z[0m [32m INFO[0m [2mexecuting::dataflow[0m[2m:[0m 1.155699087s:	Data loaded for _ApplicationClass
[2m2025-07-29T04:41:20.243121Z[0m [32m INFO[0m [2mexecuting::dataflow[0m[2m:[0m 1.15570645s:	Data loaded for _ThisVar
[2m2025-07-29T04:41:20.243128Z[0m [32m INFO[0m [2mexecuting::dataflow[0m[2m:[0m 1.155713353s:	Data loaded for _NormalHeap
[2m2025-07-29T04:41:20.243135Z[0m [32m INFO[0m [2mexecuting::dataflow[0m[2m:[0m 1.155721078s:	Data loaded for _StringConstant
[2m2025-07-29T04:41:20.243184Z[0m [32m INFO[0m [2mexecuting::dataflow[0m[2m:[0m 1.1557701s:	Data loaded for _AssignHeapAllocation
[2m2025-07-29T04:41:20.243230Z[0m [32m INFO[0m [2mexecuting::dataflow[0m[2m:[0m 1.155815456s:	Data loaded for _AssignLocal
[2m2025-07-29T04:41:20.243296Z[0m [32m INFO[0m [2mexecuting::dataflow[0m[2m:[0m 1.15588178s:	Data loaded for _AssignCast
[2m2025-07-29T04:41:20.243304Z[0m [32m INFO[0m [2mexecuting::dataflow[0m[2m:[0m 1.155889705s:	Data loaded for _Field
[2m2025-07-29T04:41:20.243329Z[0m [32m INFO[0m [2mexecuting::dataflow[0m[2m:[0m 1.155914372s:	Data loaded for _StaticMethodInvocation
[2m2025-07-29T04:41:20.243397Z[0m [32m INFO[0m [2mexecuting::dataflow[0m[2m:[0m 1.155982941s:	Data loaded for _SpecialMethodInvocation
[2m2025-07-29T04:41:20.243428Z[0m [32m INFO[0m [2mexecuting::dataflow[0m[2m:[0m 1.15601417s:	Data loaded for _VirtualMethodInvocation
[2m2025-07-29T04:41:20.243438Z[0m [32m INFO[0m [2mexecuting::dataflow[0m[2m:[0m 1.156023307s:	Data loaded for _Method
[2m2025-07-29T04:41:20.243445Z[0m [32m INFO[0m [2mexecuting::dataflow[0m[2m:[0m 1.156031111s:	Data loaded for Method_Descriptor
[2m2025-07-29T04:41:20.243510Z[0m [32m INFO[0m [2mexecuting::dataflow[0m[2m:[0m 1.156096034s:	Data loaded for _StoreInstanceField
[2m2025-07-29T04:41:20.243572Z[0m [32m INFO[0m [2mexecuting::dataflow[0m[2m:[0m 1.15615797s:	Data loaded for _LoadInstanceField
[2m2025-07-29T04:41:20.243584Z[0m [32m INFO[0m [2mexecuting::dataflow[0m[2m:[0m 1.156169492s:	Data loaded for _StoreStaticField
[2m2025-07-29T04:41:20.243636Z[0m [32m INFO[0m [2mexecuting::dataflow[0m[2m:[0m 1.156222111s:	Data loaded for _LoadStaticField
[2m2025-07-29T04:41:20.243709Z[0m [32m INFO[0m [2mexecuting::dataflow[0m[2m:[0m 1.156294156s:	Data loaded for _StoreArrayIndex
[2m2025-07-29T04:41:20.243747Z[0m [32m INFO[0m [2mexecuting::dataflow[0m[2m:[0m 1.156332859s:	Data loaded for _LoadArrayIndex
[2m2025-07-29T04:41:20.243783Z[0m [32m INFO[0m [2mexecuting::dataflow[0m[2m:[0m 1.156368577s:	Data loaded for _Return
[2m2025-07-29T04:41:20.560940Z[0m [32m INFO[0m [2mreading::inspect[0m[2m:[0m Delta of (recursive) [Superinterface]: ((), (), 9381)
[2m2025-07-29T04:41:20.568903Z[0m [32m INFO[0m [2mreading::inspect[0m[2m:[0m Delta of (recursive) [Subclass]: ((), (), 13318)
[2m2025-07-29T04:41:20.608462Z[0m [32m INFO[0m [2mreading::inspect[0m[2m:[0m Delta of (recursive) [SubtypeOf]: ((), (), 34802)
[2m2025-07-29T04:41:20.618643Z[0m [32m INFO[0m [2mreading::inspect[0m[2m:[0m Delta of (recursive) [MethodLookup]: ((), (), 299236)
[2m2025-07-29T04:41:29.309255Z[0m [32m INFO[0m [2mreading::inspect[0m[2m:[0m Delta of (recursive) [ArrayIndexPointsTo]: ((), (), 28253)
[2m2025-07-29T04:41:29.309430Z[0m [32m INFO[0m [2mreading::inspect[0m[2m:[0m Delta of (recursive) [Assign]: ((), (), 57122)
[2m2025-07-29T04:41:29.309505Z[0m [32m INFO[0m [2mreading::inspect[0m[2m:[0m Delta of (recursive) [CallGraphEdge]: ((), (), 27564)
[2m2025-07-29T04:41:29.309623Z[0m [32m INFO[0m [2mreading::inspect[0m[2m:[0m Delta of (recursive) [InitializedClass]: ((), (), 1328)
[2m2025-07-29T04:41:29.309782Z[0m [32m INFO[0m [2mreading::inspect[0m[2m:[0m Delta of (recursive) [InstanceFieldPointsTo]: ((), (), 3702546)
[2m2025-07-29T04:41:29.309878Z[0m [32m INFO[0m [2mreading::inspect[0m[2m:[0m Delta of (recursive) [Reachable]: ((), (), 6035)
[2m2025-07-29T04:41:29.309945Z[0m [32m INFO[0m [2mreading::inspect[0m[2m:[0m Delta of (recursive) [StaticFieldPointsTo]: ((), (), 1189)
[2m2025-07-29T04:41:29.310062Z[0m [32m INFO[0m [2mreading::inspect[0m[2m:[0m Delta of (recursive) [VarPointsTo]: ((), (), 4114608)
[2m2025-07-29T04:41:29.311567Z[0m [32m INFO[0m [2mexecuting::dataflow[0m[2m:[0m 10.224140949s:	Dataflow executed
[2m2025-07-29T04:41:29.470240Z[0m [32m INFO[0m [2mexecuting[0m[2m:[0m success query
