[2m2025-07-29T04:20:50.852992Z[0m [32m INFO[0m [2mexecuting::dataflow[0m[2m:[0m 210.35881ms:	Dataflow assembled
[2m2025-07-29T04:20:51.159584Z[0m [32m INFO[0m [2mexecuting::dataflow[0m[2m:[0m 516.963941ms:	Data loaded for DirectSuperclass
[2m2025-07-29T04:20:51.159642Z[0m [32m INFO[0m [2mexecuting::dataflow[0m[2m:[0m 517.028633ms:	Data loaded for DirectSuperinterface
[2m2025-07-29T04:20:51.159651Z[0m [32m INFO[0m [2mexecuting::dataflow[0m[2m:[0m 517.036849ms:	Data loaded for MainClass
[2m2025-07-29T04:20:51.159659Z[0m [32m INFO[0m [2mexecuting::dataflow[0m[2m:[0m 517.045164ms:	Data loaded for FormalParam
[2m2025-07-29T04:20:51.159666Z[0m [32m INFO[0m [2mexecuting::dataflow[0m[2m:[0m 517.052428ms:	Data loaded for ComponentType
[2m2025-07-29T04:20:51.159673Z[0m [32m INFO[0m [2mexecuting::dataflow[0m[2m:[0m 517.059642ms:	Data loaded for AssignReturnValue
[2m2025-07-29T04:20:51.159680Z[0m [32m INFO[0m [2mexecuting::dataflow[0m[2m:[0m 517.065893ms:	Data loaded for ActualParam
[2m2025-07-29T04:20:51.159685Z[0m [32m INFO[0m [2mexecuting::dataflow[0m[2m:[0m 517.071253ms:	Data loaded for Method_Modifier
[2m2025-07-29T04:20:51.159693Z[0m [32m INFO[0m [2mexecuting::dataflow[0m[2m:[0m 517.079249ms:	Data loaded for Var_Type
[2m2025-07-29T04:20:51.159699Z[0m [32m INFO[0m [2mexecuting::dataflow[0m[2m:[0m 517.08543ms:	Data loaded for HeapAllocation_Type
[2m2025-07-29T04:20:51.159710Z[0m [32m INFO[0m [2mexecuting::dataflow[0m[2m:[0m 517.09583ms:	Data loaded for _ClassType
[2m2025-07-29T04:20:51.159719Z[0m [32m INFO[0m [2mexecuting::dataflow[0m[2m:[0m 517.105528ms:	Data loaded for _ArrayType
[2m2025-07-29T04:20:51.159727Z[0m [32m INFO[0m [2mexecuting::dataflow[0m[2m:[0m 517.112882ms:	Data loaded for _InterfaceType
[2m2025-07-29T04:20:51.159732Z[0m [32m INFO[0m [2mexecuting::dataflow[0m[2m:[0m 517.118603ms:	Data loaded for _Var_DeclaringMethod
[2m2025-07-29T04:20:51.159739Z[0m [32m INFO[0m [2mexecuting::dataflow[0m[2m:[0m 517.125696ms:	Data loaded for _ApplicationClass
[2m2025-07-29T04:20:51.159746Z[0m [32m INFO[0m [2mexecuting::dataflow[0m[2m:[0m 517.132048ms:	Data loaded for _ThisVar
[2m2025-07-29T04:20:51.159751Z[0m [32m INFO[0m [2mexecuting::dataflow[0m[2m:[0m 517.136867ms:	Data loaded for _NormalHeap
[2m2025-07-29T04:20:51.159884Z[0m [32m INFO[0m [2mexecuting::dataflow[0m[2m:[0m 517.270078ms:	Data loaded for _StringConstant
[2m2025-07-29T04:20:51.160139Z[0m [32m INFO[0m [2mexecuting::dataflow[0m[2m:[0m 517.525348ms:	Data loaded for _AssignHeapAllocation
[2m2025-07-29T04:20:51.160167Z[0m [32m INFO[0m [2mexecuting::dataflow[0m[2m:[0m 517.553221ms:	Data loaded for _AssignLocal
[2m2025-07-29T04:20:51.160193Z[0m [32m INFO[0m [2mexecuting::dataflow[0m[2m:[0m 517.5793ms:	Data loaded for _AssignCast
[2m2025-07-29T04:20:51.160199Z[0m [32m INFO[0m [2mexecuting::dataflow[0m[2m:[0m 517.585161ms:	Data loaded for _Field
[2m2025-07-29T04:20:51.160209Z[0m [32m INFO[0m [2mexecuting::dataflow[0m[2m:[0m 517.59541ms:	Data loaded for _StaticMethodInvocation
[2m2025-07-29T04:20:51.160235Z[0m [32m INFO[0m [2mexecuting::dataflow[0m[2m:[0m 517.621028ms:	Data loaded for _SpecialMethodInvocation
[2m2025-07-29T04:20:51.160271Z[0m [32m INFO[0m [2mexecuting::dataflow[0m[2m:[0m 517.657166ms:	Data loaded for _VirtualMethodInvocation
[2m2025-07-29T04:20:51.160278Z[0m [32m INFO[0m [2mexecuting::dataflow[0m[2m:[0m 517.663879ms:	Data loaded for _Method
[2m2025-07-29T04:20:51.160284Z[0m [32m INFO[0m [2mexecuting::dataflow[0m[2m:[0m 517.670381ms:	Data loaded for Method_Descriptor
[2m2025-07-29T04:20:51.160306Z[0m [32m INFO[0m [2mexecuting::dataflow[0m[2m:[0m 517.692673ms:	Data loaded for _StoreInstanceField
[2m2025-07-29T04:20:51.160330Z[0m [32m INFO[0m [2mexecuting::dataflow[0m[2m:[0m 517.716688ms:	Data loaded for _LoadInstanceField
[2m2025-07-29T04:20:51.160339Z[0m [32m INFO[0m [2mexecuting::dataflow[0m[2m:[0m 517.724904ms:	Data loaded for _StoreStaticField
[2m2025-07-29T04:20:51.160398Z[0m [32m INFO[0m [2mexecuting::dataflow[0m[2m:[0m 517.784235ms:	Data loaded for _LoadStaticField
[2m2025-07-29T04:20:51.160420Z[0m [32m INFO[0m [2mexecuting::dataflow[0m[2m:[0m 517.806427ms:	Data loaded for _StoreArrayIndex
[2m2025-07-29T04:20:51.160443Z[0m [32m INFO[0m [2mexecuting::dataflow[0m[2m:[0m 517.829511ms:	Data loaded for _LoadArrayIndex
[2m2025-07-29T04:20:51.160453Z[0m [32m INFO[0m [2mexecuting::dataflow[0m[2m:[0m 517.83953ms:	Data loaded for _Return
[2m2025-07-29T04:20:51.682442Z[0m [32m INFO[0m [2mreading::inspect[0m[2m:[0m Delta of (recursive) [Superinterface]: ((), (), 9381)
[2m2025-07-29T04:20:51.691113Z[0m [32m INFO[0m [2mreading::inspect[0m[2m:[0m Delta of (recursive) [Subclass]: ((), (), 13318)
[2m2025-07-29T04:21:13.100190Z[0m [32m INFO[0m [2mreading::inspect[0m[2m:[0m Delta of (recursive) [SubtypeOf]: ((), (), 34802)
[2m2025-07-29T04:21:58.940502Z[0m [32m INFO[0m [2mreading::inspect[0m[2m:[0m Delta of (recursive) [MethodLookup]: ((), (), 299236)
[2m2025-07-29T04:22:04.395860Z[0m [32m INFO[0m [2mreading::inspect[0m[2m:[0m Delta of (recursive) [InstanceFieldPointsTo]: ((), (), 3702546)
[2m2025-07-29T04:22:04.395974Z[0m [32m INFO[0m [2mreading::inspect[0m[2m:[0m Delta of (recursive) [Reachable]: ((), (), 6035)
[2m2025-07-29T04:22:04.396016Z[0m [32m INFO[0m [2mreading::inspect[0m[2m:[0m Delta of (recursive) [StaticFieldPointsTo]: ((), (), 1189)
[2m2025-07-29T04:22:04.396122Z[0m [32m INFO[0m [2mreading::inspect[0m[2m:[0m Delta of (recursive) [VarPointsTo]: ((), (), 4114608)
[2m2025-07-29T04:22:04.396250Z[0m [32m INFO[0m [2mreading::inspect[0m[2m:[0m Delta of (recursive) [ArrayIndexPointsTo]: ((), (), 28253)
[2m2025-07-29T04:22:04.396263Z[0m [32m INFO[0m [2mreading::inspect[0m[2m:[0m Delta of (recursive) [Assign]: ((), (), 57122)
[2m2025-07-29T04:22:04.396276Z[0m [32m INFO[0m [2mreading::inspect[0m[2m:[0m Delta of (recursive) [CallGraphEdge]: ((), (), 27564)
[2m2025-07-29T04:22:04.396285Z[0m [32m INFO[0m [2mreading::inspect[0m[2m:[0m Delta of (recursive) [InitializedClass]: ((), (), 1328)
[2m2025-07-29T04:22:04.404497Z[0m [32m INFO[0m [2mexecuting::dataflow[0m[2m:[0m 73.761499838s:	Dataflow executed
[2m2025-07-29T04:22:04.446540Z[0m [32m INFO[0m [2mexecuting[0m[2m:[0m success query
