[2m2025-07-29T04:22:34.446402Z[0m [32m INFO[0m [2mexecuting::dataflow[0m[2m:[0m 187.04718ms:	Dataflow assembled
[2m2025-07-29T04:22:34.972122Z[0m [32m INFO[0m [2mexecuting::dataflow[0m[2m:[0m 712.781007ms:	Data loaded for DirectSuperclass
[2m2025-07-29T04:22:34.972174Z[0m [32m INFO[0m [2mexecuting::dataflow[0m[2m:[0m 712.838776ms:	Data loaded for DirectSuperinterface
[2m2025-07-29T04:22:34.972186Z[0m [32m INFO[0m [2mexecuting::dataflow[0m[2m:[0m 712.850468ms:	Data loaded for MainClass
[2m2025-07-29T04:22:34.972200Z[0m [32m INFO[0m [2mexecuting::dataflow[0m[2m:[0m 712.864354ms:	Data loaded for FormalParam
[2m2025-07-29T04:22:34.972210Z[0m [32m INFO[0m [2mexecuting::dataflow[0m[2m:[0m 712.874904ms:	Data loaded for ComponentType
[2m2025-07-29T04:22:34.972218Z[0m [32m INFO[0m [2mexecuting::dataflow[0m[2m:[0m 712.882929ms:	Data loaded for AssignReturnValue
[2m2025-07-29T04:22:34.972227Z[0m [32m INFO[0m [2mexecuting::dataflow[0m[2m:[0m 712.891335ms:	Data loaded for ActualParam
[2m2025-07-29T04:22:34.972234Z[0m [32m INFO[0m [2mexecuting::dataflow[0m[2m:[0m 712.898859ms:	Data loaded for Method_Modifier
[2m2025-07-29T04:22:34.972242Z[0m [32m INFO[0m [2mexecuting::dataflow[0m[2m:[0m 712.906864ms:	Data loaded for Var_Type
[2m2025-07-29T04:22:34.972251Z[0m [32m INFO[0m [2mexecuting::dataflow[0m[2m:[0m 712.91552ms:	Data loaded for HeapAllocation_Type
[2m2025-07-29T04:22:34.972264Z[0m [32m INFO[0m [2mexecuting::dataflow[0m[2m:[0m 712.928855ms:	Data loaded for _ClassType
[2m2025-07-29T04:22:34.972277Z[0m [32m INFO[0m [2mexecuting::dataflow[0m[2m:[0m 712.941509ms:	Data loaded for _ArrayType
[2m2025-07-29T04:22:34.972289Z[0m [32m INFO[0m [2mexecuting::dataflow[0m[2m:[0m 712.953311ms:	Data loaded for _InterfaceType
[2m2025-07-29T04:22:34.972298Z[0m [32m INFO[0m [2mexecuting::dataflow[0m[2m:[0m 712.962308ms:	Data loaded for _Var_DeclaringMethod
[2m2025-07-29T04:22:34.972307Z[0m [32m INFO[0m [2mexecuting::dataflow[0m[2m:[0m 712.972017ms:	Data loaded for _ApplicationClass
[2m2025-07-29T04:22:34.972316Z[0m [32m INFO[0m [2mexecuting::dataflow[0m[2m:[0m 712.980853ms:	Data loaded for _ThisVar
[2m2025-07-29T04:22:34.972325Z[0m [32m INFO[0m [2mexecuting::dataflow[0m[2m:[0m 712.989159ms:	Data loaded for _NormalHeap
[2m2025-07-29T04:22:34.972335Z[0m [32m INFO[0m [2mexecuting::dataflow[0m[2m:[0m 712.999228ms:	Data loaded for _StringConstant
[2m2025-07-29T04:22:34.972621Z[0m [32m INFO[0m [2mexecuting::dataflow[0m[2m:[0m 713.284946ms:	Data loaded for _AssignHeapAllocation
[2m2025-07-29T04:22:34.972651Z[0m [32m INFO[0m [2mexecuting::dataflow[0m[2m:[0m 713.315734ms:	Data loaded for _AssignLocal
[2m2025-07-29T04:22:34.972682Z[0m [32m INFO[0m [2mexecuting::dataflow[0m[2m:[0m 713.346702ms:	Data loaded for _AssignCast
[2m2025-07-29T04:22:34.972692Z[0m [32m INFO[0m [2mexecuting::dataflow[0m[2m:[0m 713.356691ms:	Data loaded for _Field
[2m2025-07-29T04:22:34.972707Z[0m [32m INFO[0m [2mexecuting::dataflow[0m[2m:[0m 713.371699ms:	Data loaded for _StaticMethodInvocation
[2m2025-07-29T04:22:34.972778Z[0m [32m INFO[0m [2mexecuting::dataflow[0m[2m:[0m 713.442572ms:	Data loaded for _SpecialMethodInvocation
[2m2025-07-29T04:22:34.972797Z[0m [32m INFO[0m [2mexecuting::dataflow[0m[2m:[0m 713.461097ms:	Data loaded for _VirtualMethodInvocation
[2m2025-07-29T04:22:34.972808Z[0m [32m INFO[0m [2mexecuting::dataflow[0m[2m:[0m 713.472489ms:	Data loaded for _Method
[2m2025-07-29T04:22:34.972818Z[0m [32m INFO[0m [2mexecuting::dataflow[0m[2m:[0m 713.482568ms:	Data loaded for Method_Descriptor
[2m2025-07-29T04:22:34.972847Z[0m [32m INFO[0m [2mexecuting::dataflow[0m[2m:[0m 713.511993ms:	Data loaded for _StoreInstanceField
[2m2025-07-29T04:22:34.972874Z[0m [32m INFO[0m [2mexecuting::dataflow[0m[2m:[0m 713.538132ms:	Data loaded for _LoadInstanceField
[2m2025-07-29T04:22:34.972885Z[0m [32m INFO[0m [2mexecuting::dataflow[0m[2m:[0m 713.549403ms:	Data loaded for _StoreStaticField
[2m2025-07-29T04:22:34.972950Z[0m [32m INFO[0m [2mexecuting::dataflow[0m[2m:[0m 713.614746ms:	Data loaded for _LoadStaticField
[2m2025-07-29T04:22:34.973004Z[0m [32m INFO[0m [2mexecuting::dataflow[0m[2m:[0m 713.668277ms:	Data loaded for _StoreArrayIndex
[2m2025-07-29T04:22:34.973041Z[0m [32m INFO[0m [2mexecuting::dataflow[0m[2m:[0m 713.705207ms:	Data loaded for _LoadArrayIndex
[2m2025-07-29T04:22:34.973053Z[0m [32m INFO[0m [2mexecuting::dataflow[0m[2m:[0m 713.717971ms:	Data loaded for _Return
[2m2025-07-29T04:22:35.246238Z[0m [32m INFO[0m [2mreading::inspect[0m[2m:[0m Delta of (recursive) [Subclass]: ((), (), 13318)
[2m2025-07-29T04:22:35.246836Z[0m [32m INFO[0m [2mreading::inspect[0m[2m:[0m Delta of (recursive) [Superinterface]: ((), (), 9381)
[2m2025-07-29T04:22:35.272223Z[0m [32m INFO[0m [2mreading::inspect[0m[2m:[0m Delta of (recursive) [SubtypeOf]: ((), (), 34802)
[2m2025-07-29T04:22:35.277406Z[0m [32m INFO[0m [2mreading::inspect[0m[2m:[0m Delta of (recursive) [MethodLookup]: ((), (), 299236)
[2m2025-07-29T04:22:41.580473Z[0m [32m INFO[0m [2mreading::inspect[0m[2m:[0m Delta of (recursive) [ArrayIndexPointsTo]: ((), (), 28253)
[2m2025-07-29T04:22:41.580555Z[0m [32m INFO[0m [2mreading::inspect[0m[2m:[0m Delta of (recursive) [Assign]: ((), (), 57122)
[2m2025-07-29T04:22:41.580583Z[0m [32m INFO[0m [2mreading::inspect[0m[2m:[0m Delta of (recursive) [CallGraphEdge]: ((), (), 27564)
[2m2025-07-29T04:22:41.580612Z[0m [32m INFO[0m [2mreading::inspect[0m[2m:[0m Delta of (recursive) [InitializedClass]: ((), (), 1328)
[2m2025-07-29T04:22:41.580697Z[0m [32m INFO[0m [2mreading::inspect[0m[2m:[0m Delta of (recursive) [InstanceFieldPointsTo]: ((), (), 3702546)
[2m2025-07-29T04:22:41.580725Z[0m [32m INFO[0m [2mreading::inspect[0m[2m:[0m Delta of (recursive) [Reachable]: ((), (), 6035)
[2m2025-07-29T04:22:41.580756Z[0m [32m INFO[0m [2mreading::inspect[0m[2m:[0m Delta of (recursive) [StaticFieldPointsTo]: ((), (), 1189)
[2m2025-07-29T04:22:41.580975Z[0m [32m INFO[0m [2mreading::inspect[0m[2m:[0m Delta of (recursive) [VarPointsTo]: ((), (), 4114608)
[2m2025-07-29T04:22:41.581384Z[0m [32m INFO[0m [2mexecuting::dataflow[0m[2m:[0m 7.322040483s:	Dataflow executed
[2m2025-07-29T04:22:41.607442Z[0m [32m INFO[0m [2mexecuting[0m[2m:[0m success query
