[2m2025-07-29T04:35:33.950120Z[0m [32m INFO[0m [2mexecuting::dataflow[0m[2m:[0m 219.324716ms:	Dataflow assembled
[2m2025-07-29T04:35:34.475954Z[0m [32m INFO[0m [2mexecuting::dataflow[0m[2m:[0m 745.171435ms:	Data loaded for DirectSuperclass
[2m2025-07-29T04:35:34.476006Z[0m [32m INFO[0m [2mexecuting::dataflow[0m[2m:[0m 745.227891ms:	Data loaded for DirectSuperinterface
[2m2025-07-29T04:35:34.476016Z[0m [32m INFO[0m [2mexecuting::dataflow[0m[2m:[0m 745.238812ms:	Data loaded for MainClass
[2m2025-07-29T04:35:34.476030Z[0m [32m INFO[0m [2mexecuting::dataflow[0m[2m:[0m 745.251887ms:	Data loaded for FormalParam
[2m2025-07-29T04:35:34.476039Z[0m [32m INFO[0m [2mexecuting::dataflow[0m[2m:[0m 745.261655ms:	Data loaded for ComponentType
[2m2025-07-29T04:35:34.476048Z[0m [32m INFO[0m [2mexecuting::dataflow[0m[2m:[0m 745.270792ms:	Data loaded for AssignReturnValue
[2m2025-07-29T04:35:34.476057Z[0m [32m INFO[0m [2mexecuting::dataflow[0m[2m:[0m 745.279609ms:	Data loaded for ActualParam
[2m2025-07-29T04:35:34.476064Z[0m [32m INFO[0m [2mexecuting::dataflow[0m[2m:[0m 745.286642ms:	Data loaded for Method_Modifier
[2m2025-07-29T04:35:34.476073Z[0m [32m INFO[0m [2mexecuting::dataflow[0m[2m:[0m 745.295629ms:	Data loaded for Var_Type
[2m2025-07-29T04:35:34.476082Z[0m [32m INFO[0m [2mexecuting::dataflow[0m[2m:[0m 745.304556ms:	Data loaded for HeapAllocation_Type
[2m2025-07-29T04:35:34.476094Z[0m [32m INFO[0m [2mexecuting::dataflow[0m[2m:[0m 745.316308ms:	Data loaded for _ClassType
[2m2025-07-29T04:35:34.476105Z[0m [32m INFO[0m [2mexecuting::dataflow[0m[2m:[0m 745.326828ms:	Data loaded for _ArrayType
[2m2025-07-29T04:35:34.476115Z[0m [32m INFO[0m [2mexecuting::dataflow[0m[2m:[0m 745.337668ms:	Data loaded for _InterfaceType
[2m2025-07-29T04:35:34.476124Z[0m [32m INFO[0m [2mexecuting::dataflow[0m[2m:[0m 745.346705ms:	Data loaded for _Var_DeclaringMethod
[2m2025-07-29T04:35:34.476132Z[0m [32m INFO[0m [2mexecuting::dataflow[0m[2m:[0m 745.354249ms:	Data loaded for _ApplicationClass
[2m2025-07-29T04:35:34.476140Z[0m [32m INFO[0m [2mexecuting::dataflow[0m[2m:[0m 745.362194ms:	Data loaded for _ThisVar
[2m2025-07-29T04:35:34.476147Z[0m [32m INFO[0m [2mexecuting::dataflow[0m[2m:[0m 745.369378ms:	Data loaded for _NormalHeap
[2m2025-07-29T04:35:34.476156Z[0m [32m INFO[0m [2mexecuting::dataflow[0m[2m:[0m 745.378435ms:	Data loaded for _StringConstant
[2m2025-07-29T04:35:34.476430Z[0m [32m INFO[0m [2mexecuting::dataflow[0m[2m:[0m 745.65253ms:	Data loaded for _AssignHeapAllocation
[2m2025-07-29T04:35:34.476462Z[0m [32m INFO[0m [2mexecuting::dataflow[0m[2m:[0m 745.68427ms:	Data loaded for _AssignLocal
[2m2025-07-29T04:35:34.476495Z[0m [32m INFO[0m [2mexecuting::dataflow[0m[2m:[0m 745.717012ms:	Data loaded for _AssignCast
[2m2025-07-29T04:35:34.476505Z[0m [32m INFO[0m [2mexecuting::dataflow[0m[2m:[0m 745.72684ms:	Data loaded for _Field
[2m2025-07-29T04:35:34.476521Z[0m [32m INFO[0m [2mexecuting::dataflow[0m[2m:[0m 745.743071ms:	Data loaded for _StaticMethodInvocation
[2m2025-07-29T04:35:34.476558Z[0m [32m INFO[0m [2mexecuting::dataflow[0m[2m:[0m 745.780251ms:	Data loaded for _SpecialMethodInvocation
[2m2025-07-29T04:35:34.476576Z[0m [32m INFO[0m [2mexecuting::dataflow[0m[2m:[0m 745.798595ms:	Data loaded for _VirtualMethodInvocation
[2m2025-07-29T04:35:34.476588Z[0m [32m INFO[0m [2mexecuting::dataflow[0m[2m:[0m 745.810077ms:	Data loaded for _Method
[2m2025-07-29T04:35:34.476598Z[0m [32m INFO[0m [2mexecuting::dataflow[0m[2m:[0m 745.820176ms:	Data loaded for Method_Descriptor
[2m2025-07-29T04:35:34.476629Z[0m [32m INFO[0m [2mexecuting::dataflow[0m[2m:[0m 745.851064ms:	Data loaded for _StoreInstanceField
[2m2025-07-29T04:35:34.476657Z[0m [32m INFO[0m [2mexecuting::dataflow[0m[2m:[0m 745.879698ms:	Data loaded for _LoadInstanceField
[2m2025-07-29T04:35:34.476670Z[0m [32m INFO[0m [2mexecuting::dataflow[0m[2m:[0m 745.892482ms:	Data loaded for _StoreStaticField
[2m2025-07-29T04:35:34.476727Z[0m [32m INFO[0m [2mexecuting::dataflow[0m[2m:[0m 745.949399ms:	Data loaded for _LoadStaticField
[2m2025-07-29T04:35:34.476757Z[0m [32m INFO[0m [2mexecuting::dataflow[0m[2m:[0m 745.979305ms:	Data loaded for _StoreArrayIndex
[2m2025-07-29T04:35:34.476798Z[0m [32m INFO[0m [2mexecuting::dataflow[0m[2m:[0m 746.019982ms:	Data loaded for _LoadArrayIndex
[2m2025-07-29T04:35:34.476811Z[0m [32m INFO[0m [2mexecuting::dataflow[0m[2m:[0m 746.033758ms:	Data loaded for _Return
[2m2025-07-29T04:35:34.773220Z[0m [32m INFO[0m [2mreading::inspect[0m[2m:[0m Delta of (recursive) [Superinterface]: ((), (), 9381)
[2m2025-07-29T04:35:34.773896Z[0m [32m INFO[0m [2mreading::inspect[0m[2m:[0m Delta of (recursive) [Subclass]: ((), (), 13318)
[2m2025-07-29T04:35:59.066849Z[0m [32m INFO[0m [2mreading::inspect[0m[2m:[0m Delta of (recursive) [SubtypeOf]: ((), (), 34802)
[2m2025-07-29T04:36:00.965757Z[0m [32m INFO[0m [2mreading::inspect[0m[2m:[0m Delta of (recursive) [MethodLookup]: ((), (), 299236)
[2m2025-07-29T04:36:50.408139Z[0m [32m INFO[0m [2mreading::inspect[0m[2m:[0m Delta of (recursive) [ArrayIndexPointsTo]: ((), (), 28253)
[2m2025-07-29T04:36:50.408309Z[0m [32m INFO[0m [2mreading::inspect[0m[2m:[0m Delta of (recursive) [Assign]: ((), (), 57122)
[2m2025-07-29T04:36:50.408499Z[0m [32m INFO[0m [2mreading::inspect[0m[2m:[0m Delta of (recursive) [CallGraphEdge]: ((), (), 27564)
[2m2025-07-29T04:36:50.408636Z[0m [32m INFO[0m [2mreading::inspect[0m[2m:[0m Delta of (recursive) [InitializedClass]: ((), (), 1328)
[2m2025-07-29T04:36:50.408774Z[0m [32m INFO[0m [2mreading::inspect[0m[2m:[0m Delta of (recursive) [InstanceFieldPointsTo]: ((), (), 3702546)
[2m2025-07-29T04:36:50.408887Z[0m [32m INFO[0m [2mreading::inspect[0m[2m:[0m Delta of (recursive) [Reachable]: ((), (), 6035)
[2m2025-07-29T04:36:50.408961Z[0m [32m INFO[0m [2mreading::inspect[0m[2m:[0m Delta of (recursive) [StaticFieldPointsTo]: ((), (), 1189)
[2m2025-07-29T04:36:50.409040Z[0m [32m INFO[0m [2mreading::inspect[0m[2m:[0m Delta of (recursive) [VarPointsTo]: ((), (), 4114608)
[2m2025-07-29T04:36:50.423272Z[0m [32m INFO[0m [2mexecuting::dataflow[0m[2m:[0m 76.692433602s:	Dataflow executed
[2m2025-07-29T04:36:50.540951Z[0m [32m INFO[0m [2mexecuting[0m[2m:[0m success query
