[2m2025-07-29T04:39:58.539391Z[0m [32m INFO[0m [2mexecuting::dataflow[0m[2m:[0m 214.895282ms:	Dataflow assembled
[2m2025-07-29T04:39:59.064380Z[0m [32m INFO[0m [2mexecuting::dataflow[0m[2m:[0m 739.897967ms:	Data loaded for DirectSuperclass
[2m2025-07-29T04:39:59.064432Z[0m [32m INFO[0m [2mexecuting::dataflow[0m[2m:[0m 739.954293ms:	Data loaded for DirectSuperinterface
[2m2025-07-29T04:39:59.064443Z[0m [32m INFO[0m [2mexecuting::dataflow[0m[2m:[0m 739.965724ms:	Data loaded for MainClass
[2m2025-07-29T04:39:59.064457Z[0m [32m INFO[0m [2mexecuting::dataflow[0m[2m:[0m 739.97947ms:	Data loaded for FormalParam
[2m2025-07-29T04:39:59.064468Z[0m [32m INFO[0m [2mexecuting::dataflow[0m[2m:[0m 739.990992ms:	Data loaded for ComponentType
[2m2025-07-29T04:39:59.064477Z[0m [32m INFO[0m [2mexecuting::dataflow[0m[2m:[0m 739.999668ms:	Data loaded for AssignReturnValue
[2m2025-07-29T04:39:59.064486Z[0m [32m INFO[0m [2mexecuting::dataflow[0m[2m:[0m 740.008154ms:	Data loaded for ActualParam
[2m2025-07-29T04:39:59.064493Z[0m [32m INFO[0m [2mexecuting::dataflow[0m[2m:[0m 740.015227ms:	Data loaded for Method_Modifier
[2m2025-07-29T04:39:59.064500Z[0m [32m INFO[0m [2mexecuting::dataflow[0m[2m:[0m 740.022912ms:	Data loaded for Var_Type
[2m2025-07-29T04:39:59.064508Z[0m [32m INFO[0m [2mexecuting::dataflow[0m[2m:[0m 740.030817ms:	Data loaded for HeapAllocation_Type
[2m2025-07-29T04:39:59.064520Z[0m [32m INFO[0m [2mexecuting::dataflow[0m[2m:[0m 740.042769ms:	Data loaded for _ClassType
[2m2025-07-29T04:39:59.064531Z[0m [32m INFO[0m [2mexecuting::dataflow[0m[2m:[0m 740.05386ms:	Data loaded for _ArrayType
[2m2025-07-29T04:39:59.064541Z[0m [32m INFO[0m [2mexecuting::dataflow[0m[2m:[0m 740.063718ms:	Data loaded for _InterfaceType
[2m2025-07-29T04:39:59.064549Z[0m [32m INFO[0m [2mexecuting::dataflow[0m[2m:[0m 740.071754ms:	Data loaded for _Var_DeclaringMethod
[2m2025-07-29T04:39:59.064557Z[0m [32m INFO[0m [2mexecuting::dataflow[0m[2m:[0m 740.079488ms:	Data loaded for _ApplicationClass
[2m2025-07-29T04:39:59.064565Z[0m [32m INFO[0m [2mexecuting::dataflow[0m[2m:[0m 740.087824ms:	Data loaded for _ThisVar
[2m2025-07-29T04:39:59.064573Z[0m [32m INFO[0m [2mexecuting::dataflow[0m[2m:[0m 740.095098ms:	Data loaded for _NormalHeap
[2m2025-07-29T04:39:59.064585Z[0m [32m INFO[0m [2mexecuting::dataflow[0m[2m:[0m 740.107491ms:	Data loaded for _StringConstant
[2m2025-07-29T04:39:59.064953Z[0m [32m INFO[0m [2mexecuting::dataflow[0m[2m:[0m 740.474922ms:	Data loaded for _AssignHeapAllocation
[2m2025-07-29T04:39:59.064984Z[0m [32m INFO[0m [2mexecuting::dataflow[0m[2m:[0m 740.506903ms:	Data loaded for _AssignLocal
[2m2025-07-29T04:39:59.065015Z[0m [32m INFO[0m [2mexecuting::dataflow[0m[2m:[0m 740.53769ms:	Data loaded for _AssignCast
[2m2025-07-29T04:39:59.065026Z[0m [32m INFO[0m [2mexecuting::dataflow[0m[2m:[0m 740.548511ms:	Data loaded for _Field
[2m2025-07-29T04:39:59.065040Z[0m [32m INFO[0m [2mexecuting::dataflow[0m[2m:[0m 740.562156ms:	Data loaded for _StaticMethodInvocation
[2m2025-07-29T04:39:59.065112Z[0m [32m INFO[0m [2mexecuting::dataflow[0m[2m:[0m 740.634483ms:	Data loaded for _SpecialMethodInvocation
[2m2025-07-29T04:39:59.065134Z[0m [32m INFO[0m [2mexecuting::dataflow[0m[2m:[0m 740.656714ms:	Data loaded for _VirtualMethodInvocation
[2m2025-07-29T04:39:59.065145Z[0m [32m INFO[0m [2mexecuting::dataflow[0m[2m:[0m 740.667895ms:	Data loaded for _Method
[2m2025-07-29T04:39:59.065155Z[0m [32m INFO[0m [2mexecuting::dataflow[0m[2m:[0m 740.677564ms:	Data loaded for Method_Descriptor
[2m2025-07-29T04:39:59.065186Z[0m [32m INFO[0m [2mexecuting::dataflow[0m[2m:[0m 740.707951ms:	Data loaded for _StoreInstanceField
[2m2025-07-29T04:39:59.065212Z[0m [32m INFO[0m [2mexecuting::dataflow[0m[2m:[0m 740.73408ms:	Data loaded for _LoadInstanceField
[2m2025-07-29T04:39:59.065223Z[0m [32m INFO[0m [2mexecuting::dataflow[0m[2m:[0m 740.745091ms:	Data loaded for _StoreStaticField
[2m2025-07-29T04:39:59.065279Z[0m [32m INFO[0m [2mexecuting::dataflow[0m[2m:[0m 740.801978ms:	Data loaded for _LoadStaticField
[2m2025-07-29T04:39:59.065338Z[0m [32m INFO[0m [2mexecuting::dataflow[0m[2m:[0m 740.860217ms:	Data loaded for _StoreArrayIndex
[2m2025-07-29T04:39:59.065374Z[0m [32m INFO[0m [2mexecuting::dataflow[0m[2m:[0m 740.896035ms:	Data loaded for _LoadArrayIndex
[2m2025-07-29T04:39:59.065387Z[0m [32m INFO[0m [2mexecuting::dataflow[0m[2m:[0m 740.909791ms:	Data loaded for _Return
[2m2025-07-29T04:39:59.359949Z[0m [32m INFO[0m [2mreading::inspect[0m[2m:[0m Delta of (recursive) [Superinterface]: ((), (), 9381)
[2m2025-07-29T04:39:59.360678Z[0m [32m INFO[0m [2mreading::inspect[0m[2m:[0m Delta of (recursive) [Subclass]: ((), (), 13318)
[2m2025-07-29T04:40:21.477054Z[0m [32m INFO[0m [2mreading::inspect[0m[2m:[0m Delta of (recursive) [SubtypeOf]: ((), (), 34802)
[2m2025-07-29T04:41:08.369580Z[0m [32m INFO[0m [2mreading::inspect[0m[2m:[0m Delta of (recursive) [MethodLookup]: ((), (), 299236)
[2m2025-07-29T04:41:13.653713Z[0m [32m INFO[0m [2mreading::inspect[0m[2m:[0m Delta of (recursive) [ArrayIndexPointsTo]: ((), (), 28253)
[2m2025-07-29T04:41:13.653820Z[0m [32m INFO[0m [2mreading::inspect[0m[2m:[0m Delta of (recursive) [Assign]: ((), (), 57122)
[2m2025-07-29T04:41:13.653881Z[0m [32m INFO[0m [2mreading::inspect[0m[2m:[0m Delta of (recursive) [CallGraphEdge]: ((), (), 27564)
[2m2025-07-29T04:41:13.654001Z[0m [32m INFO[0m [2mreading::inspect[0m[2m:[0m Delta of (recursive) [InitializedClass]: ((), (), 1328)
[2m2025-07-29T04:41:13.654141Z[0m [32m INFO[0m [2mreading::inspect[0m[2m:[0m Delta of (recursive) [InstanceFieldPointsTo]: ((), (), 3702546)
[2m2025-07-29T04:41:13.654198Z[0m [32m INFO[0m [2mreading::inspect[0m[2m:[0m Delta of (recursive) [Reachable]: ((), (), 6035)
[2m2025-07-29T04:41:13.654246Z[0m [32m INFO[0m [2mreading::inspect[0m[2m:[0m Delta of (recursive) [StaticFieldPointsTo]: ((), (), 1189)
[2m2025-07-29T04:41:13.654320Z[0m [32m INFO[0m [2mreading::inspect[0m[2m:[0m Delta of (recursive) [VarPointsTo]: ((), (), 4114608)
[2m2025-07-29T04:41:13.660799Z[0m [32m INFO[0m [2mexecuting::dataflow[0m[2m:[0m 75.334978066s:	Dataflow executed
[2m2025-07-29T04:41:13.940307Z[0m [32m INFO[0m [2mexecuting[0m[2m:[0m success query
