[2m2025-07-29T04:22:47.504375Z[0m [32m INFO[0m [2mexecuting::dataflow[0m[2m:[0m 684.198898ms:	Dataflow assembled
[2m2025-07-29T04:22:48.027956Z[0m [32m INFO[0m [2mexecuting::dataflow[0m[2m:[0m 1.207792044s:	Data loaded for DirectSuperclass
[2m2025-07-29T04:22:48.028022Z[0m [32m INFO[0m [2mexecuting::dataflow[0m[2m:[0m 1.207862257s:	Data loaded for DirectSuperinterface
[2m2025-07-29T04:22:48.028031Z[0m [32m INFO[0m [2mexecuting::dataflow[0m[2m:[0m 1.207871394s:	Data loaded for MainClass
[2m2025-07-29T04:22:48.028042Z[0m [32m INFO[0m [2mexecuting::dataflow[0m[2m:[0m 1.207882475s:	Data loaded for FormalParam
[2m2025-07-29T04:22:48.028053Z[0m [32m INFO[0m [2mexecuting::dataflow[0m[2m:[0m 1.207894247s:	Data loaded for ComponentType
[2m2025-07-29T04:22:48.028063Z[0m [32m INFO[0m [2mexecuting::dataflow[0m[2m:[0m 1.207903404s:	Data loaded for AssignReturnValue
[2m2025-07-29T04:22:48.028072Z[0m [32m INFO[0m [2mexecuting::dataflow[0m[2m:[0m 1.207912531s:	Data loaded for ActualParam
[2m2025-07-29T04:22:48.028079Z[0m [32m INFO[0m [2mexecuting::dataflow[0m[2m:[0m 1.207919955s:	Data loaded for Method_Modifier
[2m2025-07-29T04:22:48.028087Z[0m [32m INFO[0m [2mexecuting::dataflow[0m[2m:[0m 1.20792812s:	Data loaded for Var_Type
[2m2025-07-29T04:22:48.028096Z[0m [32m INFO[0m [2mexecuting::dataflow[0m[2m:[0m 1.207936747s:	Data loaded for HeapAllocation_Type
[2m2025-07-29T04:22:48.028107Z[0m [32m INFO[0m [2mexecuting::dataflow[0m[2m:[0m 1.207948248s:	Data loaded for _ClassType
[2m2025-07-29T04:22:48.028119Z[0m [32m INFO[0m [2mexecuting::dataflow[0m[2m:[0m 1.20795977s:	Data loaded for _ArrayType
[2m2025-07-29T04:22:48.028130Z[0m [32m INFO[0m [2mexecuting::dataflow[0m[2m:[0m 1.207970961s:	Data loaded for _InterfaceType
[2m2025-07-29T04:22:48.028139Z[0m [32m INFO[0m [2mexecuting::dataflow[0m[2m:[0m 1.207979838s:	Data loaded for _Var_DeclaringMethod
[2m2025-07-29T04:22:48.028148Z[0m [32m INFO[0m [2mexecuting::dataflow[0m[2m:[0m 1.207988454s:	Data loaded for _ApplicationClass
[2m2025-07-29T04:22:48.028156Z[0m [32m INFO[0m [2mexecuting::dataflow[0m[2m:[0m 1.207997321s:	Data loaded for _ThisVar
[2m2025-07-29T04:22:48.028164Z[0m [32m INFO[0m [2mexecuting::dataflow[0m[2m:[0m 1.208004665s:	Data loaded for _NormalHeap
[2m2025-07-29T04:22:48.028173Z[0m [32m INFO[0m [2mexecuting::dataflow[0m[2m:[0m 1.208014193s:	Data loaded for _StringConstant
[2m2025-07-29T04:22:48.028233Z[0m [32m INFO[0m [2mexecuting::dataflow[0m[2m:[0m 1.208073865s:	Data loaded for _AssignHeapAllocation
[2m2025-07-29T04:22:48.028286Z[0m [32m INFO[0m [2mexecuting::dataflow[0m[2m:[0m 1.208126263s:	Data loaded for _AssignLocal
[2m2025-07-29T04:22:48.028355Z[0m [32m INFO[0m [2mexecuting::dataflow[0m[2m:[0m 1.208196055s:	Data loaded for _AssignCast
[2m2025-07-29T04:22:48.028366Z[0m [32m INFO[0m [2mexecuting::dataflow[0m[2m:[0m 1.208206775s:	Data loaded for _Field
[2m2025-07-29T04:22:48.028397Z[0m [32m INFO[0m [2mexecuting::dataflow[0m[2m:[0m 1.208237513s:	Data loaded for _StaticMethodInvocation
[2m2025-07-29T04:22:48.028455Z[0m [32m INFO[0m [2mexecuting::dataflow[0m[2m:[0m 1.208296223s:	Data loaded for _SpecialMethodInvocation
[2m2025-07-29T04:22:48.028494Z[0m [32m INFO[0m [2mexecuting::dataflow[0m[2m:[0m 1.208334766s:	Data loaded for _VirtualMethodInvocation
[2m2025-07-29T04:22:48.028504Z[0m [32m INFO[0m [2mexecuting::dataflow[0m[2m:[0m 1.208344855s:	Data loaded for _Method
[2m2025-07-29T04:22:48.028513Z[0m [32m INFO[0m [2mexecuting::dataflow[0m[2m:[0m 1.208354152s:	Data loaded for Method_Descriptor
[2m2025-07-29T04:22:48.028595Z[0m [32m INFO[0m [2mexecuting::dataflow[0m[2m:[0m 1.208435536s:	Data loaded for _StoreInstanceField
[2m2025-07-29T04:22:48.028690Z[0m [32m INFO[0m [2mexecuting::dataflow[0m[2m:[0m 1.208531045s:	Data loaded for _LoadInstanceField
[2m2025-07-29T04:22:48.028702Z[0m [32m INFO[0m [2mexecuting::dataflow[0m[2m:[0m 1.208542447s:	Data loaded for _StoreStaticField
[2m2025-07-29T04:22:48.028767Z[0m [32m INFO[0m [2mexecuting::dataflow[0m[2m:[0m 1.20860775s:	Data loaded for _LoadStaticField
[2m2025-07-29T04:22:48.028852Z[0m [32m INFO[0m [2mexecuting::dataflow[0m[2m:[0m 1.208692499s:	Data loaded for _StoreArrayIndex
[2m2025-07-29T04:22:48.028893Z[0m [32m INFO[0m [2mexecuting::dataflow[0m[2m:[0m 1.208734007s:	Data loaded for _LoadArrayIndex
[2m2025-07-29T04:22:48.028940Z[0m [32m INFO[0m [2mexecuting::dataflow[0m[2m:[0m 1.208780735s:	Data loaded for _Return
[2m2025-07-29T04:22:48.326918Z[0m [32m INFO[0m [2mreading::inspect[0m[2m:[0m Delta of (recursive) [Superinterface]: ((), (), 9381)
[2m2025-07-29T04:22:48.330750Z[0m [32m INFO[0m [2mreading::inspect[0m[2m:[0m Delta of (recursive) [Subclass]: ((), (), 13318)
[2m2025-07-29T04:22:48.367077Z[0m [32m INFO[0m [2mreading::inspect[0m[2m:[0m Delta of (recursive) [SubtypeOf]: ((), (), 34802)
[2m2025-07-29T04:22:48.378372Z[0m [32m INFO[0m [2mreading::inspect[0m[2m:[0m Delta of (recursive) [MethodLookup]: ((), (), 299236)
[2m2025-07-29T04:22:59.266199Z[0m [32m INFO[0m [2mreading::inspect[0m[2m:[0m Delta of (recursive) [InstanceFieldPointsTo]: ((), (), 3702546)
[2m2025-07-29T04:22:59.266278Z[0m [32m INFO[0m [2mreading::inspect[0m[2m:[0m Delta of (recursive) [Reachable]: ((), (), 6035)
[2m2025-07-29T04:22:59.266315Z[0m [32m INFO[0m [2mreading::inspect[0m[2m:[0m Delta of (recursive) [StaticFieldPointsTo]: ((), (), 1189)
[2m2025-07-29T04:22:59.266378Z[0m [32m INFO[0m [2mreading::inspect[0m[2m:[0m Delta of (recursive) [VarPointsTo]: ((), (), 4114608)
[2m2025-07-29T04:22:59.266866Z[0m [32m INFO[0m [2mreading::inspect[0m[2m:[0m Delta of (recursive) [ArrayIndexPointsTo]: ((), (), 28253)
[2m2025-07-29T04:22:59.266883Z[0m [32m INFO[0m [2mreading::inspect[0m[2m:[0m Delta of (recursive) [Assign]: ((), (), 57122)
[2m2025-07-29T04:22:59.266897Z[0m [32m INFO[0m [2mreading::inspect[0m[2m:[0m Delta of (recursive) [CallGraphEdge]: ((), (), 27564)
[2m2025-07-29T04:22:59.266908Z[0m [32m INFO[0m [2mreading::inspect[0m[2m:[0m Delta of (recursive) [InitializedClass]: ((), (), 1328)
[2m2025-07-29T04:22:59.296967Z[0m [32m INFO[0m [2mexecuting::dataflow[0m[2m:[0m 12.476796611s:	Dataflow executed
[2m2025-07-29T04:22:59.456198Z[0m [32m INFO[0m [2mexecuting[0m[2m:[0m success query
