Time,CPU Percent,MEM Usage,IO Reads,_NProc
0.03,0.0,644341760,32012939,1
0.1,795.4,1118220288,128012939,1
0.17,1575.9,1355268096,256012939,1
0.23,1424.6,1583325184,384012939,1
0.3,1515.5,1813487616,512012939,1
0.38,1764.2,2068889600,672012939,1
0.45,1725.3,2224963584,768012939,1
0.51,1407.7,2418184192,896012939,1
0.58,1315.4,2619142144,1024012939,1
0.65,1571.0,2882228224,1184012939,1
0.72,1679.9,3058429952,1312012939,1
0.79,1610.9,3259310080,1440012939,1
0.86,1588.4,3510132736,1600012939,1
0.93,1566.4,3815403520,1728012939,1
0.99,1309.0,4000927744,1856012939,1
1.06,1198.0,4190089216,1984012939,1
1.13,1438.6,4388478976,2144012939,1
1.2,1501.9,4569870336,2272012939,1
1.27,1659.2,4873166848,2432012939,1
1.34,1612.8,5033803776,2656012939,1
1.41,3698.6,5137346560,3072012939,1
1.48,6318.4,5193101312,3200012939,1
1.54,4599.9,5391634432,3424012939,1
1.61,4835.6,5483253760,3744012939,1
1.68,6331.0,5585522688,3936012939,1
1.75,6067.0,5679747072,4256012939,1
1.82,6121.1,5932888064,4384012939,1
1.89,6202.4,6141157376,4640012939,1
1.96,5803.8,6332567552,4832012939,1
2.02,6330.3,6535430144,5056012939,1
2.09,6034.4,6701187072,5344012939,1
2.16,6292.3,6860218368,5568012939,1
2.23,6214.6,6962659328,5792012939,1
2.3,6267.2,7124013056,6080012939,1
2.37,6052.9,7226290176,6272012939,1
2.44,6410.4,7337062400,6496012939,1
2.51,6087.9,7453933568,6720012939,1
2.58,6213.0,7455916032,6976012939,1
2.65,6177.7,7615971328,7200012939,1
2.72,5513.7,7709876224,7392012939,1
2.8,4582.1,7829250048,7648012939,1
2.87,3085.3,7940272128,7872012939,1
2.95,4209.9,8001884160,8256012939,1
3.02,5246.4,8003772416,8544012939,1
3.1,5443.1,8123686912,8832012939,1
3.18,5444.6,8309301248,9088012939,1
3.26,5005.4,8369917952,9376012939,1
3.33,5389.2,8489541632,9664012939,1
3.4,5275.4,8667414528,9856012939,1
3.47,5497.8,8669327360,10144012939,1
3.54,5477.4,8847564800,10464012939,1
3.62,5420.8,8975138816,10624012939,1
3.69,4891.6,9136553984,10880012939,1
3.76,4663.5,9255862272,11136012939,1
3.83,4071.1,9316556800,11424012939,1
3.9,4448.9,9444290560,11616012939,1
3.98,2405.9,9563095040,11776012939,1
4.05,3640.9,9624629248,12192012939,1
4.12,5650.3,9685180416,12416012939,1
4.19,4312.6,9862934528,12608012939,1
4.26,3775.1,9990828032,12864012939,1
4.33,4393.8,9993252864,13280012939,1
4.4,5739.2,10053730304,13472012939,1
4.47,5746.8,10055794688,13760012939,1
4.54,6163.0,10058194944,14048012939,1
4.61,5391.0,10118348800,14208012939,1
4.68,5539.2,10179706880,14592012939,1
4.75,6037.5,10181373952,14784012939,1
4.82,5730.0,10242277376,15104012939,1
4.89,5949.2,10244227072,15328012939,1
4.96,5379.8,10304466944,15552012939,1
5.03,4330.6,10306297856,15776012939,1
5.15,5269.2,10435489792,16224012939,1
5.27,5823.5,10438922240,16640012939,1
5.39,5832.7,10500526080,17024012939,1
5.52,5518.6,10629246976,17408012939,1
5.64,5071.5,10699198464,17760012939,1
5.76,2487.5,10827759616,18112012939,1
5.88,2186.6,10947985408,18464012939,1
6.0,1698.5,10950279168,18559947517,1
6.13,90.4,10918109184,18559947517,1
6.25,3280.3,10918715392,18559947517,1
6.37,42.0,10919763968,18559947517,1
6.49,0.0,10919763968,18559947517,1
6.61,0.0,10919763968,18559947517,1
6.73,126.4,10919763968,18559947517,1
6.85,0.0,10919763968,18559947517,1
6.97,0.0,10919763968,18559947517,1
7.08,0.0,10919763968,18559947517,1
7.2,0.0,10919763968,18559947517,1
7.32,0.0,10919763968,18559947517,1
7.44,0.0,10919763968,18559947517,1
7.56,0.0,10919763968,18559947517,1
7.68,0.0,10919763968,18559947517,1
7.8,0.0,10919763968,18559947517,1
7.92,0.0,10919763968,18559947517,1
8.04,0.0,10919763968,18559947517,1
8.16,0.0,10919763968,18559947517,1
8.28,0.0,10919763968,18559947517,1
8.4,0.0,10919763968,18559947517,1
8.52,0.0,10919763968,18559947517,1
8.63,0.0,10919763968,18559947517,1
8.75,0.0,10919763968,18559947517,1
8.87,0.0,10919763968,18559947517,1
8.99,0.0,10919763968,18559947517,1
9.11,0.0,10919763968,18559947517,1
9.23,0.0,10919763968,18559947517,1
9.35,0.0,10919763968,18559947517,1
9.47,0.0,10919763968,18559947517,1
9.59,0.0,10919763968,18559947517,1
9.71,0.0,10919763968,18559947517,1
9.83,0.0,10919763968,18559947517,1
9.95,0.0,10919763968,18559947517,1
10.07,0.0,10919763968,18559947517,1
10.29,0.0,10919763968,18559947517,1
10.51,0.0,10919763968,18559947517,1
10.73,0.0,10919763968,18559947517,1
10.94,0.0,10919763968,18559947517,1
11.16,0.0,10919763968,18559947517,1
11.38,1055.1,10953482240,18559947524,1
11.6,178.3,10953482240,18559947524,1
11.82,173.4,10953510912,18559947524,1
12.04,168.9,10953654272,18559947524,1
12.26,173.6,10953654272,18559947524,1
12.48,159.6,10953654272,18559947524,1
12.7,179.5,10953707520,18559947524,1
12.92,176.4,10953936896,18559947524,1
13.14,173.1,10953936896,18559947524,1
13.36,177.8,10953936896,18559947524,1
13.58,164.4,10953936896,18559947524,1
13.8,160.0,10953936896,18559947524,1
14.02,187.3,10954072064,18559947524,1
14.24,187.4,10954534912,18559947524,1
14.46,191.8,10954534912,18559947524,1
14.68,189.9,10954534912,18559947524,1
14.9,200.8,10954534912,18559947524,1
15.12,200.8,10954534912,18559947524,1
15.33,200.9,10954534912,18559947524,1
15.55,192.0,10954534912,18559947524,1
15.77,196.3,10954534912,18559947524,1
15.99,173.2,11038420992,18559947524,1
16.21,180.5,11038420992,18559947524,1
16.43,204.6,11038711808,18559947524,1
16.65,201.2,11038711808,18559947524,1
16.87,210.2,11038711808,18559947524,1
17.09,196.7,11039596544,18559947524,1
17.31,201.2,11039596544,18559947524,1
17.53,201.3,11039596544,18559947524,1
17.75,190.3,11039596544,18559947524,1
17.97,196.7,11039596544,18559947524,1
18.19,187.4,11039596544,18559947524,1
18.4,187.4,11039596544,18559947524,1
18.62,187.8,11039596544,18559947524,1
18.84,155.6,11039596544,18559947524,1
19.06,183.2,11039596544,18559947524,1
19.28,183.1,11039596544,18559947524,1
19.5,182.3,11039596544,18559947524,1
19.72,181.4,11039596544,18559947524,1
19.94,178.4,11039596544,18559947524,1
20.16,178.3,11039596544,18559947524,1
20.57,138.3,11207368704,18559947524,1
20.99,190.9,11207368704,18559947524,1
21.41,191.0,11208007680,18559947524,1
21.83,193.4,11208007680,18559947524,1
22.25,198.1,11208007680,18559947524,1
22.67,194.7,11209916416,18559947524,1
23.09,194.7,11209916416,18559947524,1
23.51,197.8,11209916416,18559947524,1
23.93,202.9,11209916416,18559947524,1
24.35,193.4,11209916416,18559947524,1
24.77,198.1,11209916416,18559947524,1
25.19,882.3,12009967616,18559947524,1
25.61,894.8,12010000384,18559947524,1
26.03,134.7,12010000384,18559947524,1
26.45,136.5,12010000384,18559947524,1
26.88,137.0,12010078208,18559947524,1
27.3,137.2,12010078208,18559947524,1
27.73,134.9,12010078208,18559947524,1
28.15,135.6,12010078208,18559947524,1
28.57,138.2,12010262528,18559947524,1
28.99,133.5,12010262528,18559947524,1
29.41,135.7,12010262528,18559947524,1
29.83,135.2,12010262528,18559947524,1
30.25,132.8,12010262528,18559947524,1
30.67,135.6,12010262528,18559947524,1
31.09,138.1,12010262528,18559947524,1
31.51,135.9,12010262528,18559947524,1
31.93,138.1,12010262528,18559947524,1
32.35,133.4,12010262528,18559947524,1
32.77,137.4,12010262528,18559947524,1
33.19,137.6,12010262528,18559947524,1
33.61,135.1,12010262528,18559947524,1
34.04,135.7,12010262528,18559947524,1
34.46,138.2,12010262528,18559947524,1
34.88,135.5,12010262528,18559947524,1
35.3,135.7,12010262528,18559947524,1
35.72,138.2,12010262528,18559947524,1
36.14,135.9,12010262528,18559947524,1
36.56,173.2,12010262528,18559947524,1
36.98,154.2,12010262528,18559947524,1
37.4,156.9,12010262528,18559947524,1
37.82,125.6,12010262528,18559947524,1
38.24,142.8,12010262528,18559947524,1
38.66,138.1,12010262528,18559947524,1
39.08,138.2,12010618880,18559947524,1
39.5,138.2,12010618880,18559947524,1
39.92,138.2,12010618880,18559947524,1
40.34,140.0,12010618880,18559947524,1
41.16,138.8,12010618880,18559947524,1
41.98,138.8,12010618880,18559947524,1
42.81,138.3,12010618880,18559947524,1
43.63,137.1,12010618880,18559947524,1
44.45,137.3,12010618880,18559947524,1
45.28,137.3,12010618880,18559947524,1
46.1,137.3,12010618880,18559947524,1
46.92,135.8,12010618880,18559947524,1
47.75,137.0,12010618880,18559947524,1
48.57,138.3,12010618880,18559947524,1
49.4,135.9,12010618880,18559947524,1
50.22,138.3,12010618880,18559947524,1
51.05,138.2,12010618880,18559947524,1
51.87,137.1,12010618880,18559947524,1
52.69,137.2,12010618880,18559947524,1
53.52,137.3,12010618880,18559947524,1
54.34,137.1,12010618880,18559947524,1
55.16,137.3,12010618880,18559947524,1
55.99,137.3,12010618880,18559947524,1
56.81,137.4,12010815488,18559947524,1
57.63,137.4,12010815488,18559947524,1
58.46,137.5,12010815488,18559947524,1
59.28,137.5,12010815488,18559947524,1
60.1,138.8,12010815488,18559947524,1
60.92,136.0,12010815488,18559947524,1
61.74,137.4,12010815488,18559947524,1
62.57,136.3,12010815488,18559947524,1
63.39,151.7,12010815488,18559947524,1
64.21,143.1,12010815488,18559947524,1
65.04,140.9,12010815488,18559947524,1
65.86,138.6,12010815488,18559947524,1
66.68,138.6,12010815488,18559947524,1
67.51,138.4,12010815488,18559947524,1
68.33,138.5,12010815488,18559947524,1
69.15,136.1,12010815488,18559947524,1
69.98,137.4,12010815488,18559947524,1
70.8,137.2,12010815488,18559947524,1
71.62,137.4,12010815488,18559947524,1
72.44,138.6,12010815488,18559947524,1
73.27,137.2,12010815488,18559947524,1
74.09,137.0,12010815488,18559947524,1
74.91,137.4,12010815488,18559947524,1
75.74,137.5,12010815488,18559947524,1
76.56,138.7,12010815488,18559947524,1
77.38,138.5,12010815488,18559947524,1
78.2,139.7,12010815488,18559947524,1
79.03,137.6,12010815488,18559947524,1
79.85,137.7,12010815488,18559947524,1
80.67,138.9,12010815488,18559947524,1
81.69,137.8,12010815488,18559947524,1
82.71,137.8,12010815488,18559947524,1
83.74,138.1,12010815488,18559947524,1
84.76,137.8,12010815488,18559947524,1
85.78,138.0,12010815488,18559947524,1
86.8,138.1,12010815488,18559947524,1
87.82,137.7,12010815488,18559947524,1
88.85,138.0,12010815488,18559947524,1
89.87,137.0,12010815488,18559947524,1
90.89,138.0,12010815488,18559947524,1
91.91,135.8,12010815488,18559947524,1
92.94,136.9,12010815488,18559947524,1
93.96,138.0,12010815488,18559947524,1
94.98,137.8,12010815488,18559947524,1
96.0,154.6,12010815488,18559947524,1
97.03,138.9,12010815488,18559947524,1
98.05,138.7,12010815488,18559947524,1
99.07,139.9,12010815488,18559947524,1
100.09,137.9,12010815488,18559947524,1
101.12,138.0,12010815488,18559947524,1
102.14,137.8,12010815488,18559947524,1
103.16,141.8,12010815488,18559947524,1
104.18,398.1,12193914880,18559947524,1
105.21,255.3,12193914880,18559947524,1
106.23,256.3,12193914880,18559947524,1
107.26,258.4,12193914880,18559947524,1
108.29,254.7,12193914880,18559947524,1
109.31,250.5,12193914880,18559947524,1
110.33,249.8,12193914880,18559947524,1
111.35,249.9,12193914880,18559947524,1
112.37,251.8,12193914880,18559947524,1
113.4,250.4,12193914880,18559947524,1
114.42,247.0,12193914880,18559947524,1
115.44,248.2,12193914880,18559947524,1
116.46,248.8,12193914880,18559947524,1
117.48,252.9,12193914880,18559947524,1
118.5,248.4,12193914880,18559947524,1
119.53,249.8,12193914880,18559947524,1
120.55,248.1,12193914880,18559947524,1
121.57,245.8,12193914880,18559947524,1
122.59,242.4,12193914880,18559947524,1
123.61,240.6,12193914880,18559947524,1
124.63,2093.5,12278857728,18559947524,1
125.65,173.9,12278980608,18559947524,1
126.68,172.3,12279275520,18559947524,1
127.7,175.0,12279726080,18559947524,1
128.72,168.0,12279726080,18559947524,1
129.75,165.5,12363911168,18559947524,1
130.77,173.4,12364808192,18559947524,1
131.79,171.4,12364812288,18559947524,1
132.81,166.2,12364812288,18559947524,1
133.83,151.8,12532584448,18559947524,1
134.85,174.5,12532584448,18559947524,1
135.87,175.1,12534509568,18559947524,1
136.9,172.5,12534509568,18559947524,1
137.92,173.0,12534509568,18559947524,1
138.94,377.9,12752830464,18559947524,1
139.96,497.8,12753399808,18559947524,1
140.98,130.3,12753465344,18559947524,1
142.01,131.4,12753641472,18559947524,1
143.03,129.0,12753641472,18559947524,1
144.05,130.3,12753641472,18559947524,1
145.07,131.3,12753641472,18559947524,1
146.09,130.0,12753641472,18559947524,1
147.11,130.3,12753641472,18559947524,1
148.13,131.0,12753641472,18559947524,1
149.16,129.2,12753641472,18559947524,1
150.18,131.0,12753641472,18559947524,1
151.2,131.4,12754030592,18559947524,1
152.22,130.4,12754030592,18559947524,1
153.24,131.0,12754030592,18559947524,1
154.26,131.3,12754030592,18559947524,1
155.28,131.3,12754030592,18559947524,1
156.3,133.0,12754030592,18559947524,1
157.33,131.3,12754030592,18559947524,1
158.35,133.9,12754030592,18559947524,1
159.37,132.2,12754030592,18559947524,1
160.39,134.9,12754030592,18559947524,1
161.41,133.3,12754030592,18559947524,1
162.43,134.3,12754030592,18559947524,1
163.45,134.9,12754030592,18559947524,1
164.48,134.3,12754030592,18559947524,1
165.5,134.3,12754030592,18559947524,1
166.52,133.9,12754030592,18559947524,1
167.54,134.2,12754030592,18559947524,1
168.56,133.0,12754030592,18559947524,1
169.58,135.1,12754030592,18559947524,1
170.61,134.0,12754030592,18559947524,1
171.63,135.3,12754030592,18559947524,1
172.65,133.9,12754030592,18559947524,1
173.67,133.0,12754030592,18559947524,1
174.69,134.2,12754030592,18559947524,1
175.71,130.3,12754030592,18559947524,1
176.74,136.9,12754030592,18559947524,1
177.76,134.9,12754030592,18559947524,1
178.78,131.3,12754030592,18559947524,1
179.8,131.1,12754030592,18559947524,1
180.82,130.1,12754030592,18559947524,1
181.85,130.3,12754030592,18559947524,1
182.87,130.0,12754030592,18559947524,1
183.89,133.0,12754030592,18559947524,1
184.91,129.2,12754030592,18559947524,1
185.93,131.3,12754030592,18559947524,1
186.95,130.0,12754030592,18559947524,1
187.98,131.0,12754030592,18559947524,1
189.0,130.3,12754030592,18559947524,1
190.02,130.2,12754030592,18559947524,1
191.04,131.0,12754030592,18559947524,1
192.07,130.3,12754030592,18559947524,1
193.09,131.0,12754030592,18559947524,1
194.11,131.0,12754030592,18559947524,1
195.13,130.3,12754030592,18559947524,1
196.15,131.3,12754030592,18559947524,1
197.17,130.0,12754030592,18559947524,1
198.2,132.0,12754030592,18559947524,1
199.22,130.3,12754030592,18559947524,1
200.24,131.1,12754030592,18559947524,1
201.26,130.9,12754030592,18559947524,1
202.29,131.3,12754030592,18559947524,1
203.31,131.0,12754030592,18559947524,1
204.33,131.9,12754030592,18559947524,1
205.35,131.3,12754030592,18559947524,1
206.37,131.3,12754030592,18559947524,1
207.39,131.0,12754030592,18559947524,1
208.42,131.0,12754030592,18559947524,1
209.44,132.2,12754030592,18559947524,1
210.46,131.1,12754030592,18559947524,1
211.48,277.7,12972769280,18559947524,1
212.51,243.4,12972769280,18559947524,1
213.53,242.2,12972769280,18559947524,1
214.55,243.3,12972769280,18559947524,1
215.58,242.9,12972769280,18559947524,1
216.6,244.0,12972769280,18559947524,1
217.62,241.3,12972769280,18559947524,1
218.64,242.8,12972769280,18559947524,1
219.66,240.0,12972769280,18559947524,1
220.68,240.8,12972777472,18559947524,1
221.7,238.7,12972777472,18559947524,1
222.73,239.4,12972777472,18559947524,1
223.75,239.0,12972777472,18559947524,1
224.77,238.5,12972777472,18559947524,1
225.79,236.9,12972777472,18559947524,1
226.82,234.0,12972777472,18559947524,1
227.84,234.3,12972777472,18559947524,1
228.86,232.5,12972777472,18559947524,1
229.88,229.5,12972777472,18559947524,1
230.91,226.3,12972777472,18559947524,1
231.93,220.5,12972777472,18559947524,1
232.96,2460.8,12972797952,18559947524,1
233.99,0,0,0,1
